---------------------
Fri May 10 06:34:10 PM CDT 2024 - Running experiment round 20
---------------------
Netserver is already running.
Netserver IP: 172.17.0.2
Netperf Image exists
eb7d704135a6ad7da2913ed29cd2e7c5da4278887ab525820fc0b0d19bb88666
f86f8df107e7793fd3bc6a76b04dabad4b777e8309dd7a204c5763d823bee8a5
3aff31ec1750739e115715166a5e34d22f2d9510a10896219c5f09524fb81bbc
bafad8033f035c11f012a3afe95193b25a47a0ea065638163d955d72f8fde219
5af85a73486726d5a611847ef07b97b8d4486dc7511beecf261efe7416b1074f
715aa8399f147918de74ef2bd53866f08aa635dbb2c9eb17375522974118fb12
93c88ec62c3f70942bb1dd220a1c18eaef9a1d94df4ae4bbf5232b1acbb83b1b
edc3b05411b9a39063d49a38e5dc49844c0c2a9df2aff1b5f679b303ae65a476
15401eb5adb0e2cb3d8b7970c78d4b13de8997d547e28ea37aaf0cbd9a8f291c
9204ed239333b2d802cb70155f20c1f956261bd99b27fdf0e1ef8c27ac379c5a
4eacbf97d2e4ac9a3cdf5f69b99f9e11ec75060865c239a4c5bf13635bed8484
ba1ebb471310a5191baee09150f87d48e6915956d0b76bfa1aedecc10637ca59
54cd15cc27234309c41a42f62977d1d08c54435410839fa1f5223b7d12738320
f1c8aee4471e1a80bafe999cccf90a460f73cec92e7cccbd1d4aaa3d45babb89
17645c4fe73ce157932db4d120b6f2ffb3e57bd2c775be95af5a42c0a4b5adfe
48364d52024884bcec7048135d914967c6b0b65eebe331b701143e253e69918b
8012748d548ad0093908f4be9e7ee2cb4c40cf16e6aa3687dc946abe7333b166
6a91acbea602a7d6ed599a2f3195d5337e391e918c78f47784a1390afe447389
5e81b499f6b6825f330d5c23a47f342933c831ba4d50c2ce057324dff8e75348
2318b9c0b3e536159f0f2467e2e0013463581e9555aedb806f46bc9802808785
---------------------
Fri May 10 06:35:32 PM CDT 2024 - Running experiment round 40
---------------------
Netserver is already running.
Netserver IP: 172.17.0.2
Netperf Image exists
f68d01bde24162b32d634a39088f08679d7c8faddd7786410be11ff46490144b
47b8a774032d8483da3fc3c8184ba32ccb86587ffbe16e7e09be5e6f276d22c6
5f9226a233ced427d97e20e3be8687a4cdff81b80e3d5d815c17b9160883cb22
47d246a5e3e75ebe1e82f33faab80b5a43dbe6b4a8480f8424709a38856c338f
8a4474af9ac6bb19db0b3119044f110be30758620ffc9e598caee0904a1c5098
ea83d72179f7a1671be6e8ba073e8ac34f9d1ef2bf176ac1cda93b6e6a50944e
9da2d41213f4079982f6b85e4668e3362f9b26dd32ea554337066424a6710470
10927b243fb52657f1f708624fd11b3859949c306d61d7b0e440ccb83a516b30
684e668049f06bc034e4f4a77341a43bdd3cdc474be40ef7affe5226bc85ab4b
e0540353209b6a70520e4d2ac3d52e052cd4cfb981704b3d2d25aeded53bc54f
3871ed6814d2b10ebb3597d8f6b260273c92412c42862f1b57c49d78c1802c8b
012da800c35345b3f38f40fc4802ed01136ff103ebd429a150787ec4f76e3906
0f500437639501c3fa571363f43317deba958cffdafe061f146dc66d981926c4
7ad116837ef94534dfa1f8e075a0bdab84269ed5d8aacdf1c9e9fa6a4bbfc0b0
c63c0b8196202a9ceaebd87d9cecb6fa080fd5f6f6055e7da3a7340251536769
2712014294fe33aedeaa9956b01b69b6535c7d54dbb278ecafb001e6dbbba8c3
f5b78bfda744b4418bcdccfe255dca841b69e19a2554a7a7e9d9d60cf235a15f
ff84c429d17d17a47d3c12b139fde2c56955a6355b586a108f49ed2840fd8321
390f942c7e7d31a8772f762c866845689087c70a4e20058664824871239359d7
54ea263b90a10dcdaecd686a216486d77a1cc6c358fdf58036a0e4d2d8537929
ba50a06c681d27a2b246f70335b7d9b68374fdb52f54757dcd87d988e0ae4de9
412ef94f21234205438fe1d53225f25bf866e2a068cd3b18ed222ea9dad8e470
3060ecaa65da856d7229557b8183173bf86660335aad394ec7c37a71fd4071cd
1ce5f6ff1c92ee0e2830c57151649f9c75cff25f322a6b1e97c1d854870e6b6b
2e6630b34d2d8a4d16874d111cd4b72029939e70f965698e8daa8be8586e3a53
c282265d037560ee34da4976936c1eeeb7544b1b72189195343edcae588a25e9
c292016767a44992c7e01759aae5708134157ff635300fdf4dde7773a9ed886e
e0b76e45fd42b2951a035e2a495f3d88a718c687d9490bf75149d985ca220145
9e307abbd9f651cd8e4dd5a9603f4f674642e8e4fe86c98c06cb2d3ceba82511
a4a0a32d78c9c913922b8dd325ace1e66fc39012f83361c0b3991afae9c209a0
78f9b0d399d150ba5d4746cecb40c3727add95324de078f7c919ad96f598db83
bd325f6a0f9f52d80634e265ffa23de1694f20addad970ab5e86b979e12f7801
5f726b24e76a607f91c0f37bda0faae4ce63e1654345bf639b7c9e5d09ac7b94
f1a23abea1ccc736f3e97188c50f1767f5a2f9cb255e0d255c3b8192df0acddc
c6bf2b7b33f6b7138d2d736edd4bf0973869e7ebc48e6335f661354d3a592bfd
e994e74127430f2c0a729a37650cff82ef853cf9750372b7125a174e9baf1ea3
3f588315c98e2ab7fb2f1fc23ec62128e01dbff6d02430a3f0968f51f3e633d1
9fd02ba6428798ec1e4996101b63d108216a4e736bad8cf2dc4e670dc8fc8e4f
f8bde78eea9eca631032b0f25c8997e454e329890abb357f4f746e3215007730
1bfa5d072a2a434c4d69e1eb312efdf3b8408fcd18bbe577ec8172b00d5575ec
---------------------
Fri May 10 06:37:06 PM CDT 2024 - Running experiment round 60
---------------------
Netserver is already running.
Netserver IP: 172.17.0.2
Netperf Image exists
fb58fa806ca2d056856f2c00d397895a1832999cd660427247b97dcd0bb327db
ff5a9b18715444f7071823988f38ca4d13f79d1e02b981ca34cb3710e9a35f62
5df3c5b9071f2f5dfbf79dee48f98ee9276d8d99ba6c06d0a5fbfdadf727f034
ea58a5f953d78d84da728a3d5e79c514e34d0aa359a1db7f572eeca59895e263
ba7820343d0da643f84bd0f389c9093e749b121ff8e93cfae9a223200e53a2ca
3f9a2be095345a18669f5a31560f2b24f042f3bad1ce3f642a7793bc54cd9c68
32f44c06c4649c7b9c11512ea88f5b8c723ec5aabbcbca0478143f9db4c7a922
839c9026554aced3577c9472473263c8f26c1b552062fc38aca7f29605b6f2dd
27dbc63e34696af4d135126f12b24b05f7e1e05ccdbe9a6f0018008885e5e1e9
78a1e45c2bdff59d0dc0e7735c2c3f07d2a2ef54bea9fb880092e46a53b98ef9
630babf5cb60912217d923370b56029852e75218b18bb0d142cb6f1915e28590
f91dfd40a9cee5ef97f9f93ee0e5165d2175917d0cfd88b735d11218ccbe11ba
627c411a48e751c952bc1a4fe9675bdcb2380bad9de2cf94273e1670223e180e
fd44bef2c08f09655cbcff2a750ec6089b0aead3db93256419ea1a7b3a9625eb
4833f648142e412dff39058e5b25df13bcd1b7bce1460fbb2f38a8d7e8ca8ff8
9b8408157cad2dc82070d98474919faa70f695631470ac72441d16fc8ca7f96a
6ad7291447d819e65ed1cd7de452de6bb3fd38f1bea7e254f1dea2b161f91487
0484225dda0a71dbddbc471b45c28cbe1ae888ebc56a805818d8c7bbd8b41ba9
cb9d015418c8140a4f3901dc807874b5a36d5cf27a1c8088f2012527b93d1d42
4cba1f2469e0731cd829774d3e4988875a35e2c740998c06999f662f0b4e81c0
be5b44c80f6b34aa5bab638143d212a7c2c904cbe8deda9ee2a951b03c9dd1db
51c3c1d638446137de6d7148b0ba98f30fd4d0a9c532393293512552a53cc4a4
37ad2b050cf7c54bfa4448c225ad4907ab5f9ef3091e814d6744bff51a78102b
3a7bb33b21a7efa5f4889ff4d89a2c45595d397bccd579aca92d581f1f57e4a1
ddf1e177c0b1e3f16c408733d7dfa55e3915154cb92cab1dee13811df34ae67d
d3cf61f418147554507fed9b90b7dd17a148dc8c8e40f6fc8357a08c2f8c3cd4
300ae4d9681fe49283f0c82c9c0748f80c7d25fbfd5793baedfe79654245e0c5
8930bea5e4fb9e1f8dd7d74adadf7de3691e303f9ae08688c588f92ac46b505a
76fb03bedfd593104b76f0ba04e6a6b8994159c8f2ac96855b8a30d4c8440eaa
71e6b2fefd68642cf7d1fe386045af2c909c48f1cee28b696b9c1be381ad9e7e
a4da3913375c8e94998af637b7b6e6d13d71f2385040615948d66987ccd01f7b
9c61eec6b78573a569850084204f0873c889b21f77990db131e1f35d214a5871
15f94562048ebee5b9779830578f55614e4003fb408296d4278476c382a5ad10
289e4bb95bf9dc260ba1a2cf5d2393144615b3fa2e1571cf50b58ddf22446603
aafe3c67754c6a1f1ac04f74fa0f6388cfd71f1709fb2d7a81bac0353414a71a
3308eae3890b89d6d7a7c30aba4ead031142d8555ac3aa68c3752535ddc5ba14
18c0351542fe0c1149daa42ff11ddf7dbf5105dbcd4866831d33db0f115e40df
9abf1f0e70fa282e980df35e65c611fb9d346beba5972d14c8810396acbb79c1
5f06471b0c4b4f288923a5aa44321b2da58d8f096a76c4e7e58acd9bcc437889
4544d8078cce5d72736b63a8ded2ecea26a927c3ae0ad3ae8bc144a1a9a8306b
1535b8d47760199b322229042f5d24dfeb3fcea17fc51879eff65c7c985e4ccc
0f4b6cb0288880fc44d7fbba6b5618d43b984dd385231c7835429fa6c1adaff4
133d6c7d174f7b83ddb90bfb995f239a73571c50954c8f8dacdd9187ee9cc61d
5142d87efbf133294f16468acd4898267bb43d60f8778d7631a0684bf5c2090f
49840241ed857d2e8a04b78034446e0e3b2cfc89d25e5366ce108dbbc1709b7d
4b20684d9a31b10571868828caabe47b5ea8832b8ca7deba3a4d3598a244bc43
459a3beed4319026bec293c48c41ca25008c4ee00628eea5e2dbd01d77c1fb26
621d547d3cab30372431f8f09f81b94a63aac34965cee08b8754f3c6967f3d69
38b75ad9ece3393259dfe8bf173d52277b8657e320dcde046d85769b9f6e6445
ec3ac8fc0789ff658431f9207cbc3e9c66f8871decce4b54395c72824a87b159
3c90ed3248b027912ce8869fba525d8ab669f62c6f0d69c32e3dd8c66d93378f
d082e8d826c53ec58f610e4a35a99d3a8fb83a1da72954b482f552957d49c0e7
ccfda55bd9ac31dfb78538d4c3ba73683672f7b24798a5e1fc43f5809742e3d5
629f4dba2ca06431059a3010260dc15ab3b16dd212ff6e397548be0b922491bf
036d5eae91400455e9c43e862c576fd6200eb1449438768271f6c6a4b3aa97f4
35333297ee7fbe0c032f609590703fe5d6ccdaaa4a93344b3ffef35fe3fec71c
a5fa27795303c80baeb793fa8f28e09c9731ac22d935ffb20fd8f37fb5c04820
2add729bffc29d6b435ec81fd6abea35bba8a4b69a6eec5f0eea977fab38b454
1fe222c09d5cfed999c7b9e830de79f6a30d66c3edc71a9de1fcfaa840f42cf6
3df2987c98a37260f0fc6a4c8296ed1f16e6664cb030da6fd690f2f7d90fe9f2
---------------------
Fri May 10 06:38:38 PM CDT 2024 - Running experiment round 80
---------------------
Netserver is already running.
Netserver IP: 172.17.0.2
Netperf Image exists
8999f3f5480c285fd429fb98f9d71aeb5042bbee2c61279719a549c2d4590633
2e938843c844e87800b48eb22158f79f8def6878445a86d6f19ccfa1ed90b332
c7dd7db44a13316ff117f0065499518b37598e0b0c8e9e505d0255f482f07357
f14bb0bc08f08df4a9d84a1f9bd8de6b287a936db2f9544ff04d3a40d8f1b5a2
2aa53e4a89ee2f0686523487275d4b867d05dc2e67f23e5db7f2eb3c21399789
c23270d4487a17b9eb8426ad6b7a9845fc69642a9e85428e683f31ec0c9f3515
70aa0a3f7a6b16cdf79f91a6a4b1d6fccc4feceab2ea7907116e7f39998405f2
f2a915ef0d3647ff7fdf25f0424ef97c524dd07bca5981d8e792860b363921d1
805c6f9ba847b14ddb5a8bd2217041efa10a534f679da8a12d683fbe43232dd3
cf06c3c15c50d08a660aaa5488bf4b67551fca636b1b905c76b0879be9548c33
3f6113ef4e749c30ef29d234f397432839cdd15053b76b45a32a9d7538c4795f
c3b7887bb3a1e09c574c5ecdf4aa04832072d8e7ef224e2b39d02d810acf7769
5834445d13e443110a2781e8eb0e293d592447ed317dbb2eb22395c0ebdeccec
b9771dbb8e0ef508117292ae9bff1f5042c49c05ec8f25d837adc374a4ee4b71
ac22994ecefb23a78c06e7bfb8411db885f3fee09bcd942f5938eaf62d030e43
acf530db9c17d564c48622143ab95f1329cf5346fda799d385dd0eb967a15e64
dbbb92331fa540dd29325c9a0f2d48453c482319f2e628db591630c94f56d902
dc1e7d1129e448985944097d4704e9661e2feb42cf253725f0c31002929dd2d5
8bd456d6a5332917b6e7489de809763b96012fe64ba484a620037163b136fede
b0ca436fc20a46ff0c126ac0963f4559c4e9829c4385d615464558174a26a0aa
69d43cbc4811f032577a5e738b32cf7ab99eff5ee4970f27c8f3add177e3bde4
6faba38b2f42223fd600234ef3813ce55ff136804e1a219b710ddf49ef1acafb
8460e707994fc94a5b1afcb9ae48dc4d8afd9565b7d8b1a95d517dcf20fe2604
a24694a96c66f4bb8bc27cbfcf077417e98fd1fe228b0b9f56741bb16f6d51ec
52b09a97a5e654cb1edf9422f17fa2c18ba1426cc32317def635e827e125c316
1d73ef8edddd0721e057d0f1a7285cd396e465042dd55b922439b05437d32191
2f67cfe4c1819b0bcafecfd5f21d5a0c9718332df9ed0327b41dc70c68cf9703
8e81dadd5776e77e2f0b6d3ed422500d7793201403c80cb42d3c165dd24776a5
e5b2d9a76484f2b484dcc890dc482f038b7b6a5bec4293820b9f0e5578d89f9a
b7218add7a05606c7fd6312b98da838d399185e4bab9da3961c7a53384bf170e
fccf7cc449c0f7a03cf2f0cb4b106bf696d1a159562c96d4393efed32e78ea69
2658f46a122de20018beb8b6aeb185ee2e6dd3da0621ab1cc2f84103c2d8fd6c
ee2f25e90d08a28769eb36a90f99fba3a08b6c55f6301b5dcfbb5b462dcf51ea
2739604211ce88bf527cc351526bb300e6182526c92dedb77f47cb5b7d922f4a
fe9d389d9ec1539cfc6015cac9a4e9b35843fc381b707cafb64b8149d907e67e
c9d030455df64c8777f259f2d818b830e001fca238427956374fb0210d1407ca
b8eccfb1760a5bc7596d8203f1f503efe0ae8f3c578a24b77a13ade59bc3ced9
4c147fcff1338f543a431513137035fef8f478a4829e2e8ebc3728c43595499e
ca968af8ee04c6e85ca6ce5cdf72b673cea334c9e3a7371a623e960caa9a8c08
7116d447b7218b9f125bcc34c256b4c6dd039a77d6508da4bf596c33d07949d9
325a1550833504a466555233f13b039bc87ba9cfb114fcb9cfbb11f6587c7a2d
f269b8db0c4f43c7d2e5d2e3b4b1986dc6795c24a4c2a2c9e9ec132b286a1ebd
40422a10ed8cd6f68973bd6e24e1fd8098dc120ad47f0f9a4af979f7d10bc5a7
958760e76b99c36aa5206039bee5bc7b957e4f9fcd091fc8dec542e7b2f5caf6
ae218271de11ac5733c188ae22805ccb3b6a6afe6fe403ea79d291cb928ba44d
9d173b2f7926a467f3ff29815efb94177fd1e49c774b772d7a3d60baf52fff4b
cad18c977d2ff9b3b991887abc0ae11732a6977e10a8d4d6d86065cc3452695d
23c6a5e210b92251ffdee007ba8d78b7675d23c2f888502fb2f3e5a4e9b34b15
1752850b26b9c52969cdeffd0e7e52e3c8988df58a686113bfcfe15dc3b74f98
bae55d224b0716f7d9da3ee8879fe75e3727fa8a46483c6ecb6a2eed063da892
2a742441d2204f16f4f919715316d1d2f62f3a9af93c226663911d5cf5215e61
7b9a9b77519b72f1a16bbc25d93beee98104d78769dc30e45b9fde94b4278344
c477e1b669854cf01f46521e8b0941ff55e17681994a15775b79dca6e4aec26e
151c0232eb2ba1b6688527a28bfe8f3c62a8042025c428c6073dded0cf009b5d
ed1530e9aa6e994043acfd2e7cc5909ca9392218c9ac80222a1932e14e3467af
9de9095ae9bbe14fede0ad2c01d2f55d87963ce37c6b6a9fce04b3e003cf2803
73d4b2f56995d01b4e82c8fcc822eab08b1ec8ce1d5ce59c32e4c7d0bc27d6fb
1032c5614a03cfb4954c1a0342d2cb74025710a176197b583e16d21878ecdd38
57a339da6de8a377639892ca47e147f9a63908d7caea24942a65a661ba7364ef
993dc9cd49593f7f83dba715e8ed8254de8b50829f2257b3d04424ffbd05b875
e20b4c40ca839ba3a889ccf5ec81d3864131b1969e6d75798eb481e6ec9a43dc
e1fa2bdc67dc2c3d5b6590382f8919ccb973d6f926bedad237f991f9c20186b4
53f49a6fc1517fcd6f5606baf0674441651288bb1ac91a21e80eda6b895c8c79
4ae5f3ca26937d6d1fe8cda9c95b53003f6bb97aed67f079882af901f9cd72b3
68583b273d8735e677d40a9c5449543af6df142f1558a0619adbe368aefdb427
9f220cc4805eef309121de776283dc5749ca12d567906ab01dcdcc0ffb66ae99
66413a7e6edc869aa9315a47dd4f576de56d79f1a36ba447f4cc968c15d097ff
81b7fc2665712c159cc006ebd9b5fefb3e060736d5e52bfaca757b23f3676c2f
0d1ef6964e3c1696ffab400b93cdec188e15e3677926962fee0361c523a5ef72
4f0e5a45914e4d0b795992a2e9acf24ab62bca5140c24c3ffd54d46db43cc349
c10db2eb2e3f0f246c4541d74028e7453770812a8c0f295c9ac8bd8db82233e4
870c764b0cacadb69485b1dff564c16656270e0083faf932cdfff807a4aa7f9f
efb3e67c3a7b34d69201359d88060d773545348016491b9fab2428247ecb7559
8462a107238cf0616614dea407c182eaa1d3621ebba943cf8e4962140aaff3f6
66d597d8e117df9b5ac6ea5b1514a198c87126ffb606d545d7b0085583de2a0e
30c12cc56541ac4b8229cc424eff32ec828f23fbacbacd5542648294b5e2ff05
1ec41f7a8537514c104837ae2d864f281570b1e30388dab98d98d2e57d674f9e
bd5cc9fcce7c6ded681b54833c6d83a2dbc353b1abfc9c5ca0cdd3cafb7e59b5
feed539a803b2d20ea68b9bf17c17c75634ac98e6d701633cc810844675d53b5
00688057a93b407859da8356e29e4fdf0e9265d642668db51a31e96ae1715fbe
