---------------------
Fri 10 May 2024 07:09:58 PM CDT - Running experiment round 4
---------------------
Netserver is already running.
Netserver IP: 172.17.0.2
Netperf Image exists
Building Sysbench image
b44d6ec0d8f6b12272d4c690babd93547cada85b567818b23f3bdb7035e24661
bbb37bdbe7ab473b41f41380c5894cdd60634c5b047e4b0ae525c11e764070ae
b247f781540574bb1c8fb6d1beaee0ca4442da50ce54d998ade2afa65c6499c0
594801309e848f87b52403da6e67b47706aa4f24999f9577a27291eadef8c94e
---------------------
Fri 10 May 2024 07:11:53 PM CDT - Running experiment round 8
---------------------
Netserver is already running.
Netserver IP: 172.17.0.2
Netperf Image exists
Sysbench Image exists
886424036adc01cee1058bf7ddef6b844ca949b73407c57b971e44906706c2ca
f1b57be3f80c3bc83ffdf5a8b9dfd155c7b0b9d5d48620df44d746338962dc22
4465fa4e8d5df44c3f3ca5e91db5a373ba03f143287b3c96c5cdf117f1f26d0d
4add72f917962636cb8b40f7c74a360e0282fd7ccadb896b55aa69fefc764b84
9afd8c8d9451f484f4c2ce38d971dcb8286964045966ace61e9c5301bd6433d7
eda70ab2466ccc755dd603a2c129323b99925944e12653e8e940bcba969707e9
e8a1265e02a17aa0d22618133f7f3a6ebb55a0c72fc42fa861e295c07b721704
7567158de8a6c4f01c6def4daa48050a1b664e088bab4debaacb8bf123a5dd75
---------------------
Fri 10 May 2024 07:13:47 PM CDT - Running experiment round 12
---------------------
Netserver is already running.
Netserver IP: 172.17.0.2
Netperf Image exists
Sysbench Image exists
f787946ac85eda610fb46e7e836b7dde63ed360395bcdbbd951dde6c0ddf75ab
96c638d7b703e934dd2cd6c616413e1ef5c3a8eb7ed477e1d8452b669d89daad
d201ce8f3ed8e91968143d65217943ad0770e53c1e109311dd640d39ce05b807
778cac98bc95c36878e58eb5366d3df239f65ff79c50d6219197562d08d9ce3e
877bd727118b664d38ac80f7be781f347273f7d7049fc93368c15e2922a3923f
3a5be5d5cad9ee0d183e6643233b648c432bd903195b96f451eb8056e0627afc
b364f0f8d0336c142312268aa06968d71ff9dc25e9a52ac7e24e2423e9207a2f
8498970e4f78bd27095d10903ae94a518c05ae9e417b9cce27168cc5eb94c541
bae04ef2b8cc515e3fa2e7e6666e88ceb6044f90b3b0e8320a92e48c36d77a7e
ae01035ded3c34088d40b7337b6634e519a4af760bcc4bbd3ad4ad9823d23d25
f2020935d187f039217b4b277df39060fe21a0b992dc7d6e9c039e1f1a660952
b0c0ba87673823de3be23b9fd559c3d9d02e9c668ccd7f56e0321a909e108adc
---------------------
Fri 10 May 2024 07:15:40 PM CDT - Running experiment round 16
---------------------
Netserver is already running.
Netserver IP: 172.17.0.2
Netperf Image exists
Sysbench Image exists
f4aaff4b5ed1902f47b0c34e2e83252d4f85e6383315bba13cd454e763f0ad78
6145e4a6516dd251aec57894552eba691c5628f62b3670abfb0dedc2e8ecf281
a7aa3d21408420b696730598537a8f45b13b9b920f84576977573658a5f7df33
16dd9a7a2e35746e1ecfebfc89f8ee01602a8b5b6bbd4663cb4625bcb5f20b29
c3c1f89f10e201064dce213da4d24fbde12dbbcb2dc1233247c171ddc11d8fd7
78636cb1cff76103d31dd38ca5c649eed36b77a2e8a35362e8c5dbc4f4382656
5192a79af3a51528c9ef1451207528a34cbdfcc102cd008556355d44d7816591
0a60522a7a69290c030e19c2150a494ebe16b1083077fdd372f75df0cb0d7876
a146ea723a2ef4deef0f4476c75a3240cd1fe0bed0fca3b2a36884d3b6eb5184
9dd6e54bae56430924f22d62fb3bf79de2d667176e7a539fd93e6f9b440703ec
6656ca8b3f9c073c3f9aee634d2b3d8422917ecbf7aebf4e82f995de84c8faee
5afe6d5e50c5f0a928382baf5daf5948065c7098346cd08ba7659e5afd0b1ba6
2b07de07d526945ca19b716dbc7038a94a816a05cb16bc7372f7c284ab013f3e
5f43baed1e7f16ddaecfdc24e28a1c462790757a6bfb3b9e5ca5a6428439dec4
823dc4a196ff4fbce9a2e5a9b5d3b19e294e54da65153df50c64ccb5470250b5
16cb2289aa0587e7c28794605bc825fc137ea0f11fe1eb501d5b5a19de819218
---------------------
Fri 10 May 2024 07:17:35 PM CDT - Running experiment round 20
---------------------
Netserver is already running.
Netserver IP: 172.17.0.2
Netperf Image exists
Sysbench Image exists
575e4597959857b3bb46eaae16618386899290955cbfe60308c6e297520c1bb2
07ea7dd4eb5a67618bc5e1f502de1ada866e904323ce5a9a35e9e1a0f311bc3a
3c6c1a0bf34357ebc209b55f769e15439a53ad651a1b1aada46ef6882c23eea2
19788c4a0d964d5a07859ff58ea06c29b75fe6bc7dd81613b03f9ffaf13c5a52
d82b1576a397de7c90207b7ee06cdbc38c4ed6b67b495c59f418aec502e3e7df
bbe2c8d69820ea64c433f1598d350ac6c8cdb8587eb366a2447a7565a16b2933
1df9441f79e23bca92a8e7cadbc71b3e6017b89f20c9bd211e35cd7e72d80675
1abd5ce6c74fab04e24d8bc737f0b73981506561715ac6b371012acbe0671bc4
76bc72ca3775b2b05e01d7ffd93173a1ffe837b557058066747d0e9ba3806dfe
476ac3de7a832fab5039e31a6bfc865a96e40b6f2434d4280ac1fe9e226cfb0c
b3f66b5363cb2ee43b82cc154c6612ff893c9c2307ea856d9dc56bc45b5a52e8
903d65523dc014dfcfa97a273833f6399831bd19df528716dea34c046d87b59a
052a0ba42fc1ce52a31d3e80cdd52a3d24c27c7226f9d5c4d74ec7f04ff7c40e
d1c125812bf59c582772df6527abe82e9f28ab5fc25ae4c5c8862ff4bc2ae4f6
870bfed06eb0d4daf7cbd7561d629eb34d281879befa50991f0386e705ee5d3c
27f37f119aa781f7cf201ad55eb98bf05a32a16ff225b45907f094396cb78444
30841f9304e0242e8801d3b0e41c8676d7f3526439bf22b3afb98f48b769e52a
e4a0838445911f88e90b45c21398a377a2b0a46a0e0f3d3245dc9646baf0c762
c53e70f63199376a68c68ab2188af055c2e1bb0384c25297bad55e681d7c3dde
b7a94d7dbecb2dd6656845583dad48e0ae97c89b2362f87cbc9437ab289fdb8f
---------------------
Fri 10 May 2024 07:19:32 PM CDT - Running experiment round 24
---------------------
Netserver is already running.
Netserver IP: 172.17.0.2
Netperf Image exists
Sysbench Image exists
fa78e33535e10e72813ed22baa036810c8d04827c1156d348ef9e1a515629a4d
494f786e07e47d3b5abe946ab6b23db74729bee715a2448073313be24d2eb5f2
3585f9a87feff39c586dcb5297479188cf35e927accf8f2db6ab967956055e30
bf6e0fa4c0aecb0682877fb2d4264450d9985adfe0e9258534dba319439eff08
4dd0b10086189e4293e3ee6b4224405c4385b71a01430db2a734490d8539d124
f9b1b054944b4c2d325c799c121bd9caed7782856129a6af068e8050806f2cff
770115946fac0af927f73117c204a3da664d7ac6ff0a522ff83168d54134908f
ae8e7b90740d819994fe600f7a23e1ad23d1c86f8a9d560be3ca4a6886216b89
1127fba4ec36618c75fc30cf14f13734b69078ce313535ef3afcac2607dcc538
f15e63289d804220e3ec830c601ba76db5d5df264fd42ef0fc4098d55ce7f8f4
ec990cc9fca83066ae03db26bac0ed09595314498f404426dce354693dd9689f
875f70b534a25a80babcc8261ce154c18b6ad4de218e109eff3ae036f375b289
b0d3fee74454a486ef14ef26aac146c292bd61ea9e618914ad09e2d3630e1e3b
9feab752357f94707aafa63d9a23739efa198cdd656e27b9681a6769b1a7eace
49e4ee086ffd8600cc31eae11e79a3e52a4215f6cf9688584622ff5b504de7b4
5f74f9f724f2b73ece4b66943f50302527df6ad33fca4295722f53f6259d2f3c
08a37c2af95a38e02f65ead5e9c2f1493de1a80c256b49e21a797ba9c663151b
f4335694f48f7a7471092a2aa037d009524909135093730c51d0bbf094f7ff0f
dc6925fc0f820bf089e804086a113b69d11102469181434c796959644922f2f6
4afde4103279a10565a3cee0b890de53e0c1607d5df63e9604619581150ad156
fe0b83b9060626d3f5f8a614e39186cad24acdd00934258e166be2d510a4b5e8
cfcd02384b0a8f762bc4bdf48cba152f61485ca2b45b1ac453c5cd817392d15d
dfb0ee613e2c2280edaaeec362e1f3a4c55dce04ed8b9a207e210b6ba8f6ef69
96a34ce8ab4402bd6390a59754e92ac3e1aa5e2acc8d2cc98807e0b1ed41d334
---------------------
Fri 10 May 2024 07:21:29 PM CDT - Running experiment round 28
---------------------
Netserver is already running.
Netserver IP: 172.17.0.2
Netperf Image exists
Sysbench Image exists
1014d26dd8c707964192dd8417ab4263e6b276f77fe134462c66a8caf0db00df
782b39007c197f7ce1bf81918096e824e6bc6e0f0ac6e84b3808a523488e1721
ddad4920436eb443282da3d2345d3564bf14af635e53c2a7e6ab7d2460194f29
96fd7e2955353e30b45b2f2ccea32f66d55962afd35a4dde2770639c1670cd68
3d5c985f9b2d6836721699ab648f37110df8a48050128f1a797ff9ec18596a9a
462b31b8703517bce86f960e2a1cba00dd25bad5f07d1af86ca6581c05283746
12828484760a58fb964cb2d00e7a23d43d8d43f4ab25d2d8a4693596aa7fafa7
0a94bea6ac3ed89895b6b007ad1bfc9724deddf953afe5876a28eeaafe0578d3
5e0a2f237b914006ab542022787dd55453a1afd5a64d15f30a2b06b0ed1596af
9c8870f8165baad5522e9e830d8b4a7aa49e329d5951145d31f288ade5acaea5
f18339a27ce29d805f2162ffc4418ca69b1f71382c91de3d77ec028692b41dfc
2e699f904005a7afe91cd609af8a51190a904ddb1994b5a90e63d1128146e97e
da39cb02840a5173fc539d4f2a2bfe963631f1bfd52f7eef82d42e30853dd08e
b891322cf38406b346fa229ac604dc5881608a3e691a05497cfcdd360ddf4d2b
5c0eff5f543720291f5d5683a80b102143b3ba2d74f0730587ae7cefacf7359c
d1fdd0644c30b1fd06a8639a8abc02c6b81e418f58af1db51a479b01069294ec
ce06b0f31592114ff8dc66101aebdc6077cd3a8db5aab503ef90487a5ddc2e89
fb443c779c7d5e982498df0a695e8c411e50bb788bf942566f338e048eaa3ebf
d8fa645fb3c681889edac4529d746f07a6e42e26f1a63ae336cc147bd9a681f6
9b75371cc528441d5f3c4effd1cd532cd959c6435ef7ee82fb74cfc9fbcd6977
4501b5c9c77fb9d10d37c34501c5070af91025fb28fa5761bccc03cc9de5b966
1cdee47f1fe348fd09b29d49710ba834c02f11c8bf5d496003db6641bbfd5bc8
a20d446356f859d007bb9310b2b318a07238f549ca89a25fdd2e601f00b1ec3d
dc87f34d620a9603475ca667190c4269e2d466040ded2d26ed6370c5ea99287e
0bd7be62171e67326df72f923aeffed676c1ac31f7c40b2b6f00697f5e8622be
83d9444c3ed653575356d88a064b0d8f1097d5842893ff21a810833e2eb423c0
6d25422f233dfa35409e31363495bdb8995975204012e7333e4505bb765191a1
49c48869aff49a68b7b6418d243905d56576e17e8c8b4ef2861c42d03f4c042c
---------------------
Fri 10 May 2024 07:23:25 PM CDT - Running experiment round 32
---------------------
Netserver is already running.
Netserver IP: 172.17.0.2
Netperf Image exists
Sysbench Image exists
1e5410cea9e5dc94732246c1a967245a7d7497551b79f194a47a60a2e3bb55b3
9c4f3aa872f3dd5b9e39c578fb8a84294dcb26cc2934db797f7a9e463d976d68
4345ba1303944c61ed845c8bf19c7ef85102972b1924f6a6bf473085b3fd0309
456ff9bc87047b75050c55d22bea2c187882f0393886fa26f09cc1991d75b081
5fa04a793a1d5bd1575cbb4ddbf42f3d4ad612fd74f53f0ba2d93e9e13a125a1
23c39ab5893de4635c453cfa561f1d2c9d836c0de2e1be03a159e2bdf8541362
bbe0b7f427becfff604e0700608e642e327342f75a3243e92932bd78e8c9877b
a2985cf8fa5e93fceeb2b1ee3c9eec2e6ec3ca0303117f46f887294e4e36ddd3
75ae9c4b13caf3026583b8e4d43aa4232e8c1b1ec84bd04c52c3425b2a58c59a
14aee42900c4c00012a7d4062e9641a2c4dfb89a7bf379850e6d786e20fdece7
ee4197f2d838a879a7dbf5c86f579faf55904da09d8eb3143c0f82dcc84cb49f
3c55d7365cc91a03fbfe230a53087c036b7bbde97d9cd6596553972ac5c0fefb
fd9236ee6e9640591b9eb503e2a5ded0540b99de08468114d92d46370f3f8717
e9b848978bf8302fb6274d06c083efc77aa82d608b131e3e994992c1c4801177
368b018444aa6eb364aaffaed84d2d056f81748824326b2d4f93b3ea609536aa
035b72b088744d3dfdace8ede698d3480efe873d3739d3210ffc0d3a26c6312f
eee32681c980f8f06bfb9182688cbc8d4e9be96e33ce1f54d524611b6910e250
654221e46a2d7c01d39a7ba0edee3da22278057d6d58104a99a84e8458e35a4c
033edcefd647c70215954e70aac5d105f5e4143d84f6371678fac89331d847bb
75b62fb1784d9f5a059664685f86772f83a49539a35e7ee7c98691f1af0a8ac5
cc59bacf209f895fbd65344d4e51bf3c20731def08673465be164d47ea677b52
b95a1a36678da7ca628a8f654cf99d7d3be9a3d291a83cb0f4fa1e38d4ad5356
66f20e0b85627fae52d0c9b5747381146929df38bf0e6609d7ffdab3e0e3faed
ae2d3243df1c9536ac1290d2f4d7ede863ba43650705a964342e4af007439ad3
f2e3b78a15d584d5b294143e9e778787cdb1d041f21aa0865d98e5e2e98fe4f9
5a031ce821ba113f37201865ff2f9af13915443a401e59226ccd87ede8d41255
9d88ae3601c7b6385f182fddedf118698b577990f70b470db8fd828aa296db13
d112e14aca7eeff696bd37c0df7d22c6f0dcf9a1732496914b6e54e6f4aa2901
d1524c365048dc0dbec73a30f8660d5683162a913150952d953442a5924d24c3
3eafa67a6efd7b7ff6513f8292cfffc87ac3a17315f07cfee1f0f097b1ca6674
13800866a4b7a029248ae86a0e30dae7663d7560c311a24714dd85185555828f
1eb17f3e6c0bb4e3c10137fff3b0d8387af5b60628711ffa138ecf34c67cee9f
