Linux 5.4.0-164-generic (node0.gp27-206541.cs523-uiuc-sp24-pg0.wisc.cloudlab.us) 	05/10/2024 	_x86_64_	(40 CPU)

01:42:45 PM   UID       PID    %usr %system  %guest   %wait    %CPU   CPU  Command
01:42:46 PM     0       158    0.00    0.00    0.00    0.00    0.00    24  ksoftirqd/24
01:42:47 PM     0       158    0.00    0.00    0.00    0.00    0.00    24  ksoftirqd/24
01:42:48 PM     0       158    0.00    0.00    0.00    0.00    0.00    24  ksoftirqd/24
01:42:49 PM     0       158    0.00    0.00    0.00    0.00    0.00    24  ksoftirqd/24
01:42:50 PM     0       158    0.00    0.00    0.00    0.00    0.00    24  ksoftirqd/24
01:42:51 PM     0       158    0.00    0.00    0.00    0.00    0.00    24  ksoftirqd/24
01:42:52 PM     0       158    0.00    0.00    0.00    0.00    0.00    24  ksoftirqd/24
01:42:53 PM     0       158    0.00    0.00    0.00    0.00    0.00    24  ksoftirqd/24
01:42:54 PM     0       158    0.00    0.00    0.00    0.00    0.00    24  ksoftirqd/24
01:42:55 PM     0       158    0.00    0.00    0.00    0.00    0.00    24  ksoftirqd/24
01:42:56 PM     0       158    0.00    0.00    0.00    0.00    0.00    24  ksoftirqd/24
01:42:57 PM     0       158    0.00    0.00    0.00    0.00    0.00    24  ksoftirqd/24
01:42:58 PM     0       158    0.00    0.00    0.00    0.00    0.00    24  ksoftirqd/24
01:42:59 PM     0       158    0.00    0.00    0.00    0.00    0.00    24  ksoftirqd/24
01:43:00 PM     0       158    0.00    0.00    0.00    0.00    0.00    24  ksoftirqd/24
01:43:01 PM     0       158    0.00    0.00    0.00    0.00    0.00    24  ksoftirqd/24
01:43:02 PM     0       158    0.00    0.00    0.00    0.00    0.00    24  ksoftirqd/24
01:43:03 PM     0       158    0.00    0.00    0.00    0.00    0.00    24  ksoftirqd/24
01:43:04 PM     0       158    0.00    0.00    0.00    0.00    0.00    24  ksoftirqd/24
01:43:05 PM     0       158    0.00    0.00    0.00    0.00    0.00    24  ksoftirqd/24
01:43:06 PM     0       158    0.00    0.00    0.00    0.00    0.00    24  ksoftirqd/24
01:43:07 PM     0       158    0.00    0.00    0.00    0.00    0.00    24  ksoftirqd/24
01:43:08 PM     0       158    0.00    0.00    0.00    0.00    0.00    24  ksoftirqd/24
01:43:09 PM     0       158    0.00    0.00    0.00    0.00    0.00    24  ksoftirqd/24
01:43:10 PM     0       158    0.00    0.00    0.00    0.00    0.00    24  ksoftirqd/24
01:43:11 PM     0       158    0.00    0.00    0.00    0.00    0.00    24  ksoftirqd/24
01:43:12 PM     0       158    0.00    0.00    0.00    0.00    0.00    24  ksoftirqd/24
01:43:13 PM     0       158    0.00    0.00    0.00    0.00    0.00    24  ksoftirqd/24
01:43:14 PM     0       158    0.00    0.00    0.00    0.00    0.00    24  ksoftirqd/24
01:43:15 PM     0       158    0.00    0.00    0.00    0.00    0.00    24  ksoftirqd/24
01:43:16 PM     0       158    0.00    0.00    0.00    0.00    0.00    24  ksoftirqd/24
01:43:17 PM     0       158    0.00    0.00    0.00    0.00    0.00    24  ksoftirqd/24
01:43:18 PM     0       158    0.00    0.00    0.00    0.00    0.00    24  ksoftirqd/24
01:43:19 PM     0       158    0.00    0.00    0.00    0.00    0.00    24  ksoftirqd/24
01:43:20 PM     0       158    0.00    0.00    0.00    0.00    0.00    24  ksoftirqd/24
01:43:21 PM     0       158    0.00    0.00    0.00    0.00    0.00    24  ksoftirqd/24
01:43:22 PM     0       158    0.00    0.00    0.00    0.00    0.00    24  ksoftirqd/24
01:43:23 PM     0       158    0.00    0.00    0.00    0.00    0.00    24  ksoftirqd/24
01:43:24 PM     0       158    0.00    0.00    0.00    0.00    0.00    24  ksoftirqd/24
01:43:25 PM     0       158    0.00    0.00    0.00    0.00    0.00    24  ksoftirqd/24
01:43:26 PM     0       158    0.00    0.00    0.00    0.00    0.00    24  ksoftirqd/24
01:43:27 PM     0       158    0.00    0.00    0.00    0.00    0.00    24  ksoftirqd/24
01:43:28 PM     0       158    0.00    0.00    0.00    0.00    0.00    24  ksoftirqd/24
01:43:29 PM     0       158    0.00    0.00    0.00    0.00    0.00    24  ksoftirqd/24
01:43:30 PM     0       158    0.00    0.00    0.00    0.00    0.00    24  ksoftirqd/24
01:43:31 PM     0       158    0.00    0.00    0.00    0.00    0.00    24  ksoftirqd/24
01:43:32 PM     0       158    0.00    0.00    0.00    0.00    0.00    24  ksoftirqd/24
01:43:33 PM     0       158    0.00    0.00    0.00    0.00    0.00    24  ksoftirqd/24
01:43:34 PM     0       158    0.00    0.00    0.00    0.00    0.00    24  ksoftirqd/24
01:43:35 PM     0       158    0.00    0.00    0.00    0.00    0.00    24  ksoftirqd/24
01:43:36 PM     0       158    0.00    0.00    0.00    0.00    0.00    24  ksoftirqd/24
01:43:37 PM     0       158    0.00    0.00    0.00    0.00    0.00    24  ksoftirqd/24
01:43:38 PM     0       158    0.00    0.00    0.00    0.00    0.00    24  ksoftirqd/24
01:43:39 PM     0       158    0.00    0.00    0.00    0.00    0.00    24  ksoftirqd/24
01:43:40 PM     0       158    0.00    0.00    0.00    0.00    0.00    24  ksoftirqd/24
01:43:41 PM     0       158    0.00    0.00    0.00    0.00    0.00    24  ksoftirqd/24
01:43:42 PM     0       158    0.00    0.00    0.00    0.00    0.00    24  ksoftirqd/24
01:43:43 PM     0       158    0.00    0.00    0.00    0.00    0.00    24  ksoftirqd/24
01:43:44 PM     0       158    0.00    0.00    0.00    0.00    0.00    24  ksoftirqd/24
01:43:45 PM     0       158    0.00    0.00    0.00    0.00    0.00    24  ksoftirqd/24
01:43:46 PM     0       158    0.00    0.00    0.00    0.00    0.00    24  ksoftirqd/24
01:43:47 PM     0       158    0.00    0.00    0.00    0.00    0.00    24  ksoftirqd/24
01:43:48 PM     0       158    0.00    0.00    0.00    0.00    0.00    24  ksoftirqd/24
01:43:49 PM     0       158    0.00    0.00    0.00    0.00    0.00    24  ksoftirqd/24
01:43:50 PM     0       158    0.00    0.00    0.00    0.00    0.00    24  ksoftirqd/24
01:43:51 PM     0       158    0.00    0.00    0.00    0.00    0.00    24  ksoftirqd/24
01:43:52 PM     0       158    0.00    0.00    0.00    0.00    0.00    24  ksoftirqd/24
01:43:53 PM     0       158    0.00    0.00    0.00    0.00    0.00    24  ksoftirqd/24
01:43:54 PM     0       158    0.00    0.00    0.00    0.00    0.00    24  ksoftirqd/24
01:43:55 PM     0       158    0.00    0.00    0.00    0.00    0.00    24  ksoftirqd/24
01:43:56 PM     0       158    0.00    0.00    0.00    0.00    0.00    24  ksoftirqd/24
01:43:57 PM     0       158    0.00    0.00    0.00    0.00    0.00    24  ksoftirqd/24
01:43:58 PM     0       158    0.00    0.00    0.00    0.00    0.00    24  ksoftirqd/24
01:43:59 PM     0       158    0.00    0.00    0.00    0.00    0.00    24  ksoftirqd/24
01:44:00 PM     0       158    0.00    0.00    0.00    0.00    0.00    24  ksoftirqd/24
01:44:01 PM     0       158    0.00    0.00    0.00    0.00    0.00    24  ksoftirqd/24
01:44:02 PM     0       158    0.00    0.00    0.00    0.00    0.00    24  ksoftirqd/24
01:44:03 PM     0       158    0.00    0.00    0.00    0.00    0.00    24  ksoftirqd/24
01:44:04 PM     0       158    0.00    0.00    0.00    0.00    0.00    24  ksoftirqd/24
01:44:05 PM     0       158    0.00    0.00    0.00    0.00    0.00    24  ksoftirqd/24
01:44:06 PM     0       158    0.00    0.00    0.00    0.00    0.00    24  ksoftirqd/24
01:44:07 PM     0       158    0.00    0.00    0.00    0.00    0.00    24  ksoftirqd/24
01:44:08 PM     0       158    0.00    0.00    0.00    0.00    0.00    24  ksoftirqd/24
01:44:09 PM     0       158    0.00    0.00    0.00    0.00    0.00    24  ksoftirqd/24
01:44:10 PM     0       158    0.00    0.00    0.00    0.00    0.00    24  ksoftirqd/24
01:44:11 PM     0       158    0.00    0.00    0.00    0.00    0.00    24  ksoftirqd/24
01:44:12 PM     0       158    0.00    0.00    0.00    0.00    0.00    24  ksoftirqd/24
01:44:13 PM     0       158    0.00    0.00    0.00    0.00    0.00    24  ksoftirqd/24
01:44:14 PM     0       158    0.00    0.00    0.00    0.00    0.00    24  ksoftirqd/24
01:44:15 PM     0       158    0.00    0.00    0.00    0.00    0.00    24  ksoftirqd/24
01:44:16 PM     0       158    0.00    0.00    0.00    0.00    0.00    24  ksoftirqd/24
01:44:17 PM     0       158    0.00    0.00    0.00    0.00    0.00    24  ksoftirqd/24
01:44:18 PM     0       158    0.00    0.00    0.00    0.00    0.00    24  ksoftirqd/24
01:44:19 PM     0       158    0.00    0.00    0.00    0.00    0.00    24  ksoftirqd/24
01:44:20 PM     0       158    0.00    0.00    0.00    0.00    0.00    24  ksoftirqd/24
01:44:21 PM     0       158    0.00    0.00    0.00    0.00    0.00    24  ksoftirqd/24
01:44:22 PM     0       158    0.00    0.00    0.00    0.00    0.00    24  ksoftirqd/24
01:44:23 PM     0       158    0.00    0.00    0.00    0.00    0.00    24  ksoftirqd/24
01:44:24 PM     0       158    0.00    0.00    0.00    0.00    0.00    24  ksoftirqd/24
01:44:25 PM     0       158    0.00    0.00    0.00    0.00    0.00    24  ksoftirqd/24
01:44:26 PM     0       158    0.00    0.00    0.00    0.00    0.00    24  ksoftirqd/24
01:44:27 PM     0       158    0.00    0.00    0.00    0.00    0.00    24  ksoftirqd/24
01:44:28 PM     0       158    0.00    0.00    0.00    0.00    0.00    24  ksoftirqd/24
01:44:29 PM     0       158    0.00    0.00    0.00    0.00    0.00    24  ksoftirqd/24
01:44:30 PM     0       158    0.00    0.00    0.00    0.00    0.00    24  ksoftirqd/24
01:44:31 PM     0       158    0.00    0.00    0.00    0.00    0.00    24  ksoftirqd/24
01:44:32 PM     0       158    0.00    0.00    0.00    0.00    0.00    24  ksoftirqd/24
01:44:33 PM     0       158    0.00    0.00    0.00    0.00    0.00    24  ksoftirqd/24
01:44:34 PM     0       158    0.00    0.00    0.00    0.00    0.00    24  ksoftirqd/24
01:44:35 PM     0       158    0.00    0.00    0.00    0.00    0.00    24  ksoftirqd/24
01:44:36 PM     0       158    0.00    0.00    0.00    0.00    0.00    24  ksoftirqd/24
01:44:37 PM     0       158    0.00    0.00    0.00    0.00    0.00    24  ksoftirqd/24
01:44:38 PM     0       158    0.00    0.00    0.00    0.00    0.00    24  ksoftirqd/24
01:44:39 PM     0       158    0.00    0.00    0.00    0.00    0.00    24  ksoftirqd/24
01:44:40 PM     0       158    0.00    0.00    0.00    0.00    0.00    24  ksoftirqd/24
01:44:41 PM     0       158    0.00    0.00    0.00    0.00    0.00    24  ksoftirqd/24
01:44:42 PM     0       158    0.00    0.00    0.00    0.00    0.00    24  ksoftirqd/24
01:44:43 PM     0       158    0.00    0.00    0.00    0.00    0.00    24  ksoftirqd/24
01:44:44 PM     0       158    0.00    0.00    0.00    0.00    0.00    24  ksoftirqd/24
01:44:45 PM     0       158    0.00    0.00    0.00    0.00    0.00    24  ksoftirqd/24
01:44:46 PM     0       158    0.00    0.00    0.00    0.00    0.00    24  ksoftirqd/24
01:44:47 PM     0       158    0.00    0.00    0.00    0.00    0.00    24  ksoftirqd/24
01:44:48 PM     0       158    0.00    0.00    0.00    0.00    0.00    24  ksoftirqd/24
01:44:49 PM     0       158    0.00    0.00    0.00    0.00    0.00    24  ksoftirqd/24
01:44:50 PM     0       158    0.00    0.00    0.00    0.00    0.00    24  ksoftirqd/24
01:44:51 PM     0       158    0.00    0.00    0.00    0.00    0.00    24  ksoftirqd/24
01:44:52 PM     0       158    0.00    0.00    0.00    0.00    0.00    24  ksoftirqd/24
01:44:53 PM     0       158    0.00    0.00    0.00    0.00    0.00    24  ksoftirqd/24
01:44:54 PM     0       158    0.00    0.00    0.00    0.00    0.00    24  ksoftirqd/24
01:44:55 PM     0       158    0.00    0.00    0.00    0.00    0.00    24  ksoftirqd/24
01:44:56 PM     0       158    0.00    0.00    0.00    0.00    0.00    24  ksoftirqd/24
01:44:57 PM     0       158    0.00    0.00    0.00    0.00    0.00    24  ksoftirqd/24
01:44:58 PM     0       158    0.00    0.00    0.00    0.00    0.00    24  ksoftirqd/24
01:44:59 PM     0       158    0.00    0.00    0.00    0.00    0.00    24  ksoftirqd/24
01:45:00 PM     0       158    0.00    0.00    0.00    0.00    0.00    24  ksoftirqd/24
01:45:01 PM     0       158    0.00    0.00    0.00    0.00    0.00    24  ksoftirqd/24
01:45:02 PM     0       158    0.00    0.00    0.00    0.00    0.00    24  ksoftirqd/24
01:45:03 PM     0       158    0.00    0.00    0.00    0.00    0.00    24  ksoftirqd/24
01:45:04 PM     0       158    0.00    0.00    0.00    0.00    0.00    24  ksoftirqd/24
01:45:05 PM     0       158    0.00    0.00    0.00    0.00    0.00    24  ksoftirqd/24
01:45:06 PM     0       158    0.00    0.00    0.00    0.00    0.00    24  ksoftirqd/24
01:45:07 PM     0       158    0.00    0.00    0.00    0.00    0.00    24  ksoftirqd/24
01:45:08 PM     0       158    0.00    0.00    0.00    0.00    0.00    24  ksoftirqd/24
01:45:09 PM     0       158    0.00    0.00    0.00    0.00    0.00    24  ksoftirqd/24
01:45:10 PM     0       158    0.00    0.00    0.00    0.00    0.00    24  ksoftirqd/24
01:45:11 PM     0       158    0.00    0.00    0.00    0.00    0.00    24  ksoftirqd/24
01:45:12 PM     0       158    0.00    0.00    0.00    0.00    0.00    24  ksoftirqd/24
01:45:13 PM     0       158    0.00    0.00    0.00    0.00    0.00    24  ksoftirqd/24
01:45:14 PM     0       158    0.00    0.00    0.00    0.00    0.00    24  ksoftirqd/24
01:45:15 PM     0       158    0.00    0.00    0.00    0.00    0.00    24  ksoftirqd/24
01:45:16 PM     0       158    0.00    0.00    0.00    0.00    0.00    24  ksoftirqd/24
01:45:17 PM     0       158    0.00    0.00    0.00    0.00    0.00    24  ksoftirqd/24
01:45:18 PM     0       158    0.00    0.00    0.00    0.00    0.00    24  ksoftirqd/24
01:45:19 PM     0       158    0.00    0.00    0.00    0.00    0.00    24  ksoftirqd/24
01:45:20 PM     0       158    0.00    0.00    0.00    0.00    0.00    24  ksoftirqd/24
01:45:21 PM     0       158    0.00    0.00    0.00    0.00    0.00    24  ksoftirqd/24
01:45:22 PM     0       158    0.00    0.00    0.00    0.00    0.00    24  ksoftirqd/24
01:45:23 PM     0       158    0.00    0.00    0.00    0.00    0.00    24  ksoftirqd/24
01:45:24 PM     0       158    0.00    0.00    0.00    0.00    0.00    24  ksoftirqd/24
01:45:25 PM     0       158    0.00    0.00    0.00    0.00    0.00    24  ksoftirqd/24
01:45:26 PM     0       158    0.00    0.00    0.00    0.00    0.00    24  ksoftirqd/24
01:45:27 PM     0       158    0.00    0.00    0.00    0.00    0.00    24  ksoftirqd/24
01:45:28 PM     0       158    0.00    0.00    0.00    0.00    0.00    24  ksoftirqd/24
01:45:29 PM     0       158    0.00    0.00    0.00    0.00    0.00    24  ksoftirqd/24
01:45:30 PM     0       158    0.00    0.00    0.00    0.00    0.00    24  ksoftirqd/24
01:45:31 PM     0       158    0.00    0.00    0.00    0.00    0.00    24  ksoftirqd/24
01:45:32 PM     0       158    0.00    0.00    0.00    0.00    0.00    24  ksoftirqd/24
01:45:33 PM     0       158    0.00    0.00    0.00    0.00    0.00    24  ksoftirqd/24
01:45:34 PM     0       158    0.00    0.00    0.00    0.00    0.00    24  ksoftirqd/24
01:45:35 PM     0       158    0.00    0.00    0.00    0.00    0.00    24  ksoftirqd/24
01:45:36 PM     0       158    0.00    0.00    0.00    0.00    0.00    24  ksoftirqd/24
01:45:37 PM     0       158    0.00    0.00    0.00    0.00    0.00    24  ksoftirqd/24
01:45:38 PM     0       158    0.00    0.00    0.00    0.00    0.00    24  ksoftirqd/24
01:45:39 PM     0       158    0.00    0.00    0.00    0.00    0.00    24  ksoftirqd/24
01:45:40 PM     0       158    0.00    0.00    0.00    0.00    0.00    24  ksoftirqd/24
01:45:41 PM     0       158    0.00    0.00    0.00    0.00    0.00    24  ksoftirqd/24
01:45:42 PM     0       158    0.00    0.00    0.00    0.00    0.00    24  ksoftirqd/24
01:45:43 PM     0       158    0.00    0.00    0.00    0.00    0.00    24  ksoftirqd/24
01:45:44 PM     0       158    0.00    0.00    0.00    0.00    0.00    24  ksoftirqd/24
01:45:45 PM     0       158    0.00    0.00    0.00    0.00    0.00    24  ksoftirqd/24
01:45:46 PM     0       158    0.00    0.00    0.00    0.00    0.00    24  ksoftirqd/24
01:45:47 PM     0       158    0.00    0.00    0.00    0.00    0.00    24  ksoftirqd/24
01:45:48 PM     0       158    0.00    0.00    0.00    0.00    0.00    24  ksoftirqd/24
01:45:49 PM     0       158    0.00    0.00    0.00    0.00    0.00    24  ksoftirqd/24
01:45:50 PM     0       158    0.00    0.00    0.00    0.00    0.00    24  ksoftirqd/24
01:45:51 PM     0       158    0.00    0.00    0.00    0.00    0.00    24  ksoftirqd/24
01:45:52 PM     0       158    0.00    0.00    0.00    0.00    0.00    24  ksoftirqd/24
01:45:53 PM     0       158    0.00    0.00    0.00    0.00    0.00    24  ksoftirqd/24
01:45:54 PM     0       158    0.00    0.00    0.00    0.00    0.00    24  ksoftirqd/24
01:45:55 PM     0       158    0.00    0.00    0.00    0.00    0.00    24  ksoftirqd/24
01:45:56 PM     0       158    0.00    0.00    0.00    0.00    0.00    24  ksoftirqd/24
01:45:57 PM     0       158    0.00    0.00    0.00    0.00    0.00    24  ksoftirqd/24
01:45:58 PM     0       158    0.00    0.00    0.00    0.00    0.00    24  ksoftirqd/24
01:45:59 PM     0       158    0.00    0.00    0.00    0.00    0.00    24  ksoftirqd/24
01:46:00 PM     0       158    0.00    0.00    0.00    0.00    0.00    24  ksoftirqd/24
01:46:01 PM     0       158    0.00    0.00    0.00    0.00    0.00    24  ksoftirqd/24
01:46:02 PM     0       158    0.00    0.00    0.00    0.00    0.00    24  ksoftirqd/24
01:46:03 PM     0       158    0.00    0.00    0.00    0.00    0.00    24  ksoftirqd/24
01:46:04 PM     0       158    0.00    0.00    0.00    0.00    0.00    24  ksoftirqd/24
01:46:05 PM     0       158    0.00    0.00    0.00    0.00    0.00    24  ksoftirqd/24
01:46:06 PM     0       158    0.00    0.00    0.00    0.00    0.00    24  ksoftirqd/24
01:46:07 PM     0       158    0.00    0.00    0.00    0.00    0.00    24  ksoftirqd/24
01:46:08 PM     0       158    0.00    0.00    0.00    0.00    0.00    24  ksoftirqd/24
01:46:09 PM     0       158    0.00    0.00    0.00    0.00    0.00    24  ksoftirqd/24
01:46:10 PM     0       158    0.00    0.00    0.00    0.00    0.00    24  ksoftirqd/24
01:46:11 PM     0       158    0.00    0.00    0.00    0.00    0.00    24  ksoftirqd/24
01:46:12 PM     0       158    0.00    0.00    0.00    0.00    0.00    24  ksoftirqd/24
01:46:13 PM     0       158    0.00    0.00    0.00    0.00    0.00    24  ksoftirqd/24
01:46:14 PM     0       158    0.00    0.00    0.00    0.00    0.00    24  ksoftirqd/24
01:46:15 PM     0       158    0.00    0.00    0.00    0.00    0.00    24  ksoftirqd/24
01:46:16 PM     0       158    0.00    0.00    0.00    0.00    0.00    24  ksoftirqd/24
01:46:17 PM     0       158    0.00    0.00    0.00    0.00    0.00    24  ksoftirqd/24
01:46:18 PM     0       158    0.00    0.00    0.00    0.00    0.00    24  ksoftirqd/24
01:46:19 PM     0       158    0.00    0.00    0.00    0.00    0.00    24  ksoftirqd/24
01:46:20 PM     0       158    0.00    0.00    0.00    0.00    0.00    24  ksoftirqd/24
01:46:21 PM     0       158    0.00    0.00    0.00    0.00    0.00    24  ksoftirqd/24
01:46:22 PM     0       158    0.00    0.00    0.00    0.00    0.00    24  ksoftirqd/24
01:46:23 PM     0       158    0.00    0.00    0.00    0.00    0.00    24  ksoftirqd/24
01:46:24 PM     0       158    0.00    0.00    0.00    0.00    0.00    24  ksoftirqd/24
01:46:25 PM     0       158    0.00    0.00    0.00    0.00    0.00    24  ksoftirqd/24
01:46:26 PM     0       158    0.00    0.00    0.00    0.00    0.00    24  ksoftirqd/24
01:46:27 PM     0       158    0.00    0.00    0.00    0.00    0.00    24  ksoftirqd/24
01:46:28 PM     0       158    0.00    0.00    0.00    0.00    0.00    24  ksoftirqd/24
01:46:29 PM     0       158    0.00    0.00    0.00    0.00    0.00    24  ksoftirqd/24
01:46:30 PM     0       158    0.00    0.00    0.00    0.00    0.00    24  ksoftirqd/24
01:46:31 PM     0       158    0.00    0.00    0.00    0.00    0.00    24  ksoftirqd/24
01:46:32 PM     0       158    0.00    0.00    0.00    0.00    0.00    24  ksoftirqd/24
01:46:33 PM     0       158    0.00    0.00    0.00    0.00    0.00    24  ksoftirqd/24
01:46:34 PM     0       158    0.00    0.00    0.00    0.00    0.00    24  ksoftirqd/24
01:46:35 PM     0       158    0.00    0.00    0.00    0.00    0.00    24  ksoftirqd/24
01:46:36 PM     0       158    0.00    0.00    0.00    0.00    0.00    24  ksoftirqd/24
01:46:37 PM     0       158    0.00    0.00    0.00    0.00    0.00    24  ksoftirqd/24
01:46:38 PM     0       158    0.00    0.00    0.00    0.00    0.00    24  ksoftirqd/24
01:46:39 PM     0       158    0.00    0.00    0.00    0.00    0.00    24  ksoftirqd/24
01:46:40 PM     0       158    0.00    0.00    0.00    0.00    0.00    24  ksoftirqd/24
01:46:41 PM     0       158    0.00    0.00    0.00    0.00    0.00    24  ksoftirqd/24
01:46:42 PM     0       158    0.00    0.00    0.00    0.00    0.00    24  ksoftirqd/24
01:46:43 PM     0       158    0.00    0.00    0.00    0.00    0.00    24  ksoftirqd/24
01:46:44 PM     0       158    0.00    0.00    0.00    0.00    0.00    24  ksoftirqd/24
01:46:45 PM     0       158    0.00    0.00    0.00    0.00    0.00    24  ksoftirqd/24
01:46:46 PM     0       158    0.00    0.00    0.00    0.00    0.00    24  ksoftirqd/24
01:46:47 PM     0       158    0.00    0.00    0.00    0.00    0.00    24  ksoftirqd/24
01:46:48 PM     0       158    0.00    0.00    0.00    0.00    0.00    24  ksoftirqd/24
01:46:49 PM     0       158    0.00    0.00    0.00    0.00    0.00    24  ksoftirqd/24
01:46:50 PM     0       158    0.00    0.00    0.00    0.00    0.00    24  ksoftirqd/24
01:46:51 PM     0       158    0.00    0.00    0.00    0.00    0.00    24  ksoftirqd/24
01:46:52 PM     0       158    0.00    0.00    0.00    0.00    0.00    24  ksoftirqd/24
01:46:53 PM     0       158    0.00    0.00    0.00    0.00    0.00    24  ksoftirqd/24
01:46:54 PM     0       158    0.00    0.00    0.00    0.00    0.00    24  ksoftirqd/24
01:46:55 PM     0       158    0.00    0.00    0.00    0.00    0.00    24  ksoftirqd/24
01:46:56 PM     0       158    0.00    0.00    0.00    0.00    0.00    24  ksoftirqd/24
01:46:57 PM     0       158    0.00    0.00    0.00    0.00    0.00    24  ksoftirqd/24
01:46:58 PM     0       158    0.00    0.00    0.00    0.00    0.00    24  ksoftirqd/24
01:46:59 PM     0       158    0.00    0.00    0.00    0.00    0.00    24  ksoftirqd/24
01:47:00 PM     0       158    0.00    0.00    0.00    0.00    0.00    24  ksoftirqd/24
01:47:01 PM     0       158    0.00    0.00    0.00    0.00    0.00    24  ksoftirqd/24
01:47:02 PM     0       158    0.00    0.00    0.00    0.00    0.00    24  ksoftirqd/24
01:47:03 PM     0       158    0.00    0.00    0.00    0.00    0.00    24  ksoftirqd/24
01:47:04 PM     0       158    0.00    0.00    0.00    0.00    0.00    24  ksoftirqd/24
01:47:05 PM     0       158    0.00    0.00    0.00    0.00    0.00    24  ksoftirqd/24
01:47:06 PM     0       158    0.00    0.00    0.00    0.00    0.00    24  ksoftirqd/24
01:47:07 PM     0       158    0.00    0.00    0.00    0.00    0.00    24  ksoftirqd/24
01:47:08 PM     0       158    0.00    0.00    0.00    0.00    0.00    24  ksoftirqd/24
01:47:09 PM     0       158    0.00    0.00    0.00    0.00    0.00    24  ksoftirqd/24
01:47:10 PM     0       158    0.00    0.00    0.00    0.00    0.00    24  ksoftirqd/24
01:47:11 PM     0       158    0.00    0.00    0.00    0.00    0.00    24  ksoftirqd/24
01:47:12 PM     0       158    0.00    0.00    0.00    0.00    0.00    24  ksoftirqd/24
01:47:13 PM     0       158    0.00    0.00    0.00    0.00    0.00    24  ksoftirqd/24
01:47:14 PM     0       158    0.00    0.00    0.00    0.00    0.00    24  ksoftirqd/24
01:47:15 PM     0       158    0.00    0.00    0.00    0.00    0.00    24  ksoftirqd/24
01:47:16 PM     0       158    0.00    0.00    0.00    0.00    0.00    24  ksoftirqd/24
01:47:17 PM     0       158    0.00    0.00    0.00    0.00    0.00    24  ksoftirqd/24
01:47:18 PM     0       158    0.00    0.00    0.00    0.00    0.00    24  ksoftirqd/24
01:47:19 PM     0       158    0.00    0.00    0.00    0.00    0.00    24  ksoftirqd/24
01:47:20 PM     0       158    0.00    0.00    0.00    0.00    0.00    24  ksoftirqd/24
01:47:21 PM     0       158    0.00    0.00    0.00    0.00    0.00    24  ksoftirqd/24
01:47:22 PM     0       158    0.00    0.00    0.00    0.00    0.00    24  ksoftirqd/24
01:47:23 PM     0       158    0.00    0.00    0.00    0.00    0.00    24  ksoftirqd/24
01:47:24 PM     0       158    0.00    0.00    0.00    0.00    0.00    24  ksoftirqd/24
01:47:25 PM     0       158    0.00    0.00    0.00    0.00    0.00    24  ksoftirqd/24
01:47:26 PM     0       158    0.00    0.00    0.00    0.00    0.00    24  ksoftirqd/24
01:47:27 PM     0       158    0.00    0.00    0.00    0.00    0.00    24  ksoftirqd/24
01:47:28 PM     0       158    0.00    0.00    0.00    0.00    0.00    24  ksoftirqd/24
01:47:29 PM     0       158    0.00    0.00    0.00    0.00    0.00    24  ksoftirqd/24
01:47:30 PM     0       158    0.00    0.00    0.00    0.00    0.00    24  ksoftirqd/24
01:47:31 PM     0       158    0.00    0.00    0.00    0.00    0.00    24  ksoftirqd/24
01:47:32 PM     0       158    0.00    0.00    0.00    0.00    0.00    24  ksoftirqd/24
01:47:33 PM     0       158    0.00    0.00    0.00    0.00    0.00    24  ksoftirqd/24
01:47:34 PM     0       158    0.00    0.00    0.00    0.00    0.00    24  ksoftirqd/24
01:47:35 PM     0       158    0.00    0.00    0.00    0.00    0.00    24  ksoftirqd/24
01:47:36 PM     0       158    0.00    0.00    0.00    0.00    0.00    24  ksoftirqd/24
01:47:37 PM     0       158    0.00    0.00    0.00    0.00    0.00    24  ksoftirqd/24
01:47:38 PM     0       158    0.00    0.00    0.00    0.00    0.00    24  ksoftirqd/24
01:47:39 PM     0       158    0.00    0.00    0.00    0.00    0.00    24  ksoftirqd/24
01:47:40 PM     0       158    0.00    0.00    0.00    0.00    0.00    24  ksoftirqd/24
01:47:41 PM     0       158    0.00    0.00    0.00    0.00    0.00    24  ksoftirqd/24
01:47:42 PM     0       158    0.00    0.00    0.00    0.00    0.00    24  ksoftirqd/24
01:47:43 PM     0       158    0.00    0.00    0.00    0.00    0.00    24  ksoftirqd/24
01:47:44 PM     0       158    0.00    0.00    0.00    0.00    0.00    24  ksoftirqd/24
01:47:45 PM     0       158    0.00    0.00    0.00    0.00    0.00    24  ksoftirqd/24
01:47:46 PM     0       158    0.00    0.00    0.00    0.00    0.00    24  ksoftirqd/24
01:47:47 PM     0       158    0.00    0.00    0.00    0.00    0.00    24  ksoftirqd/24
01:47:48 PM     0       158    0.00    0.00    0.00    0.00    0.00    24  ksoftirqd/24
01:47:49 PM     0       158    0.00    0.00    0.00    0.00    0.00    24  ksoftirqd/24
01:47:50 PM     0       158    0.00    0.00    0.00    0.00    0.00    24  ksoftirqd/24
01:47:51 PM     0       158    0.00    0.00    0.00    0.00    0.00    24  ksoftirqd/24
01:47:52 PM     0       158    0.00    0.00    0.00    0.00    0.00    24  ksoftirqd/24
01:47:53 PM     0       158    0.00    0.00    0.00    0.00    0.00    24  ksoftirqd/24
01:47:54 PM     0       158    0.00    0.00    0.00    0.00    0.00    24  ksoftirqd/24
01:47:55 PM     0       158    0.00    0.00    0.00    0.00    0.00    24  ksoftirqd/24
01:47:56 PM     0       158    0.00    0.00    0.00    0.00    0.00    24  ksoftirqd/24
01:47:57 PM     0       158    0.00    0.00    0.00    0.00    0.00    24  ksoftirqd/24
01:47:58 PM     0       158    0.00    0.00    0.00    0.00    0.00    24  ksoftirqd/24
01:47:59 PM     0       158    0.00    0.00    0.00    0.00    0.00    24  ksoftirqd/24
01:48:00 PM     0       158    0.00    0.00    0.00    0.00    0.00    24  ksoftirqd/24
01:48:01 PM     0       158    0.00    0.00    0.00    0.00    0.00    24  ksoftirqd/24
01:48:02 PM     0       158    0.00    0.00    0.00    0.00    0.00    24  ksoftirqd/24
01:48:03 PM     0       158    0.00    0.00    0.00    0.00    0.00    24  ksoftirqd/24
01:48:04 PM     0       158    0.00    0.00    0.00    0.00    0.00    24  ksoftirqd/24
01:48:05 PM     0       158    0.00    0.00    0.00    0.00    0.00    24  ksoftirqd/24
01:48:06 PM     0       158    0.00    0.00    0.00    0.00    0.00    24  ksoftirqd/24
01:48:07 PM     0       158    0.00    0.00    0.00    0.00    0.00    24  ksoftirqd/24
01:48:08 PM     0       158    0.00    0.00    0.00    0.00    0.00    24  ksoftirqd/24
01:48:09 PM     0       158    0.00    0.00    0.00    0.00    0.00    24  ksoftirqd/24
01:48:10 PM     0       158    0.00    0.00    0.00    0.00    0.00    24  ksoftirqd/24
01:48:11 PM     0       158    0.00    0.00    0.00    0.00    0.00    24  ksoftirqd/24
01:48:12 PM     0       158    0.00    0.00    0.00    0.00    0.00    24  ksoftirqd/24
01:48:13 PM     0       158    0.00    0.00    0.00    0.00    0.00    24  ksoftirqd/24
01:48:14 PM     0       158    0.00    0.00    0.00    0.00    0.00    24  ksoftirqd/24
01:48:15 PM     0       158    0.00    0.00    0.00    0.00    0.00    24  ksoftirqd/24
01:48:16 PM     0       158    0.00    0.00    0.00    0.00    0.00    24  ksoftirqd/24
01:48:17 PM     0       158    0.00    0.00    0.00    0.00    0.00    24  ksoftirqd/24
01:48:18 PM     0       158    0.00    0.00    0.00    0.00    0.00    24  ksoftirqd/24
01:48:19 PM     0       158    0.00    0.00    0.00    0.00    0.00    24  ksoftirqd/24
01:48:20 PM     0       158    0.00    0.00    0.00    0.00    0.00    24  ksoftirqd/24
01:48:21 PM     0       158    0.00    0.00    0.00    0.00    0.00    24  ksoftirqd/24
01:48:22 PM     0       158    0.00    0.00    0.00    0.00    0.00    24  ksoftirqd/24
01:48:23 PM     0       158    0.00    0.00    0.00    0.00    0.00    24  ksoftirqd/24
01:48:24 PM     0       158    0.00    0.00    0.00    0.00    0.00    24  ksoftirqd/24
01:48:25 PM     0       158    0.00    0.00    0.00    0.00    0.00    24  ksoftirqd/24
01:48:26 PM     0       158    0.00    0.00    0.00    0.00    0.00    24  ksoftirqd/24
01:48:27 PM     0       158    0.00    0.00    0.00    0.00    0.00    24  ksoftirqd/24
01:48:28 PM     0       158    0.00    0.00    0.00    0.00    0.00    24  ksoftirqd/24
01:48:29 PM     0       158    0.00    0.00    0.00    0.00    0.00    24  ksoftirqd/24
01:48:30 PM     0       158    0.00    0.00    0.00    0.00    0.00    24  ksoftirqd/24
01:48:31 PM     0       158    0.00    0.00    0.00    0.00    0.00    24  ksoftirqd/24
01:48:32 PM     0       158    0.00    0.00    0.00    0.00    0.00    24  ksoftirqd/24
01:48:33 PM     0       158    0.00    0.00    0.00    0.00    0.00    24  ksoftirqd/24
01:48:34 PM     0       158    0.00    0.00    0.00    0.00    0.00    24  ksoftirqd/24
01:48:35 PM     0       158    0.00    0.00    0.00    0.00    0.00    24  ksoftirqd/24
01:48:36 PM     0       158    0.00    0.00    0.00    0.00    0.00    24  ksoftirqd/24
01:48:37 PM     0       158    0.00    0.00    0.00    0.00    0.00    24  ksoftirqd/24
01:48:38 PM     0       158    0.00    0.00    0.00    0.00    0.00    24  ksoftirqd/24
01:48:39 PM     0       158    0.00    0.00    0.00    0.00    0.00    24  ksoftirqd/24
01:48:40 PM     0       158    0.00    0.00    0.00    0.00    0.00    24  ksoftirqd/24
01:48:41 PM     0       158    0.00    0.00    0.00    0.00    0.00    24  ksoftirqd/24
01:48:42 PM     0       158    0.00    0.00    0.00    0.00    0.00    24  ksoftirqd/24
01:48:43 PM     0       158    0.00    0.00    0.00    0.00    0.00    24  ksoftirqd/24
01:48:44 PM     0       158    0.00    0.00    0.00    0.00    0.00    24  ksoftirqd/24
01:48:45 PM     0       158    0.00    0.00    0.00    0.00    0.00    24  ksoftirqd/24
01:48:46 PM     0       158    0.00    0.00    0.00    0.00    0.00    24  ksoftirqd/24
01:48:47 PM     0       158    0.00    0.00    0.00    0.00    0.00    24  ksoftirqd/24
01:48:48 PM     0       158    0.00    0.00    0.00    0.00    0.00    24  ksoftirqd/24
01:48:49 PM     0       158    0.00    0.00    0.00    0.00    0.00    24  ksoftirqd/24
01:48:50 PM     0       158    0.00    0.00    0.00    0.00    0.00    24  ksoftirqd/24
01:48:51 PM     0       158    0.00    0.00    0.00    0.00    0.00    24  ksoftirqd/24
01:48:52 PM     0       158    0.00    0.00    0.00    0.00    0.00    24  ksoftirqd/24
01:48:53 PM     0       158    0.00    0.00    0.00    0.00    0.00    24  ksoftirqd/24
01:48:54 PM     0       158    0.00    0.00    0.00    0.00    0.00    24  ksoftirqd/24
01:48:55 PM     0       158    0.00    0.00    0.00    0.00    0.00    24  ksoftirqd/24
01:48:56 PM     0       158    0.00    0.00    0.00    0.00    0.00    24  ksoftirqd/24
01:48:57 PM     0       158    0.00    0.00    0.00    0.00    0.00    24  ksoftirqd/24
01:48:58 PM     0       158    0.00    0.00    0.00    0.00    0.00    24  ksoftirqd/24
01:48:59 PM     0       158    0.00    0.00    0.00    0.00    0.00    24  ksoftirqd/24
01:49:00 PM     0       158    0.00    0.00    0.00    0.00    0.00    24  ksoftirqd/24
01:49:01 PM     0       158    0.00    0.00    0.00    0.00    0.00    24  ksoftirqd/24
01:49:02 PM     0       158    0.00    0.00    0.00    0.00    0.00    24  ksoftirqd/24
01:49:03 PM     0       158    0.00    0.00    0.00    0.00    0.00    24  ksoftirqd/24
01:49:04 PM     0       158    0.00    0.00    0.00    0.00    0.00    24  ksoftirqd/24
01:49:05 PM     0       158    0.00    0.00    0.00    0.00    0.00    24  ksoftirqd/24
01:49:06 PM     0       158    0.00    0.00    0.00    0.00    0.00    24  ksoftirqd/24
01:49:07 PM     0       158    0.00    0.00    0.00    0.00    0.00    24  ksoftirqd/24
01:49:08 PM     0       158    0.00    0.00    0.00    0.00    0.00    24  ksoftirqd/24
01:49:09 PM     0       158    0.00    0.00    0.00    0.00    0.00    24  ksoftirqd/24
01:49:10 PM     0       158    0.00    0.00    0.00    0.00    0.00    24  ksoftirqd/24
01:49:11 PM     0       158    0.00    0.00    0.00    0.00    0.00    24  ksoftirqd/24
01:49:12 PM     0       158    0.00    0.00    0.00    0.00    0.00    24  ksoftirqd/24
01:49:13 PM     0       158    0.00    0.00    0.00    0.00    0.00    24  ksoftirqd/24
01:49:14 PM     0       158    0.00    0.00    0.00    0.00    0.00    24  ksoftirqd/24
01:49:15 PM     0       158    0.00    0.00    0.00    0.00    0.00    24  ksoftirqd/24
01:49:16 PM     0       158    0.00    0.00    0.00    0.00    0.00    24  ksoftirqd/24
01:49:17 PM     0       158    0.00    0.00    0.00    0.00    0.00    24  ksoftirqd/24
01:49:18 PM     0       158    0.00    0.00    0.00    0.00    0.00    24  ksoftirqd/24
01:49:19 PM     0       158    0.00    0.00    0.00    0.00    0.00    24  ksoftirqd/24
01:49:20 PM     0       158    0.00    0.00    0.00    0.00    0.00    24  ksoftirqd/24
01:49:21 PM     0       158    0.00    0.00    0.00    0.00    0.00    24  ksoftirqd/24
01:49:22 PM     0       158    0.00    0.00    0.00    0.00    0.00    24  ksoftirqd/24
01:49:23 PM     0       158    0.00    0.00    0.00    0.00    0.00    24  ksoftirqd/24
01:49:24 PM     0       158    0.00    0.00    0.00    0.00    0.00    24  ksoftirqd/24
01:49:25 PM     0       158    0.00    0.00    0.00    0.00    0.00    24  ksoftirqd/24
01:49:26 PM     0       158    0.00    0.00    0.00    0.00    0.00    24  ksoftirqd/24
01:49:27 PM     0       158    0.00    0.00    0.00    0.00    0.00    24  ksoftirqd/24
01:49:28 PM     0       158    0.00    0.00    0.00    0.00    0.00    24  ksoftirqd/24
01:49:29 PM     0       158    0.00    0.00    0.00    0.00    0.00    24  ksoftirqd/24
01:49:30 PM     0       158    0.00    0.00    0.00    0.00    0.00    24  ksoftirqd/24
01:49:31 PM     0       158    0.00    0.00    0.00    0.00    0.00    24  ksoftirqd/24
01:49:32 PM     0       158    0.00    0.00    0.00    0.00    0.00    24  ksoftirqd/24
01:49:33 PM     0       158    0.00    0.00    0.00    0.00    0.00    24  ksoftirqd/24
01:49:34 PM     0       158    0.00    0.00    0.00    0.00    0.00    24  ksoftirqd/24
01:49:35 PM     0       158    0.00    0.00    0.00    0.00    0.00    24  ksoftirqd/24
01:49:36 PM     0       158    0.00    0.00    0.00    0.00    0.00    24  ksoftirqd/24
01:49:37 PM     0       158    0.00    0.00    0.00    0.00    0.00    24  ksoftirqd/24
01:49:38 PM     0       158    0.00    0.00    0.00    0.00    0.00    24  ksoftirqd/24
01:49:39 PM     0       158    0.00    0.00    0.00    0.00    0.00    24  ksoftirqd/24
01:49:40 PM     0       158    0.00    0.00    0.00    0.00    0.00    24  ksoftirqd/24
01:49:41 PM     0       158    0.00    0.00    0.00    0.00    0.00    24  ksoftirqd/24
01:49:42 PM     0       158    0.00    0.00    0.00    0.00    0.00    24  ksoftirqd/24
01:49:43 PM     0       158    0.00    0.00    0.00    0.00    0.00    24  ksoftirqd/24
01:49:44 PM     0       158    0.00    0.00    0.00    0.00    0.00    24  ksoftirqd/24
01:49:45 PM     0       158    0.00    0.00    0.00    0.00    0.00    24  ksoftirqd/24
01:49:46 PM     0       158    0.00    0.00    0.00    0.00    0.00    24  ksoftirqd/24
01:49:47 PM     0       158    0.00    0.00    0.00    0.00    0.00    24  ksoftirqd/24
01:49:48 PM     0       158    0.00    0.00    0.00    0.00    0.00    24  ksoftirqd/24
01:49:49 PM     0       158    0.00    0.00    0.00    0.00    0.00    24  ksoftirqd/24
01:49:50 PM     0       158    0.00    0.00    0.00    0.00    0.00    24  ksoftirqd/24
01:49:51 PM     0       158    0.00    0.00    0.00    0.00    0.00    24  ksoftirqd/24
01:49:52 PM     0       158    0.00    0.00    0.00    0.00    0.00    24  ksoftirqd/24
01:49:53 PM     0       158    0.00    0.00    0.00    0.00    0.00    24  ksoftirqd/24
01:49:54 PM     0       158    0.00    0.00    0.00    0.00    0.00    24  ksoftirqd/24
01:49:55 PM     0       158    0.00    0.00    0.00    0.00    0.00    24  ksoftirqd/24
01:49:56 PM     0       158    0.00    0.00    0.00    0.00    0.00    24  ksoftirqd/24
01:49:57 PM     0       158    0.00    0.00    0.00    0.00    0.00    24  ksoftirqd/24
01:49:58 PM     0       158    0.00    0.00    0.00    0.00    0.00    24  ksoftirqd/24
01:49:59 PM     0       158    0.00    0.00    0.00    0.00    0.00    24  ksoftirqd/24
01:50:00 PM     0       158    0.00    0.00    0.00    0.00    0.00    24  ksoftirqd/24
01:50:01 PM     0       158    0.00    0.00    0.00    0.00    0.00    24  ksoftirqd/24
01:50:02 PM     0       158    0.00    0.00    0.00    0.00    0.00    24  ksoftirqd/24
01:50:03 PM     0       158    0.00    0.00    0.00    0.00    0.00    24  ksoftirqd/24
01:50:04 PM     0       158    0.00    0.00    0.00    0.00    0.00    24  ksoftirqd/24
01:50:05 PM     0       158    0.00    0.00    0.00    0.00    0.00    24  ksoftirqd/24
01:50:06 PM     0       158    0.00    0.00    0.00    0.00    0.00    24  ksoftirqd/24
01:50:07 PM     0       158    0.00    0.00    0.00    0.00    0.00    24  ksoftirqd/24
01:50:08 PM     0       158    0.00    0.00    0.00    0.00    0.00    24  ksoftirqd/24
01:50:09 PM     0       158    0.00    0.00    0.00    0.00    0.00    24  ksoftirqd/24
01:50:10 PM     0       158    0.00    0.00    0.00    0.00    0.00    24  ksoftirqd/24
01:50:11 PM     0       158    0.00    0.00    0.00    0.00    0.00    24  ksoftirqd/24
01:50:12 PM     0       158    0.00    0.00    0.00    0.00    0.00    24  ksoftirqd/24
01:50:13 PM     0       158    0.00    0.00    0.00    0.00    0.00    24  ksoftirqd/24
01:50:14 PM     0       158    0.00    0.00    0.00    0.00    0.00    24  ksoftirqd/24
01:50:15 PM     0       158    0.00    0.00    0.00    0.00    0.00    24  ksoftirqd/24
01:50:16 PM     0       158    0.00    0.00    0.00    0.00    0.00    24  ksoftirqd/24
01:50:17 PM     0       158    0.00    0.00    0.00    0.00    0.00    24  ksoftirqd/24
01:50:18 PM     0       158    0.00    0.00    0.00    0.00    0.00    24  ksoftirqd/24
01:50:19 PM     0       158    0.00    0.00    0.00    0.00    0.00    24  ksoftirqd/24
01:50:20 PM     0       158    0.00    0.00    0.00    0.00    0.00    24  ksoftirqd/24
01:50:21 PM     0       158    0.00    0.00    0.00    0.00    0.00    24  ksoftirqd/24
01:50:22 PM     0       158    0.00    0.00    0.00    0.00    0.00    24  ksoftirqd/24
01:50:23 PM     0       158    0.00    0.00    0.00    0.00    0.00    24  ksoftirqd/24
01:50:24 PM     0       158    0.00    0.00    0.00    0.00    0.00    24  ksoftirqd/24
01:50:25 PM     0       158    0.00    0.00    0.00    0.00    0.00    24  ksoftirqd/24
01:50:26 PM     0       158    0.00    0.00    0.00    0.00    0.00    24  ksoftirqd/24
01:50:27 PM     0       158    0.00    0.00    0.00    0.00    0.00    24  ksoftirqd/24
01:50:28 PM     0       158    0.00    0.00    0.00    0.00    0.00    24  ksoftirqd/24
01:50:29 PM     0       158    0.00    0.00    0.00    0.00    0.00    24  ksoftirqd/24
01:50:30 PM     0       158    0.00    0.00    0.00    0.00    0.00    24  ksoftirqd/24
01:50:31 PM     0       158    0.00    0.00    0.00    0.00    0.00    24  ksoftirqd/24
01:50:32 PM     0       158    0.00    0.00    0.00    0.00    0.00    24  ksoftirqd/24
01:50:33 PM     0       158    0.00    0.00    0.00    0.00    0.00    24  ksoftirqd/24
01:50:34 PM     0       158    0.00    0.00    0.00    0.00    0.00    24  ksoftirqd/24
01:50:35 PM     0       158    0.00    0.00    0.00    0.00    0.00    24  ksoftirqd/24
01:50:36 PM     0       158    0.00    0.00    0.00    0.00    0.00    24  ksoftirqd/24
01:50:37 PM     0       158    0.00    0.00    0.00    0.00    0.00    24  ksoftirqd/24
01:50:38 PM     0       158    0.00    0.00    0.00    0.00    0.00    24  ksoftirqd/24
01:50:39 PM     0       158    0.00    0.00    0.00    0.00    0.00    24  ksoftirqd/24
01:50:40 PM     0       158    0.00    0.00    0.00    0.00    0.00    24  ksoftirqd/24
01:50:41 PM     0       158    0.00    0.00    0.00    0.00    0.00    24  ksoftirqd/24
01:50:42 PM     0       158    0.00    0.00    0.00    0.00    0.00    24  ksoftirqd/24
01:50:43 PM     0       158    0.00    0.00    0.00    0.00    0.00    24  ksoftirqd/24
01:50:44 PM     0       158    0.00    0.00    0.00    0.00    0.00    24  ksoftirqd/24
01:50:45 PM     0       158    0.00    0.00    0.00    0.00    0.00    24  ksoftirqd/24
01:50:46 PM     0       158    0.00    0.00    0.00    0.00    0.00    24  ksoftirqd/24
01:50:47 PM     0       158    0.00    0.00    0.00    0.00    0.00    24  ksoftirqd/24
01:50:48 PM     0       158    0.00    0.00    0.00    0.00    0.00    24  ksoftirqd/24
01:50:49 PM     0       158    0.00    0.00    0.00    0.00    0.00    24  ksoftirqd/24
01:50:50 PM     0       158    0.00    0.00    0.00    0.00    0.00    24  ksoftirqd/24
01:50:51 PM     0       158    0.00    0.00    0.00    0.00    0.00    24  ksoftirqd/24
01:50:52 PM     0       158    0.00    0.00    0.00    0.00    0.00    24  ksoftirqd/24
01:50:53 PM     0       158    0.00    0.00    0.00    0.00    0.00    24  ksoftirqd/24
01:50:54 PM     0       158    0.00    0.00    0.00    0.00    0.00    24  ksoftirqd/24
01:50:55 PM     0       158    0.00    0.00    0.00    0.00    0.00    24  ksoftirqd/24
01:50:56 PM     0       158    0.00    0.00    0.00    0.00    0.00    24  ksoftirqd/24
01:50:57 PM     0       158    0.00    0.00    0.00    0.00    0.00    24  ksoftirqd/24
01:50:58 PM     0       158    0.00    0.00    0.00    0.00    0.00    24  ksoftirqd/24
01:50:59 PM     0       158    0.00    0.00    0.00    0.00    0.00    24  ksoftirqd/24
01:51:00 PM     0       158    0.00    0.00    0.00    0.00    0.00    24  ksoftirqd/24
01:51:01 PM     0       158    0.00    0.00    0.00    0.00    0.00    24  ksoftirqd/24
01:51:02 PM     0       158    0.00    0.00    0.00    0.00    0.00    24  ksoftirqd/24
01:51:03 PM     0       158    0.00    0.00    0.00    0.00    0.00    24  ksoftirqd/24
01:51:04 PM     0       158    0.00    0.00    0.00    0.00    0.00    24  ksoftirqd/24
01:51:05 PM     0       158    0.00    0.00    0.00    0.00    0.00    24  ksoftirqd/24
01:51:06 PM     0       158    0.00    0.00    0.00    0.00    0.00    24  ksoftirqd/24
01:51:07 PM     0       158    0.00    0.00    0.00    0.00    0.00    24  ksoftirqd/24
01:51:08 PM     0       158    0.00    0.00    0.00    0.00    0.00    24  ksoftirqd/24
01:51:09 PM     0       158    0.00    0.00    0.00    0.00    0.00    24  ksoftirqd/24
01:51:10 PM     0       158    0.00    0.00    0.00    0.00    0.00    24  ksoftirqd/24
01:51:11 PM     0       158    0.00    0.00    0.00    0.00    0.00    24  ksoftirqd/24
01:51:12 PM     0       158    0.00    0.00    0.00    0.00    0.00    24  ksoftirqd/24
01:51:13 PM     0       158    0.00    0.00    0.00    0.00    0.00    24  ksoftirqd/24
01:51:14 PM     0       158    0.00    0.00    0.00    0.00    0.00    24  ksoftirqd/24
01:51:15 PM     0       158    0.00    0.00    0.00    0.00    0.00    24  ksoftirqd/24
01:51:16 PM     0       158    0.00    0.00    0.00    0.00    0.00    24  ksoftirqd/24
01:51:17 PM     0       158    0.00    0.00    0.00    0.00    0.00    24  ksoftirqd/24
01:51:18 PM     0       158    0.00    0.00    0.00    0.00    0.00    24  ksoftirqd/24
01:51:19 PM     0       158    0.00    0.00    0.00    0.00    0.00    24  ksoftirqd/24
01:51:20 PM     0       158    0.00    0.00    0.00    0.00    0.00    24  ksoftirqd/24
01:51:21 PM     0       158    0.00    0.00    0.00    0.00    0.00    24  ksoftirqd/24
01:51:22 PM     0       158    0.00    0.00    0.00    0.00    0.00    24  ksoftirqd/24
01:51:23 PM     0       158    0.00    0.00    0.00    0.00    0.00    24  ksoftirqd/24
01:51:24 PM     0       158    0.00    0.00    0.00    0.00    0.00    24  ksoftirqd/24
01:51:25 PM     0       158    0.00    0.00    0.00    0.00    0.00    24  ksoftirqd/24
01:51:26 PM     0       158    0.00    0.00    0.00    0.00    0.00    24  ksoftirqd/24
01:51:27 PM     0       158    0.00    0.00    0.00    0.00    0.00    24  ksoftirqd/24
01:51:28 PM     0       158    0.00    0.00    0.00    0.00    0.00    24  ksoftirqd/24
01:51:29 PM     0       158    0.00    0.00    0.00    0.00    0.00    24  ksoftirqd/24
01:51:30 PM     0       158    0.00    0.00    0.00    0.00    0.00    24  ksoftirqd/24
01:51:31 PM     0       158    0.00    0.00    0.00    0.00    0.00    24  ksoftirqd/24
01:51:32 PM     0       158    0.00    0.00    0.00    0.00    0.00    24  ksoftirqd/24
01:51:33 PM     0       158    0.00    0.00    0.00    0.00    0.00    24  ksoftirqd/24
01:51:34 PM     0       158    0.00    0.00    0.00    0.00    0.00    24  ksoftirqd/24
01:51:35 PM     0       158    0.00    0.00    0.00    0.00    0.00    24  ksoftirqd/24
01:51:36 PM     0       158    0.00    0.00    0.00    0.00    0.00    24  ksoftirqd/24
01:51:37 PM     0       158    0.00    0.00    0.00    0.00    0.00    24  ksoftirqd/24
01:51:38 PM     0       158    0.00    0.00    0.00    0.00    0.00    24  ksoftirqd/24
01:51:39 PM     0       158    0.00    0.00    0.00    0.00    0.00    24  ksoftirqd/24
01:51:40 PM     0       158    0.00    0.00    0.00    0.00    0.00    24  ksoftirqd/24
01:51:41 PM     0       158    0.00    0.00    0.00    0.00    0.00    24  ksoftirqd/24
01:51:42 PM     0       158    0.00    0.00    0.00    0.00    0.00    24  ksoftirqd/24
01:51:43 PM     0       158    0.00    0.00    0.00    0.00    0.00    24  ksoftirqd/24
01:51:44 PM     0       158    0.00    0.00    0.00    0.00    0.00    24  ksoftirqd/24
01:51:45 PM     0       158    0.00    0.00    0.00    0.00    0.00    24  ksoftirqd/24
01:51:46 PM     0       158    0.00    0.00    0.00    0.00    0.00    24  ksoftirqd/24
01:51:47 PM     0       158    0.00    0.00    0.00    0.00    0.00    24  ksoftirqd/24
01:51:48 PM     0       158    0.00    0.00    0.00    0.00    0.00    24  ksoftirqd/24
01:51:49 PM     0       158    0.00    0.00    0.00    0.00    0.00    24  ksoftirqd/24
01:51:50 PM     0       158    0.00    0.00    0.00    0.00    0.00    24  ksoftirqd/24
01:51:51 PM     0       158    0.00    0.00    0.00    0.00    0.00    24  ksoftirqd/24
01:51:52 PM     0       158    0.00    0.00    0.00    0.00    0.00    24  ksoftirqd/24
01:51:53 PM     0       158    0.00    0.00    0.00    0.00    0.00    24  ksoftirqd/24
01:51:54 PM     0       158    0.00    0.00    0.00    0.00    0.00    24  ksoftirqd/24
01:51:55 PM     0       158    0.00    0.00    0.00    0.00    0.00    24  ksoftirqd/24
01:51:56 PM     0       158    0.00    0.00    0.00    0.00    0.00    24  ksoftirqd/24
01:51:57 PM     0       158    0.00    0.00    0.00    0.00    0.00    24  ksoftirqd/24
01:51:58 PM     0       158    0.00    0.00    0.00    0.00    0.00    24  ksoftirqd/24
01:51:59 PM     0       158    0.00    0.99    0.00    0.00    0.99    24  ksoftirqd/24
01:52:00 PM     0       158    0.00    0.00    0.00    0.00    0.00    24  ksoftirqd/24
01:52:01 PM     0       158    0.00    0.00    0.00    0.00    0.00    24  ksoftirqd/24
01:52:02 PM     0       158    0.00    0.00    0.00    0.00    0.00    24  ksoftirqd/24
01:52:03 PM     0       158    0.00    0.00    0.00    0.00    0.00    24  ksoftirqd/24
01:52:04 PM     0       158    0.00    0.00    0.00    0.00    0.00    24  ksoftirqd/24
01:52:05 PM     0       158    0.00    0.00    0.00    0.00    0.00    24  ksoftirqd/24
01:52:06 PM     0       158    0.00    0.00    0.00    0.00    0.00    24  ksoftirqd/24
01:52:07 PM     0       158    0.00    0.00    0.00    0.00    0.00    24  ksoftirqd/24
01:52:08 PM     0       158    0.00    0.00    0.00    0.00    0.00    24  ksoftirqd/24
01:52:09 PM     0       158    0.00    0.00    0.00    0.00    0.00    24  ksoftirqd/24
01:52:10 PM     0       158    0.00    0.00    0.00    0.00    0.00    24  ksoftirqd/24
01:52:11 PM     0       158    0.00    0.00    0.00    0.00    0.00    24  ksoftirqd/24
01:52:12 PM     0       158    0.00    0.00    0.00    0.00    0.00    24  ksoftirqd/24
01:52:13 PM     0       158    0.00    0.00    0.00    0.00    0.00    24  ksoftirqd/24
01:52:14 PM     0       158    0.00    0.00    0.00    0.00    0.00    24  ksoftirqd/24
01:52:15 PM     0       158    0.00    0.00    0.00    0.00    0.00    24  ksoftirqd/24
01:52:16 PM     0       158    0.00    0.00    0.00    0.00    0.00    24  ksoftirqd/24
01:52:17 PM     0       158    0.00    0.00    0.00    0.00    0.00    24  ksoftirqd/24
01:52:18 PM     0       158    0.00    0.00    0.00    0.00    0.00    24  ksoftirqd/24
01:52:19 PM     0       158    0.00    0.00    0.00    0.00    0.00    24  ksoftirqd/24
01:52:20 PM     0       158    0.00    0.00    0.00    0.00    0.00    24  ksoftirqd/24
01:52:21 PM     0       158    0.00    0.00    0.00    0.00    0.00    24  ksoftirqd/24
01:52:22 PM     0       158    0.00    0.00    0.00    0.00    0.00    24  ksoftirqd/24
01:52:23 PM     0       158    0.00    0.00    0.00    0.00    0.00    24  ksoftirqd/24
01:52:24 PM     0       158    0.00    0.00    0.00    0.00    0.00    24  ksoftirqd/24
01:52:25 PM     0       158    0.00    0.00    0.00    0.00    0.00    24  ksoftirqd/24
01:52:26 PM     0       158    0.00    0.00    0.00    0.00    0.00    24  ksoftirqd/24
01:52:27 PM     0       158    0.00    0.00    0.00    0.00    0.00    24  ksoftirqd/24
01:52:28 PM     0       158    0.00    0.00    0.00    0.00    0.00    24  ksoftirqd/24
01:52:29 PM     0       158    0.00    0.00    0.00    0.00    0.00    24  ksoftirqd/24
01:52:30 PM     0       158    0.00    0.00    0.00    0.00    0.00    24  ksoftirqd/24
01:52:31 PM     0       158    0.00    0.00    0.00    0.00    0.00    24  ksoftirqd/24
01:52:32 PM     0       158    0.00    0.00    0.00    0.00    0.00    24  ksoftirqd/24
01:52:33 PM     0       158    0.00    0.00    0.00    0.00    0.00    24  ksoftirqd/24
01:52:34 PM     0       158    0.00    0.00    0.00    0.00    0.00    24  ksoftirqd/24
01:52:35 PM     0       158    0.00    0.00    0.00    0.00    0.00    24  ksoftirqd/24
01:52:36 PM     0       158    0.00    0.00    0.00    0.00    0.00    24  ksoftirqd/24
01:52:37 PM     0       158    0.00    0.00    0.00    0.00    0.00    24  ksoftirqd/24
01:52:38 PM     0       158    0.00    0.00    0.00    0.00    0.00    24  ksoftirqd/24
01:52:39 PM     0       158    0.00    0.00    0.00    0.00    0.00    24  ksoftirqd/24
01:52:40 PM     0       158    0.00    0.00    0.00    0.00    0.00    24  ksoftirqd/24
01:52:41 PM     0       158    0.00    0.00    0.00    0.00    0.00    24  ksoftirqd/24
01:52:42 PM     0       158    0.00    0.00    0.00    0.00    0.00    24  ksoftirqd/24
01:52:43 PM     0       158    0.00    0.00    0.00    0.00    0.00    24  ksoftirqd/24
01:52:44 PM     0       158    0.00    0.00    0.00    0.00    0.00    24  ksoftirqd/24
