---------------------
Fri May 10 08:37:14 PM CDT 2024 - Running experiment round 4
---------------------
Netserver is already running.
Netserver IP: 172.17.0.2
Netperf Image exists
Sysbench Image exists
b5e771dabfd585573ba8331ad7eb74d1f0942daebfeb0784527611510a67d652
451f6e0100fd842466687340f07567e5501a51a63a5504cecaddaede70966f39
6047d144c7a0e9811864ae81f167542822a999aee2bf0c83d24ed41d4bbc1a8b
e61aec1471658ef94a122054cc9a7f5eefecd79f2bc5a9d11b50894336f2d1bc
---------------------
Fri May 10 08:39:06 PM CDT 2024 - Running experiment round 8
---------------------
Netserver is already running.
Netserver IP: 172.17.0.2
Netperf Image exists
Sysbench Image exists
51bc7207f31455e1a0734a7bf1c5c3263779cd4128313b0f0f697fd2e04c5c5c
21888a2456b1ebeb40ef1de0d63a6836ac589539c24b177a42b317a98932ccca
38650a8c70668c6d1d7480c4dd3c6d53318d543fdbfe11b493a75e1a0a640818
086f79efa8bf6ae19a4fdbea98519d7dd9ff3619c5962389b9c569f9938aaff3
ca24f6bc2002b1406ddd645a623f68677f09ea4d468149b7f529eb39a1e15a5e
06d48d2137c6af82c71097bca1c50bd9a7336ed83a7bdc7dadf6d3d37b982b96
69deb84846fc191172cf32e19096d75cfc16488208f854f4d5b093da007ef795
c1e1a723dfb734bee8fe1174e2606b3864b624d51b53abb69a2134a1e210e487
---------------------
Fri May 10 08:41:00 PM CDT 2024 - Running experiment round 12
---------------------
Netserver is already running.
Netserver IP: 172.17.0.2
Netperf Image exists
Sysbench Image exists
8c9813a6fe2d8f262684466417cd489debc9c03db9791c052d16f6218500f69f
5779cb0ee6cb20984cd6e0c3ffb3fa5efabb4412f1de85e6ca8a195246bf9f8c
55462ae404e968f5b773c8141a0adb00ad7b1769df475ae251ed7c295ca1b0c8
c8a13904c17fbf35153c698a97d9c515252c857480b419035d08e62c7c34cfdb
d4448ee438e242b795efb386be5018bc512fb8a1d651b9e1b05ccbfc216c6fca
161ad40347c80d6720f6ff107f1c8352fbbd1c5b5a79cdab327b4ecfb04aa2f0
b65e04b9dc6a817085094309f421cd9a8623423ed2dff1ff1946671b446e0537
dd4ce0f4e08530bae9b7b54210fe901d2497e15c2602e7530014e83a4ae0e831
1914f3dd7e72807cffd68d66bd832f42806ade5c17503ddc530769fd2bee58f2
ae31be0c5beadde312661ede3b4059a27ede6a211c4498b8717fc97a7d7cc821
9d296ec43172416ee215a706b8d85b969c178958da1487cb8a034187a5b374fd
e8f20e9dc1f7f1f3155559693c15d31af17756c721b93317a96f63e306a4432e
---------------------
Fri May 10 08:42:54 PM CDT 2024 - Running experiment round 16
---------------------
Netserver is already running.
Netserver IP: 172.17.0.2
Netperf Image exists
Sysbench Image exists
101c04c571b74dd2a531d14b6c18a8a8cf42b0c1e775bb62721e497c4cc55ef5
dae9cacfb28dba76153378f038239efda5ada2e4566b95475933c82f9166805b
87ee1f85531a965dc98838408974c05f6a6ce774243b9e974059e244499de1c7
a901f39396788c41fd911d8030b005c93db7283a7b5193c74a743dab9a9df84f
6bef626454dea2cc3b40e53705c3e5ed0ef5456e5fb3c79d2295040754cbe190
ffdf44dcbdda7401f487801015737a0d11d20d7b895605a641d0a4c3fada01d7
95b3a162d3183f2aa7e9b1ee18313f67841c2f8c851e3692ce9e5037e36c1437
afcebc955010a32ffe0df12ba7040ba516b037079a427b58320d3f6f53775176
9c80b602a4897da7490abeefd576825968586a1e76b5dc0ba5a26313ee8dad40
e3b131f7a43356ab07d7c88914a843c16aa0edce7f7f3ea1e82d5053e7c02313
e5df14191c98dc14a0b5d4180571ad41bc4d0c68247d6e3060ce9ca642627a2b
bf2993f62ddee1a780aa30cadd1469ea97e6660a71d099cbe65ee76b112fa5fe
5f9fabf286af985310d69c09a571a497a7ce09d92c26979e8b3a906a53ac1a14
02b6d13205357bad0cd5a36bfba349e6b5159a9f3707085edbdbe6b5e8ced730
0800dcd5ce7f15a12454e146bd779d90106e92a464b322899b6c363f28599b54
3780c0655a1daf884d00b3acf48f7a7bf2412d7d8e11867da978b6b65df2b0c0
---------------------
Fri May 10 08:44:49 PM CDT 2024 - Running experiment round 20
---------------------
Netserver is already running.
Netserver IP: 172.17.0.2
Netperf Image exists
Sysbench Image exists
433c2f3c6c2e390d3d4a2af227528e060c4c159706a89ba3c934b6fcfa192d1f
46f66e05de5b34ea4031bb9f49b6b0bcd3b4ba468426c1df666c738ddd3457a9
a8eccba5a1a99804f9f67e74a11c68713b4b1920bd62aa7a20b0dc8ff293bb5c
b754732591dd73b7eaf70fca2ba5f3f5b8e4360752e359e2c0843c8195fe48f6
7fb3f5b96660b8932b600e9e57b4e13001f001be7b18c954c3a7a6be387afe6f
1b7885eaf35885d2dd068b28699891823f76f49a0e4eba00654ae9c5188abc95
fcfcd83a11b8b2476b071d5b1ac4a0261ce765f2b88d3f5ddf4a61724aa1b60e
938fe8d7b42ebfdb9bef0a46a6a116c6c750c8228af9a23cab9f6c4d3310690c
81da09a18fb3c58219d67eb3e1051cdb8eed381a33ad97101bf62ff2db9d322c
9fc3ab1972606908f8ad887477f8f9194ca7f4a925123a6ae9dbfc77548e0a4b
066c352d6a1a9ce30ddc5f2f09a9bdaf2751dbfb3668b1e73d35552d2ad479d4
0b58a0940caff3c765145d8714a636681a89f08fc65cb71ce1f39bded75ceba9
7099629ecbac4ce836333ced1ccbc6893668cdcda5e2a09080b66f07f9287622
5d45fadc7256cbef82f9975a72e61165c5fdde52f0cb62c33e153504de86c000
d2aa6ee2484d62da15dc1129f5f2e966c6dc01e202f91d6b3d63173aa9f1f96d
bb709bc3e6db706ecaa9b6f2dc0c3951cf8b58387036fff48cc9cb9d2d3255bc
241d6bc3b49e0ce4a3461770d149e615ab7cd0ea855c9e14724e3bc462ada944
0710fdb50e9d889126e8e1784aa8cfaf130ff8681d1ffdf3b59e25e850145549
051c1cddc65e9bd3a6a23e98eaff91e22642fb59aba0c748a1e588c485059d9a
fbc72bb54a85ffde8227fde86bb02ace2fe16507f1cf0233cb328abde04371e3
---------------------
Fri May 10 08:46:46 PM CDT 2024 - Running experiment round 24
---------------------
Netserver is already running.
Netserver IP: 172.17.0.2
Netperf Image exists
Sysbench Image exists
963a95b4f48d4b8c1f04ea8eebfef7c6419408fe707610a9547a7317bc6c84d7
6e1951e46aace3a2c2d0ef92fce3623fe051ca647ea073ee54034f872929c38c
a8937da877797cef96bf735e7dc8fa305c05b875421dd1ed82783f621d08937d
e08b8d67aa81cc950871a7c350f321bc361430822af7d9a223a43b5932c73d7a
39f490dd179271f4478a523d52700eee2c89495e854c7af26d03d51211232355
eb0846f31f3cf61921389fb3f5e98c8f5068125ceee3648e40634bd6328db07c
9da7791bc4e0e43ac1e5ad9fdeea439e98bfc9415602d750d35a07230fb228a6
79b93f44d105df5d6ffccf2d4da8234054f1872bedbd4bdac2ba926d0474e629
df49268a1d90e922dd2f3c6a731a9c4e00f148eb3762f1bec27e70b25708d505
0d574c15a7eb14eff3cb7df86fdf682ea72ce79a0606245107895c54e1810187
02d510758c6cf2d12ee0738024bd6c6a93eaade138af9a2e29192ff20834c62b
8686fce5363933097745015d8aaa7dc155bfa57a88fb2411425b94be0395eab8
5469248d6e43d09df303c57e3e9630b036f6936df28719be2c30cabe1543863b
2dc5d85c465d33044318b566219bed9f21f632dfbee7e3efb902fea10eab2730
951c7559dfce793423619ac455e1f4f67f91e6d72063cfd1ce2d36c9fedeca28
04e559a79c6ea34af9abd50034e4687bf080bc7e8d214355affc3ff9d1c5a8d1
8f3dce8ec7fc08ce76cb04f5c1f5e15b969a539da4fdcb0b3546e3fc9fe863b6
078e2822cc77be0c93f798c55e1f491a46fff1bd814c26bb2b4df2572d2b2f32
ac017399d06db78eb3f63abc7a934f7056f09d8d07c09e28045a29ac67c2f5a4
3d889adf54a0890a6ecfad321f582cc7e8dc3f960f64fbb6c54fa6345422f218
d715ceac748c7aa83402de71ff9fa7a6112ff07d0a1652fc7a26be9c1971c3ea
5b3a163823067a8e446f4f53a4fcb86bf90e726a65171941c0155fc649920176
6bb810463fb993061c1e351b8e05a82f9e54366a259cd6e84e75fe668b802c14
2149f424edbfaa12bc09b45e27159230da78962c28604bce8635080370799dc3
---------------------
Fri May 10 08:48:41 PM CDT 2024 - Running experiment round 28
---------------------
Netserver is already running.
Netserver IP: 172.17.0.2
Netperf Image exists
Sysbench Image exists
d7c934dc251c23ecf2bffd500999da30c21fdc88679140847e69d47927329d11
dfd5c36ad932553bb12d7e8f50e5cec9e0ef96f4ee5edb7e4e33f07436e1d3ea
20bcd3b94a583692481f6b250eacab715ec35e407a5261bab0392840d1f5990c
4da9e94522a53dab04dc314e23f3b08076a496f14a906bf3fd7dc7b7e73c8f8e
8761525d52ff2d285f0d22c1f8e9a9a234e5689e18188cdeeb9a28273d833975
ac74db4aa8216262142292ad0945a74b89f5bdc49d83037dbd2e9e6819783609
c508361df0942ee00c5d9746e855b946f0fb9d19eb3951250e131922fb5a33bd
00f1b96e44bd1d323a4e527983c526e2ecb3907730df850ba2c53cfa70454d15
03d6890c2159370cd968f8c09bcb777018c9950184cf90bf6a1f68843828e61f
a9669f8d3bfa6638e921684dffcdf136e9728ab06f2f8180eafb83c38deab987
19385cb0941302287c9748f0ce8390f21891bd5d7544d5a5a700e6fa79c3cac5
564d85249a75ed3ae393df17bb483e2a53ce14895dd8a6fb582ae04c3088051e
be8c1ea5997d52ca3d437d2a94ab8ee75e9bcaf7634d7c0b3f227c41e246c308
01b22693d213e28aa9bb75a7100c363ad90b49488a81d0c1d5dc667ecfc3b579
58048135c4bd30c3fb193b5345fc66fa3db52b369720f764aa78db77946d863c
f2dabffe3955ff7b96a8f62200e2d2a707093feb46260c833386098bc246bce2
32cf09b57b0b7e3fb58435b1b5d0f3446e00a1fb48217c29d39f45f18e01b5c8
ef867dac1f631885587d8aaf24de11bda29f3d6c99993106a325d1de73a804a5
015e207947a98fc531ceb5976bbfdee8081f8b35ac8cb4cd9c2147c8eb698c2d
f5caa377fd0da6656436dbaaf5b640a82de36a9484e84c35233388ec8e8b33cf
53360b677dff9c15ed5103c8e3e26dc96a030191b53e234910dfb5006f46f92b
fbb9517b63e3d00d43739cd7be49f2004736282efec2fd1826483a0238528558
edafc9e65243ac6695f2b377a42ece1d07ca857dd8a597372ee53e484cd11e38
8615080bb4be4f2bacae51daa7ade892680d7a2b1bb91d051c97fabb1b166404
1d7c1155269ae78dc6c60184c1e6feea89d033cb0a4e769258782c3cfa56d7b6
bfc1ab7d9429d0f5bdf6e5e7e2f4ccf2b764cfb676788108503fd7e24e4f591a
446350c472d3aa8f2d09bdfccb5f06b4a62183d7c2255e742ea1bf5f617c746d
88916e40ef56dab8304a66ff052ab20f1e77497d7d6d0d0f776e9869f46ae793
---------------------
Fri May 10 08:50:42 PM CDT 2024 - Running experiment round 32
---------------------
Netserver is already running.
Netserver IP: 172.17.0.2
Netperf Image exists
Sysbench Image exists
92e73a171c56ca3240e3e083897774967a4f5ac2c74dc7a85edde6147067a1ce
d48e097287c03d303eb06aa19d1abfa5d030dd3e35c90304048779ab98cf8c9e
bd5cd72436910f67ed1943ef5cab3550ffc2eb1231c0468fe11a4a744cdb0979
43ca9b53a96a5c71776a38a72292196abf8e761d0d8cc7bca7dad9e2ee0dd4be
fd72176bbf6a8d172d7e9b77cdd95bdf1631a3340e694fa559c1fee9195ada76
eb2594a1ebb71f15016528943f964f7f116663f994581f5f01389470dffc09e2
bbd3f11b157110475c55c07c3c60a68e8e8cc16fbb9dd2b03b5f65c4826e1d7f
5a6aa1843bfaa7ccd5a16b2239d8219525fab5432d7d9003eb7dd08a5c178509
74e6e095e794d5f2a1ec901ca025b46ad0850f3cf6b9d4095596de8c0f663ed2
f12cee2fbe81b5592572fb759066101bea27218ed1a082fcf3ff6f165cafc451
e967df336b9957d6c0338169cd385ff07dbb0e6fb8a171e1340c4fb158cc8686
4c74703a842f2a33b30d80eea860f3ee41c04cd3ce2b9d5c034b5616ac950153
bce9b04331e0133c66e1b7bba6904f20540e231ab97789721d98cc96280b85c5
73db3921b55b93786e1fef4399d3e6d5ba5ca3e722ff8e2ebf08d982b87633d1
79e498bb08193d3be809cf3ed6ce30d5a1861673e69bc3c125fac88edbea7961
a21c5c091ccc30274b0a3e31169fc18851b77b6a943eb8a2c88185cf4cd80444
a2263ff81458b88baa3c22b2b9c2fc1d27e09a9a951faeee8055782299839033
393fdc60cb011a59db46a7490e0956c3fce6d07f7dbbbd0f2e2c31439e07f529
59f3b21dd9c1d6ecda2ebefbbe615672516fc5514e8baf8009e47a91c71ce75d
06ac967db78a8c3266b4e91c1d3fe3d802bfecedc496a3276ff38e4238b4bfb6
7b8bc85d8732ca4310ef3b9a3e53b3e96c028e1200e5ebbee00819d5bbf7ccd1
390dde777509c90fe815088bd63eefefe889544da5167eaccbd64ea307a7b49d
4f143fef619060f48ee0a8d0dddc0fa2f0c07db5532219cdd445a8574d1abc24
d99e54b799568fbfe1fda4a6933fd586174aee021e45fdca17c5346f36faf3f4
e7d15eb765de33600c85504a1e36c3bcf730288f85afed8e428b6a0f433ec703
89a1837fd740192e9ff05b73f4ae9e1e3827ce0a5fb802f939470ebb05d6e9ad
c8fe7f3034e460d361272016f674562fdb07e019afb12faa4dffc5bc2ca22ace
87cb6920bab445cf9a89ee2cca6414e96f5be20f5b7ea375cf1b348c8067d334
98dc8933476f6ae386aa759c1226141c326b53f23d15a1e1dd1ab4318a6807e7
3f74841ae0825cd5de41317a5fccae0b5b97af780cdafb3097922ed25cce6d7d
0ba85036d1f39a42519c29f2f22d55dda91ee6d755bc7cd76a21381bf1571a59
724cc153399dfa6144e731a16858d755cac52c2ece9f92cf1150106c3cca4114
