---------------------
Fri May 10 06:51:42 PM CDT 2024 - Running experiment round 20
---------------------
Netserver is already running.
Netserver IP: 172.17.0.2
Netperf Image exists
383e8d3b1958f29b8688e4b2618a2fad33f8e9b6b6c4e51e2633e9ca3426537e
da3c1c963ec2fd5dde8b2af7db190b81e4d2605786f24ecbfd5e1c45770dd2a8
0d1fe7c3a019d6249fffbf290c772f85508e11f40fd63172f1af296c5ba38fe2
71b386ad52848b2d84ef8ffe3d03dd117e1eca9ef192a9386ca6bd43a377dac0
82511c7b7b90a0d95f97bff156133683a2ce42c97c7893235db07f0985ad4872
d911626f7bf540dc72a4ccd6277d2adaf2740bcbb30f9006083b0a45d57ae84a
993b1814cf3cb3725898b33ae74f0eab1e318da0d510403730d8cf056c799731
99c6d97164f868d62504636ef75563747cdba7a36cbb5c164d2b4aa3e22b52fa
01a91234d071fee68905c61035d866de12cb355233cfe837773dbd9291d675dd
4c256f3d7a20380dedc4de5fbd0d50dfd7ff5fe62e8a93f85ba20fa85c8c9f50
796969e5662fa895b72c939947aa5993a6be9e96f9eb5fd3d245e4371d06ccc8
6b89949539b40d7a04816190236816dfd099dcd517c7fcfbb253eb81768a7226
0d282ac7b544d7280f536a8341542cb34540f7958043325eca51b2d7dbb4fb28
bf353a0b41fca9fdec0738db8fab7b6017df1a571d552575dac95a71d644518e
b14e4f204887d400325808bb87a29f13132d5b30a77cdcd8bb2932f380ccf4a9
14752ba49365fcbf2751390269839fa308bef6258e0835e273505be6e13e148d
f37d4be2dad8b79808bba8a056141adb080ea52a3311e01799bc38e85d939afc
6c11385b307e340c63b42728f49d2d4bae447a159b9fc03139c553f0d3fc741b
9138790c82641ccb872a35179bf556a2d82b482747ff292439ada34e38daa665
11be0c9cdd9af01537b45f7877a1848931eb6455327a34b314678141f7b6360b
---------------------
Fri May 10 06:53:04 PM CDT 2024 - Running experiment round 40
---------------------
Netserver is already running.
Netserver IP: 172.17.0.2
Netperf Image exists
eed45ba6baedd617996776eaf63bcd80b436ab1ebff9a593944fb20600a3ee75
7ee484fccb060a522b669cd8a9cf15a07aec48e90e27388d61cb64a4bc8564e1
a360bf6f4f533be6f2d3d9fe68ec24f3ef067279519b90888cf3909c8ce8c06b
5a54487e19070987fc30f0d5a86a3e2e2df346575853d2ee7897ac8615f8447c
a955923442e7261076ae5e78a346913d122e189f172c3c008ccb2d96a0371ffb
edcfca01e4bc9db8dd1a0b36b17af1fd4bc7a5148183c89c41c61d54d7789e56
c8b4818b0af64ca6a79ab1fde0ad0d7e38219fd9a895f8006be08abfa9ccaff5
b9587b4dcd61acfb4a64de33cf904458abd0d84574d61d79d03930bfe331dec8
f898e9ba54a6f290f40a2c99071f1dc4341dc8520d80d9d466f761ea3f0e3910
0a0c3a712cd16d7cc6d484cbead04afd864e293ef02a4414ff44f5bbeeecc153
40262af19a118a3667ed66152b065cce646615ce4334f92a251c00ebfb15f07a
cfb585524286d1cba21e1f7e952f66029d6656c312f9e974dda22f706c06af9d
1db81f4d3d56232dde93dae956c8941c49466671af72dcc1acf923dc2b7ca9e3
372d3795457cf4b7995d3a47cd9b36bfbdaa5f89489ce0598fafffbd33718c81
d9daf2d958f287b1ee447f5e3fb42ad91a52bb063d31d012383899874f5240e2
e21c7633bd64ba980d15542082e4791707b6c2b880fa131c16fb793269699c22
f19f6795491ad6da2f89329f022ced4225c591525400cf9a553b69e3d021456d
4fc66a4076b5d5932dc4c0a6f7a808642ec9cb19049c420b506ac3d302392215
cc2214d1dce34f1437a2622390533ab859f7c1602732997954f0174ccd785c40
904575a29f5a32817c0b2d41f735d89df0902ddd2cf73887c1ec8493e427cd1e
3240881ef03e95733aec94fbbcb38e5fe4151b217fd794a490f9597f63b06166
75f42211d13358064617d04c6dfb1e408b792b5fc59d1d87734db5e314408ad8
2b9da5c8170b69c36e232e3be68030d14a5e92f6f0378bdcc8c1ddd56f441a0b
6069cb38af2c3c0e60ed854878065ba86fd1c38959cef2e4a7e02d4a29acca48
c596c99cc41edeff20350543fe9d56e1f5000e4ff5ba664e62e24b236481eff7
80aac1565478e8cb813a565174f3874ff324e6ecb4a44829eebde604f3ffb0fb
8943932acb12aa54bf666e0d69727155678a433c9a1554bf95600c117af98522
1f25f79d208eee05d3e9a51bc585ec4b7712f3f1d482bc103b446e3e6c6881fb
6d0e40112131f48e8386e4f36942843a9334c9c87275df0388b9d419cc1c895e
cb6550717cb604226017cb8112ae482da440cc785bb58cdb5a46b2bdf1cb9cf8
eee8a38b82b01996be772df53fb30209ed81a107c2966c9f15c260a480b6a85f
43693a51124e768bd70294652220899565e8dfa1f005a398ca794b9f1ac24a15
f18c1af2539c598e11921c079f3dce46bb42a8d9bf1ba99501899bd0553f5187
248fbcd9848a87e796b6f30f74e4037bf5702cc18f6b31ac13af8fcfecd03eb1
783bbc69db4e225d10c6ae5b604fc9b8ef8ac0c224f4316902e2844a19facc83
bbdca6836b1403dbebd245a2984d370484ce1fd01498694c93705a42b4aba2b8
af00ded530ce8970dfeceacb663883359568f7f9ec950e344f9a3f49c45cb5ed
2f7e52522deb4e63d94ee04371ae24c9a72ce2db672a502eeea9dfe36b211ff2
3119a8fd040041aa910f58fc5a32dcd1b9bb56818d009c6ed9b8e6cb8e06e3a0
ef0a48fd0df312f19b54f6cfcb114387afce7b37641b6c33504ad8e045641dc4
---------------------
Fri May 10 06:54:37 PM CDT 2024 - Running experiment round 60
---------------------
Netserver is already running.
Netserver IP: 172.17.0.2
Netperf Image exists
d7a85b340f0ea75bd6dcae1b629c29d5136cee283ca7ced4cfa5bb9dc459b23d
36ee31704475447e8b8d3096e2ac01c0bd33c140da8ecc12cda200b2a2c6ef27
d0026a32b94ed8c08b9d9c8b7d50b333378833e5142e1bea7049a5c2e4274cc8
61b880a6fa74be1b219d32a86b0d8153a93f7e50ae25cf74933c9b8e13f50989
3850407ca11b894ad654d2528eb32bfae51592970bd712a181957938dab3798e
fbeda1d4754488f8825485bd1ac4ad04cc551f47402a5213e5e7853e2e9e43a7
2d8adc471e4fc4e45731baa665dd508644d429db9dc809fd5d9b737f8762f967
5bc02a1d7a32f5e1560e18ae58c4192f5edf3d61f5ef50117f6749265101be8e
c2aaa878029ff761578ec4df423cf5be234672d659d366a094405a5065c2c540
cacb0618d32a28cc4822eb086fd63581ab56bdf4bb4362ee30efa87c519c67ba
a0453e1758603034582cd5fdd220fdc0f27eef52e8e450f1d0ebcd116bb1c908
cb66d57d1eedfdb25f2eb69a47817b1b6c410c1b8c2a2d0fdef397f15040f0cc
dca12999e3217ce2d0a9e10570767ba622b11b8d79d27f988845d4c5a365d0ae
3e67025a2a1d995260e62272cf9817b820c8cc8b66d90d795ec2bf6a86c9dc0b
ef01e2048d387c6635b005bf3f5830022ef33f4dd2a55646db6f0c1a17e9ad99
01435a639350b3b59a502ad9a3e2ac34c59885d720995c43462831e0184bda14
8c5e14afeabf65bc0638908b48b764944a45bacf4afc941854fc29b243366b09
f13f70c1d5f983b32bd5c26375a9f06b6a78886bee3390524baae4668ff1eff8
99b001befaceae9fe9e16445bdb34346413ed3a8cf8d5ff67ab35503c591d492
134740bd5c7dfc90dd38510710ece7a7a32bca4f0b9cae856cfb99dad63cc24a
a6cd6cf19e810baa2f0f0ea3d87ca9455fff144b9bdfbd6f0f557806b99ff19f
a2a55259b8369cbe99c371e98a2227228e38cfe3e9b78002fb0a44bdf9fe3ba1
d7b2dd00cd2136d635759c8efdc7e2e90a678716ccc31a96d357217f4a8538e3
d6a6e911eaae390ca2be47cd88cdb133ea01a833391b2c01da7555c211659493
8c04065491b73c76136807daeba58c02ada23edbfa018fbd6744f13ad2ced2b3
bb0d42a1d0cae5a4d74ad60763c0f43a29a6e784d6e264acac044b57a250aec6
25fd1a376c38d766292ff44a9a0f44511e7c20fa585d89898e17b1c1fe5aebe0
790f646f142dbab0ff3d7eba6a752d249d1955c168173bc9f73ae0a8185a012d
efeffb24c9aeb81dbdd57ae855edf2db7eb79c164c63321f9417093356aa025a
d080dfe9e58ef36614bde6ae1d98144c401111c90f7abda37cf5c14ad260d0b4
7a4823347659b4db04cebb68415f8f511c34f7fcf9679b8033f24f45f5e8ba5f
82f60dcabd18703ad7c29a87a36065e4adaacf0c3eecd8c1ebc19ecff44e927f
1a3f2dd8ce173028b7f0dbe81e5c2a70a309c9c51fd05bdd760c51fb78c856f1
2362685cf8594c620dfe19a3202b1695ab5a6e15b46118a26d1427ee4feb3da6
a605c42ad21a6476f39831d772a02d9106a7235bb40b0508f44c7ec65800662f
a14c8e6bee21e04658e93d48eb39fb1bfd3ec343ff6d08382f9c16a142562e1c
1240a10e51c69d9f7c6267c7d926d812f8d5450bfb8a7c9532e4f8cc12c490e9
2c34438ab06ea050b910d50ee4c2174368327c36de9a1dfe89df3faf680a855d
c56762a753698650273ff8656a1f49c6a6161f887142f4ef83e423e2cf0f9056
241ba9545371d7e2e51133188347a33f2a2c1fbe3c822fc5fbae60fa7927860c
f8c0f158e5c1df57c92001a46c0a139c3aa0ccc100248961c71fe01639be03bd
57ceb7153a0acfa0581bf81e3cbdd566d07c19dacf2b7d7043b2061b5b937698
4da7821873a818621526121887a3afa46c6c0e3b007367f5184e3a94e08da1e6
51255ca2d30d6809b29cc8b1b13b44fb0584e1ba66f06c4fac65072a78ec8314
86ca1dc28ea00964376014414a761c1658e2f96fb960ed552698648a197883f6
ddbba425885f2e78957b4e17d3a5daa5254cecc069003f86f83ce7c9b5323ab3
cc3e2282080f672998c5248ab71eae00714fb4ddd50d7c0a47f6e3e0fcd35765
e1d67c9dee06a4ec5fc8ed35c349be9d9100c5d3396340a570670c5a6ef17aab
b48dcfe193618a4bd1a66dd3eb4f93af7a56619f53d6d533c4d714ac9cc368fc
35819d2693ebccb8855cb6cc61154bc4e19ab7eabb07edb4fd221d461ca996ee
b9c0207c7e588d6886335ac411d986b9d1efef35c3d81b2151bed2df382dfcb7
f469e334a92d4e037444443294d58d8cfed297f2ea9b37abad995a4452e00a89
b817d686b36004db9d2254c872ad8880a448d8d0cdaf8ec50fda24b183f23434
9fd1a82c953e4cc2d997221972673f7d0bfcd990fb29937dc67fb0970e6b507f
e7ddc12399e7726464aa5720729f94255a171c9b129699318f9fb6bb3f9fdf2b
fc2e5e1bc7fbb32f952675ec4d50a48722a17e31f30df70e3a06b1929730febc
3a7760c57282c237196c67180e28bea2d35fcdf1ef2863f7ba9d550551249b8e
ddbf312cc90d15e03d0f9999389b2daad9c77ed7c891b602f484a7135286eed0
6a2e2c0de1ff4448eb0cc8f169e3c013b434ffdacffcef2b3ef276f15707158f
2a72d43f10872769e3c7455cf4e9110b34f4dd69b2a3829ab4230e602a3dcdc2
---------------------
Fri May 10 06:56:19 PM CDT 2024 - Running experiment round 80
---------------------
Netserver is already running.
Netserver IP: 172.17.0.2
Netperf Image exists
b6ba3470343cc8425d39dd2296080caf200e2a2dadfbfbe3c0fa040b687ae68d
ef89172be3086dd39b76ff4c68d259eb37c604cb308ac05a6fe834f242dbc435
c9c9bb2ab6e184f72df8bfda803197d1bfc9a8bc0f5c190be3420b2e98943080
0e9355d0a03c19520b44166bae5d67a0b91bdf3da834027545257b9f18ca3aed
56788a3dcddb114cd4a2348a7daa8d2316d7c41d25ee205a66413e93ead1180a
ecee2aef4811460aa569560d9401e4417adb1a307c6d794ca250d84cb4374fbf
54c7e81d9223ab2a984064360a30cbc58ec8d396465646d56d1be5077f9cbf62
2544ad46a422ef09bdd11331ec255935cd651ff4f7921926e504044aabb87e0b
81276da0a4f32e4735c4b9f980709e3e0a86ab00b651fe30b94c83c15e639aec
cfd645dc68a6f8beba60fff41ceadf6489a7a9f0648969a55813720987784fb0
47e24a9d0a3eaccce477b63cbc4067f57c30e1a9abfa29a387b40b32a701718e
2e2a476aa6ce70578e108f7c1f716b10c52f8b0fd9771d615c4a881a64cd3a7d
fc1224ad9ae512dc6df587b1ff115dc1d2296223b1071de543bbb8dcde645d0d
abb04204c0284b5ef7673d2abd9bbd7b92d25f6537e41c3bb8e5989d5131b341
4346518d789534c4d77df7fed40a4018e1e8ce20d3793db3fe0c7be9bdecb903
547178bcc0aaab3b45f59fdef58b1b4214f66ec445e84652d1b07a8d9c7738a2
4c58dda84b9d4efcd27d715a329d4200013618281a6cfb0b11353a1765341ee4
1e5e54c117853ca80c18bb8c3b20fb93804bb9c7147553580fbf5be2ee3fe8b9
7c6abaabda1e58b36d9317c587e3a2160dbc0a6889195592e637e667d99ed3e4
5cce69e82a43aeaf963eede618fcc09ad6b55690b0a4fe46ab1c6512697360a8
15e0b8cd29b3d07a369b14f16816b41f179bfabf11c8a1fac89de0fa58af707d
b20ff20b6472f57b1b33bed02716d59a068d7f30ae199878cb353346d3f984bc
a2782209d3dc9502fbabefe00fa8bdb0f114f7d12312a13ee822c59a3b3ccdeb
d2614a7b858cac81bff799a2648848fb9013d34a139920d2bfce58923d6f57cb
085a9327836377f4caf89204398ff3e3e374dafbc6e03c1f67feace5880db7fe
df7a8dc5a2aa6dfbfaf7b1a93244f35f81308551924f15902e3f66dda69d581d
ec3f8c236bfb3e03655d090f37b6455d1b0260ec93ebea0b8dc8b13a4a941d7a
31cc4d2beb5cce54979ba78bb41bdf4fc894a1f6c68948067562298c416e79f2
55f462be25a799c5defd5261473d5bbc39391f13095310d5dd4d7024ff61c790
70e7106d0ef587b2a0bfcbdd319c9d7d31e8d827d95256f1967622c11e40f637
280036823a779f6fb5bd9fbf344e033f3862d37bd5aec445c332a2d8b4383dda
46e724716e9db0e5a76fca19b4cdbf8eed36e8430aab2b1879dbb0d0b9d50f3b
dcd384a5328906050c96124745713245fcdd78aaf047c430f761b85ce6493518
df4f5feb72171c767cfc95b95c71e7a1117bb7fd87ddbf38640937501e3a6850
c1f5d64a34ddb043eebac2438c104a752dfc5f5466a18cee10372d3a4579bae0
49d2027bb67ffd1d195a2c9f0a17242ab70d50986d40a5cb0ebebd11ed6b7d97
027584c748cc5fd183539c792f0973316419e9b4249bae369cc50afae79c2ffa
8038451fbb2c714248440946c13e9442d767040b7b9d74c2c10fc36d3d009d77
65016d24ec90872a721faa69e6fd7f77415339e12d902182f957a4de07faddb4
647279e393c83576fded13f8664f9d28f7a3c485e5bd4646103fd28afe452082
5baeb7c73754c05612514b555befec82cf0444235802db6389f6a9194d0aad00
5a63523da078cb0f967c95c99236e47f0a301f080e62a7aaf45c4929ffdfbf5b
966dc07dc5225acba3dbbeec0ff128f0a40df7aded2de91d4dc109b90badf7db
c3582f004c7628d5e67c9854bf610c3ac5f21c042b21ba29ffe49c4fcdcd3279
d372fc3579d28922aefa60b69058da6bad0d91c8ac0c0ba9514548b5160766e2
a21f41a3b356cf8048dab0121dea9603a8227ed78209fcf2b6b69c18a0f26826
5f60125fd925c828acb0f0bbba1128bf4f167a518a5ab9e41b8046136fbf9826
dbd68c03b1c0dae6f0ceca990737dfcf837ff0cf803d7c2fe4d18b17ec0fe50e
db7bce3cf496f15767f9eb95ea763d6c166502c4e01327e8b6150f5d71746b3c
3cc11f5719abce2e51c09da4f4a4294648f4d6f4b0dcc6be7504efc3e50c22e6
45a9fdd265299205075a3ac62fb1e4907fc33bce65703105dc8deccfa47fd823
03d471a8b58f7385c07d65ccf5d7a21edb771bf3deb3979d26c8de967ef77e4f
6405843a05a4cab906e2b290f0634a127a9723d0e5966f758e59e6aa1485dd5b
7683ac1811d4e76d212b1485ceb290acc935935d02eeb0203efdc7ef2d1fe67c
e736df24dc09d100f2d45ac034182c9de76bf4ea63290736a5b0a869885e7598
1f201b880b37f5bf483f42d71506b1a89a0e2980c4f3792e76838cf0fe8e2100
4852d1f2988a23a5b9f30862519b13a806d16d848e149d1c5dfe17920363ac7f
449de3bbfdc185a0c7529f494c90ed8bae98d815027a1b9f479937873e27e769
08c1e1bf08a9eae0883f2c4f7f0a1ed7acb3af3da117e53b25eab406c2aa8081
eeb3360d6bbd365a40cf8945e8cffd2b3f947286f207cc6dd4f793562d77914d
caddb242094ab2c95a8a7f2ae984c81965ab5478578f1c9dfdb7d13d03642480
9601195462ee7d279eeb2eac4ff6cb6d7a803f5cd4cb8cd86cc4ac97a52f409b
c7ed668b3a4931b352dcb417984d25e24ec92e6ad277c053f84f34fe2cc5f8b0
a895bc962c233976048e2fc5d7a21bc98f48e58a44a2a92b012c50b6ab4bd25b
d0b40fb72a1ca6d9151b2bc3e0fc66bc2e66807c339c4206b90bde95e0bdb69c
4d6a34b7647f02a2a85878944b0351782de6e00c9e62a75358e4ed3f4493f4c5
f4ed9279bdad144ef0e87a1ea8ea5e4ef6d77b01d29b914eca15df86e8b5c4ac
13a7605dec3bdc0f271c1445d1a1a765856aa10f6923c3194180ac6f18b282e2
64721369b61198a2c87767943ae7f4eea2e835d07e9a879f265f56735f8378b3
3228542a464c200aa4cd19fa840bf1f58e016c951c8da8e60c8a3aa1357db898
d51c114b8187534b32e7d8d7493e3fc50a4d7b5cf1ede8af8215a5499aa53529
db6f1a71aa09bd467c2e950ad5e9a389a90ce10cf4f3cf33ea029c4da0dccbdf
5570697fe66a33d297ded56e99beb594e15b539c1f12741df37c52c2a2e6b53d
e3d3467a91571d4955238dd4830be9aa6cb340426556d43b85247a6b616b3e58
b76f29f3790b528f4477f76fbfc10f0ddf0752029aab86e3bac1e576546dc5b2
cc57eee3c28a8699161a7bf678759a2a50b524dc036b747d9584ed0926f88c23
33609fbbde84a17549f687bd5df2fff7fef5f0245e8730004f07d17125be7dc0
a41dbcef058976980cfa5f124737cd4e3c838bd6bb361ba9337f523a40e0f4cd
338f0e3e519ba1ba67aab459a4e179e1007c73c9bad90dae93b76f16cd416970
874a2a1b7a201aa6a3ee1d978c8b20bb470301b093358eb141b6cd9e4428e3e4
