---------------------
Fri 10 May 2024 08:37:40 PM CDT - Running experiment round 4
---------------------
Netserver is already running.
Netserver IP: 172.17.0.2
Netperf Image exists
Sysbench Image exists
0c7741a9faaeadbd1eb78d3ac8a35d30becb2b11a80fb91aa8364ffbfe3b3006
2a1a8776872b602ef9c89d97219c950d88131474ca3be57a4af01b542742558d
88ad4d91f969745610ff34b49e979bf891b95475a72715860de8bbf02b77653c
9bf0e7addc395ec9712a4269f37f61aa49b25e0a6a65e55e1635bcf42d545c0f
---------------------
Fri 10 May 2024 08:39:32 PM CDT - Running experiment round 8
---------------------
Netserver is already running.
Netserver IP: 172.17.0.2
Netperf Image exists
Sysbench Image exists
7815724a73a4965e2f2fa7715b1e9dc92aede46e7d52757b5f57d380adeb5ab4
17594576c80d46132983e81f7a76c872e940bde4232b3e7b0399161b184e8c0c
bdf0aa92b03ac6fab0fe61925667f4826bb0e63ead991bd835d791ff2619a765
a3cc9ac0e63f919173375b91d7865b3f5bb3ba04bd1f6183f4b3d3d7b5b669c2
80122c0cdb63fbef23f98cf81ebd1c17f538d28badcba7adecdd8aaa811812cc
ebb48a3f8ef517f36e150c729541f94e89d3fdc0f008110908c25a482a2b960a
d7f751a9900760cba160ea782e0e915806dc589271f322c0be4860a3d2d6a65e
73947ac3fea760f8b2d82021b630c7a98b842f84bc13ce1968ea0d23d5246eb8
---------------------
Fri 10 May 2024 08:41:26 PM CDT - Running experiment round 12
---------------------
Netserver is already running.
Netserver IP: 172.17.0.2
Netperf Image exists
Sysbench Image exists
30022e8f3259c20bd73742c2be6be87147bd69315e8126bc4f5227f28c900615
5f631513a45dd06bccf572bd92dd36aa5a1836590bf8f267c07b6555a8a8905c
2975eb8aca70baae51fc5de8410529ef5a77136582a60bb561e75418cbd3775c
eeddf25b8dca6ff11364eee6f1161eac73a09e8058e552268331a51098125adb
4c03e039976026a78061172f78ee7cb7f19cac41cc45c0d58578ba7ee302b698
c973157c93468edbaa52a0b800184242802e35bebb1c8d975f08957b178add28
338455d6fb3e38dc583634cbf67f156fba18a62e7580cb3bb3e8141a852f4ef6
0c923700608ccc86bfa245e692c232f732706f2c0374ff4e61c5d2514a7d065e
6a7c688066c3c696c8d0c4ba020816e26a8c502444c14d647b19319a7530a361
db9017c38f02ee3c8619efe8ee9c2e3827d1b5da023a9a32ceb847a436d54380
fbb938e52f1479a6eb4ca38751fb15e8c6bb08793e65b0ea4640a6328de446fe
ecaa5ad05769bfa2ec85a9d92e531c78e132553a3353f69d7a431f8ad7361d3e
---------------------
Fri 10 May 2024 08:43:21 PM CDT - Running experiment round 16
---------------------
Netserver is already running.
Netserver IP: 172.17.0.2
Netperf Image exists
Sysbench Image exists
6f69178a5df8b198e475b173f5abd0b6367afa838bd68883f8cb8fa8271e46c7
960c728d7506357a4eec10cf4a79662dc3ece706f14141ba4fee572a85d33289
dd45f4de292fa497b8cd8483173a20fabd9ce4b1bfbffa2dd2da76264f1e8c23
fc8b937e54f129633294a0d928a0b78bffae5c6f94b52ee582f73065365bade6
ab88dfe97fa2ec9d92dca055cd8c69daabbbe0bf4b40987c07616a507c13af91
f5de8f36741a5fc1e7834fe29b4f1ea34efc4ad100d9e4b51e8c05e361689226
2894dceb982dd1740555fd67d736c6246c9d7188bbdfcbd44c11f85ce0b7264f
60f509e89c99376d988273c11718a0c55689be1bb89d9a4e3e3a4b9bca82318d
e7cd07d4eadd81b7b05cdee31d760a56532f0cfdc5f0a18087c802b3afe52856
5a74b50c469327f5242754cf4c5009f925303807f2a3d3c5f776143577728d01
4b82b24365c19344f17856ad30520313e91f1deb56bea5e064c2e3c7b0225819
093b6f4bf517882bd1dc6fbf72c46c26fb1942fb0d253e60c78fbc69e64b5a61
f6d40ff31f853faf744b240999da15276f37133eefec9a31514a2f6626ff6d5b
5f41dd2120100c10c780a554b4622520a6b5ae1dc44021e4c02c6f88c8e0a469
cc423744de21ca081f54235f1e103a12c5291a2737d67880ec82a2323c1497f7
302e84904da3fb1b08c414777ccdf79a5c2d974fdec1b865f09761280f43ef6b
---------------------
Fri 10 May 2024 08:45:14 PM CDT - Running experiment round 20
---------------------
Netserver is already running.
Netserver IP: 172.17.0.2
Netperf Image exists
Sysbench Image exists
03dd53bdcd31ac56e403b3dfcec5ba2b80d26538a9a9efc91d9221b55d3d90d3
a6ea0ea5fa6f7e77b0c809ca6e167cfd857969670c52dc9e092d5569a9b919da
34ac58836fabb4134161408a24ec3f1bf171776f7cf041a4f59273f15b66ee3c
e7d3ce10e2ede27b7fd3132ef2c4538e0cfa0bcb46d88821cd08b049755d9574
292aa39bfe14edf625a89750fba9c22670d8729df3975859f570bb87fc6da092
ad43be35d3b5f8566f4b629eb00256cc579a3263d03cb8297b4568f2eecfc021
c22ee1b6f1e8bd5629a05cf22a7a0cac9772a642b44fcf99a05f60962778de60
ceebd7ca51d04006289584ca8f91c4a3e64c9ca6abd2fc10feb63005ba60c3af
0c24e316a951fcf552a9db24a1b0f0370b7927b41c78a0e8e1a80345c21f6ba0
2f6ae8406cdb9aa414aba0e77ee9b9aa1316d759c30af73de21c896492233944
72ce8e5cfa7f9ad72f339c2b12001f148ccfc449d76eb466c3988f2ce2c8faf4
3af395acacd89d855eae0a5218b0cc8dd0a032835fd8cfb70b0dc23efcae3648
440b2ce8d75b0402d819b0ba8b6b059fe8a4384c62c1a192ff185225d33719ce
582697dcd6af7c29119a3b50ee2706c361a3b3e9c27763f10fd18d82ab6f1e68
ac5c099c9431679bc7c461470dcf62398bebb581f3358bc93a2392ec13313c55
38af09f7690f1345b235cb03ec457c7273f6ad4f99a61f070962da3b064ea191
f19a1b3c8cdfc8369abab8ceb584c79bebb8d62874e2b77903231c936651ad63
61e627302b96517ae1e7978862e9468f7e46ab31e3182cc1ac807f0556fe35b8
b16e3065c5349178e2904ef8fe4023b7baa262e428f64bdf7d7b3a244e85c6bd
a4e72c2eb3f26756877f5bef21e683a07c3cba6d94cae9c0d118879802021d2b
---------------------
Fri 10 May 2024 08:47:09 PM CDT - Running experiment round 24
---------------------
Netserver is already running.
Netserver IP: 172.17.0.2
Netperf Image exists
Sysbench Image exists
2a693a1c00536d2776e69d6e5150a8e8cb834011208689793e14fe5778dc6fb2
ae66cf51da99e0f95dbb3e7e512b9ccbbddf1932b7c05ac07ff241bafa84af0c
6a704b7c959242501197c8435cb53aaa6bad6a1d7a3f6b9a6bbd01fcfe079f81
b332f91b6003e639ebe8e1794d3f4bdb7270337104fed9be322f2df78d744421
c7ba54b59aff3bf6ad2c45c4938fc444bc079798b262ea7331da8c0369957201
cfe9ed88414f96ba1781be4417f563977fd5c10a94181d55e6de35e89dfed8d7
1660f99fc8bf0dd17381944cbfb869968d8b83d835f622cd75ea5518374b46c6
356028eea3b85d97e03baf81f2e8ef0714efbb78674d0b524b09d3a63bb081a1
fffb7ad246e4925ceb592c9f3ba2b06e4ef9ce6f31aaa11e67d386b9b6b909bb
b16db9f7a07bc72dfed05e64e3cd9984924135ba8a09bbc347de0eb8fffc9000
1af74651d3c166833e46f6781cd7882ae4c2f1e426f05f69a06334b3d83eca03
0235270bf0c0b0102aec4e66a0cbb9baab537061932b41dd1e1b8c50fa70925d
0e726fcb9ed78fb7b99388dd2cb6fb078189430c71eb86f527f67af2291fb6e1
81ab70c0b5d083e01ad243b5c888ee0fb26ee66d3700c886ab077f85cec5db29
a320a37b40e592aa99c9486c7ff292abfcc4dde4e4bbd4bc61f64afbad5e0229
1685fabc78a5216aca8fd06b9679141c3294204e4a490bbd4088009e945b2ca4
b17068d3701bb169f8adf746479305d903cf711d24134dee5ae602e5865005d0
f3eb4d85b65d2a27f389558087818e26f45b48277247f45705019c3e8f3f2cfc
da3826cd1fd18a9adac0bbb75b2038ccec805ac452607cf629bc789c59f69a3a
2f718de6b039e58a88bfa3fd102d9365c973103c5c19e2947dbd1c0713245666
891301629b73def352f60c0645a059ec072b84a1a26e7a3a6166a03798251349
c0033831eca733f545e40a06b80f66c0a623f49e8db3fc821cc1e583b318f5b6
b636382dc1dee692531ba87395bde4ad85e0899c7c01695b96bd014d80a1e910
c08b60f5d36f2070b7da553d8c0a997334ab322a32a4fe3683633989d6585488
---------------------
Fri 10 May 2024 08:49:03 PM CDT - Running experiment round 28
---------------------
Netserver is already running.
Netserver IP: 172.17.0.2
Netperf Image exists
Sysbench Image exists
b91b6a487d65fdca65dc6408a8a3ecc901d0edc73dbac7cdd1150b2cd0efe470
a24d95311f673bfc9ce1691bf3d03fe85022ee41096d47d7cafcef033f5a3fe4
67f38d16cdbc4b969fb5281d2d866f7bb1200245f332b0cdd933d382dd9a531c
e1b9aea72a5d8e9be24673a2520d7f73319bf61955307c00a57be0190b52e445
f69c0cf64805e87a5172996a17b72520b22d506bed08494cd15a78a5846202b9
89fa9bb7f580c19d1f224e2a5cee4bce297d4a62ded3db5c7ec1fa6d7af5c5c3
a94c7c3d803950a214ac4ccb3e5015f6018d8dd788ee2219185f996992518817
b927430efdb4638c12d0eea78b37687d09cce13385ba24a28c0301093b033a1e
19dfd7727a1280063717bae4dc548e6c12f8f049012f484c249b8dd96a815e11
2beac7c0029838b9b93fa9a4dd7213ad68eca5e515b839c8c0ef2c704c31ce9c
1b91c66aa2a5914050bd40b6f3f539d3fcac049c85a3d3450da5055f5e562d70
74b10f52a51e5512ddecf9cde50744a9547fcc7a0e552668dac8b1979a075c20
506a73e3c1eece6dcedab2636f00078db2ba50f70864535005ced7efd0e89bcc
62fa416dc5c94e609504470ba14a518403f8365171701ec923cac4ec8f02610f
06938d4435dfd092d4b819c705883ab1fe73ced931a6e569b90f1b5524fbfc16
68c4f3283e365f37e76b16a51808d21a810e8762da75481b717f84eea284b4b9
7273e832300d9ea8405e49c8097fa787e1d0cbd89092ff15539f77eb86015d4b
a43b13ba233a07ec32dce104dc163947e395c82afb73c3d0fb8aff56a7cd726e
b305b4cd48e89c21f5a0026a27f7304dffdb8de3a2d4f58e1ecec048f5f2c3d7
14fe9b586691cf6514ce603823fe42925ef4e43127c83783203577bbc1d96c63
ae99fc016c2a98b02a37508723985a5da94b20e1f0f2e46275abe1da6f1e1a64
703020786d0f028ce9ab3578ae5f60ff86bbeabd59de4d21e01462435f6da128
f580ef3782a65ae0c7b3c73ac3aa6b195480c5aae30082f4ab804f563dd43748
8808042f0897847782c348e483ecfc22bc293e280e047466f3364ce1a32e1428
936681d461f9b1a794a104007663c4a48f777c004023e0a40a73e35e8c6e6ea5
f91f7d22f5584c4859625f53f099136cab3d9fd28d3821dae9c130569db0ee87
58803bc4a063e38faafafdb7eff8f1b31bd91b43bf7d4c5b2b4338e465c1806d
1e0a7b60a01bfd83523d1ae2af254a5e8481b4579dfd3c21e598352b643ec481
---------------------
Fri 10 May 2024 08:51:04 PM CDT - Running experiment round 32
---------------------
Netserver is already running.
Netserver IP: 172.17.0.2
Netperf Image exists
Sysbench Image exists
93cc0af11e4bf71fef6ab500ba8b3f0c442a2029f10cde7aa2b04fd8a498d4ca
2f74a2e04b0234ae975d2d8b3aa5717bd4b85dd08bbc5c467e5362b6921d3a2f
03c00c3beb702d3208e5de443a73b4ef569c3f43ec805e09016a60d49874b5a6
6cb12afb1888d0057c1832385c1b943ac9d7e0fdece2ced42c84091e5a2b0ae8
bcebde816f96c161739b81b13c2063f687af3f31e4803195bcea78f4e5067bab
6cb303741c96cda8fcde8319e346a806b42d232b11cbba9f7f94d78f22af6f49
cc08dcdb8728f2c8cd8c99e1a9575f5ba100c3d15b01509d880938c408d3019c
1e4a76c874b5fbda68378720b8b37689c6da365c7f44b7413a8950827729d3ac
5b81d51aebcf20c0801ec869cfcaf4ab0647df95ab9ea98dd5ae4f92f2c05b70
959b6d090a12bb5e0c5e50619f3294bf9aee1227f0af88cc5041046197a484c1
4cfac67bbf3ca168b88b5a0053a497c04b3a42c60608e3872c1e3e15efb87840
a15f1db28eb6d846afc6480d1571bdfa5d31d03b55bbf159e47181578c30c90a
52a3407e0103f6464dbcf3d52fcff2009324926bfd20f813cb32aa9fdd20d8e9
e75fe8884cdf2a57d000382e54e50db81e5c4aa8da51df3db64f9ed45c4484e1
bebef727d54506e1e8807065e6991d9ea91c65c59c7f9e1ef9c49b900d16958e
719d8c9813a4f3a30872082de9c29e7dd5fc7423fe6fa95c7fafe3723cd25765
9b122ffdbf86caa43c30f9ef377846a30467b8b5311e7469a93ded5db161f250
3687f8a1afddea0c7f05014d48696b4000f88ef1de08374a88c4779aaf5d829d
842445a69ae9f36ee475dffa39431a1ea6cc47c1fbb3f0a4782e519cdbe89323
d20305a246b70fdf9031252bcc6e9f4bf08d167f42b373851317f9e675eddac9
854aa1453276f80f24773a3a4ea95780d286702207e3627615b37ddf42381a00
c9f856b141e3609210914546c7b8d11e2edce4a9c835bd722b14dc51c130c406
d6b0e293fbdaab28e8ca5980c77177b4dc2d19cee70ede0ec07c5010cef34674
fb0d8ce3e0504e2ca7e466ae0c1122059ef8f4e40843bcaf1931a17054de1c14
f6c27f548a63d3b878eb7b15a2bd066150013468ef1862c7bbc5793a24dc8eb1
56f5b7d1e9c9d46ca8b30bb98375c85d2c5241a1249eb5c864d828716b3a7ef2
950a8238303b5dd592c0af2d97808e1d26a7e87fd6c95594de0b143c3716abdc
909730558fe56ccbc90c209b9a9b190ca5e05bb3a2d882d118e82d2d1e250600
52f447f7121c10a2001c6f4365742a6c6eab429984e8281078692a02428b9b88
0b6b32b796e9f40f0c6cf580d4ecbfea2d03215e288911b6cc06f40b63c128d7
bc549e12bb334a9378d81008a83ea111fee022881bc7d8ed74ff22cf3fbe671e
70662783f84825866895b15b3194ce738fd698b0792e352366a1b23c6e69c4c6
