---------------------
Fri 10 May 2024 06:35:07 PM CDT - Running experiment round 20
---------------------
Netserver is already running.
Netserver IP: 172.17.0.2
Netperf Image exists
2bf199b2a9593ebb3c6edc70146f24f3613bb0e62345ef4ab118ff2fb1bc0db2
ac6f7b39856f5d89508fbdbebf8323c2d982cae6a8c1bae721abaa32fd40855b
d900f672fca0faa893645f2f4a8d10f9122929ef9cd5bec2278a180529b63934
7833b8f7625f40c7708dc2b90e12d60362ba5c217ba82b0db23339988749a26b
0096516ff32fb50442d26df6c4cde6bf556ecf80008b5afbc100db90c0db08f2
73aa8afa3d74ccc4990d53af4ede786108a186058efaccdff316a8eccdac23c3
00496cc5251cb7d5af59bc5b6b12d004f0c7c4c7368e9a14f46b5bde908dd95b
57b2a7aa4e5596a8bd6cd08d277d034042279d68af4225e87f907b96f5455958
34de489d86706ec492cce37855a41930320d67262651be8f9d25a10b8d87fc66
cbb53362b528fcb2cf22d4b3c955e6c6ef4961878bdaf4ff0a2eed296ad4dd47
bd90af9339a8b8e0e081317ffd5d85d2399e445472eff2b8ae2e4ed9780fa0dd
47a27a631a3885516d166b10a08632533e0cbc70fbd2c7cd44346dd14a1b850d
61c38b0c320304edbaf275c1a44c3b4b856d2a41de736f29ac12fa11960fc894
aa154d65d318a4b7a0f0419e56f44d9480ebbaa9805580069b498299ccaecc51
ef73c7387e6b9694adb759e21f33f5c01c0bdf957770488a504601b585634e13
8eb0d1705922bec563f8faa38648e4b3446d24173d92a26d28213a05c733b03d
886f2f686cfcc92b49ba2012d7692e75fa5c1b695d14455f32ae142f24f0c8f6
ede5efe0a6ac935ea84806c8560c4bf2521b88f58651f85f6d20ddc5e26602da
0c1d43b0334e9fa9a42af0cd3bb7987c24ed54f87f887f9bb4617f1c5eacd8e0
88603b2da480afaeeeb477be6c99642340413668a534b13b063cfd1c2990d152
---------------------
Fri 10 May 2024 06:36:30 PM CDT - Running experiment round 40
---------------------
Netserver is already running.
Netserver IP: 172.17.0.2
Netperf Image exists
caa803237c00ef35e25a67b833a1758ce3e34fc41735a8fe998a50917a8ce5f3
f8adec93aafb701745bacaa78b1cc39b6a04bef55a1ad34b3a41578f18a938df
c6584a2552751ca5ec7328be1565d33c93d9512d3049526e014a5ef6dceb4470
c88f8c826115ece932238e0b3f14c33a4a067e601d9beda41e3a44233976901d
fe0a2b834c4b4d403dd5c616fb39eb3d5f1627e2b8228dc7bceef7ea9d4b8877
85bd6630fd512548f148fbf898d497717f8521be8595f892d1f32acac0c1c560
9df29fa91bbe44b898cca6e1f5357afca65f57203299d4259da7fb44dc8a8ece
36aef1daac05fd9ca3d3c79db3064bd9a0ea4d67a131feeb70323a0bb722dd52
c8a1c51843ef48b28840e7c85ab96bf7443d5e9f23314b190395591a96bcf791
570066f182b609c28f79a52f47eb1b159dd94dc6264ef7efa93c685922bce8e0
812aaabe6ae5adb68d01b47919ee945bbdf035d3a4f0727ae514f4d7c9c7ea95
7530023d9d38b8ce056b4ab7793c5b23c0b61b3d0be1d5866539eafc2cfaaecf
9aba9a425472a9766b987d9dee27c8c3f5c5e02f495d3c44ceb0572793eaa63a
bcd0e7764a42a200db5ca4e34d15ef4832da7a57a6571f55509f84aca7ba8f42
650c93e474476cdcd09fb7b19a7327666f0a7dabc6454e91bd8ef07868bce82e
20d4fcc2dbf08576f1a002d885732771101cfcc3fc2baf67337eb56f2b175b05
5038dd42bd0fdeb3eb1f920e96c7ffb1a3c5baf12ac8edbd93dda036d7f85981
3d51447f7da7078b3f69c99a6b1ecd970a91868a9b41a38a8799b943ae2957e0
a6d32ca9123b316570d26c96102930d583a25407c6022650f08f1c50f4d0550a
649ce929dcf2fa790568d62f6fd834b5d75b4dac3c8cf6fd311a34d5858ad578
710b066fed558cc334730f83a26dec015097dcdd84f6f0c3d2f76ab14ccf8218
808c9b30ad6f3af44474de79787447e15de22667668b47ce5bb3eac7c650e08c
bb035230825c4bc8b7bedd2df24bdba7dc7abeca4abdf94cd860c729dc5843a9
9b1bde17f8a52643492785ae0a982e4521836b7c23da9ea00389435cf94d1ef8
b59b298f9339d87342698e7602e3a6bcee38dfeb14f459bb08bc7b4a35cf386b
d96db74ea29ddb35be21bf699c796c69b37ff39569331267d9e985e6e897f36a
809d889f485813eeb98e79bcb491e2359c923eb7d31f6e77912d7e4de484e2cd
198c127523c032a291c4f24daff6c419edac8ede58eb3f01e5cac018d9520125
2f56036f623127d6c2ae4472057d2cbf1860e21ccfa888cf6f911bb57e1988f1
7dbf5f7082f9a78450a522e3830576f2631c387c3f95b0bd85a5271ba1904e1d
40d015e656ec4f3779963c0979b7642fa401510f33fa96f3eef2e85ee4fc7783
da3f0350f8139ae6cff90fa4804482d3c3c43f45e9bfb4033cd60b0978aa7300
43359a04fd3bbca5d9195d80bb3f8037e10f06d6b7bbeee6a201ade7982a5dbe
b76b1726b10672ca9b0f5fe4bd97ce9785c712525f1609b985a0810c6a704ea1
7346367d2e8603bbae6c06d792cc7ce084c749c8036cecdb26779149dec80428
b76326b92b1c7a53fa6ac8837fbaa426d98d951cdf4eed66062747c7b4011bf6
cd2c33d4bc0ccb01a0f9bf0cba0f1ec434c1acd6b163f4fa4302104ff2a60bd4
67cb73050a20789e019d9c6976ca6ab67d79e1f9c76d1e2a760c3f4e962dc28a
bdc27239cda5c81c3fe316cf70a31733f2f89d01c1a6280386474bc954f19ff6
0e052d3a5b4c407388a5be46fa1e5c87826320f794f4b008ecb0c8ce55583302
---------------------
Fri 10 May 2024 06:38:02 PM CDT - Running experiment round 60
---------------------
Netserver is already running.
Netserver IP: 172.17.0.2
Netperf Image exists
4d491ffce7d6113b163426f568e30c65160f1f8a82967dea304f32260787e52c
3186ba66b6021ff5a3bb7002d67b8a34e3a55500e254af6398bac16c15a9ac84
9d471ab603f0c21c2d201c9a9310234956eae46690fb3f1e088cd9552555f546
d83c2d31d850ea44a66333fc51531d55b1bb53c7d44fbb821f6616d27dbb5b22
dbb3b2fa72e080c0d3f5d67204cb5ee34f429f4cc2e26a10ec6d7f5fb717becc
07bc0d95411bf4c21ec6c820c7cad3757732eb1f0cb1f41681c7cb4c67233e37
cc6f2d7f043437c9b04ec435c3fdabbedc4e1f1765cc8631d56653ad2d16a7e6
58d630bf2652fce2255f591dbdd804b2f88a8d6dfe4bef2529085de0069d79e2
f059d810b219046e825dba615f88d8b89b218819b66e3dd9b8a81281e6baf745
d3f251de953761083d9d28eccc453ff9b12a0d337140b0c154c8d9f322b083cb
135ceac572e16721c860df729579361b5bc262bbd99ef053bd90402f05ecaab8
02a061b2fa0511fd533e37ddd12eb44afb1a7f8a42908e8de604d2c8f1485265
a4a2026de8e8f7f898ddbbde86c100338378f65c553c76bc43472d6f7559986b
df42a3562e1a1a7ddbdd26d76a4ee1a8334078d5a20ca166911527d0b9096793
08653d52922c209169034d9a0e6a509012695b69e3fd048218f239765f347a27
bc7993d78188058b578f1daee7409c0968ee60212eceeef8c1b8aa9967ad0364
7ac2b1f76b830f0fad798ba3fa555d7bd96af53a7b047b265cf820559889a355
09d175d34db4778af374e551f773dd71456471d57ff2606351a5e192b90e9cfc
41479bba3b2c5a77de73de15782c6bf8d9ad49dfa0fa4412a333422ec56df10b
c1adf44da09d298536c5ed0f9ff7237cd21531f40ad77c0ea30e1be0c246dfc3
d04b00eaf8980e3f13dd3c9d0088d6f7b3f97ce9831f096b4095ea79a6fd6229
df1935bbb87c1c4d878df2190e75fabcd0ca2b0f2338c5d2f8e70f990b30c901
16f07bee8d0f3c0ce5b195bbf9d8e8ceb1b5caa9576d73bb40d84cfb6c1cc47f
e92001174c0dcc8aed0e290e42726925bf437fadba911fc7edaa8ecdec80ad7e
6852ab8428d15bf545d4cd638c213d6764e87c9a715d1c2b2c9176afff61b1a6
ccb165367a98cc3375878bdbafdb44343e2e6dec4de4efc73bc9ecc2068415d2
0ae19c4e6c8e1beb2df2925c458aa3e40d5964edaaccccd37aa23ac05d3a5cbc
dbe799abf6bbcaf8b56d89071d3d276104d0bbcf4d6405af0a34b65ac0d58e14
7cba4e3d62140df4257ad071d0f9a2d1b8e797f9a74fa2b048d5f90bbbc035e7
9fe5bf9eeffd174fa76b3735e874bcdfd25d0b0f546b9ffa284d5d6101a5b5e0
dc9914a6343e6dd9bb050e3fc0db8b3e2bbbf49d8316e73277559e5486ddff9a
7ef07a897c6abef613f2ec54a4fcad8faf5673f47f99c1f5e4652268d5a870c0
69a7ef7ed2485267f7d2a41d179b4e9ce4187fd85f6c321ba5e2f1e5c21a7f32
94548253fa7da74ecc3d77659626f2b616e89056f6fd01a5dda0ab4f6fbe02c3
2425d9023d82ea8bc4af29582e27b798c6a9fa083ec7f2027f1f7ba36b226dba
bf35f32ba8a517a37b51470fcd6cecd390d69798e24e3a5ab0874183e04442e6
9ec25bf799aa051432dc614fdd58ff5a5ad14ff6476c7f169c780560c2e7b7ad
128f8fa6e4466f83cbe8b7105c15ade24cf7b91a393ba807f94f87cf9a3acecb
cce21ace5029dcf6259f0e26af85f5fad4bd61953a591418da167bcfb036aed1
6d0d62a3efb726a23ef36b15349aeb72969f72a75d7c3707b436a81ebe1838f7
249d9de5a3324d353b4ab72420b89743bbd8f5eb80e8f51193fef83cc97cb9b6
5b5437ef932a19db0a8912945f2a3db37193c52712030a733cb37e572d919220
3e065b354e71bc644c7d186304c9b950b64b195fa75376f85eccb4123362be2d
db13c7fa68d354d3b3634e8c170f72c8cbc42e0c4cdba23c02fdc78d25a1f388
98f8510a81e3f0bae0526b6d999f4351a185f32d5e04ab41dabd1cc2cdd5d34b
9cc3a901097d867dbc261b03393b8f8c2d0c954770f835f89aaa7abbbfc6d3f6
4ea0cec13e3449e4ff7967cb06b3960b6eefaf9f99b6131b222bd47c212582f1
26ab6604a167a9990bf4bb298d3ba4d2b3a0454f8ddc59c2cb92201c2882090d
695bc2ab6352badf1f612d98356090e002c4bff7b51b687123d2207719c2dfd4
6fb80b56c9ed31a18a8d958541595c41c9bc9dd9f3ec44e195bb9594281ea076
ecdc11b3a6c6d1b127097f733908e365b47a53badffa0653c40701ccfc289e1e
38142d7a206468d816986b16ff3b40186c3ae11210936c66199c22814bceecdb
d8e5f2ebc9f91c46c810f08bd6f8bf56ddf26fd55f04a46d9f2f770c5c2ac63c
1803d22bd4464d739a4ad86dbcfd29c6b52741c367c93b51acea85ec799568c5
2d392b4356757dded4ce07034d8d75a9786fae0d42cd598e3aa64fcc47f03b48
34876e4fe16037d84154c3983b5dd6c218521d8700e5f1ce4b16b142a007c3dd
19ea765a6195c6a16fae88f1b60d6f1b30426a47eb4f49a1a0683a5063f374e3
47cebddb1878934ddd35520c515d51275f40bb4f804fcb7ccc173c6627e165b7
f25eff91128efb295bdeaf00ed6237cb02d35e9c63f27723b0277037d82b367b
e3a93bbf4cb12acc5c466e3b5e3c3d7c4b63ebf51152a8b37f1a16eb77320e54
---------------------
Fri 10 May 2024 06:39:35 PM CDT - Running experiment round 80
---------------------
Netserver is already running.
Netserver IP: 172.17.0.2
Netperf Image exists
b992a46b97e3ffe51a775696805ce0d6df235e47ea234584a9b4c845230f1dd5
046fad48c11324cdc40fa24c4c81c54d29b312d8e4f26a00d403a53dd4568c20
0608ce8611ec18d6c34c6df28daae54b76949787c70b2bf0500a5d157cf0372c
faafadba991ecca0c5eaceaa91bc7cb5fa5ac6d5b8abff165c42a875c2372889
8482834cd7f77b5cd5c7c2d1ba25e2bda3412c8a32a498295fd9e4e87a8f16a6
da8b536c441eb2bd3be5f94f1502ece11cc35a557bc65d5e91b53858836d9e3c
14c49d484d49d191cde8b3036fca2d6824a0860886ac215ffc54948bf6800f3a
85ffc15382976caee3a57a049ba6b3e861799db61cde6a419c6ecc08fef0be49
1e637f31f5b1eb9ac55679390dc2fd77e55f0678e61fa3c697801cdbc4f532b2
b6d8599be1b749e42d29bffdd6a0c2d9ed8289a4a5e686c63cceed470e40c724
b247d7fc484ad2e1761025c9c5d0cbaf469116b664613885371a5f80d3b2355b
cf6b0c4ff886fc90f5938cc737c0bfe4b655e2abdb3fcf39d41a344928e694dc
b87f412e7b2b80761c671059c90c05c9500117166beb47ca9d25f5f5a6da988a
0b8596e40719bd19ebca27119a4280879d7bb8fe4360ad8e97a01ee79c3b62df
2152b5e9bf04833f64c8e09614d8aea27ff8c63f7dbe85d0ad2e9c53f3011cd3
74971727eb86436ae2bf3a4d6ba0f167555c4697ea8dc84b7f4e7d8115510bce
db478fa2b9c529a33b6459bd62d8cece7851a9bfc1e069d60d83c3667dfa08c1
c1d5ab05b0494e21750f4adca690fca2f87482ebdf2a30fe124e5bb8b34c8daa
8031242aabbc10444ca47f7e1ec0a24b1c475f48dc5147455c72bd49a8d51def
bd2fdc41c27686ac1d458c10956d18b244accbc0eaa5640d7508b62d1a2794cb
0b1a24869c98d34bd0c3ce918a6b2f237e436707f3ae0ea7e08689b84169f12c
91915b5a0e86106d79e9899433d5679e1ea8aa3e1ef98a9dc69c025cca1dea45
ca41db2228b88f22e5ecc1d203a74665ca62a65d0d077d651ce0557680412c28
577ce90a2367216d92b28e9c73284276226079960b6ea336626ede28a5536082
8989c5c1446086af0521808177fcc1079f83028b7377aa4380bb42aa0786453f
aeb9cf17feaeb1ce3db5b89d5d622f8ae8cb2d3b31f6e675db471f6e1d158662
0b7420cfc6c69ac70b870cb68450339d8a261a57ea11f78c777fe277d9cbbb8c
e7abb6d81e8c22484af693f12408cc6eb1d5025713bec15e4aabb3cf2fc2081a
bc9cdc62b50ea2f4205945e57c1d94f5768133633b31fb25ec14fd6838ef95a5
4490d16ca5370a6821b50c6abeee124476c990625d3183cd7ce424d80a139fb2
dd50037ecff59da57689b70a1da1f6e18eb0ca3ea328182de311d86eee562c1a
57f780946dedb4d4e08de8210ab6fd4e76aad825e3e1731fce6351b25b6d10c2
b1ed3bc97779d4857a16a6cb0c973e9a877215720ee144e2be651851142ff2e8
04e2863e91af77e6564327fa109aec97b24d1cad3f1813dd04cee6cbf65f40f0
da9c67c9d5a59eeae143603136395fd5dedf510206dc1f5d933763de3ad89e27
cdc8705d35fa3d00c70722fe2b11d6bed24e20e531f8e7975ba0c842ea018672
09b534eaa730c74340dc96d2b2f351df2a1e720cf53418a879ad3f1639aaeda9
52a187bf0d237cee1660419b80a3778ca3baed08aaff3dca8a7d09fd9c979786
348414528b44a1718b95492d255537c672434fd5217c028372e57237cdf856b6
73a85699320f59a358c90e1564169e963e8bff2d7c73087892ea835d56dfc174
3c82630f8b14490e87ec77a90fb8adc5fa6b6a185eb4b574573ebbbbc1e0cf3e
82f298da5686dc496ca19ce64c8a3c525583c4629aa6d0c5acff9773837f0106
92efd673945d0103d558eb049c6ea9efcfedc6803e0b195f8471ab5bdc7e2669
8fa2f51166aa476a20fb80d5e896d0f3f342d6d0eb0bcaf713ac2f60ef5e4913
0aaa0e81fdacc0aa56abd37265baf48643e20b8635e7b0d09afce02379984523
e174c3c93b738d9645f32398578eed1e81e6591c3a4ea23a551c3567523b0969
791f812353dc84aaaf7dac642a532a39ad6257f12762e02012deb24d1856eaf8
d72635aa5e9109367f430c03650ac3a5d373163e16a3b1cf7a54fd9542160d4f
94889a49a533b7d35ebcdcbf3d2340cd3bdb9747a8a58de1c93f4b1276767289
9fc7910f0d0c53bab071c66c6d2afb29ba7ec6e7ea977e41f5dc31eb37bab9f9
515c376e9167b27ba33409f8a1c535bcf3ef193fd3b46dbebef330165bb98ae8
7b3c793de50af5a345124e1c7f4525313e32db538542076302683e3dae1df0dc
e02e25425cd80db30e3cc337412b9ca4482fedfc9d11a759c8e47131d78cfa91
5bc9c85ec6291f1493cfe665119df1fd8fa97aad174c49e8b1ffba65ecfc558f
b07276f32eae19fdf273297e3afa41411ce25c7acd28aed47e51c9871ce7e959
c28af8b5493331e22c49cf7146f8bdefff7b7dee6d719d2b8825fece90f19ade
bd3de940e9a225faf4804beef1c4b26e89336612c32db15e987c087fe6239801
3f1cd7324563cdf3bcd48c25288a663dcb2c4bec2dc3e83623f711699ac28cc3
0a4f90c7fd5cc114fca1759cd1a03fec2926c557285bd2a25ab21a7989c4bb56
ce3532696d15ad6ada379c04cce1142f1ccde3a406c769c9e3cd1b4ec13521c7
b919350bb95c42d677ef0557cf9465b6819d6714751f1face17e3b1062d75a01
a887446da267ab2b53accb2264889be7ab72b5415a25bcd78c4607a47b6f2963
48a360bc8b46bec33ac19fab3801c6d589d2c201897645d6c650dc0a0e9c1f10
e13faeabed8c44e70aaeac16c20dbb44f97c1ce95402bdb3e1c140472cadfb0b
e528270afe91156c75b81beb9d8959e834bc4b18c6a62dec87a5ec9e2e4469d4
b953b073163d14945c7e551c24ba78f0428d3ec0debaf529951228e5cf49fcbd
01bb920fd0b652b0047b43ecc91dbc94d097cd07ad2a0194d983e824ec6cf85d
cba18436fe7463df6d7538ec1808d36de247a392c7b9744876eb9a4fffaca91a
bb3df2508d8d787d9c3b26202f57d2633cca0b29de4b833eefcb56742aebdbc2
054888314fbf815ab9ade70570db21241b7e47a912e1ca34bf1b8e0bbab69d71
3dda3809f73d8e2e4c7419a034594070907312d84e780f61bde4abd1b4b05c17
e1d6460bfd57f3166410c83a3f11b4ec3db15a640273dabc72b51d22c126b11f
fdb4569286b974872a19f72a73804fcbfdf5eda2fbe3bb663612d4a5132a0f77
d687e33bdc0783e96dc57a9d1dadd09b3dcaf2d2b8798c18c7a6c47bd4161cfe
80a7fe66a13ceb1ce6004991e9d0c27f97720cdefd87b1e21cbf06cc3aa84ffb
ce00b12c3a32f728212ce74a1aeb0026aa070bb24cfee45b7ec4f87ea89e396c
13643be236b861fbb6c491e0c470083281a1a0b063f991d59f20569ae0054214
65e8a6e4e6b981fb94a1b50b446d44fb5a22317a0b57730cce46e0c24dfb5b20
f5b11a46d37b59d1ce00e895aad0f31c33dc95aebab90e026a7050ad50d4f3ce
16699b212da1e14c0f6280a5b23718ba6748e6bd77556a9121628d762e19a894
