---------------------
Fri 10 May 2024 07:32:33 PM CDT - Running experiment round 4
---------------------
Netserver is already running.
Netserver IP: 172.17.0.2
Netperf Image exists
Sysbench Image exists
e59be54156746ccf80ec864ad826bf61c2f1949a4e089d710cd2ef89319605ac
e8fd8bfe3c3d2df23fe33ef36422d527262abb53c92620b521f83d706a172085
309308d99d4f751e993895683923bd04c9e547b13bd9648a984f76d6a55c9427
c7ae5a034a587fdb3aaf2fddf023a1da57c95600de2a89b80bda4c57f1e5ea92
---------------------
Fri 10 May 2024 07:34:26 PM CDT - Running experiment round 8
---------------------
Netserver is already running.
Netserver IP: 172.17.0.2
Netperf Image exists
Sysbench Image exists
db47c69bd08868418b4fb0bc097e3f2745f82a2c7833d98b45504cffd9563c56
a04f49da563a5844e0f8abbfd720eb23866cbc9ed2f5c820e4185501a38bb385
f1a1f0f66c4253fd794b2e4ae05f7b8c3eab59d2291aae525e055a53b49d8b51
e9925af626c8549f1d1052a6cbe6d46bd31db6c58ad73d0b075f78418f9f4b53
ebdf6c0b003b831379c37f65820b0488d2a111e74e91ca0dc82997da91271bcd
2146b84918ced2903a97072e2511f17a93bff44a94a0bc26b40815ed5d1e3bb0
d02ce9f60f5d00430e741dad674504b6b492762b4f2041843e1ada332766f240
4d0275012a1a59618923bd700a4b66194a338837751ac146f0e2e38311f0073c
---------------------
Fri 10 May 2024 07:36:20 PM CDT - Running experiment round 12
---------------------
Netserver is already running.
Netserver IP: 172.17.0.2
Netperf Image exists
Sysbench Image exists
6ef77677a2f8504fb0b71f507c42cf10bc3fcea00d56bee265c2fec4b73933df
ea8a71af277aea6c79dd71c2f8b2fe5d4eb6840228c07e73bc3317c04cd81456
58dc0bf53495184e7a4e312747e966de09937d2435c5d3d9e15c0d74c3ca1758
61afac5bc265500bdea06a6effd6a79b1fe8d4f68f11298d8c344e50fe5068f0
1a36a776609cecce2a57302963e3a189c323f20aa1814bbccdbb6acde7d76c4e
be0ace6836aff52f7cd105c806d0dab3b561b916f32fa59ce2cdc99bdb4b4a04
ccc27f9f4d8993f0868aadee9c654870341278b0ea6b8e593c3fb516e3208c42
4e1acda6dcd755fd2dfb986bed38d58860a4443aa5b20ca6b0f1c86d68136c40
b768e9352f626d8c239316d7e3695c91b8cdabd459d826398d2b53db0f90b543
ef3678b87ea26013bbdeba187f1dc809b8ab4e5e8effcb9c4244a6b20ab5e8ff
f00c1b25c17ededee11ea44f656d78febb2d37728f5d1ef01fdc0551a431de1b
da56ebc81e67fadc3e802ee9c41435abef11d861e597acb5d31e52a3376b8542
---------------------
Fri 10 May 2024 07:38:15 PM CDT - Running experiment round 16
---------------------
Netserver is already running.
Netserver IP: 172.17.0.2
Netperf Image exists
Sysbench Image exists
d0b534a5ad0ee60353655075dae6711dc90e5f5008d5901987177ef816190172
685b2e7b3b6d381521bfdb42d66e540a0df4b844ddfb5dc5fbfd2fd772870649
c023c1ffb8773d7e74cc3021169935fc97b8ffd307d87f48ca72f370b13feda1
06ebd7a7f0913709f232b27ad06886b644e1b16760f7c9cb476bb33dfd6f1660
07d4d5b793f6026acd194b420ad55979eb4a364320c35288ebef01783082f473
4a389505baaef18c8dfdf3fa8508e3fad2d098fa1c7e49c6e6475406f6f6fca6
f4da44dfb4caeb7022ced9bcc12825d860345d49f1ebbfda2ee469f0e21e8fb9
ea0e59930340ea4b3d5eea34ece8c35eef1ffef6968acd887750be560e281bbd
ec22de7a95c4318357975b3869a87d087c2edcbd55c1258dd1fb24533f98caf2
bc5de515bcffc58c0e6b87ca07ae7b1d752b5f5e2b08e348f1b0f4a75c0ff50d
b141f451b12455a8bed5dadbcef9c54d2324f1e830b56c1035fed27621ca2ece
91c3b77522e9bd2e21c1b00894fe60d01e173147977aa67ef79220c6ff737f3b
91d2fc86422065b2f101588f8b35872dfc55bd254243797ea5d5a66075650b89
f77bde6d8af88569c9579b72b55758e8732105199a5ddf676b0b92d1afba4c70
0874d2c7fcf67a0afde0eb019142b16c1a5d19a3ec3d29b5e671021c3978083e
ebea2b09c017db5d889e484bfd760301b00d35ebdfb7a774b449550131f4e11a
---------------------
Fri 10 May 2024 07:40:11 PM CDT - Running experiment round 20
---------------------
Netserver is already running.
Netserver IP: 172.17.0.2
Netperf Image exists
Sysbench Image exists
7a4e5f50b501855f26ffb25397276daa59cf8a0b76c350db2fbc6f7490ba3427
433d253ead4d1bc4e676ffa56ee4acd738287781ef8813e31408df6f1b9e27fc
892605fe2826dd77611ea219569b7fe5913affc9e96ee1ab8910d4be9a0ba743
caf5aa1d2b53eeff88d7bd6ec68e1ea2d287214fefcc4c078b5ddc5c3495724b
54c8290081c7eda0603468ac13e56b283d846710b78c72f4f12a16719cc4ab6a
d3075d8dfc21651202f2807b1c8ff217c3f33778969d662a7901d03402343bf1
2b8ff1507c1210e3f13a14b56e5a6fafe8f93ea9d9155b6567802a99e3b04e31
a7e32c0bd98b0076f245e033c290ffdd8431314391b28e69023dd8476a2666ec
3c93c29bd47d393b95477db4694627ba7074871d97523bf1ee9d8ecc71deacf3
242073b9b9cc9854c716b25aa1751bb73c231da11c3cae54a262b0023b93dec0
e1b9dc6417e89467dee85d7750ceb726c9a4d3aa09253cbc7071779f431f3aab
cd4a26eb1466bbf1e1a992f90776b3a898c32133a7a775827eb58ed064c0102c
93dda613775c1dfdaed980c8f03c3313a5708b8740411e58b69c9faaf3f50d63
e93dea0e113585d7073f8bf3fbd68958049eb8615c50f183ac80c65d35a503c9
8deaa6bc0913b8d3904fbd7bc4dcbf301e533234a8fee3f435a0d8915df91a51
326f12cc51d698fea25947d82412cdb9e7c3a3726f1f749046cc751d9aa09908
9420712de35edf53b03cd25f32b8694c7bcc5c425002e9cb9d7c61ec116084fd
e676a8795302da4ae5451a7f0e0d1c11b33fb06e0ae9d162c818a44c90643dc9
c5bbac59ae9aebfe9f6718dd432ca7e12aa1fe3e51d1db450d9af96d6909bda5
2dd35accbaeaca417df760df674bc764f00bd03803f608eed3bd0da45b9c9f11
---------------------
Fri 10 May 2024 07:42:05 PM CDT - Running experiment round 24
---------------------
Netserver is already running.
Netserver IP: 172.17.0.2
Netperf Image exists
Sysbench Image exists
4d471c243361a39e2d2f71e9000397de5eb7f09e924086670af6d2717046f7de
20226f39d5f4c329e8b23c37d6cbb5e20431da63d6a7400001416779e48f1543
a055d9ae4d055adb32646d638c09563a2e16c5f417d331e3993b24aff4aff4b9
18de6d4f607ab97b814696e0f3fc80305068e3875fb595a15bc34f363e8138a5
397f8c942627e51eb721b16f219bd2db298372bc49e4dfc78834a42bd626c1dc
a44966c24e3532a54ff4ff72f7dd3c20f1fac0997d5c48012e197eee8026f9de
b5898aa60f794ef5c9b6634682a83a1b48761802966177aa19aec0c84323ce83
512ec154101583a0c068e1b591d26605ab2d92691457b3c288105121414040af
a031db715b257887194f702172543c7047183fdd30e97c4197bbb4727a133422
c8e707ac44459ec4eaf297440826cc6b728f846f6f5be15c7d78a79d7758d92c
acd003f248bb1d59833acfad17d8567c6c35342d655b53bd4c34c6ebded07a33
8ed808b32fa54bd1ff9fb7db954171af43c1c260a537aa51ac803952aedefe5b
106d7e41d353320f712bc8015057a5b14189c51d2df79735b357184c24b0176e
f33f3ee93170463957bb901f650eacaa3ecb645d4bf430ccbf06d866755ec125
7335016ee6ad622071fe60dcf80c686c129a95d042b5cee60b5e61fd67be9c7a
2dbcfa3f5dcea3f66487e0fb18e4fc6ba9f04ab3528e6b1a10568e18428fc43d
49278f679fa8e8608784818fd8463e4acfb2da2a70ad4933517339d56b3e0c73
b912bea2043c419b6c352846775f9d27e51ee8a0bc57f996f2182a50b8d2ca1e
70d1f10cf4b3e00ed1f36e11dab3be69cc12d4e2c9f1f60a95f08936f28b4472
1dc870bd8302abc7a2f3719ea85331cc40c8a640b2db92fce079c3623f8ff4e0
9f01b0f6279ecc38e02af8bfaa09440c07361f55ebbfb6947f9e03e461faf690
d736b9edb6329ac523b7af1a3925732df24a35ba85e4489cbcb1adef6426c330
b192d6bd2843b3f36c82578945994a2116b8758cf8421375b4a8175b175f9862
671ca23cbb36be6a79e6c60960bdc67b8021f2621823ed63fc56ed98dadd80f4
---------------------
Fri 10 May 2024 07:44:00 PM CDT - Running experiment round 28
---------------------
Netserver is already running.
Netserver IP: 172.17.0.2
Netperf Image exists
Sysbench Image exists
1f41325e13e4049ad6c67d9356462d46531b8d211a27bf1d9c6fc66c57e03316
2e094b2293e77cffee037018efcf4e69b69b4fb129791d37c1cf5bb62df6e2b9
75449c27c3e619e1e08f8316ec69efed70da4000f81973872b0668d1a5923f5c
07d55dcadce7d1f7cfd8437261dfe088319a3c8a9d6a55d6cf9ecd280a98b7ee
93083d6b685bd108e1ab054abee29fddf64f55f2cb635c03fed87ee50bda03b6
bbb216fd9ebc3abc78aa54fd94a66cb3ca8a77e7c7e3bd07bb67e603a397e0ad
5b76786244a765a9e82ea30833019e02514d0c49b16fcc2e5defa5dc33d4591c
bc5166dc6709f5041901caffa79f3830be718b0fc17ebdf2a76f20d0edbb9701
1856bfd1d1f93ebef539b6fd61ee4b71c125f8caacb9172541595e2824b7474f
edc25097879101ae063105f745c7f317909fd64964d10248513d6e6876e356b1
f198003521a93c9cfd75dc337be8fea69c67ad8d720c7d76e187b7aaa2be56b5
a3cae9b078be397a521d5494d5157bf565b650c30d0a1e550a0f9f1e1d8be7f5
4d2aa3ef1359a143c3dc9ef84d60fb16177cf6a2be930de9b5e316872b99b528
a2d861f72f1995447b1c4bba52ea8f8ef614ceb4f10ceb0ad20784eef220f72c
ac174c8dcdfd447396a85998c2ffde606df4ca0010856fcac7e26da730eb01f5
15a4aa52d2ca493ff086330a70bace2471b85baec6a3ea52c9b3c8e1493d12ac
f1e98a5ea185a45395950c8dda967447073ddbf7062243d0fef5b64c24b1bcf6
3b075ba589505994c03dfa9f1740d97a910ad0178f8072caddcd0b474efa246e
331558575a4a52b9b65f4a4ea02bb6757ce1751c4e4be47da1c7c3f68fc54e43
f95605df0199fd7d279ed15e57cad49e1e34bb7f3089cdceed1219b74c561fe1
f18a58e5e30498713600e9cc5e8e94765de8e322b6f7115454b8bc996043d6a4
df9691389538599cf5f29506142d4b0976c24dd135583b4d67eaee3b5ecea1f2
0ae8309201d7035cad39faeababee4f515af9c7a780fb827e1d8e45a640727d5
04d6e00ba2ff82fc30faeb2400ff07acf9f9d3271679613439b246827d01090f
f73a522095605d92931ba5111f5d1f2e273245db3849eea7ded815d103b74278
3376e801726d61fb8aa9e60f76f1677008f9913eebf4b5de0eea8e6f416cfac9
7b4fbc94645d1bb61cbcc10fff205ee3a53a0189667a1c507061481be4dcfe39
b7bdab3164f2ad19ed58f4f0f52aadc8274f23f23fd0829767a6d0e960bc2629
---------------------
Fri 10 May 2024 07:45:59 PM CDT - Running experiment round 32
---------------------
Netserver is already running.
Netserver IP: 172.17.0.2
Netperf Image exists
Sysbench Image exists
9c49d306a9a26c70cb453bbbba443b953e5df482e0fe90cc765f4c3c27a8f098
d7284a14bea1a8359925c3e03b067afe12bae797c5a6ba63b3eacdb656eeb317
b2a0d01bdb7ba0c2ee9e3194330a03edae15709447fbefdb647d0efcf6542f0e
5370475a4d03c5547cb64b82b1b97889bd1723f539abab9cf2594e1e913a3eaa
ea0202ce731a14afd0b1f03229b5fe59285b47253a18e50224d01f809cf5ece6
c84e888eea87fb2db548d66e0c043bbaf9bf6411ecf51bc0700bee197feb9c12
0634a24970fc52f547f395dbd0622da441082f1f53ca42bc72ed3c1c3bb65f5d
be5991c19d5f6f87c5281b6ffae2bafada8c13d5aef306990b304de0231c050b
a10690b1dbc8f5bb43fc7be7d774fbf585b8c28a71ed80d9eaa613a0ed523298
ddc41f8890588d3b580ce7b1dbffedc77617a16d7e644424573178b1348e116e
e6c097041bfd9db99f2094f6ab3e9202de5cb46b5553b77a4646e16b3ce1fca3
56676ef8d0efa08db716b479574be767dc6bfdb376748dc4f3da41e9183a32a6
b6edf4ca7ba7f365ca83392ef2d35ead5e09cc37cc29ce6ff1302b734ad94a47
f0375751a3ca66d91233413d9349a51645456b5e08d48c3dc3a47386b3e08bc2
eb0bf58b23f9570f3613416e5513c217bf412ed3425711d0944759d744b030a7
796c9b3c4130fa7c67cc61fdde2493be69f5c81cc25728f4078f6b4a4722e524
86e8b1d576d34841701a78b310ec3c200564a71b935b5b15c0dafbdb12cdd936
5e0a8ea46b176fed2959f69d25829b4662cc0ae4ebd79971fbfdd698a4292e12
ebd8614809a4e70ebf68219ce799ff8194c7e45cd05cbc58bc14be9d76ff104b
825c9f15195466817a095c06bb49e930f0b9b062fcd08f697cd9ab592b17394b
012029e0710039044932c2304898684402399cd029d2ddec7d17b2c0f89dd3cb
fa72eb6fcc3fe3fea92eeeb879f2a10c6812a848d4977b8b013a636a6fa2c760
72c88de52d802f009b07b2973be602ddc34d2d3480bf43c6fbcac1853de955e3
b127b3aedc019f364ee83a345e94a9cb42be6c81d0b243ee8e328498d1ea86ba
24fd29b60c085da8ec62a4b60c700d2e809811a8cf689902ac357d2faa9d222c
c3f7159039ae4898f877e456e1aae71b186c6e583a524fae3c17115b1eb6360e
26450ae7f5c519fbfd93970b3c7cc384f9cc863926bdb6c50f95757fc38df623
37b0d1824b74587c6c3896c67641e338cb3a46c7d7554bb3cf3cd4310f6d9107
294953b5d9bee325c7e99fa821d5f7f2aedc211968d4a1a23dc00fd0e2c4b3b8
02e13e70a92d62376ffc88afc8f079c599ebb59a3de0d51a1b0c0010213d6401
435c70ff0424f99427939c76037c2e6865ef6790a5c1f1020f114e3c7e8aa8a3
ceaaf50db64946f6b8654674b648eef56ae03e01642f36afd2f719c6722486d3
