---------------------
Fri May 10 06:17:51 PM CDT 2024 - Running experiment round 20
---------------------
Netserver is not running.
Netserver Image does not exist
1ba02f61927750f4eec8bbee5e197072d8ff714be0ee20695a14a8a44b15344d
Netserver IP: 172.17.0.2
Netperf Image does not exist
d8f2e7ae39746776c7cde21dde9c815e8d1b660cecba56a5dd2515bc37b9568d
fe92e948a8da263ec71cf806fb37275aa3ed3c451c5ae96b307e9634bda8fd68
c46da8eb8d469b2513a57d67ed39f6bec1e76ccb324610e71c6412d3cabd5eaa
2f2816f9196774b60f2c1e47db706b66bb2fbea07dbf25341d199d4b36a51594
f3b99acffa0fcda248f2716585aa7d2279d06dd45784e408c017a78f9bfac845
6c43e711225727cde5e3cd96062fe20f3619e630a1346cde4eb277d833a281e7
ef70667b3e3020c8825192a51166d2bf00a4037dd99491adb10bd2c11941b957
ba3554a84b7197aef6a1839e00cdebd051430308c8b0699c2d6903861ab723f6
30b7e2a3fe78fb703a39841a9b7653af7fafc9682abf8439cc4b3d1a0616f414
4198d75a30ac88dc1889db963833113bc7c79f59e4c8a3966573b2645b04c74d
bfe34c0826ccb2aec4a8da0d8438bc64b6d3fea1adca71fa9b510b6d942b4143
78581a5a566794df89a152c84544fcbaa77594769efe58bd17d81a4b59583539
31ec3e369db7404aa0e4248bd712d80e91222ea76b1cfd723c8ca85e6cf83c1b
aa90e99917464b98d6476da5c46543fe56dce7c60d930075079ee9b3c37a536f
3e9dabc5e5fde438d68849b20f0ad80d8e82d94cdd1f41c3a71fbeb92db2498b
7a31d931ff5dd5e151ba9416fda9230a72f74da6702ae4be4fd2d881386d273b
6f90559dd8e3433c8a0ab79d983f3540b7425db7b06beec5172f3cb698723a6a
e37a9c11e8a8ad9a8b3ee06029dcf4f1bcc4d69824466a9def9e7ade0482aad4
83ab2f4a77894883dff67e3f6651a5cf828e531a9339944d0c648058a16eae79
5947c4dcb547a1b6526b32e8a70990bc0a781a4794a1a703da8a30bde4907280
---------------------
Fri May 10 06:19:18 PM CDT 2024 - Running experiment round 40
---------------------
Netserver is already running.
Netserver IP: 172.17.0.2
Netperf Image exists
0be11af09b9ee97f91dd2db81ed18dc5d0e61881977cae4e438a0f523b8c0e7d
d913d0321ec3683b0302ca11265e78c22bd04ba38eb6b418f7cc22089f1b05a6
2dc5f3d11b81d0ba9c0cec80520dec148d637da271a59b77f831b5e28e02b109
5a3b81b49bedbec0c184aabf6d2fb81f2190d2565ff3277ba1d76eed0563ccaa
a67daf4a415844e9aa913c8ae9319fdcef4d6264e1b40e2d448003853bf90690
be4f0bdb998a5b0b49e7b35ce00a710d5feb2f5510d4e203ee6622c970e3b1b2
e6133683a959ee1861bf03bd7952ea922a2c77ac164f503b19c465906be7ac55
3d655a57eb263f71fbde33d8308232661d613be85dde817a24d61adc9b180624
1b756c5449aa825d1430e86cfc4a87e69c2f2764c742fb9737008d5b3c3cbb82
cd7cea446cce686f97323c97b4b1becd1885d4cbad2f3d2fc902884328b82d66
671ab22d95c36769e40c41c48d13eb9234e120af244d77154f8f0ae92ca9d7e9
fc203f2ee3139ca7150be956becc3b93e5e00c0620c36cf2742105575286ba72
80ee301c7e33b1953d6e1552f5a6d2c66c9b4fbff8a72026a659d8cbb993bdef
184d58275dc6346324efd426121d071e0e6df46a5b4d9a089614ed59d722e07a
c1c2ebbf213e09460f4214ef41919de453ce1424a7f2f24b74072f09b1d45cbc
71d1ce81d5cd2cb58518a3dbd9c5d1e5683148f8fd072e9546142522199eef4a
ddeed65f549facd52f38a6b8da35093dd29af86bc274db9dd4af5c90538d6b6a
c9387a3c1e9496a2b022259fe87aff0fff670b4f6d018a635a629a717e202c2f
47169d96b57a1653e24a30ce10ea957229013869b2b85c0b2b7461c3fd920a46
15e9ef318d509b5d2868f4bf8b89b964a0b9a8a3670ca8300803daee405df35a
c6484cbd886d657e4c038814356b9c73092a06f6ba2ba2afc7de339c0db3fa84
f11d584897601930e4fdd835739722584b14bdd801391c0f2ef80724e7e806c2
7419280838bf0f7e2700f3901bed930fe64f5375ced95efae9b2a728e665ef43
9ec5d9107cfd977fa2cbabba93f2df7c88a282976849316c2483e1e3479727aa
560d008cf2de8f0c516248d9a291c60a9ff913ccaba8a8203b62717616437022
f088732322b7d3f86129909b1471ddf5c3b4e82a9213e7f1e5ba19b8b912fbe8
07458b6be6ce396261d6672ec619341c1c91aca7f6b8d325e4879b979a25a715
c07f35a299202c38313e144475b011fb835753ff8b0f8ae09eb77ce5921b6ef6
840500955ac427b0d14030d53773d79fb51b7c18b1378400086070d424cc2b1a
6e3d39f1f5522a3642746f77e60ff55952c0b4307242355c652e8407e64eb4d6
12963be98fa76fcc2040f698be81a4b0aa0de0fe2c428ffd4da93ee99d94cb44
b12e2c1f31263c30f73dff9f30e743aadde5f101d5a994eb3d75c73adf21674b
274026d3b0a23a0d562fe0be06d02fa2e321103d74bbb49ac03f5241c19b2a82
148056e3edeb09f643bb21787b8e5c29d966b5ae798db6b2fc6502591a2d2f5b
db92bcb2b383199cb8a80df17c9093d14e1d9e745aa911d4ed2d8070cc57de10
f33f034f414517107fca2d136cef3a9b65a5fd1ab10a7e011f620ffa9700e465
f74dbd24571d3279dddda987d17ab707e4c5f02bfb442ae5a539cf269499ae9b
0350d41431341b01b33043adb1b3cc11542af29867ef139fd7db07eb236ef469
c8f336bd43faa4e80f4ce4cfce8b3557fb001d49402f3cc1580a2c8707745c12
82b9e847318988a5b1cccf9d80497f578772e5ff21d484cd76ba98bf36348968
---------------------
Fri May 10 06:20:50 PM CDT 2024 - Running experiment round 60
---------------------
Netserver is already running.
Netserver IP: 172.17.0.2
Netperf Image exists
7111197dd8de37f647fd6c0a3ea28d256fe66cb81c8a659cb8476648bd13eda7
b112e21493b88c7355cea2425f432e84b7a50d83b16d1b1b3e7984f380b5576a
d8d3163d31a025f85a47e26896add784d022bbda93bd4c1d18d97d8a9d2f5e9d
e122d81edd2bb8f1c711ba7ef11d52cfd41543587bab84e80f65beb95e596f36
c3253f36bcf3a1cd0d59749f8b20f2ed9449ac8ac92a057e95a6322cde99d202
caf7cebb531d58ab9c8fb7b01b62a4dbc9feb5f6d53c731f3645ff9f221849f9
5272b887e31573285c687fce0ab02cb9428e0da1df39c6e38c53b0471ed5f9c8
08841caa8dc4b32710898f645eed83a238a9533e26d91f29f45cfbf691a74547
8f04dfcd69b7081737ffd27d615a71880fc3c6afa5338bcf80896219c3fa9f03
5e60a9e5341c2ff5f88b1983c58b881e8bf3aa5933aae4fffb28a50aa85fc52b
a53e79078d2634ce6d79adfbacf52abbcc8ed877c6cf4339ca06b6468403b14b
812606cec17d9089c254a2620ea13f7bf345553bbcd5eb287816498a83e4f6ac
7c821b61c9c1450a1a00e6368736693aad1aae9788732fe96a5e26d42f197847
bd6a9112421f0d36a6479674151fb7fa8c9c8cbb4b339bc240942221673f1e19
e834fb8315854e866f0269716d435efe3e1f392552f05c9010bc6e683d88890e
a3302128e36a8f022d7fa7b8cc59baddbd187f0b4f9915bc12339eb75627444d
4bbeca842592fc55bcfef916875f5d9645c376b164cbc23eb3955753ae40d05c
3cba439e6ab56b53abd6fb5735cd99cbd6ba05ed490533da34b0716a50e33f86
f142ef61f58aadf10e0523fb108eb78aa069717f3c20399ec3da41ab50f71264
073ad0dddcc62bb99dc1dc724daf6cc118785dead3cdc07f2d2f4f608d1ec31f
8248cbabe013ff209c309094d3798a8daee9b4002f1076077eb769b659eb6e86
f90bd035d822b8ccd2088d9e9418bad86d8901df9d7786e400d0b6cab8b2e675
a558f3f3169391b9d3b0c9347f0bbdd5c3e5bc31195c65751ca613af9b9bd15c
8c6c210ad87cdb78be62f6283ed3b15269f9d133a9b613d67334ec53d4da4e65
d26a2e46b26335d82e03f93c648b85417b2deedf3dd28983efa0ca242698d411
fee181876f8b7e8c40bdf5058908ec111e9248f18a89a48ba339809f971b3ac0
8b05f64ebe4455db3bfff5db90b0cce27d41d62a526aa3b284495ef4c151e6d6
5c6798c3a221814f1816bc82769fd8439a04ce727e30bb752f1f6929a3f32651
f396c3b5aa46d14a0496d045160160cfa2e497afecc977e6e360033ab6a1a34c
31b9fe9cf7840656896a6ffc95b25a786d40a02c73a8bb84ec61e6a14f3a4bd2
99cbe038962700ecc808c260c4157bcba5e25903625014085e9ed51503c197dd
ac7c3aa4a21e2472a45c6fcbf69d09a3e9b805bc42a150d1275ff5f198a580a5
f6ecd0f2e8156a359387e76d03dbe874d143ec3c062d57b29053813fc4362ffc
05fd84ac51ae389c97ef4fa689d00b602caca993f6c652dad1d2936acc428466
86a83be3f619419f16cca691ef346c34ca013d26ba3114dd037796566db90846
b9f3afc19eec0d05f09f46d141f7c1a6b40df38974870f47cbc5a93e7995fde1
67713d352500a2275fc47e67f79dc47b775e0ddb368f1cac5f387be1bca99e45
78118e8b101e1f86eb86e6a5a663befd6714543e7eba9d52b8ad3e9d172fbf13
f660207b208979699a95d50ec979c6aff70f416f1f1d011371df81cadb467800
f2f137f2c24fcb18c4ef996571f1f477b74cc0e735a4f076751b7361a4457048
3d0480a80fed74f8f9b705cbcea79aab1a0d74b1b50521e4750288ecadf23f5d
047d2043d92a4c07a43090fe9fe38989c5e439037ac24d96ecf7bea3b9a8ed3f
cdd25606d279612c1dfcb259ec249344c3bde39ddbc66bd327e44f8faac4c883
6b567085d63007302dde441adb3e396de04bece82c6eac0b02c85f3a9306809f
bb7bb4143956ef0f36a83d0c8e02abe4679efdf8cf988042bf550d69a426075e
168b90b338c35a9e1741399046e111750e72728a4caa5c17a6866ea32a34d18a
4dda85cacce95cbd93f03f1fe3804db157b17089a0c07ce1e3ca04b79c344114
47248c53b54f37d4daa06fb4c1bba81ae732bc1f34adee3ccadf36d106890809
a9ce33b7513883c07bdd5c597a9072d132456aefa4bf464e09bb9f07748290f2
109ea5f35a1ab7ace375fdcff602a4543b93b08fd80d7bc55455afa24be27b2e
2b99d79a7325c68aa458f32b917b4aede1794ade2f3f6b613743b8739f00e85e
4d7c30be85bc40cc31518c3ce7c623deb22494b2bd3e8908e2b8171b259104c3
0cad004ade4ad23d5788ae911fcc7e67c77642b219ba323ca5dfbf7847e88f91
75eb42d4e4339de4ce70d00af5868b3504bd174327b3436e93463d631a0b5f19
bb84104d8493d7a11868a964f18d0314188ca6ee4822e838efbd2e9ccb074d3a
4c1f49815fdc4bd3df0a7bc96999428075ed1801510dc87e65c08e0c97c6bf54
2dbf37c1cb96813e055a3ff4057f51f41d8ac649bd6a32a1c7f713402e9ce15c
9b634b32e51f8e11f67c25f85d88c0b0050b0135179aa4d0ed58800a3750a079
a33eb4e7156b42d1b5e16b8aae0c1b7a42cc0a26b4e42cee67ab559bc59457ef
e112a59f9045edd654b8024fc091255be93d566d87efdd40c5b200916a3a950c
---------------------
Fri May 10 06:22:33 PM CDT 2024 - Running experiment round 80
---------------------
Netserver is already running.
Netserver IP: 172.17.0.2
Netperf Image exists
de5f16fb92bf06bfcbf9fa1d5da5fe7e6040adcbad8ffb017840201d2fbfdf03
5461028ba9a6aae89e966b9821f8b2bef50cebfdaf887040933ae9145eb53f6e
7c53f22c4a3643e59bec0c4c686756a54229ebcdab89e30c0ba510be51be20e9
147cd0746760b854671e4f07e8c0bf71574edb8b84d617fcb88fe6743501ae02
bfc1663104429bd457a1e51f032c48df8fdafe74b0d2bd3b67d53da4b72afea5
8ee9f08afac5730b223ea249daed3134ffee0b5e96d065bf85f2534f893f4b3e
920b4a40c54e8518111146936d08f561af21d9978be2993cf208aef48f9f4c95
554a8494b1c56ee0734c10280c6365d3667b36c88370138875220c5eff97f958
8bdbeba441fb77d289983047f41953ecb1d31dccd0c49c5e202ce8968cf27316
99928f74673b8146211a343f4e981e0466138309236eb96039166c8f1bbd1901
5e65b991dbfee5c50c46c83ced26e7234cecb579c7d88237ca1d53b42a802ffa
afb992f30fd33d47a27e818ad4122824a23c0c72fd5e4d95c77360722c106a70
128d50093bbd309d76af3548b7c50517934691735ba685f211bf9a4c3887484d
da1a8b2099203b17d28332c53c0c3a3e14dd016d7eb6f4b4e9c6c6a7214dc639
f958344a1108fde67da30175a7953485731757965d82d350d6df31fcf014638c
322198c62912178a4ffdf8a810c14043ebe4eb9150435675cc027a44b5e7232b
a195d70949f8de1290cfe4a08a9ef8f53b94e7df54eef34e95d577520bb00f1c
467afb874fc611d185c3923ef8708bc89534f1fb48d357df5a661da3d5663105
b2df1586608e74a4d8e601500826d34bb584a4617221937f9e5ea69ae2b03fba
4a27a1e8447d4c7b1821d965426aaf287baa1e1c2bf845ac1c738f63253431fa
af6e1ef08d133e4e49ce674080076538d8d7f61245beb2ea4b88680212228a7f
ca05c61fe71fc01259641b69e88c291d518018c429ad67405029f431ec4c7925
f37d2a95fca0535aeec01db4f7c554c347f77406e545d5baaab930b052cbfe70
f98b079057e5a1bc5380748ecc762c0d2b49caae0448a5de7fd7d1c33654b87b
651600caa3e84b15f1a17b5bc2a647e41ff32db7a260cc2785c3982758d8d39e
2fc30c2237da51b79440ee0d3d9ec85a53dd4126e3bc32d1f1ac587666f325f8
144ecd8c4d3cd8144c0a767e1c9f8ed078dac1964147e331e743fa0e3c146fba
ed148b9335140e4db20071c8d20a9346d73f2ed932391d697eae5757e5c124f2
0569b57736ac154d075b6a332131d1c17ac421147a2329304569f90fa4886c18
feb771be2f1e53f951dd1b626e4ac11fe86a22301679a981f9976bbd16a2ae31
6046beccc612ff38ef796ea91842f2066f96840f6ae4f9f0e8d7db0dbd8ac6d6
ebfa2905017ecab65f372234ad67311149618fce8271654d56521aae0d65c952
f9ac1360e581b3813d2b45b74071760029d1aaac0840f77e7f508d3e0e5443c3
99ff4a4328c97c751bea9bbecb1b99d90ddf3e91dce8f556f99a490c412d02d8
a653504feb622a88884cb51ba0e1a4accc82153d66e2794b42a644d92c953403
1d386fcd17589d68b6393b97a7b6ee81cf43a1b5bbe6d99413265f607d1e47e6
7f72463dff9115aa4c3d330025926cb5e4a7b27d126e5d46a8651c73f3b1dfdb
f990cefe88236c6e43635a555118adadbde35b5d8f1520698eba7f74c95af6aa
04c89d75eece95fb37c025e242fb1c753ac3ed4e500dd94552be65342eb2c9ef
f726d5d21d0643bb2269dca781100d1398a4f79e770a6e462dae3098b2e8bc8c
a570b19f125151a78c1bfd4e2caf93a4884c4f54558278e1f3836a5e50a69b77
c00e6d468feed48006441fc06827cd0d4b3cadcdcfe73ed749d0d9dd88b62a2b
36a5dff359a2af01345c161c35ea29580ac30840f311b838fbc14f11468010e9
531849b889cc11dff71e8d5230224a0e4eb0f98c88140b86a591098769168c6c
8c284f5a3dfc538e0fad60ffd9f20edef8d17b6e835541b55199a5c48af48d28
15e609afb6b2a4723fdaeb4e871d4e01e149435b7b023ea1acad623ff4d3f9f5
929b19a93ab65ba5a2115c4aaf5eaae511cf1ffa105b5737c7ceafe6090d5c01
02c0708a834f86b95d9fbbfc7f9fc4790cd83986946c091606beb76f6b5507a2
4ab5dd88a165be0295da0e9a88fe7fb0b2ba8b1592ac72f34a1bf729b90bbcac
fcf8b234314e6860491e759e7cfad9c9e2737e76d6daf8937cc4d21a4177a235
def04037f9ef926d808e57191081145722030e1056ccfc64d37ccb8fe50db80f
6a25616588bf7d4521ff9c5293d2ea5285b3b52c8a6ec19a2c680a84625811ce
63f3790480cb45fd0e87268f1950af47796356fff4dc8dfd0136d5166118ea8e
553b7071f9af2489a70889791567da1277a7461327e0171a1c62266fc60e288b
7aff2f3dda5e9b708fd8283dfca1524a81dda9e6ee7fa649fc0c7ece5911bbaf
5774242a89a8c574302f72568fa87a6eb4026b7918f080d069afc243bd9f6bed
ff39e686478a6ad6b8842bf30db675157acc9f4a5426322eafe8dfa81cf343b3
4e534381d41a46cf672fbcfe4477e27faabd9ca1251adc16777ca002c61a459f
a92b6a299c113f9bb3056112adf7ea47d43cac6e403927af50a84ac7c3448c63
03cf8900f456185a10e42096a41a2a76e15e42bf6a9b63583807950f1565cc7a
fd126874b3843753e8926c10a18fbba154590253e26e7847df746ac9d743e702
a85cc36bb5cab664c1b17d7d43201e9f3b3d78518f300c3c40bd5316abe704b5
c58f0e457644508773e2c278b78c668e9d8017038f6b8426b9e0606aca287657
f831076aeb56fcebfb8b4584ed3a7dd2c4d4007003b98aa73810d99c317993d3
a76a87810f960380e4db28259b8f607a0ca3c5459fd3c3a065eeecccafadb6d2
32d5f490a7598f85512fb57bf077af2314e7be684f91c10efb588f69863a761c
bedb822d4ee4f23de0d5c2148c6c34c722223d765c85313904feb2c0b418ecc4
9d5ddd3547aeca6163e8cc9411bfc6b94d830f5487f213757a3253444dea2309
1b2ac5cdd546803ccba2c72533cc4e88b76ff631e940b0a178c555212d622f47
c012536c82c9956b34400350cccad50d3e05fb32c32b80f5193e9f456acc9170
966b046d31161a0c38ef227063b6defab040dc27d7b09370a94a218af6465a55
e437c5f2ee206c124f3aed60c2ad55f754a0179bb16c91dcba458638bbd5b352
8ba0818114ae66e2ea0eb111849038ff5b932d5d073f6f17152c0688938f2461
2a62d14638f6aca0eae2a8df6b042dde030cce3e5ce4cffecd7c1633290ed4a5
96c5ef3eee991890fe685e4965e9d39e3244eda4f40c7f0096af4375d2fdb83d
114a9579d4eaa400a3f59ae11da59dcb511b9bb8a00d79d506cb44537b4569f9
d768b6377f72daf8dc72bf226d0a9a5ba5adf2acc9efae0dfc5c9d28f9324dca
ceb23bfb0bbe772f21b95fdea8750af48109b1f3e292ccb7314a7ab8f565cd25
bd820615adc55d27a8ca9988d37ce6a96e3154d8c2a36dfae209f3741b02cd25
037acdc70e585af213e305b8a1254117c9ba9bb626190aeb832754f4285cf3e0
