Linux 5.15.0-86-generic (node0.gp27-206409.cs523-uiuc-sp24-pg0.wisc.cloudlab.us) 	05/10/2024 	_x86_64_	(40 CPU)

08:00:37 PM   UID       PID    %usr %system  %guest   %wait    %CPU   CPU  Command
08:00:38 PM     0        96    0.00    0.00    0.00    0.00    0.00    13  ksoftirqd/13
08:00:39 PM     0        96    0.00    0.00    0.00    0.00    0.00    13  ksoftirqd/13
08:00:40 PM     0        96    0.00    0.00    0.00    0.00    0.00    13  ksoftirqd/13
08:00:41 PM     0        96    0.00    0.00    0.00    0.00    0.00    13  ksoftirqd/13
08:00:42 PM     0        96    0.00    0.00    0.00    0.00    0.00    13  ksoftirqd/13
08:00:43 PM     0        96    0.00    0.00    0.00    0.00    0.00    13  ksoftirqd/13
08:00:44 PM     0        96    0.00    0.00    0.00    0.00    0.00    13  ksoftirqd/13
08:00:45 PM     0        96    0.00    0.00    0.00    0.00    0.00    13  ksoftirqd/13
08:00:46 PM     0        96    0.00    0.00    0.00    0.00    0.00    13  ksoftirqd/13
08:00:47 PM     0        96    0.00    0.00    0.00    0.00    0.00    13  ksoftirqd/13
08:00:48 PM     0        96    0.00    0.00    0.00    0.00    0.00    13  ksoftirqd/13
08:00:49 PM     0        96    0.00    0.00    0.00    0.00    0.00    13  ksoftirqd/13
08:00:50 PM     0        96    0.00    0.00    0.00    0.00    0.00    13  ksoftirqd/13
08:00:51 PM     0        96    0.00    0.00    0.00    0.00    0.00    13  ksoftirqd/13
08:00:52 PM     0        96    0.00    0.00    0.00    0.00    0.00    13  ksoftirqd/13
08:00:53 PM     0        96    0.00    0.00    0.00    0.00    0.00    13  ksoftirqd/13
08:00:54 PM     0        96    0.00    0.00    0.00    0.00    0.00    13  ksoftirqd/13
08:00:55 PM     0        96    0.00    0.00    0.00    0.00    0.00    13  ksoftirqd/13
08:00:56 PM     0        96    0.00    0.00    0.00    0.00    0.00    13  ksoftirqd/13
08:00:57 PM     0        96    0.00    0.00    0.00    0.00    0.00    13  ksoftirqd/13
08:00:58 PM     0        96    0.00    0.00    0.00    0.00    0.00    13  ksoftirqd/13
08:00:59 PM     0        96    0.00    0.00    0.00    0.00    0.00    13  ksoftirqd/13
08:01:00 PM     0        96    0.00    0.00    0.00    0.00    0.00    13  ksoftirqd/13
08:01:01 PM     0        96    0.00    0.00    0.00    0.00    0.00    13  ksoftirqd/13
08:01:02 PM     0        96    0.00    0.00    0.00    0.00    0.00    13  ksoftirqd/13
08:01:03 PM     0        96    0.00    0.00    0.00    0.00    0.00    13  ksoftirqd/13
08:01:04 PM     0        96    0.00    0.00    0.00    0.00    0.00    13  ksoftirqd/13
08:01:05 PM     0        96    0.00    0.00    0.00    0.00    0.00    13  ksoftirqd/13
08:01:06 PM     0        96    0.00    0.00    0.00    0.00    0.00    13  ksoftirqd/13
08:01:07 PM     0        96    0.00    0.00    0.00    0.00    0.00    13  ksoftirqd/13
08:01:08 PM     0        96    0.00    0.00    0.00    0.00    0.00    13  ksoftirqd/13
08:01:09 PM     0        96    0.00    0.00    0.00    0.00    0.00    13  ksoftirqd/13
08:01:10 PM     0        96    0.00    0.00    0.00    0.00    0.00    13  ksoftirqd/13
08:01:11 PM     0        96    0.00    0.00    0.00    0.00    0.00    13  ksoftirqd/13
08:01:12 PM     0        96    0.00    0.00    0.00    0.00    0.00    13  ksoftirqd/13
08:01:13 PM     0        96    0.00    0.00    0.00    0.00    0.00    13  ksoftirqd/13
08:01:14 PM     0        96    0.00    0.00    0.00    0.00    0.00    13  ksoftirqd/13
08:01:15 PM     0        96    0.00    0.00    0.00    0.00    0.00    13  ksoftirqd/13
08:01:16 PM     0        96    0.00    0.00    0.00    0.00    0.00    13  ksoftirqd/13
08:01:17 PM     0        96    0.00    0.00    0.00    0.00    0.00    13  ksoftirqd/13
08:01:18 PM     0        96    0.00    0.00    0.00    0.00    0.00    13  ksoftirqd/13
08:01:19 PM     0        96    0.00    0.00    0.00    0.00    0.00    13  ksoftirqd/13
08:01:20 PM     0        96    0.00    0.00    0.00    0.00    0.00    13  ksoftirqd/13
08:01:21 PM     0        96    0.00    0.00    0.00    0.00    0.00    13  ksoftirqd/13
08:01:22 PM     0        96    0.00    0.00    0.00    0.00    0.00    13  ksoftirqd/13
08:01:23 PM     0        96    0.00    0.00    0.00    0.00    0.00    13  ksoftirqd/13
08:01:24 PM     0        96    0.00    0.00    0.00    0.00    0.00    13  ksoftirqd/13
08:01:25 PM     0        96    0.00    0.00    0.00    0.00    0.00    13  ksoftirqd/13
08:01:26 PM     0        96    0.00    0.00    0.00    0.00    0.00    13  ksoftirqd/13
08:01:27 PM     0        96    0.00    0.00    0.00    0.00    0.00    13  ksoftirqd/13
08:01:28 PM     0        96    0.00    0.00    0.00    0.00    0.00    13  ksoftirqd/13
08:01:29 PM     0        96    0.00    0.00    0.00    0.00    0.00    13  ksoftirqd/13
08:01:30 PM     0        96    0.00    0.00    0.00    0.00    0.00    13  ksoftirqd/13
08:01:31 PM     0        96    0.00    0.00    0.00    0.00    0.00    13  ksoftirqd/13
08:01:32 PM     0        96    0.00    0.00    0.00    0.00    0.00    13  ksoftirqd/13
08:01:33 PM     0        96    0.00    0.00    0.00    0.00    0.00    13  ksoftirqd/13
08:01:34 PM     0        96    0.00    0.00    0.00    0.00    0.00    13  ksoftirqd/13
08:01:35 PM     0        96    0.00    0.00    0.00    0.00    0.00    13  ksoftirqd/13
08:01:36 PM     0        96    0.00    0.00    0.00    0.00    0.00    13  ksoftirqd/13
08:01:37 PM     0        96    0.00    0.00    0.00    0.00    0.00    13  ksoftirqd/13
08:01:38 PM     0        96    0.00    0.00    0.00    0.00    0.00    13  ksoftirqd/13
08:01:39 PM     0        96    0.00    0.00    0.00    0.00    0.00    13  ksoftirqd/13
08:01:40 PM     0        96    0.00    0.00    0.00    0.00    0.00    13  ksoftirqd/13
08:01:41 PM     0        96    0.00    0.00    0.00    0.00    0.00    13  ksoftirqd/13
08:01:42 PM     0        96    0.00    0.00    0.00    0.00    0.00    13  ksoftirqd/13
08:01:43 PM     0        96    0.00    0.00    0.00    0.00    0.00    13  ksoftirqd/13
08:01:44 PM     0        96    0.00    0.00    0.00    0.00    0.00    13  ksoftirqd/13
08:01:45 PM     0        96    0.00    0.00    0.00    0.00    0.00    13  ksoftirqd/13
08:01:46 PM     0        96    0.00    0.00    0.00    0.00    0.00    13  ksoftirqd/13
08:01:47 PM     0        96    0.00    0.00    0.00    0.00    0.00    13  ksoftirqd/13
08:01:48 PM     0        96    0.00    0.00    0.00    0.00    0.00    13  ksoftirqd/13
08:01:49 PM     0        96    0.00    0.00    0.00    0.00    0.00    13  ksoftirqd/13
08:01:50 PM     0        96    0.00    0.00    0.00    0.00    0.00    13  ksoftirqd/13
08:01:51 PM     0        96    0.00    0.00    0.00    0.00    0.00    13  ksoftirqd/13
08:01:52 PM     0        96    0.00    0.00    0.00    0.00    0.00    13  ksoftirqd/13
08:01:53 PM     0        96    0.00    0.00    0.00    0.00    0.00    13  ksoftirqd/13
08:01:54 PM     0        96    0.00    0.00    0.00    0.00    0.00    13  ksoftirqd/13
08:01:55 PM     0        96    0.00    0.00    0.00    0.00    0.00    13  ksoftirqd/13
08:01:56 PM     0        96    0.00    0.00    0.00    0.00    0.00    13  ksoftirqd/13
08:01:57 PM     0        96    0.00    0.00    0.00    0.00    0.00    13  ksoftirqd/13
08:01:58 PM     0        96    0.00    0.00    0.00    0.00    0.00    13  ksoftirqd/13
08:01:59 PM     0        96    0.00    0.00    0.00    0.00    0.00    13  ksoftirqd/13
08:02:00 PM     0        96    0.00    0.00    0.00    0.00    0.00    13  ksoftirqd/13
08:02:01 PM     0        96    0.00    0.00    0.00    0.00    0.00    13  ksoftirqd/13
08:02:02 PM     0        96    0.00    0.00    0.00    0.00    0.00    13  ksoftirqd/13
08:02:03 PM     0        96    0.00    0.00    0.00    0.00    0.00    13  ksoftirqd/13
08:02:04 PM     0        96    0.00    0.00    0.00    0.00    0.00    13  ksoftirqd/13
08:02:05 PM     0        96    0.00    0.00    0.00    0.00    0.00    13  ksoftirqd/13
08:02:06 PM     0        96    0.00    0.00    0.00    0.00    0.00    13  ksoftirqd/13
08:02:07 PM     0        96    0.00    0.00    0.00    0.00    0.00    13  ksoftirqd/13
08:02:08 PM     0        96    0.00    0.00    0.00    0.00    0.00    13  ksoftirqd/13
08:02:09 PM     0        96    0.00    0.00    0.00    0.00    0.00    13  ksoftirqd/13
08:02:10 PM     0        96    0.00    0.00    0.00    0.00    0.00    13  ksoftirqd/13
08:02:11 PM     0        96    0.00    0.00    0.00    0.00    0.00    13  ksoftirqd/13
08:02:12 PM     0        96    0.00    0.00    0.00    0.00    0.00    13  ksoftirqd/13
08:02:13 PM     0        96    0.00    0.00    0.00    0.00    0.00    13  ksoftirqd/13
08:02:14 PM     0        96    0.00    0.00    0.00    0.00    0.00    13  ksoftirqd/13
08:02:15 PM     0        96    0.00    0.00    0.00    0.00    0.00    13  ksoftirqd/13
08:02:16 PM     0        96    0.00    0.00    0.00    0.00    0.00    13  ksoftirqd/13
08:02:17 PM     0        96    0.00    0.00    0.00    0.00    0.00    13  ksoftirqd/13
08:02:18 PM     0        96    0.00    0.00    0.00    0.00    0.00    13  ksoftirqd/13
08:02:19 PM     0        96    0.00    0.00    0.00    0.00    0.00    13  ksoftirqd/13
08:02:20 PM     0        96    0.00    0.00    0.00    0.00    0.00    13  ksoftirqd/13
08:02:21 PM     0        96    0.00    0.00    0.00    0.00    0.00    13  ksoftirqd/13
08:02:22 PM     0        96    0.00    0.00    0.00    0.00    0.00    13  ksoftirqd/13
08:02:23 PM     0        96    0.00    0.00    0.00    0.00    0.00    13  ksoftirqd/13
08:02:24 PM     0        96    0.00    0.00    0.00    0.00    0.00    13  ksoftirqd/13
08:02:25 PM     0        96    0.00    0.00    0.00    0.00    0.00    13  ksoftirqd/13
08:02:26 PM     0        96    0.00    0.00    0.00    0.00    0.00    13  ksoftirqd/13
08:02:27 PM     0        96    0.00    0.00    0.00    0.00    0.00    13  ksoftirqd/13
08:02:28 PM     0        96    0.00    0.00    0.00    0.00    0.00    13  ksoftirqd/13
08:02:29 PM     0        96    0.00    0.00    0.00    0.00    0.00    13  ksoftirqd/13
08:02:30 PM     0        96    0.00    0.00    0.00    0.00    0.00    13  ksoftirqd/13
08:02:31 PM     0        96    0.00    0.00    0.00    0.00    0.00    13  ksoftirqd/13
08:02:32 PM     0        96    0.00    0.00    0.00    0.00    0.00    13  ksoftirqd/13
08:02:33 PM     0        96    0.00    0.00    0.00    0.00    0.00    13  ksoftirqd/13
08:02:34 PM     0        96    0.00    0.00    0.00    0.00    0.00    13  ksoftirqd/13
08:02:35 PM     0        96    0.00    0.00    0.00    0.00    0.00    13  ksoftirqd/13
08:02:36 PM     0        96    0.00    0.00    0.00    0.00    0.00    13  ksoftirqd/13
08:02:37 PM     0        96    0.00    0.00    0.00    0.00    0.00    13  ksoftirqd/13
08:02:38 PM     0        96    0.00    0.00    0.00    0.00    0.00    13  ksoftirqd/13
08:02:39 PM     0        96    0.00    0.00    0.00    0.00    0.00    13  ksoftirqd/13
08:02:40 PM     0        96    0.00    0.00    0.00    0.00    0.00    13  ksoftirqd/13
08:02:41 PM     0        96    0.00    0.00    0.00    0.00    0.00    13  ksoftirqd/13
08:02:42 PM     0        96    0.00    0.00    0.00    0.00    0.00    13  ksoftirqd/13
08:02:43 PM     0        96    0.00    0.00    0.00    0.00    0.00    13  ksoftirqd/13
08:02:44 PM     0        96    0.00    0.00    0.00    0.00    0.00    13  ksoftirqd/13
08:02:45 PM     0        96    0.00    0.00    0.00    0.00    0.00    13  ksoftirqd/13
08:02:46 PM     0        96    0.00    0.00    0.00    0.00    0.00    13  ksoftirqd/13
08:02:47 PM     0        96    0.00    0.00    0.00    0.00    0.00    13  ksoftirqd/13
08:02:48 PM     0        96    0.00    0.00    0.00    0.00    0.00    13  ksoftirqd/13
08:02:49 PM     0        96    0.00    0.00    0.00    0.00    0.00    13  ksoftirqd/13
08:02:50 PM     0        96    0.00    0.00    0.00    0.00    0.00    13  ksoftirqd/13
08:02:51 PM     0        96    0.00    0.00    0.00    0.00    0.00    13  ksoftirqd/13
08:02:52 PM     0        96    0.00    0.00    0.00    0.00    0.00    13  ksoftirqd/13
08:02:53 PM     0        96    0.00    0.00    0.00    0.00    0.00    13  ksoftirqd/13
08:02:54 PM     0        96    0.00    0.00    0.00    0.00    0.00    13  ksoftirqd/13
08:02:55 PM     0        96    0.00    0.00    0.00    0.00    0.00    13  ksoftirqd/13
08:02:56 PM     0        96    0.00    0.00    0.00    0.00    0.00    13  ksoftirqd/13
08:02:57 PM     0        96    0.00    0.00    0.00    0.00    0.00    13  ksoftirqd/13
08:02:58 PM     0        96    0.00    0.00    0.00    0.00    0.00    13  ksoftirqd/13
08:02:59 PM     0        96    0.00    0.00    0.00    0.00    0.00    13  ksoftirqd/13
08:03:00 PM     0        96    0.00    0.00    0.00    0.00    0.00    13  ksoftirqd/13
08:03:01 PM     0        96    0.00    0.00    0.00    0.00    0.00    13  ksoftirqd/13
08:03:02 PM     0        96    0.00    0.00    0.00    0.00    0.00    13  ksoftirqd/13
08:03:03 PM     0        96    0.00    0.00    0.00    0.00    0.00    13  ksoftirqd/13
08:03:04 PM     0        96    0.00    0.00    0.00    0.00    0.00    13  ksoftirqd/13
08:03:05 PM     0        96    0.00    0.00    0.00    0.00    0.00    13  ksoftirqd/13
08:03:06 PM     0        96    0.00    0.00    0.00    0.00    0.00    13  ksoftirqd/13
08:03:07 PM     0        96    0.00    0.00    0.00    0.00    0.00    13  ksoftirqd/13
08:03:08 PM     0        96    0.00    0.00    0.00    0.00    0.00    13  ksoftirqd/13
08:03:09 PM     0        96    0.00    0.00    0.00    0.00    0.00    13  ksoftirqd/13
08:03:10 PM     0        96    0.00    0.00    0.00    0.00    0.00    13  ksoftirqd/13
08:03:11 PM     0        96    0.00    0.00    0.00    0.00    0.00    13  ksoftirqd/13
08:03:12 PM     0        96    0.00    0.00    0.00    0.00    0.00    13  ksoftirqd/13
08:03:13 PM     0        96    0.00    0.00    0.00    0.00    0.00    13  ksoftirqd/13
08:03:14 PM     0        96    0.00    0.00    0.00    0.00    0.00    13  ksoftirqd/13
08:03:15 PM     0        96    0.00    0.00    0.00    0.00    0.00    13  ksoftirqd/13
08:03:16 PM     0        96    0.00    0.00    0.00    0.00    0.00    13  ksoftirqd/13
08:03:17 PM     0        96    0.00    0.00    0.00    0.00    0.00    13  ksoftirqd/13
08:03:18 PM     0        96    0.00    0.00    0.00    0.00    0.00    13  ksoftirqd/13
08:03:19 PM     0        96    0.00    0.00    0.00    0.00    0.00    13  ksoftirqd/13
08:03:20 PM     0        96    0.00    0.00    0.00    0.00    0.00    13  ksoftirqd/13
08:03:21 PM     0        96    0.00    0.00    0.00    0.00    0.00    13  ksoftirqd/13
08:03:22 PM     0        96    0.00    0.00    0.00    0.00    0.00    13  ksoftirqd/13
08:03:23 PM     0        96    0.00    0.00    0.00    0.00    0.00    13  ksoftirqd/13
08:03:24 PM     0        96    0.00    0.00    0.00    0.00    0.00    13  ksoftirqd/13
08:03:25 PM     0        96    0.00    0.00    0.00    0.00    0.00    13  ksoftirqd/13
08:03:26 PM     0        96    0.00    0.00    0.00    0.00    0.00    13  ksoftirqd/13
08:03:27 PM     0        96    0.00    0.00    0.00    0.00    0.00    13  ksoftirqd/13
08:03:28 PM     0        96    0.00    0.00    0.00    0.00    0.00    13  ksoftirqd/13
08:03:29 PM     0        96    0.00    0.00    0.00    0.00    0.00    13  ksoftirqd/13
08:03:30 PM     0        96    0.00    0.00    0.00    0.00    0.00    13  ksoftirqd/13
08:03:31 PM     0        96    0.00    0.00    0.00    0.00    0.00    13  ksoftirqd/13
08:03:32 PM     0        96    0.00    0.00    0.00    0.00    0.00    13  ksoftirqd/13
08:03:33 PM     0        96    0.00    0.00    0.00    0.00    0.00    13  ksoftirqd/13
08:03:34 PM     0        96    0.00    0.00    0.00    0.00    0.00    13  ksoftirqd/13
08:03:35 PM     0        96    0.00    0.00    0.00    0.00    0.00    13  ksoftirqd/13
08:03:36 PM     0        96    0.00    0.00    0.00    0.00    0.00    13  ksoftirqd/13
08:03:37 PM     0        96    0.00    0.00    0.00    0.00    0.00    13  ksoftirqd/13
08:03:38 PM     0        96    0.00    0.00    0.00    0.00    0.00    13  ksoftirqd/13
08:03:39 PM     0        96    0.00    0.00    0.00    0.00    0.00    13  ksoftirqd/13
08:03:40 PM     0        96    0.00    0.00    0.00    0.00    0.00    13  ksoftirqd/13
08:03:41 PM     0        96    0.00    0.00    0.00    0.00    0.00    13  ksoftirqd/13
08:03:42 PM     0        96    0.00    0.00    0.00    0.00    0.00    13  ksoftirqd/13
08:03:43 PM     0        96    0.00    0.00    0.00    0.00    0.00    13  ksoftirqd/13
08:03:44 PM     0        96    0.00    0.00    0.00    0.00    0.00    13  ksoftirqd/13
08:03:45 PM     0        96    0.00    0.00    0.00    0.00    0.00    13  ksoftirqd/13
08:03:46 PM     0        96    0.00    0.00    0.00    0.00    0.00    13  ksoftirqd/13
08:03:47 PM     0        96    0.00    0.00    0.00    0.00    0.00    13  ksoftirqd/13
08:03:48 PM     0        96    0.00    0.00    0.00    0.00    0.00    13  ksoftirqd/13
08:03:49 PM     0        96    0.00    0.00    0.00    0.00    0.00    13  ksoftirqd/13
08:03:50 PM     0        96    0.00    0.00    0.00    0.00    0.00    13  ksoftirqd/13
08:03:51 PM     0        96    0.00    0.00    0.00    0.00    0.00    13  ksoftirqd/13
08:03:52 PM     0        96    0.00    0.00    0.00    0.00    0.00    13  ksoftirqd/13
08:03:53 PM     0        96    0.00    0.00    0.00    0.00    0.00    13  ksoftirqd/13
08:03:54 PM     0        96    0.00    0.00    0.00    0.00    0.00    13  ksoftirqd/13
08:03:55 PM     0        96    0.00    0.00    0.00    0.00    0.00    13  ksoftirqd/13
08:03:56 PM     0        96    0.00    0.00    0.00    0.00    0.00    13  ksoftirqd/13
08:03:57 PM     0        96    0.00    0.00    0.00    0.00    0.00    13  ksoftirqd/13
08:03:58 PM     0        96    0.00    0.00    0.00    0.00    0.00    13  ksoftirqd/13
08:03:59 PM     0        96    0.00    0.00    0.00    0.00    0.00    13  ksoftirqd/13
08:04:00 PM     0        96    0.00    0.00    0.00    0.00    0.00    13  ksoftirqd/13
08:04:01 PM     0        96    0.00    0.00    0.00    0.00    0.00    13  ksoftirqd/13
08:04:02 PM     0        96    0.00    0.00    0.00    0.00    0.00    13  ksoftirqd/13
08:04:03 PM     0        96    0.00    0.00    0.00    0.00    0.00    13  ksoftirqd/13
08:04:04 PM     0        96    0.00    0.00    0.00    0.00    0.00    13  ksoftirqd/13
08:04:05 PM     0        96    0.00    0.00    0.00    0.00    0.00    13  ksoftirqd/13
08:04:06 PM     0        96    0.00    0.00    0.00    0.00    0.00    13  ksoftirqd/13
08:04:07 PM     0        96    0.00    0.00    0.00    0.00    0.00    13  ksoftirqd/13
08:04:08 PM     0        96    0.00    0.00    0.00    0.00    0.00    13  ksoftirqd/13
08:04:09 PM     0        96    0.00    0.00    0.00    0.00    0.00    13  ksoftirqd/13
08:04:10 PM     0        96    0.00    0.00    0.00    0.00    0.00    13  ksoftirqd/13
08:04:11 PM     0        96    0.00    0.00    0.00    0.00    0.00    13  ksoftirqd/13
08:04:12 PM     0        96    0.00    0.00    0.00    0.00    0.00    13  ksoftirqd/13
08:04:13 PM     0        96    0.00    0.00    0.00    0.00    0.00    13  ksoftirqd/13
08:04:14 PM     0        96    0.00    0.00    0.00    0.00    0.00    13  ksoftirqd/13
08:04:15 PM     0        96    0.00    0.00    0.00    0.00    0.00    13  ksoftirqd/13
08:04:16 PM     0        96    0.00    0.00    0.00    0.00    0.00    13  ksoftirqd/13
08:04:17 PM     0        96    0.00    0.00    0.00    0.00    0.00    13  ksoftirqd/13
08:04:18 PM     0        96    0.00    0.00    0.00    0.00    0.00    13  ksoftirqd/13
08:04:19 PM     0        96    0.00    0.00    0.00    0.00    0.00    13  ksoftirqd/13
08:04:20 PM     0        96    0.00    0.00    0.00    0.00    0.00    13  ksoftirqd/13
08:04:21 PM     0        96    0.00    0.00    0.00    0.00    0.00    13  ksoftirqd/13
08:04:22 PM     0        96    0.00    0.00    0.00    0.00    0.00    13  ksoftirqd/13
08:04:23 PM     0        96    0.00    0.00    0.00    0.00    0.00    13  ksoftirqd/13
08:04:24 PM     0        96    0.00    0.00    0.00    0.00    0.00    13  ksoftirqd/13
08:04:25 PM     0        96    0.00    0.00    0.00    0.00    0.00    13  ksoftirqd/13
08:04:26 PM     0        96    0.00    0.00    0.00    0.00    0.00    13  ksoftirqd/13
08:04:27 PM     0        96    0.00    0.00    0.00    0.00    0.00    13  ksoftirqd/13
08:04:28 PM     0        96    0.00    0.00    0.00    0.00    0.00    13  ksoftirqd/13
08:04:29 PM     0        96    0.00    0.00    0.00    0.00    0.00    13  ksoftirqd/13
08:04:30 PM     0        96    0.00    0.00    0.00    0.00    0.00    13  ksoftirqd/13
08:04:31 PM     0        96    0.00    0.00    0.00    0.00    0.00    13  ksoftirqd/13
08:04:32 PM     0        96    0.00    0.00    0.00    0.00    0.00    13  ksoftirqd/13
08:04:33 PM     0        96    0.00    0.00    0.00    0.00    0.00    13  ksoftirqd/13
08:04:34 PM     0        96    0.00    0.00    0.00    0.00    0.00    13  ksoftirqd/13
08:04:35 PM     0        96    0.00    0.00    0.00    0.00    0.00    13  ksoftirqd/13
08:04:36 PM     0        96    0.00    0.00    0.00    0.00    0.00    13  ksoftirqd/13
08:04:37 PM     0        96    0.00    0.00    0.00    0.00    0.00    13  ksoftirqd/13
08:04:38 PM     0        96    0.00    0.00    0.00    0.00    0.00    13  ksoftirqd/13
08:04:39 PM     0        96    0.00    0.00    0.00    0.00    0.00    13  ksoftirqd/13
08:04:40 PM     0        96    0.00    0.00    0.00    0.00    0.00    13  ksoftirqd/13
08:04:41 PM     0        96    0.00    0.00    0.00    0.00    0.00    13  ksoftirqd/13
08:04:42 PM     0        96    0.00    0.00    0.00    0.00    0.00    13  ksoftirqd/13
08:04:43 PM     0        96    0.00    0.00    0.00    0.00    0.00    13  ksoftirqd/13
08:04:44 PM     0        96    0.00    0.00    0.00    0.00    0.00    13  ksoftirqd/13
08:04:45 PM     0        96    0.00    0.00    0.00    0.00    0.00    13  ksoftirqd/13
08:04:46 PM     0        96    0.00    0.00    0.00    0.00    0.00    13  ksoftirqd/13
08:04:47 PM     0        96    0.00    0.00    0.00    0.00    0.00    13  ksoftirqd/13
08:04:48 PM     0        96    0.00    0.00    0.00    0.00    0.00    13  ksoftirqd/13
08:04:49 PM     0        96    0.00    0.00    0.00    0.00    0.00    13  ksoftirqd/13
08:04:50 PM     0        96    0.00    0.00    0.00    0.00    0.00    13  ksoftirqd/13
08:04:51 PM     0        96    0.00    0.00    0.00    0.00    0.00    13  ksoftirqd/13
08:04:52 PM     0        96    0.00    0.00    0.00    0.00    0.00    13  ksoftirqd/13
08:04:53 PM     0        96    0.00    0.00    0.00    0.00    0.00    13  ksoftirqd/13
08:04:54 PM     0        96    0.00    0.00    0.00    0.00    0.00    13  ksoftirqd/13
08:04:55 PM     0        96    0.00    0.00    0.00    0.00    0.00    13  ksoftirqd/13
08:04:56 PM     0        96    0.00    0.00    0.00    0.00    0.00    13  ksoftirqd/13
08:04:57 PM     0        96    0.00    0.00    0.00    0.00    0.00    13  ksoftirqd/13
08:04:58 PM     0        96    0.00    0.00    0.00    0.00    0.00    13  ksoftirqd/13
08:04:59 PM     0        96    0.00    0.00    0.00    0.00    0.00    13  ksoftirqd/13
08:05:00 PM     0        96    0.00    0.00    0.00    0.00    0.00    13  ksoftirqd/13
08:05:01 PM     0        96    0.00    0.00    0.00    0.00    0.00    13  ksoftirqd/13
08:05:02 PM     0        96    0.00    0.00    0.00    0.00    0.00    13  ksoftirqd/13
08:05:03 PM     0        96    0.00    0.00    0.00    0.00    0.00    13  ksoftirqd/13
08:05:04 PM     0        96    0.00    0.00    0.00    0.00    0.00    13  ksoftirqd/13
08:05:05 PM     0        96    0.00    0.00    0.00    0.00    0.00    13  ksoftirqd/13
08:05:06 PM     0        96    0.00    0.00    0.00    0.00    0.00    13  ksoftirqd/13
08:05:07 PM     0        96    0.00    0.00    0.00    0.00    0.00    13  ksoftirqd/13
08:05:08 PM     0        96    0.00    0.00    0.00    0.00    0.00    13  ksoftirqd/13
08:05:09 PM     0        96    0.00    0.00    0.00    0.00    0.00    13  ksoftirqd/13
08:05:10 PM     0        96    0.00    0.00    0.00    0.00    0.00    13  ksoftirqd/13
08:05:11 PM     0        96    0.00    0.00    0.00    0.00    0.00    13  ksoftirqd/13
08:05:12 PM     0        96    0.00    0.00    0.00    0.00    0.00    13  ksoftirqd/13
08:05:13 PM     0        96    0.00    0.00    0.00    0.00    0.00    13  ksoftirqd/13
08:05:14 PM     0        96    0.00    0.00    0.00    0.00    0.00    13  ksoftirqd/13
08:05:15 PM     0        96    0.00    0.00    0.00    0.00    0.00    13  ksoftirqd/13
08:05:16 PM     0        96    0.00    0.00    0.00    0.00    0.00    13  ksoftirqd/13
08:05:17 PM     0        96    0.00    0.00    0.00    0.00    0.00    13  ksoftirqd/13
08:05:18 PM     0        96    0.00    0.00    0.00    0.00    0.00    13  ksoftirqd/13
08:05:19 PM     0        96    0.00    0.00    0.00    0.00    0.00    13  ksoftirqd/13
08:05:20 PM     0        96    0.00    0.00    0.00    0.00    0.00    13  ksoftirqd/13
08:05:21 PM     0        96    0.00    0.00    0.00    0.00    0.00    13  ksoftirqd/13
08:05:22 PM     0        96    0.00    0.00    0.00    0.00    0.00    13  ksoftirqd/13
08:05:23 PM     0        96    0.00    0.00    0.00    0.00    0.00    13  ksoftirqd/13
08:05:24 PM     0        96    0.00    0.00    0.00    0.00    0.00    13  ksoftirqd/13
08:05:25 PM     0        96    0.00    0.00    0.00    0.00    0.00    13  ksoftirqd/13
08:05:26 PM     0        96    0.00    0.00    0.00    0.00    0.00    13  ksoftirqd/13
08:05:27 PM     0        96    0.00    0.00    0.00    0.00    0.00    13  ksoftirqd/13
08:05:28 PM     0        96    0.00    0.00    0.00    0.00    0.00    13  ksoftirqd/13
08:05:29 PM     0        96    0.00    0.00    0.00    0.00    0.00    13  ksoftirqd/13
08:05:30 PM     0        96    0.00    0.00    0.00    0.00    0.00    13  ksoftirqd/13
08:05:31 PM     0        96    0.00    0.00    0.00    0.00    0.00    13  ksoftirqd/13
08:05:32 PM     0        96    0.00    0.00    0.00    0.00    0.00    13  ksoftirqd/13
08:05:33 PM     0        96    0.00    0.00    0.00    0.00    0.00    13  ksoftirqd/13
08:05:34 PM     0        96    0.00    0.00    0.00    0.00    0.00    13  ksoftirqd/13
08:05:35 PM     0        96    0.00    0.00    0.00    0.00    0.00    13  ksoftirqd/13
08:05:36 PM     0        96    0.00    0.00    0.00    0.00    0.00    13  ksoftirqd/13
08:05:37 PM     0        96    0.00    0.00    0.00    0.00    0.00    13  ksoftirqd/13
08:05:38 PM     0        96    0.00    0.00    0.00    0.00    0.00    13  ksoftirqd/13
08:05:39 PM     0        96    0.00    0.00    0.00    0.00    0.00    13  ksoftirqd/13
08:05:40 PM     0        96    0.00    0.00    0.00    0.00    0.00    13  ksoftirqd/13
08:05:41 PM     0        96    0.00    0.00    0.00    0.00    0.00    13  ksoftirqd/13
08:05:42 PM     0        96    0.00    0.00    0.00    0.00    0.00    13  ksoftirqd/13
08:05:43 PM     0        96    0.00    0.00    0.00    0.00    0.00    13  ksoftirqd/13
08:05:44 PM     0        96    0.00    0.00    0.00    0.00    0.00    13  ksoftirqd/13
08:05:45 PM     0        96    0.00    0.00    0.00    0.00    0.00    13  ksoftirqd/13
08:05:46 PM     0        96    0.00    0.00    0.00    0.00    0.00    13  ksoftirqd/13
08:05:47 PM     0        96    0.00    0.00    0.00    0.00    0.00    13  ksoftirqd/13
08:05:48 PM     0        96    0.00    0.00    0.00    0.00    0.00    13  ksoftirqd/13
08:05:49 PM     0        96    0.00    0.00    0.00    0.00    0.00    13  ksoftirqd/13
08:05:50 PM     0        96    0.00    0.00    0.00    0.00    0.00    13  ksoftirqd/13
08:05:51 PM     0        96    0.00    0.00    0.00    0.00    0.00    13  ksoftirqd/13
08:05:52 PM     0        96    0.00    0.00    0.00    0.00    0.00    13  ksoftirqd/13
08:05:53 PM     0        96    0.00    0.00    0.00    0.00    0.00    13  ksoftirqd/13
08:05:54 PM     0        96    0.00    0.00    0.00    0.00    0.00    13  ksoftirqd/13
08:05:55 PM     0        96    0.00    0.00    0.00    0.00    0.00    13  ksoftirqd/13
08:05:56 PM     0        96    0.00    0.00    0.00    0.00    0.00    13  ksoftirqd/13
08:05:57 PM     0        96    0.00    0.00    0.00    0.00    0.00    13  ksoftirqd/13
08:05:58 PM     0        96    0.00    0.00    0.00    0.00    0.00    13  ksoftirqd/13
08:05:59 PM     0        96    0.00    0.00    0.00    0.00    0.00    13  ksoftirqd/13
08:06:00 PM     0        96    0.00    0.00    0.00    0.00    0.00    13  ksoftirqd/13
08:06:01 PM     0        96    0.00    0.00    0.00    0.00    0.00    13  ksoftirqd/13
08:06:02 PM     0        96    0.00    0.00    0.00    0.00    0.00    13  ksoftirqd/13
08:06:03 PM     0        96    0.00    0.00    0.00    0.00    0.00    13  ksoftirqd/13
08:06:04 PM     0        96    0.00    0.00    0.00    0.00    0.00    13  ksoftirqd/13
08:06:05 PM     0        96    0.00    0.00    0.00    0.00    0.00    13  ksoftirqd/13
08:06:06 PM     0        96    0.00    0.00    0.00    0.00    0.00    13  ksoftirqd/13
08:06:07 PM     0        96    0.00    0.00    0.00    0.00    0.00    13  ksoftirqd/13
08:06:08 PM     0        96    0.00    0.00    0.00    0.00    0.00    13  ksoftirqd/13
08:06:09 PM     0        96    0.00    0.00    0.00    0.00    0.00    13  ksoftirqd/13
08:06:10 PM     0        96    0.00    0.00    0.00    0.00    0.00    13  ksoftirqd/13
08:06:11 PM     0        96    0.00    0.00    0.00    0.00    0.00    13  ksoftirqd/13
08:06:12 PM     0        96    0.00    0.00    0.00    0.00    0.00    13  ksoftirqd/13
08:06:13 PM     0        96    0.00    0.00    0.00    0.00    0.00    13  ksoftirqd/13
08:06:14 PM     0        96    0.00    0.00    0.00    0.00    0.00    13  ksoftirqd/13
08:06:15 PM     0        96    0.00    0.00    0.00    0.00    0.00    13  ksoftirqd/13
08:06:16 PM     0        96    0.00    0.00    0.00    0.00    0.00    13  ksoftirqd/13
08:06:17 PM     0        96    0.00    0.00    0.00    0.00    0.00    13  ksoftirqd/13
08:06:18 PM     0        96    0.00    0.00    0.00    0.00    0.00    13  ksoftirqd/13
08:06:19 PM     0        96    0.00    0.00    0.00    0.00    0.00    13  ksoftirqd/13
08:06:20 PM     0        96    0.00    0.00    0.00    0.00    0.00    13  ksoftirqd/13
08:06:21 PM     0        96    0.00    0.00    0.00    0.00    0.00    13  ksoftirqd/13
08:06:22 PM     0        96    0.00    0.00    0.00    0.00    0.00    13  ksoftirqd/13
08:06:23 PM     0        96    0.00    0.00    0.00    0.00    0.00    13  ksoftirqd/13
08:06:24 PM     0        96    0.00    0.00    0.00    0.00    0.00    13  ksoftirqd/13
08:06:25 PM     0        96    0.00    0.00    0.00    0.00    0.00    13  ksoftirqd/13
08:06:26 PM     0        96    0.00    0.00    0.00    0.00    0.00    13  ksoftirqd/13
08:06:27 PM     0        96    0.00    0.00    0.00    0.00    0.00    13  ksoftirqd/13
08:06:28 PM     0        96    0.00    0.00    0.00    0.00    0.00    13  ksoftirqd/13
08:06:29 PM     0        96    0.00    0.00    0.00    0.00    0.00    13  ksoftirqd/13
08:06:30 PM     0        96    0.00    0.00    0.00    0.00    0.00    13  ksoftirqd/13
08:06:31 PM     0        96    0.00    0.00    0.00    0.00    0.00    13  ksoftirqd/13
08:06:32 PM     0        96    0.00    0.00    0.00    0.00    0.00    13  ksoftirqd/13
08:06:33 PM     0        96    0.00    0.00    0.00    0.00    0.00    13  ksoftirqd/13
08:06:34 PM     0        96    0.00    0.00    0.00    0.00    0.00    13  ksoftirqd/13
08:06:35 PM     0        96    0.00    0.00    0.00    0.00    0.00    13  ksoftirqd/13
08:06:36 PM     0        96    0.00    0.00    0.00    0.00    0.00    13  ksoftirqd/13
08:06:37 PM     0        96    0.00    0.00    0.00    0.00    0.00    13  ksoftirqd/13
08:06:38 PM     0        96    0.00    0.00    0.00    0.00    0.00    13  ksoftirqd/13
08:06:39 PM     0        96    0.00    0.00    0.00    0.00    0.00    13  ksoftirqd/13
08:06:40 PM     0        96    0.00    0.00    0.00    0.00    0.00    13  ksoftirqd/13
08:06:41 PM     0        96    0.00    0.00    0.00    0.00    0.00    13  ksoftirqd/13
08:06:42 PM     0        96    0.00    0.00    0.00    0.00    0.00    13  ksoftirqd/13
08:06:43 PM     0        96    0.00    0.00    0.00    0.00    0.00    13  ksoftirqd/13
08:06:44 PM     0        96    0.00    0.00    0.00    0.00    0.00    13  ksoftirqd/13
08:06:45 PM     0        96    0.00    0.00    0.00    0.00    0.00    13  ksoftirqd/13
08:06:46 PM     0        96    0.00    0.00    0.00    0.00    0.00    13  ksoftirqd/13
08:06:47 PM     0        96    0.00    0.00    0.00    0.00    0.00    13  ksoftirqd/13
08:06:48 PM     0        96    0.00    0.00    0.00    0.00    0.00    13  ksoftirqd/13
08:06:49 PM     0        96    0.00    0.00    0.00    0.00    0.00    13  ksoftirqd/13
08:06:50 PM     0        96    0.00    0.00    0.00    0.00    0.00    13  ksoftirqd/13
08:06:51 PM     0        96    0.00    0.00    0.00    0.00    0.00    13  ksoftirqd/13
08:06:52 PM     0        96    0.00    0.00    0.00    0.00    0.00    13  ksoftirqd/13
08:06:53 PM     0        96    0.00    0.00    0.00    0.00    0.00    13  ksoftirqd/13
08:06:54 PM     0        96    0.00    0.00    0.00    0.00    0.00    13  ksoftirqd/13
08:06:55 PM     0        96    0.00    0.00    0.00    0.00    0.00    13  ksoftirqd/13
08:06:56 PM     0        96    0.00    0.00    0.00    0.00    0.00    13  ksoftirqd/13
08:06:57 PM     0        96    0.00    0.00    0.00    0.00    0.00    13  ksoftirqd/13
08:06:58 PM     0        96    0.00    0.00    0.00    0.00    0.00    13  ksoftirqd/13
08:06:59 PM     0        96    0.00    0.00    0.00    0.00    0.00    13  ksoftirqd/13
08:07:00 PM     0        96    0.00    0.00    0.00    0.00    0.00    13  ksoftirqd/13
08:07:01 PM     0        96    0.00    0.00    0.00    0.00    0.00    13  ksoftirqd/13
08:07:02 PM     0        96    0.00    0.00    0.00    0.00    0.00    13  ksoftirqd/13
08:07:03 PM     0        96    0.00    0.00    0.00    0.00    0.00    13  ksoftirqd/13
08:07:04 PM     0        96    0.00    0.00    0.00    0.00    0.00    13  ksoftirqd/13
08:07:05 PM     0        96    0.00    0.00    0.00    0.00    0.00    13  ksoftirqd/13
08:07:06 PM     0        96    0.00    0.00    0.00    0.00    0.00    13  ksoftirqd/13
08:07:07 PM     0        96    0.00    0.00    0.00    0.00    0.00    13  ksoftirqd/13
08:07:08 PM     0        96    0.00    0.00    0.00    0.00    0.00    13  ksoftirqd/13
08:07:09 PM     0        96    0.00    0.00    0.00    0.00    0.00    13  ksoftirqd/13
08:07:10 PM     0        96    0.00    0.00    0.00    0.00    0.00    13  ksoftirqd/13
08:07:11 PM     0        96    0.00    0.00    0.00    0.00    0.00    13  ksoftirqd/13
08:07:12 PM     0        96    0.00    0.00    0.00    0.00    0.00    13  ksoftirqd/13
08:07:13 PM     0        96    0.00    0.00    0.00    0.00    0.00    13  ksoftirqd/13
08:07:14 PM     0        96    0.00    0.00    0.00    0.00    0.00    13  ksoftirqd/13
08:07:15 PM     0        96    0.00    0.00    0.00    0.00    0.00    13  ksoftirqd/13
08:07:16 PM     0        96    0.00    0.00    0.00    0.00    0.00    13  ksoftirqd/13
08:07:17 PM     0        96    0.00    0.00    0.00    0.00    0.00    13  ksoftirqd/13
08:07:18 PM     0        96    0.00    0.00    0.00    0.00    0.00    13  ksoftirqd/13
08:07:19 PM     0        96    0.00    0.00    0.00    0.00    0.00    13  ksoftirqd/13
08:07:20 PM     0        96    0.00    0.00    0.00    0.00    0.00    13  ksoftirqd/13
08:07:21 PM     0        96    0.00    0.00    0.00    0.00    0.00    13  ksoftirqd/13
08:07:22 PM     0        96    0.00    0.00    0.00    0.00    0.00    13  ksoftirqd/13
08:07:23 PM     0        96    0.00    0.00    0.00    0.00    0.00    13  ksoftirqd/13
08:07:24 PM     0        96    0.00    0.00    0.00    0.00    0.00    13  ksoftirqd/13
08:07:25 PM     0        96    0.00    0.00    0.00    0.00    0.00    13  ksoftirqd/13
08:07:26 PM     0        96    0.00    0.00    0.00    0.00    0.00    13  ksoftirqd/13
08:07:27 PM     0        96    0.00    0.00    0.00    0.00    0.00    13  ksoftirqd/13
08:07:28 PM     0        96    0.00    0.00    0.00    0.00    0.00    13  ksoftirqd/13
08:07:29 PM     0        96    0.00    0.00    0.00    0.00    0.00    13  ksoftirqd/13
08:07:30 PM     0        96    0.00    0.00    0.00    0.00    0.00    13  ksoftirqd/13
08:07:31 PM     0        96    0.00    0.00    0.00    0.00    0.00    13  ksoftirqd/13
08:07:32 PM     0        96    0.00    0.00    0.00    0.00    0.00    13  ksoftirqd/13
08:07:33 PM     0        96    0.00    0.00    0.00    0.00    0.00    13  ksoftirqd/13
08:07:34 PM     0        96    0.00    0.00    0.00    0.00    0.00    13  ksoftirqd/13
08:07:35 PM     0        96    0.00    0.00    0.00    0.00    0.00    13  ksoftirqd/13
08:07:36 PM     0        96    0.00    0.00    0.00    0.00    0.00    13  ksoftirqd/13
08:07:37 PM     0        96    0.00    0.00    0.00    0.00    0.00    13  ksoftirqd/13
08:07:38 PM     0        96    0.00    0.00    0.00    0.00    0.00    13  ksoftirqd/13
08:07:39 PM     0        96    0.00    0.00    0.00    0.00    0.00    13  ksoftirqd/13
08:07:40 PM     0        96    0.00    0.00    0.00    0.00    0.00    13  ksoftirqd/13
08:07:41 PM     0        96    0.00    0.00    0.00    0.00    0.00    13  ksoftirqd/13
08:07:42 PM     0        96    0.00    0.00    0.00    0.00    0.00    13  ksoftirqd/13
08:07:43 PM     0        96    0.00    0.00    0.00    0.00    0.00    13  ksoftirqd/13
08:07:44 PM     0        96    0.00    0.00    0.00    0.00    0.00    13  ksoftirqd/13
08:07:45 PM     0        96    0.00    0.00    0.00    0.00    0.00    13  ksoftirqd/13
08:07:46 PM     0        96    0.00    0.00    0.00    0.00    0.00    13  ksoftirqd/13
08:07:47 PM     0        96    0.00    0.00    0.00    0.00    0.00    13  ksoftirqd/13
08:07:48 PM     0        96    0.00    0.00    0.00    0.00    0.00    13  ksoftirqd/13
08:07:49 PM     0        96    0.00    0.00    0.00    0.00    0.00    13  ksoftirqd/13
08:07:50 PM     0        96    0.00    0.00    0.00    0.00    0.00    13  ksoftirqd/13
08:07:51 PM     0        96    0.00    0.00    0.00    0.00    0.00    13  ksoftirqd/13
08:07:52 PM     0        96    0.00    0.00    0.00    0.00    0.00    13  ksoftirqd/13
08:07:53 PM     0        96    0.00    0.00    0.00    0.00    0.00    13  ksoftirqd/13
08:07:54 PM     0        96    0.00    0.00    0.00    0.00    0.00    13  ksoftirqd/13
08:07:55 PM     0        96    0.00    0.00    0.00    0.00    0.00    13  ksoftirqd/13
08:07:56 PM     0        96    0.00    0.00    0.00    0.00    0.00    13  ksoftirqd/13
08:07:57 PM     0        96    0.00    0.00    0.00    0.00    0.00    13  ksoftirqd/13
08:07:58 PM     0        96    0.00    0.00    0.00    0.00    0.00    13  ksoftirqd/13
08:07:59 PM     0        96    0.00    0.00    0.00    0.00    0.00    13  ksoftirqd/13
08:08:00 PM     0        96    0.00    0.00    0.00    0.00    0.00    13  ksoftirqd/13
08:08:01 PM     0        96    0.00    0.00    0.00    0.00    0.00    13  ksoftirqd/13
08:08:02 PM     0        96    0.00    0.00    0.00    0.00    0.00    13  ksoftirqd/13
08:08:03 PM     0        96    0.00    0.00    0.00    0.00    0.00    13  ksoftirqd/13
08:08:04 PM     0        96    0.00    0.00    0.00    0.00    0.00    13  ksoftirqd/13
08:08:05 PM     0        96    0.00    0.00    0.00    0.00    0.00    13  ksoftirqd/13
08:08:06 PM     0        96    0.00    0.00    0.00    0.00    0.00    13  ksoftirqd/13
08:08:07 PM     0        96    0.00    0.00    0.00    0.00    0.00    13  ksoftirqd/13
08:08:08 PM     0        96    0.00    0.00    0.00    0.00    0.00    13  ksoftirqd/13
08:08:09 PM     0        96    0.00    0.00    0.00    0.00    0.00    13  ksoftirqd/13
08:08:10 PM     0        96    0.00    0.00    0.00    0.00    0.00    13  ksoftirqd/13
08:08:11 PM     0        96    0.00    0.00    0.00    0.00    0.00    13  ksoftirqd/13
08:08:12 PM     0        96    0.00    0.00    0.00    0.00    0.00    13  ksoftirqd/13
08:08:13 PM     0        96    0.00    0.00    0.00    0.00    0.00    13  ksoftirqd/13
08:08:14 PM     0        96    0.00    0.00    0.00    0.00    0.00    13  ksoftirqd/13
08:08:15 PM     0        96    0.00    0.00    0.00    0.00    0.00    13  ksoftirqd/13
08:08:16 PM     0        96    0.00    0.00    0.00    0.00    0.00    13  ksoftirqd/13
08:08:17 PM     0        96    0.00    0.00    0.00    0.00    0.00    13  ksoftirqd/13
08:08:18 PM     0        96    0.00    0.00    0.00    0.00    0.00    13  ksoftirqd/13
08:08:19 PM     0        96    0.00    0.00    0.00    0.00    0.00    13  ksoftirqd/13
08:08:20 PM     0        96    0.00    0.00    0.00    0.00    0.00    13  ksoftirqd/13
08:08:21 PM     0        96    0.00    0.00    0.00    0.00    0.00    13  ksoftirqd/13
08:08:22 PM     0        96    0.00    0.00    0.00    0.00    0.00    13  ksoftirqd/13
08:08:23 PM     0        96    0.00    0.00    0.00    0.00    0.00    13  ksoftirqd/13
08:08:24 PM     0        96    0.00    0.00    0.00    0.00    0.00    13  ksoftirqd/13
08:08:25 PM     0        96    0.00    0.00    0.00    0.00    0.00    13  ksoftirqd/13
08:08:26 PM     0        96    0.00    0.00    0.00    0.00    0.00    13  ksoftirqd/13
08:08:27 PM     0        96    0.00    0.00    0.00    0.00    0.00    13  ksoftirqd/13
08:08:28 PM     0        96    0.00    0.00    0.00    0.00    0.00    13  ksoftirqd/13
08:08:29 PM     0        96    0.00    0.00    0.00    0.00    0.00    13  ksoftirqd/13
08:08:30 PM     0        96    0.00    0.00    0.00    0.00    0.00    13  ksoftirqd/13
08:08:31 PM     0        96    0.00    0.00    0.00    0.00    0.00    13  ksoftirqd/13
08:08:32 PM     0        96    0.00    0.00    0.00    0.00    0.00    13  ksoftirqd/13
08:08:33 PM     0        96    0.00    0.00    0.00    0.00    0.00    13  ksoftirqd/13
08:08:34 PM     0        96    0.00    0.00    0.00    0.00    0.00    13  ksoftirqd/13
08:08:35 PM     0        96    0.00    0.00    0.00    0.00    0.00    13  ksoftirqd/13
08:08:36 PM     0        96    0.00    0.00    0.00    0.00    0.00    13  ksoftirqd/13
08:08:37 PM     0        96    0.00    0.00    0.00    0.00    0.00    13  ksoftirqd/13
08:08:38 PM     0        96    0.00    0.00    0.00    0.00    0.00    13  ksoftirqd/13
08:08:39 PM     0        96    0.00    0.00    0.00    0.00    0.00    13  ksoftirqd/13
08:08:40 PM     0        96    0.00    0.00    0.00    0.00    0.00    13  ksoftirqd/13
08:08:41 PM     0        96    0.00    0.00    0.00    0.00    0.00    13  ksoftirqd/13
08:08:42 PM     0        96    0.00    0.00    0.00    0.00    0.00    13  ksoftirqd/13
08:08:43 PM     0        96    0.00    0.00    0.00    0.00    0.00    13  ksoftirqd/13
08:08:44 PM     0        96    0.00    0.00    0.00    0.00    0.00    13  ksoftirqd/13
08:08:45 PM     0        96    0.00    0.00    0.00    0.00    0.00    13  ksoftirqd/13
08:08:46 PM     0        96    0.00    0.00    0.00    0.00    0.00    13  ksoftirqd/13
08:08:47 PM     0        96    0.00    0.00    0.00    0.00    0.00    13  ksoftirqd/13
08:08:48 PM     0        96    0.00    0.00    0.00    0.00    0.00    13  ksoftirqd/13
08:08:49 PM     0        96    0.00    0.00    0.00    0.00    0.00    13  ksoftirqd/13
08:08:50 PM     0        96    0.00    0.00    0.00    0.00    0.00    13  ksoftirqd/13
08:08:51 PM     0        96    0.00    0.00    0.00    0.00    0.00    13  ksoftirqd/13
08:08:52 PM     0        96    0.00    0.00    0.00    0.00    0.00    13  ksoftirqd/13
08:08:53 PM     0        96    0.00    0.00    0.00    0.00    0.00    13  ksoftirqd/13
08:08:54 PM     0        96    0.00    1.00    0.00    0.00    1.00    13  ksoftirqd/13
08:08:55 PM     0        96    0.00    0.00    0.00    0.00    0.00    13  ksoftirqd/13
08:08:56 PM     0        96    0.00    0.00    0.00    0.00    0.00    13  ksoftirqd/13
08:08:57 PM     0        96    0.00    0.00    0.00    0.00    0.00    13  ksoftirqd/13
08:08:58 PM     0        96    0.00    0.00    0.00    0.00    0.00    13  ksoftirqd/13
08:08:59 PM     0        96    0.00    0.00    0.00    0.00    0.00    13  ksoftirqd/13
08:09:00 PM     0        96    0.00    0.00    0.00    0.00    0.00    13  ksoftirqd/13
08:09:01 PM     0        96    0.00    0.00    0.00    0.00    0.00    13  ksoftirqd/13
08:09:02 PM     0        96    0.00    0.00    0.00    0.00    0.00    13  ksoftirqd/13
08:09:03 PM     0        96    0.00    0.00    0.00    0.00    0.00    13  ksoftirqd/13
08:09:04 PM     0        96    0.00    0.00    0.00    0.00    0.00    13  ksoftirqd/13
08:09:05 PM     0        96    0.00    0.00    0.00    0.00    0.00    13  ksoftirqd/13
08:09:06 PM     0        96    0.00    0.00    0.00    0.00    0.00    13  ksoftirqd/13
08:09:07 PM     0        96    0.00    0.00    0.00    0.00    0.00    13  ksoftirqd/13
08:09:08 PM     0        96    0.00    0.00    0.00    0.00    0.00    13  ksoftirqd/13
08:09:09 PM     0        96    0.00    0.00    0.00    0.00    0.00    13  ksoftirqd/13
08:09:10 PM     0        96    0.00    0.00    0.00    0.00    0.00    13  ksoftirqd/13
08:09:11 PM     0        96    0.00    0.00    0.00    0.00    0.00    13  ksoftirqd/13
08:09:12 PM     0        96    0.00    0.00    0.00    0.00    0.00    13  ksoftirqd/13
08:09:13 PM     0        96    0.00    0.00    0.00    0.00    0.00    13  ksoftirqd/13
08:09:14 PM     0        96    0.00    0.00    0.00    0.00    0.00    13  ksoftirqd/13
08:09:15 PM     0        96    0.00    0.00    0.00    0.00    0.00    13  ksoftirqd/13
08:09:16 PM     0        96    0.00    0.00    0.00    0.00    0.00    13  ksoftirqd/13
08:09:17 PM     0        96    0.00    0.00    0.00    0.00    0.00    13  ksoftirqd/13
08:09:18 PM     0        96    0.00    0.00    0.00    0.00    0.00    13  ksoftirqd/13
08:09:19 PM     0        96    0.00    0.00    0.00    0.00    0.00    13  ksoftirqd/13
08:09:20 PM     0        96    0.00    0.00    0.00    0.00    0.00    13  ksoftirqd/13
08:09:21 PM     0        96    0.00    0.00    0.00    0.00    0.00    13  ksoftirqd/13
08:09:22 PM     0        96    0.00    0.00    0.00    0.00    0.00    13  ksoftirqd/13
08:09:23 PM     0        96    0.00    0.00    0.00    0.00    0.00    13  ksoftirqd/13
08:09:24 PM     0        96    0.00    0.00    0.00    0.00    0.00    13  ksoftirqd/13
08:09:25 PM     0        96    0.00    0.00    0.00    0.00    0.00    13  ksoftirqd/13
08:09:26 PM     0        96    0.00    0.00    0.00    0.00    0.00    13  ksoftirqd/13
08:09:27 PM     0        96    0.00    0.00    0.00    0.00    0.00    13  ksoftirqd/13
08:09:28 PM     0        96    0.00    0.00    0.00    0.00    0.00    13  ksoftirqd/13
08:09:29 PM     0        96    0.00    0.00    0.00    0.00    0.00    13  ksoftirqd/13
08:09:30 PM     0        96    0.00    0.00    0.00    0.00    0.00    13  ksoftirqd/13
08:09:31 PM     0        96    0.00    0.00    0.00    0.00    0.00    13  ksoftirqd/13
08:09:32 PM     0        96    0.00    0.00    0.00    0.00    0.00    13  ksoftirqd/13
08:09:33 PM     0        96    0.00    0.00    0.00    0.00    0.00    13  ksoftirqd/13
08:09:34 PM     0        96    0.00    0.00    0.00    0.00    0.00    13  ksoftirqd/13
08:09:35 PM     0        96    0.00    0.00    0.00    0.00    0.00    13  ksoftirqd/13
08:09:36 PM     0        96    0.00    0.00    0.00    0.00    0.00    13  ksoftirqd/13
08:09:37 PM     0        96    0.00    0.00    0.00    0.00    0.00    13  ksoftirqd/13
08:09:38 PM     0        96    0.00    0.00    0.00    0.00    0.00    13  ksoftirqd/13
08:09:39 PM     0        96    0.00    0.00    0.00    0.00    0.00    13  ksoftirqd/13
08:09:40 PM     0        96    0.00    0.00    0.00    0.00    0.00    13  ksoftirqd/13
08:09:41 PM     0        96    0.00    0.00    0.00    0.00    0.00    13  ksoftirqd/13
08:09:42 PM     0        96    0.00    0.00    0.00    0.00    0.00    13  ksoftirqd/13
08:09:43 PM     0        96    0.00    0.00    0.00    0.00    0.00    13  ksoftirqd/13
08:09:44 PM     0        96    0.00    0.00    0.00    0.00    0.00    13  ksoftirqd/13
08:09:45 PM     0        96    0.00    0.00    0.00    0.00    0.00    13  ksoftirqd/13
08:09:46 PM     0        96    0.00    0.00    0.00    0.00    0.00    13  ksoftirqd/13
08:09:47 PM     0        96    0.00    0.00    0.00    0.00    0.00    13  ksoftirqd/13
08:09:48 PM     0        96    0.00    0.00    0.00    0.00    0.00    13  ksoftirqd/13
08:09:49 PM     0        96    0.00    0.00    0.00    0.00    0.00    13  ksoftirqd/13
08:09:50 PM     0        96    0.00    0.00    0.00    0.00    0.00    13  ksoftirqd/13
08:09:51 PM     0        96    0.00    0.00    0.00    0.00    0.00    13  ksoftirqd/13
08:09:52 PM     0        96    0.00    0.00    0.00    0.00    0.00    13  ksoftirqd/13
08:09:53 PM     0        96    0.00    0.00    0.00    0.00    0.00    13  ksoftirqd/13
08:09:54 PM     0        96    0.00    0.00    0.00    0.00    0.00    13  ksoftirqd/13
08:09:55 PM     0        96    0.00    0.00    0.00    0.00    0.00    13  ksoftirqd/13
08:09:56 PM     0        96    0.00    0.00    0.00    0.00    0.00    13  ksoftirqd/13
08:09:57 PM     0        96    0.00    0.00    0.00    0.00    0.00    13  ksoftirqd/13
08:09:58 PM     0        96    0.00    0.00    0.00    0.00    0.00    13  ksoftirqd/13
08:09:59 PM     0        96    0.00    0.00    0.00    0.00    0.00    13  ksoftirqd/13
08:10:00 PM     0        96    0.00    0.00    0.00    0.00    0.00    13  ksoftirqd/13
08:10:01 PM     0        96    0.00    0.00    0.00    0.00    0.00    13  ksoftirqd/13
08:10:02 PM     0        96    0.00    0.00    0.00    0.00    0.00    13  ksoftirqd/13
08:10:03 PM     0        96    0.00    0.00    0.00    0.00    0.00    13  ksoftirqd/13
08:10:04 PM     0        96    0.00    0.00    0.00    0.00    0.00    13  ksoftirqd/13
08:10:05 PM     0        96    0.00    0.00    0.00    0.00    0.00    13  ksoftirqd/13
08:10:06 PM     0        96    0.00    0.00    0.00    0.00    0.00    13  ksoftirqd/13
08:10:07 PM     0        96    0.00    0.00    0.00    0.00    0.00    13  ksoftirqd/13
08:10:08 PM     0        96    0.00    0.00    0.00    0.00    0.00    13  ksoftirqd/13
08:10:09 PM     0        96    0.00    0.00    0.00    0.00    0.00    13  ksoftirqd/13
08:10:10 PM     0        96    0.00    0.00    0.00    0.00    0.00    13  ksoftirqd/13
08:10:11 PM     0        96    0.00    0.00    0.00    0.00    0.00    13  ksoftirqd/13
08:10:12 PM     0        96    0.00    0.00    0.00    0.00    0.00    13  ksoftirqd/13
08:10:13 PM     0        96    0.00    0.00    0.00    0.00    0.00    13  ksoftirqd/13
08:10:14 PM     0        96    0.00    0.00    0.00    0.00    0.00    13  ksoftirqd/13
08:10:15 PM     0        96    0.00    0.00    0.00    0.00    0.00    13  ksoftirqd/13
08:10:16 PM     0        96    0.00    0.00    0.00    0.00    0.00    13  ksoftirqd/13
08:10:17 PM     0        96    0.00    0.00    0.00    0.00    0.00    13  ksoftirqd/13
08:10:18 PM     0        96    0.00    0.00    0.00    0.00    0.00    13  ksoftirqd/13
08:10:19 PM     0        96    0.00    0.00    0.00    0.00    0.00    13  ksoftirqd/13
08:10:20 PM     0        96    0.00    0.00    0.00    1.00    0.00    13  ksoftirqd/13
08:10:21 PM     0        96    0.00    0.00    0.00    0.00    0.00    13  ksoftirqd/13
08:10:22 PM     0        96    0.00    0.00    0.00    0.00    0.00    13  ksoftirqd/13
08:10:23 PM     0        96    0.00    0.00    0.00    0.00    0.00    13  ksoftirqd/13
08:10:24 PM     0        96    0.00    0.00    0.00    0.00    0.00    13  ksoftirqd/13
08:10:25 PM     0        96    0.00    0.00    0.00    0.00    0.00    13  ksoftirqd/13
08:10:26 PM     0        96    0.00    0.00    0.00    0.00    0.00    13  ksoftirqd/13
08:10:27 PM     0        96    0.00    0.00    0.00    0.00    0.00    13  ksoftirqd/13
08:10:28 PM     0        96    0.00    0.00    0.00    0.00    0.00    13  ksoftirqd/13
08:10:29 PM     0        96    0.00    0.00    0.00    0.00    0.00    13  ksoftirqd/13
08:10:30 PM     0        96    0.00    0.00    0.00    0.00    0.00    13  ksoftirqd/13
08:10:31 PM     0        96    0.00    0.00    0.00    0.00    0.00    13  ksoftirqd/13
08:10:32 PM     0        96    0.00    0.00    0.00    0.00    0.00    13  ksoftirqd/13
08:10:33 PM     0        96    0.00    0.00    0.00    0.00    0.00    13  ksoftirqd/13
08:10:34 PM     0        96    0.00    0.00    0.00    0.00    0.00    13  ksoftirqd/13
08:10:35 PM     0        96    0.00    0.00    0.00    0.00    0.00    13  ksoftirqd/13
08:10:36 PM     0        96    0.00    0.00    0.00    0.00    0.00    13  ksoftirqd/13
08:10:37 PM     0        96    0.00    0.00    0.00    0.00    0.00    13  ksoftirqd/13
08:10:38 PM     0        96    0.00    0.00    0.00    0.00    0.00    13  ksoftirqd/13
08:10:39 PM     0        96    0.00    0.00    0.00    0.00    0.00    13  ksoftirqd/13
08:10:40 PM     0        96    0.00    0.00    0.00    0.00    0.00    13  ksoftirqd/13
08:10:41 PM     0        96    0.00    0.00    0.00    0.00    0.00    13  ksoftirqd/13
08:10:42 PM     0        96    0.00    0.00    0.00    0.00    0.00    13  ksoftirqd/13
08:10:43 PM     0        96    0.00    0.00    0.00    0.00    0.00    13  ksoftirqd/13
08:10:44 PM     0        96    0.00    0.00    0.00    0.00    0.00    13  ksoftirqd/13
08:10:45 PM     0        96    0.00    0.00    0.00    0.00    0.00    13  ksoftirqd/13
08:10:46 PM     0        96    0.00    0.00    0.00    0.00    0.00    13  ksoftirqd/13
08:10:47 PM     0        96    0.00    0.00    0.00    0.00    0.00    13  ksoftirqd/13
08:10:48 PM     0        96    0.00    0.00    0.00    0.00    0.00    13  ksoftirqd/13
08:10:49 PM     0        96    0.00    0.00    0.00    0.00    0.00    13  ksoftirqd/13
08:10:50 PM     0        96    0.00    0.00    0.00    0.00    0.00    13  ksoftirqd/13
08:10:51 PM     0        96    0.00    0.00    0.00    0.00    0.00    13  ksoftirqd/13
08:10:52 PM     0        96    0.00    0.00    0.00    0.00    0.00    13  ksoftirqd/13
08:10:53 PM     0        96    0.00    0.00    0.00    0.00    0.00    13  ksoftirqd/13
08:10:54 PM     0        96    0.00    0.00    0.00    0.00    0.00    13  ksoftirqd/13
08:10:55 PM     0        96    0.00    0.00    0.00    0.00    0.00    13  ksoftirqd/13
08:10:56 PM     0        96    0.00    0.00    0.00    0.00    0.00    13  ksoftirqd/13
08:10:57 PM     0        96    0.00    0.00    0.00    0.00    0.00    13  ksoftirqd/13
08:10:58 PM     0        96    0.00    0.00    0.00    0.00    0.00    13  ksoftirqd/13
08:10:59 PM     0        96    0.00    0.00    0.00    0.00    0.00    13  ksoftirqd/13
08:11:00 PM     0        96    0.00    0.00    0.00    0.00    0.00    13  ksoftirqd/13
08:11:01 PM     0        96    0.00    0.00    0.00    0.00    0.00    13  ksoftirqd/13
08:11:02 PM     0        96    0.00    0.00    0.00    0.00    0.00    13  ksoftirqd/13
08:11:03 PM     0        96    0.00    0.00    0.00    0.00    0.00    13  ksoftirqd/13
08:11:04 PM     0        96    0.00    0.00    0.00    0.00    0.00    13  ksoftirqd/13
08:11:05 PM     0        96    0.00    0.00    0.00    0.00    0.00    13  ksoftirqd/13
08:11:06 PM     0        96    0.00    0.00    0.00    0.00    0.00    13  ksoftirqd/13
08:11:07 PM     0        96    0.00    0.00    0.00    0.00    0.00    13  ksoftirqd/13
08:11:08 PM     0        96    0.00    0.00    0.00    0.00    0.00    13  ksoftirqd/13
08:11:09 PM     0        96    0.00    0.00    0.00    0.00    0.00    13  ksoftirqd/13
08:11:10 PM     0        96    0.00    0.00    0.00    0.00    0.00    13  ksoftirqd/13
08:11:11 PM     0        96    0.00    0.00    0.00    0.00    0.00    13  ksoftirqd/13
08:11:12 PM     0        96    0.00    0.00    0.00    0.00    0.00    13  ksoftirqd/13
08:11:13 PM     0        96    0.00    0.00    0.00    0.00    0.00    13  ksoftirqd/13
08:11:14 PM     0        96    0.00    0.00    0.00    0.00    0.00    13  ksoftirqd/13
08:11:15 PM     0        96    0.00    0.00    0.00    0.00    0.00    13  ksoftirqd/13
08:11:16 PM     0        96    0.00    0.00    0.00    0.00    0.00    13  ksoftirqd/13
08:11:17 PM     0        96    0.00    0.00    0.00    0.00    0.00    13  ksoftirqd/13
08:11:18 PM     0        96    0.00    0.00    0.00    0.00    0.00    13  ksoftirqd/13
08:11:19 PM     0        96    0.00    0.00    0.00    0.00    0.00    13  ksoftirqd/13
08:11:20 PM     0        96    0.00    0.00    0.00    0.00    0.00    13  ksoftirqd/13
08:11:21 PM     0        96    0.00    0.00    0.00    0.00    0.00    13  ksoftirqd/13
08:11:22 PM     0        96    0.00    0.00    0.00    0.00    0.00    13  ksoftirqd/13
08:11:23 PM     0        96    0.00    0.00    0.00    0.00    0.00    13  ksoftirqd/13
08:11:24 PM     0        96    0.00    0.00    0.00    0.00    0.00    13  ksoftirqd/13
08:11:25 PM     0        96    0.00    0.00    0.00    0.00    0.00    13  ksoftirqd/13
08:11:26 PM     0        96    0.00    0.00    0.00    0.00    0.00    13  ksoftirqd/13
08:11:27 PM     0        96    0.00    0.00    0.00    0.00    0.00    13  ksoftirqd/13
08:11:28 PM     0        96    0.00    0.00    0.00    0.00    0.00    13  ksoftirqd/13
08:11:29 PM     0        96    0.00    0.00    0.00    0.00    0.00    13  ksoftirqd/13
08:11:30 PM     0        96    0.00    0.00    0.00    0.00    0.00    13  ksoftirqd/13
08:11:31 PM     0        96    0.00    0.00    0.00    0.00    0.00    13  ksoftirqd/13
08:11:32 PM     0        96    0.00    0.00    0.00    0.00    0.00    13  ksoftirqd/13
08:11:33 PM     0        96    0.00    0.00    0.00    0.00    0.00    13  ksoftirqd/13
08:11:34 PM     0        96    0.00    0.00    0.00    0.00    0.00    13  ksoftirqd/13
08:11:35 PM     0        96    0.00    0.00    0.00    0.00    0.00    13  ksoftirqd/13
08:11:36 PM     0        96    0.00    0.00    0.00    0.00    0.00    13  ksoftirqd/13
08:11:37 PM     0        96    0.00    0.00    0.00    0.00    0.00    13  ksoftirqd/13
08:11:38 PM     0        96    0.00    0.00    0.00    0.00    0.00    13  ksoftirqd/13
08:11:39 PM     0        96    0.00    0.00    0.00    0.00    0.00    13  ksoftirqd/13
08:11:40 PM     0        96    0.00    0.00    0.00    0.00    0.00    13  ksoftirqd/13
08:11:41 PM     0        96    0.00    0.00    0.00    0.00    0.00    13  ksoftirqd/13
08:11:42 PM     0        96    0.00    0.00    0.00    0.00    0.00    13  ksoftirqd/13
08:11:43 PM     0        96    0.00    0.00    0.00    0.00    0.00    13  ksoftirqd/13
08:11:44 PM     0        96    0.00    0.00    0.00    0.00    0.00    13  ksoftirqd/13
08:11:45 PM     0        96    0.00    0.00    0.00    0.00    0.00    13  ksoftirqd/13
08:11:46 PM     0        96    0.00    0.00    0.00    0.00    0.00    13  ksoftirqd/13
08:11:47 PM     0        96    0.00    0.00    0.00    0.00    0.00    13  ksoftirqd/13
08:11:48 PM     0        96    0.00    0.00    0.00    0.00    0.00    13  ksoftirqd/13
08:11:49 PM     0        96    0.00    0.00    0.00    0.00    0.00    13  ksoftirqd/13
08:11:50 PM     0        96    0.00    0.00    0.00    0.00    0.00    13  ksoftirqd/13
08:11:51 PM     0        96    0.00    0.00    0.00    0.00    0.00    13  ksoftirqd/13
08:11:52 PM     0        96    0.00    0.00    0.00    0.00    0.00    13  ksoftirqd/13
08:11:53 PM     0        96    0.00    0.00    0.00    0.00    0.00    13  ksoftirqd/13
08:11:54 PM     0        96    0.00    0.00    0.00    0.00    0.00    13  ksoftirqd/13
08:11:55 PM     0        96    0.00    0.00    0.00    0.00    0.00    13  ksoftirqd/13
08:11:56 PM     0        96    0.00    0.00    0.00    0.00    0.00    13  ksoftirqd/13
08:11:57 PM     0        96    0.00    0.00    0.00    0.00    0.00    13  ksoftirqd/13
08:11:58 PM     0        96    0.00    0.00    0.00    0.00    0.00    13  ksoftirqd/13
08:11:59 PM     0        96    0.00    0.00    0.00    0.00    0.00    13  ksoftirqd/13
08:12:00 PM     0        96    0.00    0.00    0.00    0.00    0.00    13  ksoftirqd/13
08:12:01 PM     0        96    0.00    0.00    0.00    0.00    0.00    13  ksoftirqd/13
08:12:02 PM     0        96    0.00    0.00    0.00    0.00    0.00    13  ksoftirqd/13
08:12:03 PM     0        96    0.00    0.00    0.00    0.00    0.00    13  ksoftirqd/13
08:12:04 PM     0        96    0.00    0.00    0.00    0.00    0.00    13  ksoftirqd/13
08:12:05 PM     0        96    0.00    0.00    0.00    0.00    0.00    13  ksoftirqd/13
08:12:06 PM     0        96    0.00    0.00    0.00    0.00    0.00    13  ksoftirqd/13
08:12:07 PM     0        96    0.00    0.00    0.00    0.00    0.00    13  ksoftirqd/13
08:12:08 PM     0        96    0.00    0.00    0.00    0.00    0.00    13  ksoftirqd/13
08:12:09 PM     0        96    0.00    0.00    0.00    0.00    0.00    13  ksoftirqd/13
08:12:10 PM     0        96    0.00    0.00    0.00    0.00    0.00    13  ksoftirqd/13
08:12:11 PM     0        96    0.00    0.00    0.00    0.00    0.00    13  ksoftirqd/13
08:12:12 PM     0        96    0.00    0.00    0.00    0.00    0.00    13  ksoftirqd/13
08:12:13 PM     0        96    0.00    0.00    0.00    0.00    0.00    13  ksoftirqd/13
08:12:14 PM     0        96    0.00    0.00    0.00    0.00    0.00    13  ksoftirqd/13
08:12:15 PM     0        96    0.00    0.00    0.00    0.00    0.00    13  ksoftirqd/13
08:12:16 PM     0        96    0.00    0.00    0.00    0.00    0.00    13  ksoftirqd/13
08:12:17 PM     0        96    0.00    0.00    0.00    0.00    0.00    13  ksoftirqd/13
08:12:18 PM     0        96    0.00    0.00    0.00    0.00    0.00    13  ksoftirqd/13
08:12:19 PM     0        96    0.00    0.00    0.00    0.00    0.00    13  ksoftirqd/13
08:12:20 PM     0        96    0.00    0.00    0.00    0.00    0.00    13  ksoftirqd/13
08:12:21 PM     0        96    0.00    0.00    0.00    0.00    0.00    13  ksoftirqd/13
08:12:22 PM     0        96    0.00    0.00    0.00    0.00    0.00    13  ksoftirqd/13
08:12:23 PM     0        96    0.00    0.00    0.00    0.00    0.00    13  ksoftirqd/13
08:12:24 PM     0        96    0.00    0.00    0.00    0.00    0.00    13  ksoftirqd/13
08:12:25 PM     0        96    0.00    0.00    0.00    0.00    0.00    13  ksoftirqd/13
08:12:26 PM     0        96    0.00    0.00    0.00    0.00    0.00    13  ksoftirqd/13
08:12:27 PM     0        96    0.00    0.00    0.00    0.00    0.00    13  ksoftirqd/13
08:12:28 PM     0        96    0.00    0.00    0.00    0.00    0.00    13  ksoftirqd/13
08:12:29 PM     0        96    0.00    0.00    0.00    0.00    0.00    13  ksoftirqd/13
08:12:30 PM     0        96    0.00    0.00    0.00    0.00    0.00    13  ksoftirqd/13
08:12:31 PM     0        96    0.00    0.00    0.00    0.00    0.00    13  ksoftirqd/13
08:12:32 PM     0        96    0.00    0.00    0.00    0.00    0.00    13  ksoftirqd/13
08:12:33 PM     0        96    0.00    0.00    0.00    0.00    0.00    13  ksoftirqd/13
08:12:34 PM     0        96    0.00    0.00    0.00    0.00    0.00    13  ksoftirqd/13
08:12:35 PM     0        96    0.00    0.00    0.00    0.00    0.00    13  ksoftirqd/13
08:12:36 PM     0        96    0.00    0.00    0.00    0.00    0.00    13  ksoftirqd/13
08:12:37 PM     0        96    0.00    0.00    0.00    0.00    0.00    13  ksoftirqd/13
08:12:38 PM     0        96    0.00    0.00    0.00    0.00    0.00    13  ksoftirqd/13
08:12:39 PM     0        96    0.00    0.00    0.00    0.00    0.00    13  ksoftirqd/13
08:12:40 PM     0        96    0.00    0.00    0.00    0.00    0.00    13  ksoftirqd/13
08:12:41 PM     0        96    0.00    0.00    0.00    0.00    0.00    13  ksoftirqd/13
08:12:42 PM     0        96    0.00    0.00    0.00    0.00    0.00    13  ksoftirqd/13
08:12:43 PM     0        96    0.00    0.00    0.00    0.00    0.00    13  ksoftirqd/13
08:12:44 PM     0        96    0.00    0.00    0.00    0.00    0.00    13  ksoftirqd/13
08:12:45 PM     0        96    0.00    0.00    0.00    0.00    0.00    13  ksoftirqd/13
08:12:46 PM     0        96    0.00    0.00    0.00    0.00    0.00    13  ksoftirqd/13
08:12:47 PM     0        96    0.00    0.00    0.00    0.00    0.00    13  ksoftirqd/13
08:12:48 PM     0        96    0.00    0.00    0.00    0.00    0.00    13  ksoftirqd/13
08:12:49 PM     0        96    0.00    0.00    0.00    0.00    0.00    13  ksoftirqd/13
08:12:50 PM     0        96    0.00    0.00    0.00    0.00    0.00    13  ksoftirqd/13
08:12:51 PM     0        96    0.00    0.00    0.00    0.00    0.00    13  ksoftirqd/13
08:12:52 PM     0        96    0.00    0.00    0.00    0.00    0.00    13  ksoftirqd/13
08:12:53 PM     0        96    0.00    0.00    0.00    0.00    0.00    13  ksoftirqd/13
08:12:54 PM     0        96    0.00    0.00    0.00    0.00    0.00    13  ksoftirqd/13
08:12:55 PM     0        96    0.00    0.00    0.00    0.00    0.00    13  ksoftirqd/13
08:12:56 PM     0        96    0.00    0.00    0.00    0.00    0.00    13  ksoftirqd/13
08:12:57 PM     0        96    0.00    0.00    0.00    0.00    0.00    13  ksoftirqd/13
08:12:58 PM     0        96    0.00    0.00    0.00    0.00    0.00    13  ksoftirqd/13
08:12:59 PM     0        96    0.00    0.00    0.00    0.00    0.00    13  ksoftirqd/13
08:13:00 PM     0        96    0.00    0.00    0.00    0.00    0.00    13  ksoftirqd/13
08:13:01 PM     0        96    0.00    0.00    0.00    0.00    0.00    13  ksoftirqd/13
08:13:02 PM     0        96    0.00    0.00    0.00    0.00    0.00    13  ksoftirqd/13
08:13:03 PM     0        96    0.00    0.00    0.00    0.00    0.00    13  ksoftirqd/13
08:13:04 PM     0        96    0.00    0.00    0.00    0.00    0.00    13  ksoftirqd/13
08:13:05 PM     0        96    0.00    0.00    0.00    0.00    0.00    13  ksoftirqd/13
08:13:06 PM     0        96    0.00    0.00    0.00    0.00    0.00    13  ksoftirqd/13
08:13:07 PM     0        96    0.00    0.00    0.00    0.00    0.00    13  ksoftirqd/13
08:13:08 PM     0        96    0.00    0.00    0.00    0.00    0.00    13  ksoftirqd/13
08:13:09 PM     0        96    0.00    0.00    0.00    0.00    0.00    13  ksoftirqd/13
08:13:10 PM     0        96    0.00    0.00    0.00    0.00    0.00    13  ksoftirqd/13
08:13:11 PM     0        96    0.00    0.00    0.00    0.00    0.00    13  ksoftirqd/13
08:13:12 PM     0        96    0.00    0.00    0.00    0.00    0.00    13  ksoftirqd/13
08:13:13 PM     0        96    0.00    0.00    0.00    0.00    0.00    13  ksoftirqd/13
08:13:14 PM     0        96    0.00    0.00    0.00    0.00    0.00    13  ksoftirqd/13
08:13:15 PM     0        96    0.00    0.00    0.00    0.00    0.00    13  ksoftirqd/13
08:13:16 PM     0        96    0.00    0.00    0.00    0.00    0.00    13  ksoftirqd/13
08:13:17 PM     0        96    0.00    0.00    0.00    0.00    0.00    13  ksoftirqd/13
08:13:18 PM     0        96    0.00    0.00    0.00    0.00    0.00    13  ksoftirqd/13
08:13:19 PM     0        96    0.00    0.00    0.00    0.00    0.00    13  ksoftirqd/13
08:13:20 PM     0        96    0.00    0.00    0.00    0.00    0.00    13  ksoftirqd/13
08:13:21 PM     0        96    0.00    0.00    0.00    0.00    0.00    13  ksoftirqd/13
08:13:22 PM     0        96    0.00    0.00    0.00    0.00    0.00    13  ksoftirqd/13
08:13:23 PM     0        96    0.00    0.00    0.00    0.00    0.00    13  ksoftirqd/13
08:13:24 PM     0        96    0.00    0.00    0.00    0.00    0.00    13  ksoftirqd/13
08:13:25 PM     0        96    0.00    0.00    0.00    0.00    0.00    13  ksoftirqd/13
08:13:26 PM     0        96    0.00    0.00    0.00    0.00    0.00    13  ksoftirqd/13
08:13:27 PM     0        96    0.00    0.00    0.00    0.00    0.00    13  ksoftirqd/13
08:13:28 PM     0        96    0.00    0.00    0.00    0.00    0.00    13  ksoftirqd/13
08:13:29 PM     0        96    0.00    0.00    0.00    0.00    0.00    13  ksoftirqd/13
08:13:30 PM     0        96    0.00    0.00    0.00    0.00    0.00    13  ksoftirqd/13
08:13:31 PM     0        96    0.00    0.00    0.00    0.00    0.00    13  ksoftirqd/13
08:13:32 PM     0        96    0.00    0.00    0.00    0.00    0.00    13  ksoftirqd/13
08:13:33 PM     0        96    0.00    0.00    0.00    0.00    0.00    13  ksoftirqd/13
08:13:34 PM     0        96    0.00    0.00    0.00    0.00    0.00    13  ksoftirqd/13
08:13:35 PM     0        96    0.00    0.00    0.00    0.00    0.00    13  ksoftirqd/13
08:13:36 PM     0        96    0.00    0.00    0.00    0.00    0.00    13  ksoftirqd/13
08:13:37 PM     0        96    0.00    0.00    0.00    0.00    0.00    13  ksoftirqd/13
08:13:38 PM     0        96    0.00    0.00    0.00    0.00    0.00    13  ksoftirqd/13
08:13:39 PM     0        96    0.00    0.00    0.00    0.00    0.00    13  ksoftirqd/13
08:13:40 PM     0        96    0.00    0.00    0.00    0.00    0.00    13  ksoftirqd/13
08:13:41 PM     0        96    0.00    0.00    0.00    0.00    0.00    13  ksoftirqd/13
08:13:42 PM     0        96    0.00    0.00    0.00    0.00    0.00    13  ksoftirqd/13
08:13:43 PM     0        96    0.00    0.00    0.00    0.00    0.00    13  ksoftirqd/13
08:13:44 PM     0        96    0.00    0.00    0.00    0.00    0.00    13  ksoftirqd/13
08:13:45 PM     0        96    0.00    0.00    0.00    0.00    0.00    13  ksoftirqd/13
08:13:46 PM     0        96    0.00    0.00    0.00    0.00    0.00    13  ksoftirqd/13
08:13:47 PM     0        96    0.00    0.00    0.00    0.00    0.00    13  ksoftirqd/13
08:13:48 PM     0        96    0.00    0.00    0.00    0.00    0.00    13  ksoftirqd/13
08:13:49 PM     0        96    0.00    0.00    0.00    0.00    0.00    13  ksoftirqd/13
08:13:50 PM     0        96    0.00    0.00    0.00    0.00    0.00    13  ksoftirqd/13
08:13:51 PM     0        96    0.00    0.00    0.00    0.00    0.00    13  ksoftirqd/13
08:13:52 PM     0        96    0.00    0.00    0.00    0.00    0.00    13  ksoftirqd/13
08:13:53 PM     0        96    0.00    0.00    0.00    0.00    0.00    13  ksoftirqd/13
08:13:54 PM     0        96    0.00    0.00    0.00    0.00    0.00    13  ksoftirqd/13
08:13:55 PM     0        96    0.00    0.00    0.00    0.00    0.00    13  ksoftirqd/13
08:13:56 PM     0        96    0.00    0.00    0.00    0.00    0.00    13  ksoftirqd/13
08:13:57 PM     0        96    0.00    0.00    0.00    0.00    0.00    13  ksoftirqd/13
08:13:58 PM     0        96    0.00    0.00    0.00    0.00    0.00    13  ksoftirqd/13
08:13:59 PM     0        96    0.00    0.00    0.00    0.00    0.00    13  ksoftirqd/13
08:14:00 PM     0        96    0.00    0.00    0.00    0.00    0.00    13  ksoftirqd/13
08:14:01 PM     0        96    0.00    0.00    0.00    0.00    0.00    13  ksoftirqd/13
08:14:02 PM     0        96    0.00    0.00    0.00    0.00    0.00    13  ksoftirqd/13
08:14:03 PM     0        96    0.00    0.00    0.00    0.00    0.00    13  ksoftirqd/13
08:14:04 PM     0        96    0.00    0.00    0.00    0.00    0.00    13  ksoftirqd/13
08:14:05 PM     0        96    0.00    0.00    0.00    0.00    0.00    13  ksoftirqd/13
08:14:06 PM     0        96    0.00    0.00    0.00    0.00    0.00    13  ksoftirqd/13
08:14:07 PM     0        96    0.00    0.00    0.00    0.00    0.00    13  ksoftirqd/13
08:14:08 PM     0        96    0.00    0.00    0.00    0.00    0.00    13  ksoftirqd/13
08:14:09 PM     0        96    0.00    0.00    0.00    0.00    0.00    13  ksoftirqd/13
08:14:10 PM     0        96    0.00    0.00    0.00    0.00    0.00    13  ksoftirqd/13
08:14:11 PM     0        96    0.00    0.00    0.00    0.00    0.00    13  ksoftirqd/13
08:14:12 PM     0        96    0.00    0.00    0.00    0.00    0.00    13  ksoftirqd/13
08:14:13 PM     0        96    0.00    0.00    0.00    0.00    0.00    13  ksoftirqd/13
08:14:14 PM     0        96    0.00    0.00    0.00    0.00    0.00    13  ksoftirqd/13
08:14:15 PM     0        96    0.00    0.00    0.00    0.00    0.00    13  ksoftirqd/13
08:14:16 PM     0        96    0.00    0.00    0.00    0.00    0.00    13  ksoftirqd/13
08:14:17 PM     0        96    0.00    0.00    0.00    0.00    0.00    13  ksoftirqd/13
08:14:18 PM     0        96    0.00    0.00    0.00    0.00    0.00    13  ksoftirqd/13
08:14:19 PM     0        96    0.00    0.00    0.00    0.00    0.00    13  ksoftirqd/13
08:14:20 PM     0        96    0.00    0.00    0.00    0.00    0.00    13  ksoftirqd/13
08:14:21 PM     0        96    0.00    0.00    0.00    0.00    0.00    13  ksoftirqd/13
08:14:22 PM     0        96    0.00    0.00    0.00    0.00    0.00    13  ksoftirqd/13
08:14:23 PM     0        96    0.00    0.00    0.00    0.00    0.00    13  ksoftirqd/13
08:14:24 PM     0        96    0.00    0.00    0.00    0.00    0.00    13  ksoftirqd/13
08:14:25 PM     0        96    0.00    0.00    0.00    0.00    0.00    13  ksoftirqd/13
08:14:26 PM     0        96    0.00    0.00    0.00    0.00    0.00    13  ksoftirqd/13
08:14:27 PM     0        96    0.00    0.00    0.00    0.00    0.00    13  ksoftirqd/13
08:14:28 PM     0        96    0.00    0.00    0.00    0.00    0.00    13  ksoftirqd/13
08:14:29 PM     0        96    0.00    0.00    0.00    0.00    0.00    13  ksoftirqd/13
08:14:30 PM     0        96    0.00    0.00    0.00    0.00    0.00    13  ksoftirqd/13
08:14:31 PM     0        96    0.00    0.00    0.00    0.00    0.00    13  ksoftirqd/13
08:14:32 PM     0        96    0.00    0.00    0.00    0.00    0.00    13  ksoftirqd/13
08:14:33 PM     0        96    0.00    0.00    0.00    0.00    0.00    13  ksoftirqd/13
08:14:34 PM     0        96    0.00    0.00    0.00    0.00    0.00    13  ksoftirqd/13
08:14:35 PM     0        96    0.00    0.00    0.00    0.00    0.00    13  ksoftirqd/13
08:14:36 PM     0        96    0.00    0.00    0.00    0.00    0.00    13  ksoftirqd/13
08:14:37 PM     0        96    0.00    0.00    0.00    0.00    0.00    13  ksoftirqd/13
08:14:38 PM     0        96    0.00    0.00    0.00    0.00    0.00    13  ksoftirqd/13
08:14:39 PM     0        96    0.00    0.00    0.00    0.00    0.00    13  ksoftirqd/13
08:14:40 PM     0        96    0.00    0.00    0.00    0.00    0.00    13  ksoftirqd/13
08:14:41 PM     0        96    0.00    0.00    0.00    0.00    0.00    13  ksoftirqd/13
08:14:42 PM     0        96    0.00    0.00    0.00    0.00    0.00    13  ksoftirqd/13
08:14:43 PM     0        96    0.00    0.00    0.00    0.00    0.00    13  ksoftirqd/13
08:14:44 PM     0        96    0.00    0.00    0.00    0.00    0.00    13  ksoftirqd/13
08:14:45 PM     0        96    0.00    0.00    0.00    0.00    0.00    13  ksoftirqd/13
08:14:46 PM     0        96    0.00    0.00    0.00    0.00    0.00    13  ksoftirqd/13
08:14:47 PM     0        96    0.00    0.00    0.00    0.00    0.00    13  ksoftirqd/13
08:14:48 PM     0        96    0.00    0.00    0.00    0.00    0.00    13  ksoftirqd/13
08:14:49 PM     0        96    0.00    0.00    0.00    0.00    0.00    13  ksoftirqd/13
08:14:50 PM     0        96    0.00    0.00    0.00    0.00    0.00    13  ksoftirqd/13
08:14:51 PM     0        96    0.00    0.00    0.00    0.00    0.00    13  ksoftirqd/13
08:14:52 PM     0        96    0.00    0.00    0.00    0.00    0.00    13  ksoftirqd/13
08:14:53 PM     0        96    0.00    0.00    0.00    0.00    0.00    13  ksoftirqd/13
08:14:54 PM     0        96    0.00    0.00    0.00    0.00    0.00    13  ksoftirqd/13
08:14:55 PM     0        96    0.00    0.00    0.00    0.00    0.00    13  ksoftirqd/13
08:14:56 PM     0        96    0.00    0.00    0.00    0.00    0.00    13  ksoftirqd/13
08:14:57 PM     0        96    0.00    0.00    0.00    0.00    0.00    13  ksoftirqd/13
08:14:58 PM     0        96    0.00    0.00    0.00    0.00    0.00    13  ksoftirqd/13
08:14:59 PM     0        96    0.00    0.00    0.00    0.00    0.00    13  ksoftirqd/13
08:15:00 PM     0        96    0.00    0.00    0.00    0.00    0.00    13  ksoftirqd/13
08:15:01 PM     0        96    0.00    0.00    0.00    0.00    0.00    13  ksoftirqd/13
08:15:02 PM     0        96    0.00    0.00    0.00    0.00    0.00    13  ksoftirqd/13
08:15:03 PM     0        96    0.00    0.00    0.00    0.00    0.00    13  ksoftirqd/13
08:15:04 PM     0        96    0.00    0.00    0.00    0.00    0.00    13  ksoftirqd/13
08:15:05 PM     0        96    0.00    0.00    0.00    0.00    0.00    13  ksoftirqd/13
08:15:06 PM     0        96    0.00    0.00    0.00    0.00    0.00    13  ksoftirqd/13
08:15:07 PM     0        96    0.00    0.00    0.00    0.00    0.00    13  ksoftirqd/13
08:15:08 PM     0        96    0.00    0.00    0.00    0.00    0.00    13  ksoftirqd/13
08:15:09 PM     0        96    0.00    0.00    0.00    0.00    0.00    13  ksoftirqd/13
08:15:10 PM     0        96    0.00    0.00    0.00    0.00    0.00    13  ksoftirqd/13
08:15:11 PM     0        96    0.00    0.00    0.00    0.00    0.00    13  ksoftirqd/13
08:15:12 PM     0        96    0.00    0.00    0.00    0.00    0.00    13  ksoftirqd/13
08:15:13 PM     0        96    0.00    0.00    0.00    0.00    0.00    13  ksoftirqd/13
08:15:14 PM     0        96    0.00    0.00    0.00    0.00    0.00    13  ksoftirqd/13
08:15:15 PM     0        96    0.00    0.00    0.00    0.00    0.00    13  ksoftirqd/13
08:15:16 PM     0        96    0.00    0.00    0.00    0.00    0.00    13  ksoftirqd/13
08:15:17 PM     0        96    0.00    0.00    0.00    0.00    0.00    13  ksoftirqd/13
08:15:18 PM     0        96    0.00    0.00    0.00    0.00    0.00    13  ksoftirqd/13
08:15:19 PM     0        96    0.00    0.00    0.00    0.00    0.00    13  ksoftirqd/13
08:15:20 PM     0        96    0.00    0.00    0.00    0.00    0.00    13  ksoftirqd/13
08:15:21 PM     0        96    0.00    0.00    0.00    0.00    0.00    13  ksoftirqd/13
08:15:22 PM     0        96    0.00    0.00    0.00    0.00    0.00    13  ksoftirqd/13
08:15:23 PM     0        96    0.00    0.00    0.00    0.00    0.00    13  ksoftirqd/13
08:15:24 PM     0        96    0.00    0.00    0.00    0.00    0.00    13  ksoftirqd/13
08:15:25 PM     0        96    0.00    0.00    0.00    0.00    0.00    13  ksoftirqd/13
08:15:26 PM     0        96    0.00    0.00    0.00    0.00    0.00    13  ksoftirqd/13
08:15:27 PM     0        96    0.00    0.00    0.00    0.00    0.00    13  ksoftirqd/13
08:15:28 PM     0        96    0.00    1.00    0.00    0.00    1.00    13  ksoftirqd/13
08:15:29 PM     0        96    0.00    0.00    0.00    0.00    0.00    13  ksoftirqd/13
08:15:30 PM     0        96    0.00    0.00    0.00    0.00    0.00    13  ksoftirqd/13
08:15:31 PM     0        96    0.00    0.00    0.00    0.00    0.00    13  ksoftirqd/13
08:15:32 PM     0        96    0.00    0.00    0.00    0.00    0.00    13  ksoftirqd/13
08:15:33 PM     0        96    0.00    0.00    0.00    0.00    0.00    13  ksoftirqd/13
08:15:34 PM     0        96    0.00    0.00    0.00    0.00    0.00    13  ksoftirqd/13
08:15:35 PM     0        96    0.00    0.00    0.00    0.00    0.00    13  ksoftirqd/13
08:15:36 PM     0        96    0.00    0.00    0.00    0.00    0.00    13  ksoftirqd/13
08:15:37 PM     0        96    0.00    0.00    0.00    0.00    0.00    13  ksoftirqd/13
08:15:38 PM     0        96    0.00    0.00    0.00    0.00    0.00    13  ksoftirqd/13
08:15:39 PM     0        96    0.00    0.00    0.00    0.00    0.00    13  ksoftirqd/13
08:15:40 PM     0        96    0.00    0.00    0.00    0.00    0.00    13  ksoftirqd/13
08:15:41 PM     0        96    0.00    0.00    0.00    0.00    0.00    13  ksoftirqd/13
08:15:42 PM     0        96    0.00    0.00    0.00    0.00    0.00    13  ksoftirqd/13
08:15:43 PM     0        96    0.00    0.00    0.00    0.00    0.00    13  ksoftirqd/13
08:15:44 PM     0        96    0.00    0.00    0.00    0.00    0.00    13  ksoftirqd/13
08:15:45 PM     0        96    0.00    0.00    0.00    0.00    0.00    13  ksoftirqd/13
08:15:46 PM     0        96    0.00    0.00    0.00    0.00    0.00    13  ksoftirqd/13
08:15:47 PM     0        96    0.00    0.00    0.00    0.00    0.00    13  ksoftirqd/13
08:15:48 PM     0        96    0.00    0.00    0.00    0.00    0.00    13  ksoftirqd/13
08:15:49 PM     0        96    0.00    0.00    0.00    0.00    0.00    13  ksoftirqd/13
08:15:50 PM     0        96    0.00    0.00    0.00    0.00    0.00    13  ksoftirqd/13
08:15:51 PM     0        96    0.00    0.00    0.00    0.00    0.00    13  ksoftirqd/13
08:15:52 PM     0        96    0.00    0.00    0.00    0.00    0.00    13  ksoftirqd/13
08:15:53 PM     0        96    0.00    0.00    0.00    0.00    0.00    13  ksoftirqd/13
08:15:54 PM     0        96    0.00    0.00    0.00    0.00    0.00    13  ksoftirqd/13
08:15:55 PM     0        96    0.00    0.00    0.00    0.00    0.00    13  ksoftirqd/13
08:15:56 PM     0        96    0.00    0.00    0.00    0.00    0.00    13  ksoftirqd/13
08:15:57 PM     0        96    0.00    0.00    0.00    0.00    0.00    13  ksoftirqd/13
08:15:58 PM     0        96    0.00    0.00    0.00    0.00    0.00    13  ksoftirqd/13
08:15:59 PM     0        96    0.00    0.00    0.00    0.00    0.00    13  ksoftirqd/13
08:16:00 PM     0        96    0.00    0.00    0.00    0.00    0.00    13  ksoftirqd/13
08:16:01 PM     0        96    0.00    0.00    0.00    0.00    0.00    13  ksoftirqd/13
08:16:02 PM     0        96    0.00    0.00    0.00    0.00    0.00    13  ksoftirqd/13
08:16:03 PM     0        96    0.00    0.00    0.00    0.00    0.00    13  ksoftirqd/13
08:16:04 PM     0        96    0.00    0.00    0.00    0.00    0.00    13  ksoftirqd/13
08:16:05 PM     0        96    0.00    0.00    0.00    0.00    0.00    13  ksoftirqd/13
08:16:06 PM     0        96    0.00    0.00    0.00    0.00    0.00    13  ksoftirqd/13
