sysbench 1.0.20 (using system LuaJIT 2.1.0-beta3)

Running the test with following options:
Number of threads: 1
Initializing random number generator from current time


Prime numbers limit: 10000

Initializing worker threads...

Threads started!

CPU speed:
    events per second:  1618.23

General statistics:
    total time:                          10.0001s
    total number of events:              16184

Latency (ms):
         min:                                    0.60
         avg:                                    0.62
         max:                                    0.72
         95th percentile:                        0.65
         sum:                                 9997.80

Threads fairness:
    events (avg/stddev):           16184.0000/0.00
    execution time (avg/stddev):   9.9978/0.00

