sysbench 1.0.20 (using system LuaJIT 2.1.0-beta3)

Running the test with following options:
Number of threads: 1
Initializing random number generator from current time


Prime numbers limit: 10000

Initializing worker threads...

Threads started!

CPU speed:
    events per second:  1619.14

General statistics:
    total time:                          10.0006s
    total number of events:              16194

Latency (ms):
         min:                                    0.60
         avg:                                    0.62
         max:                                    0.78
         95th percentile:                        0.65
         sum:                                 9998.28

Threads fairness:
    events (avg/stddev):           16194.0000/0.00
    execution time (avg/stddev):   9.9983/0.00

