sysbench 1.0.20 (using system LuaJIT 2.1.0-beta3)

Running the test with following options:
Number of threads: 1
Initializing random number generator from current time


Prime numbers limit: 10000

Initializing worker threads...

Threads started!

CPU speed:
    events per second:  1613.00

General statistics:
    total time:                          10.0003s
    total number of events:              16132

Latency (ms):
         min:                                    0.60
         avg:                                    0.62
         max:                                    1.08
         95th percentile:                        0.65
         sum:                                 9998.06

Threads fairness:
    events (avg/stddev):           16132.0000/0.00
    execution time (avg/stddev):   9.9981/0.00

