---------------------
Fri 10 May 2024 06:18:59 PM CDT - Running experiment round 20
---------------------
Netserver is not running.
Netserver Image does not exist
016e431535cdfb806f284bc55757605a799ebd70df8529e8f86ab5dfc1006cab
Netserver IP: 172.17.0.2
Netperf Image does not exist
8e30dc946ea1133f5a0f0023ddc2e01e6a2b0b87cbe83bf8230708723a99f565
2293a94b44cd612750819383944fb0a5da9dee356039c930ddf0aad41b4dca03
47635f0e2c2dffa85ba577677a1425e25b0c7cc595f2807cba01724457835598
aade2c61aaa14e7fda8ad64c022fd3ca02b189ad6b310ac4fe77f25e668021da
51e25123f1c97af1f4b37851f63b0e98007b3a612ad16d4817813c817549f682
0c0e4932370b30560f3726c15fdece920e9b3448010bd1eaf010ab31924a0993
ce6549643810d327f89fba0a6c25c3625e3435bba17ab5bb85a09b5aaab472f2
03aa7b0bad3fd9183b264e9525427a69174b85bbd40a131eb71fd6ab57c83621
541e8b79067a594dcb80e19db5f4a28ae1b5ee2c669fa0993eab4472b4185ec8
83a708ce2862477dfc50a5f6165f7fcaa3fc17a1dde25a98a6649e3963e44d35
3961e341ba1cd478ac322ce2cd2e55ee4f78fe06575dbbf8f1f53b9d243a875b
f21829981105e43f05009f06f322563464ef691258b9846cb843f845681feef2
ef2d1a04268ea2a5913ca895040f65d57e5b267021e53d6325b37bb3cfbd82ad
00c97cbf35b545585c3dacb4adfed602ab1ba7000e732dbb5a5a92b1019b90ee
812b5417793c4a2583fee6334838d7f7473828ef62ba73c0978dfe43bf84b9c6
eda1b2835a295a781766feeb39aece0287ddc607ca7c8ed92be1adf0580ca509
9c6c28205e323e13b95e6d4e24dd4386a2ff848887ca9f2acf53c5a1ab793d21
543ba3404c528454eb24016d7c23a3d84eb2807461b66b1755ae5e7a3579c0d7
1cbe0fa5c6c05a22d885b7071507a3fa79d3fb0ac4e102a816f17e0dd9a98da0
cd27aa0dca7d3a079d6fd60d5dfed79a863c5ea6c047528c75c6662bf6f90345
---------------------
Fri 10 May 2024 06:20:26 PM CDT - Running experiment round 40
---------------------
Netserver is already running.
Netserver IP: 172.17.0.2
Netperf Image exists
18f950ae0712ec2d0a1a859c77e8f48fc731ded1892387dfe54e7464a19b168a
a60b608f09bda099c350b740f9db3e83b0f59fc0ce47cb840b355334ca7f4d91
c6731dfd2b6dd4d3edde87289b069db77d7aab64b562f37e77b68c085d4ccb82
6e7ab20b4b53c4a5fb93cf6b5f62a824180143390045e1542bcf15d41df08cc8
e24d11d3a56b3cfc403393fc12445f16ece9b576e3045df837678f65ad9aec9e
547acccf7caeb323941f40191e44812e405bf6ba9eda808db095a8b4bf85412d
cdbc472b32e61d1957fe4dca4c9031abea7f35d6c11e1325925ac1f539785ef7
bb4bc3416997fb10eb7a0d5b1638ef8108fe2f0dd12ff850f1c6f5b5fddf86f2
18d0599ac11bc0d1844e27673b70449e7f56092cf9835543545260919e1f5286
a563cf28c400a7f4abc782c44e8b25758608cf0ecc3aee6c407b36c546233021
8bc8eaeab83e93d27b060b76291d199581b60621ac4996adc88f407a7ff4d037
580061ae58f96b23121e53a025759c328cc2c75ea0b7bcf1bdb85edb1780acd9
6d0189adca7098ecc4fcca9426bc425cd6480cd3cf877d6cda1c0884c2b35014
e6416db30b2e018a9d7d11d5fb0d605311262cb0b3c35e7521af4f7cffa94ad7
e42016125f5539603003cdbd46d66178ffcc38bc6af27b748ccd51e37bb1eb15
debf8c198b12ac8a73f6b13579486e94ac4b68579e4cf6a5d42f1564ec9bbc9a
1f2a289f6a6c10b24124b960409917648e62c52323952d4bc3c3524eaf2747d3
8ce1522cf8fcfcd95370fe23877475a5b5b257cfd6edf417684b53c926866a48
386d2ea5a274825a9187370161f178412156ac34e60f776ae881dc60fd5464ce
0e1f4f51819f6410876784b5c64efbfa4772099de144e625dccb6b1e97893431
fb7a9ee8ed1eedafce33e2cd6e24b6f66b0ef811cbfa246a8b820b795c2dcdb5
54e91b4bd22b6a77135bda2ee700d15dc72152d6ed550aaf02b3a78fa776d3f0
556ff76ae70e14a80184f981509899779b86c316bd0b5232b5c3e8605c36d9dd
041f0d7bab4db72d31d6f966df276b0c09e819e9d909cd5653b53f03a44e4c17
e40225fa896096a34e6ccc2d68e82cf10bd63278f1248d2331f337d3867c6b30
8d01ae0fd6f99030bd2c931237121e71048775e23884c969f235b4e6b394a95d
ece21a4e2a0c17fa1db710ab71b0a17956514c76b72babd99365302cf9c4023c
52e7b76e589f2775adc7130b7a589d520739094c19944855a4270c0c0e54585b
37157e96ef64f927c365ef67c858239303bae59a6f97ba7bed1592a9ceaed98e
c62f2c399be17b01b8631dfbaaf6b51e0964abeb2eb6eefb5de4e5252ccbbc05
1683ee6e1f834ae57415d4793113e6d51420735385423c036e61529d88713ddb
a0dde1712949ab81e1b5a948eb7ca7efacdd9c225a5e86f5309497f2eadbd1a8
7c62bc5ff5c0331d0dfed9557af28164715a8e5c9ef2090b87c1a2d2b4dfc536
fbf8b804440568e5d16ab161975b3d7b6f9eb16300b237be4765a92354ae273f
4258d08cea4685945b19bbc7b8cc532b8766ea6e9f310570757ec7c8ae4fc69f
4359121fd68e0b5f73a17ea9b6c220bcf4c942ac155a6db7b232f1b510ecbc64
6d0090038cc2208d253ee21d26253bb2af2c0ea983b00185fa81cf9c377e63e0
4037256628d8ad6471053e0805d0f3ed036d069a96980d0933f033f6feed029c
b69ea74d2a6ae0760e291ecb8231acc438a24bb141954697eaa6af3efe7d1b7d
8ea33957b9ccfca9ce70e5373eaa9fbce18a7e0de85ec88eeb348507b0f53427
---------------------
Fri 10 May 2024 06:21:59 PM CDT - Running experiment round 60
---------------------
Netserver is already running.
Netserver IP: 172.17.0.2
Netperf Image exists
4288194ec45855c2034204b6ba47eb4efe207aa8f05cdf049e2677a528d9a555
0e1a4dfb40179f2c4c8a2f98f0eada9a19a67817ede5b144292bad385d464700
ccd86982fddd96525b398009ec9239e982c8755eed895ab34c3183c9806b3473
f8aa8e90eaf06de63e5768d5c37dd04a7ee2882d577c1bf88dca9c0e46dc4374
e8a3640d3c07c732162f9e301ed2114d579651e5df7257ae5277071bcefa3707
91763105202b5a48f614f5ba14a3e5c48a806b0fa4118f26f61e81219dfa0ffd
44c81fcc22acd661b0b827bf016115031eb21a6a798bb6a8db2c687ef24baaf6
d1722f4809154a28feb6c8186dfa032d505294ec90d33ffe9e0016c3ffc7cd04
0cf85e69e488a8bb8dad6d2c4eeb74f6d771bebc553e8f9c2fdc0041d47ed9b2
153d7b7a7f03c3b0b8ae5ffd28281a8e2bde5e07d8708d9664b8a1e38cd8c790
c67439b7906e0f20df5e2bdadadcadf0f2d0f6cffbbe56905a1ceac21c045865
629fba0ec736e3d642e490171475a63fd32a76550b0f928a9d8cabcef4b932ec
c063ec8362e1fa3d52512fda9fda96a7ab993fd2c23d426a321a405a72ec7840
768dd19e142bfe214e1cc0a23a05428fc470c816e7b6969e77ffb08b82307ba0
73cc4abd6faa2edbe736bd6bd3adc104008be812b5d891a91d54746fb81d9aa4
9f395b862e97b2f9a12ab4de17ac5aaead1e62ad94fd8e234b632fe783220915
87852a50bcc2ba5dccb9acbf96349f24368383e97b220687c714d37312dc985c
3a5ef90e7e22666a09afc4f73daabed869e525b6fa70a6e2c0cdb1ec07a58563
091ca891261245ec02b76eb689fe1a74cc02ee62dee5b40e75feaf30d37fef07
0c4609d4a36d82cfa97fc0bc0163636604b072718e30ef39b9f6e750ade7f3c7
5fbe8f9486c7a8a6c8c05b0c37826d959b0854d3bde21140965ceb9b60a3cacc
995d7b9ec50f829b9f239798f162c4200012c29c6aa3ae26af4c52a0a7b46553
f8fc514ca20b66177ac0502743fe855d1075a6e20730055428531e0c0aec739c
b470cdfcf987b4e47e41a24f069e26edf51b327f5f3a5b9f323d032f3f21afcb
dc921dbab352e5c5ee306cf7f85b8d3f3667f03822ee93d341c9bb94608dd8f9
93dbda1fb091c539c460adf404a10c44a7e038638e34d8d6a9bb84fbe5517465
c3615cf9129a3c8dc44d06f5c73dc627818b27d26855f9a2cc5ab49729b9b7e1
ff77a20f7e42bd23739e2ec95e4342242221ef660e9506e03a613fdb786ebc55
1c2b0063ce60f5fa0804e5f26ad9f182249e4963a28d96003be726e22df1b273
7a0f1e769207d273ee1d939519ca291af9e2a783a082d7d1b27206da441ab277
ae53b5149f33b2a1bf78370e4720645505fd5741aae237dd13f748fa286048c8
d1d73a7b63e9acefadea73681e63deebe5dfa8a23d641e44f596879d284f4183
946015a64c4f41ae86339785702ca914a35ebba38f0e98db543e8d702e5bcc47
7943d2781cafe2a4639d60d16d786d7e9c6aa7f44cd1fedca06185342d601065
6509ebc44afacf80459d369e25e82b2046a33ea553c2885d4c9bd821bd9a4be4
fc63d639d969dd168667e4671e4e2e23ecd141c5de3937783ada835c5269c4b7
380f38ca1a86cfd487ac384d9fab38bed489e20f89af7c08bcebdae020f970a2
5b99c01108aec426fce2dab4123dbfc86b3c893767b943409b7595ded909fcdd
26dc6293254977415810e57545c3a9e73ad4599b78e0d403bb0b21efd0f2dc3b
fb194c2d69df003f0da1133a9085a7dbdc4eb35cd9c69b37e27cc9edbd7e944b
37d6788bdb9d60f7de3ca7a7b34c80db41d71506f88bbf197bbea9ba7d7a2fe8
54ea8cbe51a3355eba573cb07c27b971990eb7f33d3977e1ef9becc1105a12a1
be690c633b9b1a8cf72144a835205967da0c0ddb336b29e28f9540b57934cc4d
7854d98e702a2cbb31e8d0b7c2c30e9a2598790b93bca2ed700758f00f15d9dc
32e3dfdc50ea6aec2f93793baa29ade947e71595ea66a6e3c0ae6760f855e32e
457f4dba604b43d71e62e9266dca9aee3959364db7d35757bbb02ef0119618e3
eeec9a9f13fea4da7a5d46913c3cfb3b70bf3a2f79bb53a06dbe08af1d167088
e57900d9be134b47705a1ec227e24e072416bbf925fc35c1d39ec24090aa7366
7a3a5d469b448b8313dc20d0fadd694497e17aae6a218e40261b703de3d980e1
0700b5fac2886e08b995f8608de0d9e737b8bc35e3bc8c5a79fb92df5b3bd93e
1bc7074cf81445b3e44bcd6adbdcab8d67a3431bda0cce0ab1ff70edc007c7e3
ed1b85299a69651cd55909fb344f14187abf84feb8f82d474e19a630e8469845
e57a82242b1561aeb177dec98e77b12c6950a9b4a3f60032c97a25f0cbd045d7
86f6dad52c919a9ecbc1b14ad67b21f7c492cf436c9f28b0173997a0e0385847
952afe2668c732f4e111348924954ab83981b98ed8d45b25d7efd6f605ad77d2
5310df6a099e7fd4b344ebbb078a98c506e97223ea78210dd022dc01b8549a87
f8eee709d6815aa75bc4943ea723f67cf91183d940b5f8742e1e5a583c48f9a2
a846e1927629f58f9b04fa60f865bb64a60fc753057dd964db867c95005999a3
9f11ec93b8825223a7516c57c599da32713540eedd3461c5f5e3e7837ac49607
e574e53f5a28b745ec84d0c3213b30cfc29834ecf01cecb6d673ad2421627f1a
---------------------
Fri 10 May 2024 06:23:42 PM CDT - Running experiment round 80
---------------------
Netserver is already running.
Netserver IP: 172.17.0.2
Netperf Image exists
b1cb4d7b3f59003ef18eb9dd418bcca8b6538f78b91df5617722a79574c7ea48
fbbf657940cbd409ef1d238f6f960a021b1f83ba9a4f64d68f4fe0f5a4d94b10
ca1fd31078220b091860dc92ea9aa0e8b3a731da26df149fbdf224f06696f389
c02150eecebb4204a6cc9fb7991303101532f764634471c7a3f30197dd90593f
a27eefea6e672d93748afbb02d4543779f1e241114206ba3ff3ab08137f37e67
b598d331b7ad5907070518a07f2da0526ca58e78f439da9ca87d572724449f5c
9a94c0f112e38a284445a61c6c94ce5946767cb87813995f5ca25464727b3d0f
fe476d4e2f7d00d0fdf9d738b84eb3528f005f53b346c888859ac854c9a40163
b0bc205630524061a940222a561c435ab72fddc16f651e352f34717e447f6522
82251a59caad783a875b86ba1264f1d11f39721906a40e22518e9e6ab0c89360
c0b14b3dfea31aa51d6f003938b092b1ed4cfa149b66660c3c72c4481ecbe042
a8948fc9fec905680726a8e33339599340f39a6e6ceaee66110255a9de371ced
31e0bf95395bcfbbd56ce523b6c7f5694509eb7293f56af8a772fea1f3fe29a2
b171826853b90c51eb4c9338767535c549af694ed580bf87098731e8f60014e5
8cd353ffd4f5f82868b80012dda99e8739cbfc96bab3acce9935c3339e381704
6d81808f4c51d0581ac3bcc87a6b07d759f3a0f3fdb471f24285df2ac47c61d0
0ccd87cd2dc6e67fff9585845fa6633834c6347ca77fcbf120f89221a88dbb8e
de753e4fbfb26c8b040fafe9ef1a54c89c7ad464fcc45563e990e769e17303c4
0adb7096c813a5eb9efc6cb786142455359f65a650edddf19b6d3a33aecd3335
42f68cbf77b720c607bae7eca450fbd875195372cfb4def08c87be79c04915cb
0017d8acad9c775b2a4051c72fcbcbf552e40527b7ef96816c85520fe7a5d4a4
43c6adf50ae6e4af87f08ffcad116a3f761d9ad627b79449614f4bc4de3702ca
26b85eaaa67772ff87c2643f110b7faa52ce5199ccd83c9a3a895dba0297bdc6
5d32729079b5f78247284dc2478cd274fdf86cf4dc145d9388a20511004b1f6f
154e137fb280f3422752311029e9e44410fd3bc98479937e2036092f0ea83d07
3fcc7b810e31e40e47a3429b6fd3080712b2e9f162cf8b191f4c2ffbccccc3da
f3203ba9dcf9dce20581dafe24fc9952d67c75fcc5242fd8a4ce0cbc7da528c8
5ff3e37dd2233d0d31ab0f542a22fb1d70b67b38074252d132e2bc5bca8be0a2
05ae933337140119267f76c2d957f881a5181d47186084f933d00aea7674c7c1
7c47447d0f32d1e2b4221f4202b95fa16761d172dd00f72c6167cdef4dd1c785
3f7a888834735ae645bad5af3607776c2eb72b9c24124352d35de5d84b628cc0
79778ab1d12cc74d6b91c7886b351febccec23e3c84784fd81e190007d5640da
24bd977510ee1d144129d738b2f695cd6b338e90471dba818671ddbf47d6b113
8d4a9fe7b32e4833c8d11928030eb6585aa7de1b64785f7a0c7c8a55ebfd317b
05eca2a9900445e530a9b4c918a12b2000944dc0c29fd4fd92e806a5af5a66e8
b127f68bb12b23094b54704cef82c9af86863a9e9094d4ce56a6d8b87a028419
40e05c61b3657fc7265aed59e20e232a882c9e9ff180c060e7a64d9607cf69be
925fadc0fae90495e716fc2c8b1908b55cb9dd4fc44af16c8dff66635e610d7e
f51d9145cb6835d269911333d72857def390ad073185023ae4536571aba7fd89
20ff2c18ae64a618fbae331af26b4389470884f12e00a997999f6bcd8300a371
103bbed15002a14b8eec9c1e646b90167a97e2dee2ce4097adab15568eb19dfa
3d19039e1275e71b9dd236a131e6faa9658a014551f55ec4f2050fef3c0dd64a
03942a88d5432a64e6d485612ba4bdc3c7777fec8dc8825bbded7a5ef10ec652
c053adec3a78f1c7e4714f0ca396b9ce91ed67d5565f5a67b731e960fc4abd3f
2ae9eeb5664451dca28f0934f4dcf032e04f7053d00731fa2663b6961190e887
6df3a1a4f8a1be7420619c8531aa63e0a3479d9053cd0a3f3a1525718e050123
c6a5bd7ff9c24f9e44a2aecedc311d1e0e2e5b7bfbd01f3f655ad2d4bddd4edf
32b5bcec897486e72db1e281dda4034ec64d87143c32ec392c26dfa78ee92e09
20a313f32b8d8259369881826e1ea45aadd896e545f5da20969e66f40cbe7078
caa7d9856404b89e912be1c66a6773f340f9084d29b4706289ea5a65b653d88e
590461d70a3f50b0d763d02382c4b6bdbe29b8a45fdfb6848def03fd702a8314
22e84eacf0d6cdb5006ff7ce6a9ea802eb6ab94830330975f90c9ed405e74536
03211ec1e39fe2642fbf8149c6c111303d6b08e92dadea83c41ff39aa8edfdda
b392ff864060176bbf7402269f43554f675a4b7665792c79ee9070aa9be898f9
d0e16d5af43b348b93e72df021af7c3434db77ed0f45b043557ad81d4305c9ce
0d901aeb891372d46fd0c0f95c3693b34d1af48007e20286484e03d22d691d41
b80f978e9867b3342e95737df87fa2767c85e906825fe7e5e252d76bae43c117
5c1806dd6ac4a34cdf901b9cb127cb5d580b48f8a8c44495b951b78c06ce4e2c
b62a92d234339b7f8506acf770cf60b44793fc21fbbfba17c590c2606c6e5109
c5ca31bce45501ab1d8f09232f13b44b77c8e41fcc4afb9f5c3cad62849e1654
47a147599cc2ba7244d7895c4990aa0c6295b32efb7a1500b610afcfcec3eb6d
7d14317910e1b0f2758ea099ca9fdae157a504914fd8febf42aa79253db0941f
d005fb8e86d1198bc0a096ed7b53aa2e71b13fc8d1874dbe21604fe36837fdf4
b16b31443aa6001f77e68e6abfeb6a98ebb315ce792dc2be1b25554a3994a3c5
e60e353aebc4a6edae4a4dba6ba33c8ba30af64830369f302075dd07acca3e2f
85334e9472a2f499596a552cd064cd1ac3f16141322ba0c5890531c0424fcc2e
aa0e6798efea1db293d200bad47855540d24e2bc5911f9e78948581c3c16d798
9de416f4d43eb565c6d021edbaa0599c111d9d8b2627952a73add40dcec9bb7d
42589f73dea21b5a922985f849ebd94fa060a7777e5d7373fcd19ac0b1db618a
9492bca762796b99e2bb481e3f4872756af9a652a2d2fa018508aa9ef7d68382
e84fb906e4c01b38876d388c5a004c0e51486f68f5efc78595847b0190db7a9e
5d1f412b92d306b490e0f3c8e7a5769475d282e86a491364d758fedda8b05c26
4b5b63fae1374ec5bc8127a8057445ce7d83be3594bde54b019887aa59b60cc8
0e5771082ff61f743560b6b9ff109a1639c670082f474ebe7007abd576c4a868
90849cc08a1e4588dccb2e2506c00cb76d35635cffd51f0312353fa402efdbf9
c77f0cca4aea7c0e6fb1343d2cef8f0196c0a5d01646e6bb56f3e55e5da9dfe0
a4162d08175d6d24223daf75fce9cffe1ba2867fab8540f92786e4ba91896a04
d41789a9ab916761c781b60e80aa1b54f985e97ea8a9e8bfaa4c8621edb869e4
20ea34a2ebeae58cac88ce52e48c3d351be64919c0dcb02823046deed6ed734d
8fc17c85ca517bbb65f6e30e0ca674d97dc5e8caa6027b1818109cfde5781a1d
