---------------------
Fri May 10 01:44:59 PM CDT 2024 - Running experiment round 1
---------------------
Netserver is not running.
Netserver Image does not exist
0d2593d745caafdf963a4fd16f127a4dea97c25a57c998df6b48ce193129c74d
Netserver IP: 172.17.0.2
Netperf Image does not exist
Building Sysbench image
---------------------
Fri May 10 01:46:35 PM CDT 2024 - Running experiment round 2
---------------------
Netserver is already running.
Netserver IP: 172.17.0.2
Netperf Image exists
Sysbench Image exists
---------------------
Fri May 10 01:48:06 PM CDT 2024 - Running experiment round 3
---------------------
Netserver is already running.
Netserver IP: 172.17.0.2
Netperf Image exists
Sysbench Image exists
---------------------
Fri May 10 01:49:42 PM CDT 2024 - Running experiment round 4
---------------------
Netserver is already running.
Netserver IP: 172.17.0.2
Netperf Image exists
Sysbench Image exists
---------------------
Fri May 10 01:51:16 PM CDT 2024 - Running experiment round 5
---------------------
Netserver is already running.
Netserver IP: 172.17.0.2
Netperf Image exists
Sysbench Image exists
---------------------
Fri May 10 01:52:50 PM CDT 2024 - Running experiment round 6
---------------------
Netserver is already running.
Netserver IP: 172.17.0.2
Netperf Image exists
Sysbench Image exists
---------------------
Fri May 10 01:54:27 PM CDT 2024 - Running experiment round 7
---------------------
Netserver is already running.
Netserver IP: 172.17.0.2
Netperf Image exists
Sysbench Image exists
---------------------
Fri May 10 01:56:05 PM CDT 2024 - Running experiment round 8
---------------------
Netserver is already running.
Netserver IP: 172.17.0.2
Netperf Image exists
Sysbench Image exists
