---------------------
Fri May 10 04:14:56 PM CDT 2024 - Running experiment round 5
---------------------
Netserver is not running.
Netserver Image does not exist
9a810bc6e090bef2469cbbaacf20566c867c29641d3ef8f4b4c33e1e324ddc5b
Netserver IP: 172.17.0.2
Netperf Image does not exist
---------------------
Fri May 10 04:16:19 PM CDT 2024 - Running experiment round 10
---------------------
Netserver is already running.
Netserver IP: 172.17.0.2
Netperf Image exists
---------------------
Fri May 10 04:17:44 PM CDT 2024 - Running experiment round 15
---------------------
Netserver is already running.
Netserver IP: 172.17.0.2
Netperf Image exists
---------------------
Fri May 10 04:19:14 PM CDT 2024 - Running experiment round 20
---------------------
Netserver is already running.
Netserver IP: 172.17.0.2
Netperf Image exists
