---------------------
Fri May 10 07:10:22 PM CDT 2024 - Running experiment round 4
---------------------
Netserver is already running.
Netserver IP: 172.17.0.2
Netperf Image exists
Building Sysbench image
1dea286b1a3a7e54b62f94ed7ac8ae54e820c905882b75a3a801fb9637598bc4
203a0f984fe47755a3ad427506fe9d4602c80f4092ebbf7bba7521df7b331e09
a0e9374fa53010af84c12bc51469360f45726ecb1fd2b071157ecd21b67b9895
9e2166fb5f53fd13a73d2c0e5a39da629f42ef651d301beca3563f78ee0e02b6
---------------------
Fri May 10 07:12:16 PM CDT 2024 - Running experiment round 8
---------------------
Netserver is already running.
Netserver IP: 172.17.0.2
Netperf Image exists
Sysbench Image exists
195451d06d2dae5dad86c31e560716e1fd02bdc889df0ba2577cb4e18bd28fe0
a77fa072ab4b040ce440ab3016c40825a00f5b5b001c60f4c805241158c4ed0a
a2bca36f36ac1acd7e13886cc220e721294c0a37f57995a2ef7b8ece6d044bcb
a0fa328904d6c9b5144e0b65f2065fda6254be416a7caf4911729276ca665c12
c7e848189521833c9c1f278c294769dd5f8828fd86e70110874501521385c216
197adaae3e96f5683129a44b4b48ca29af3bbbe08fffcc3b2174d6136797e12e
50f27cb688c1c69a4b787fe6b28cbc5b50748f3667ebeaeb288a3d642214a540
db7526d7297d9de7031d9ce50a5a46dfdef3072b4e691582d8a6f18c20ca4f50
---------------------
Fri May 10 07:14:11 PM CDT 2024 - Running experiment round 12
---------------------
Netserver is already running.
Netserver IP: 172.17.0.2
Netperf Image exists
Sysbench Image exists
dac082ff655daa638e5f414dbec5a4869637d9934458f952f9c54dd5f8bdeb1e
165fecf43dd7aac2d7932e5e277870755e4bcc075ac3580a00f8dcf0a486115b
5eb5ebb2e2a7d1ecc0365aae3d45785ecd6d867d18b7dcd0d8347fb780aacbc1
3306856eb172fa3bdbee0a61c24e50dcc75574076e689fbf392108ce7fd6d67e
d20ac4fb3a817d5303214da4d57e520c56ce71546eac9d7c73ab092a458bf463
b561b21c0c6bbd79c19395b8d7dc2cfcc5bca5b3611dfb03a42951dd3e9c101c
74707f28a0a179e5dd371a35f4ba57c1419617a17c3e7ea7d3e1cdccf7d4c903
bfec8756cea54d147c5b9720c9f2bc3a2999ccba09890c3714b109e91da9ac96
414984093b99aca9a1708ed7bbaae1ad4d6d56bcdfe0ae776658cd5b1bf964af
a1bdc229530a754e8018694816fc86fa753542a47bd8ea2a7198f1f82cf3d2a7
8a4d775410b61751204e410016ffae0d6bb86c8ce10d5b7a3234781c97d0da8b
819cbecf225d581521a288139e27da28ccdfa522ddd941ad2bfbccef9da8ceca
---------------------
Fri May 10 07:16:06 PM CDT 2024 - Running experiment round 16
---------------------
Netserver is already running.
Netserver IP: 172.17.0.2
Netperf Image exists
Sysbench Image exists
c1fa98ac02d3fdd966a429966e68eef92969ad59e26fb17b0e952314656ff4d1
30cb6bd33b116f88d0bc042740c71c5f347d1412e248ec94b9e9c2832c7e75f8
f5b5de153161f9e6deee062c6cc3b9237ca5d8e88edb98350a1723f5df0f95d8
e82092a2992dea59e167b59c89484b82a555fdf563b9af2aeb4412f062e60c14
860b9588c830ef8b166359b10db03397d0efae2eabf8bea1eff50b3f79b2f8b5
f07d79feba66dfb5f5f17b6bb9130572264516eae187610b025ee2311a24d5e9
094551bce0a881bb15532ba4a01b4a3cbecaf425eae34b70b8f0398cbea5ff2c
9bd936ca3951622d681b2df266c49bc5822ff9b073c41d16a5a5fd7db1ac4b0b
cd6822ea9b374559028965e7f7801006e7fc86352fca9989c6a972e89c9ec863
591a45ec0547e61344c1186afdf6cd7d4b0648e5fb505350f7650b59b6320182
572422513a2a58ea967a30be3f7afac7c68a9004d1112892d9bc5ca6ebf311bf
0f969500bec0fad375bdec9d27a67d0445e1d6bc0d9a0fa92c7ef86d84190530
943f86c1b6405657be7bd1fa8304a4d02f401ee23bdb2fb75a15c036d6bfe9a9
5e04cfafc1b688eb2bc7ef725b3b41c04fa81fa62be94d8f3f3bf8bbb43f8c14
3c5402e91cfe4ece9b0cf4ce3dfebeee15ab9a6e7c3b3e8402a9ad3cd9e0c19d
dc9568c14d97125c657f37d8d120184fd59ced625095c7419afe394e00fb375b
---------------------
Fri May 10 07:18:02 PM CDT 2024 - Running experiment round 20
---------------------
Netserver is already running.
Netserver IP: 172.17.0.2
Netperf Image exists
Sysbench Image exists
fa661f52865998fe3ba73406e97952ef69e386d25b63ecdcb3cbae3551f4f1e9
1fb0ea75b055899202a576bd1f1711e80285642717bfc6a96c6813b4c1f8ce48
53e1bdb3258a2bff261fd18b5e927b66d99834003fb9118552b0d2b48d008795
b85dd86e3a6631d5c27ad3d783455a44c632bbc30e826852fa0cea76674fa07e
fd9214a4a7167dcf9cb9bffed608228a9e90c2a847cbfe569828ff502c899fad
8895921ae08fc7e3c4c282b35cc63581cc135e1d55fbd6ad30ff240f1adda1e7
953db570ec6ddd08e6bb0f13e209f73060ecb268183a38fa935d081ab11e45bd
ee48feea891f399681339ad15d896f34a7118fa9f6984d5c322067277c6fafcf
fd12551e968faefa01209d342ad54d33136c7298f278de76a34878d1c2db7093
a35b4baa679a76ffcc1a25059d4adc51746d6f0e3e8bf863dc539488385c22e5
8edb3afb8a9a74867cd7ea97ed631207e5c7502a5697017ab540577c56362817
474033c317619a0ca90094fb8f417034618e9c79b300dd6e84ca2db144b648a1
77c712d05667a17bc6ff88b20f6651deaf5d7a379bf23ccbac62b149d823735a
58d8a8419ea6199f1cdf6647e377f4045f8c5f8fc8559b2c9d0e7a008be4c474
54ef2149223e5439a66227fe46a43e6b7b76ea37db825429a0124ffd0c5b828d
3cfa22524e3ac1e494fe195f3815ea13a43ea34e8be3b5aa72f934297b0de76a
8b5dbe98d044e79de0f90359aa078ab1b3479d8128ad13ba3bc0cfa5270efde1
20fdc44b930ee5ec4573e76631f0b5856e4a674be2056bd9340b5d4f941671bf
75b95575aa35506403f11a43aaad9dee51e8878084ee425dfaf8b5e062032328
a7dd7e65b739cbaf3816caae5ce1cc4eeb81318a28dcdc460fcdcec1e4b53759
---------------------
Fri May 10 07:19:57 PM CDT 2024 - Running experiment round 24
---------------------
Netserver is already running.
Netserver IP: 172.17.0.2
Netperf Image exists
Sysbench Image exists
752c0a758658440dfca29c158f14ddb95f3708f94648e7e06ac7bc9410cdb537
d75ce0940c34bcdc77d7f51d46f13da76f98b9fb0b6e140f1d86ee45f14a44e5
eb6e7f6f19dfa61ef6821709e1706ab0efdd2ed64ef671c77a7a00eaa109324d
2dc54d7215d6771763dd15fac527d080271f533833a8573a00527bee57a9796e
df6be17522f1226a679e60445ba7664500641a8bc7ab65f912a134404284d7ae
4e5d419900991064d278d3d4d7054b1371a643bafbbc3ac00dc7f8c1b0c375a2
e163c70297155c271cd830d60b9cbaa9f4fbac8c45b38b2a3efdafed481f657f
d426c91ed5b98fdb48b3311aae2b64688d109a05dcce6b991bde36f765e35539
5012bd93a1da358395802075130c0e3b7133107c26a60090d9b69d44ae6e8283
9e4d7a869bff950ecb551f8209772a6c0f27a8c0470ad0e1cffdbbbb002de0e1
756b7b959e59f5f9e42e499540bdc2b023943c76c3131bd00296db0417ad39e1
c89ab8c26782d76410a3390f6488a59ede46a996aef4d629274f16401349d002
b1afdee8f8efe6019f4cb065e5612ef2cfee5f78a27cfd20587c15ce746a4f8c
d7325c24a093a95ba6e2ec6927145349dbf7f01c5bc232cf39ecb88891351150
822559b60e83706626ab845441676af723c40baaaef0a442b032666373d5dd3e
1e4d40b6e9c8405cbffb29f26d5dbf2ba1674b7f8516bf7f337702d79683a384
b8e6506779720e153fd5bf33beb3fb7cad1c8c4e3c88e788edc6dbc613834cb8
1b1dbbca59c4be86f73fb6b3e41bbfb7a9f8558419417ce1e9843e06b3e3e99e
dedaba5f6f9285cf623f99f504bf24a3ca47f62561b21ee17994974d2e703602
47693f4507b205e895337e9ff550c3de03ed75e9e6a2ea4fc0d14a69b5ab0be2
20f4fb0ef8d300ff6f43c6ec9af4158eba29a7a88b077a3e765a406eae1cd372
17ddaa22eacf94f06ddad4aa5f752c65b24964e995bd19581659bf2c10914968
79f99da6c9b44a99500b01d26b5644e214720fca4a4bf40a680aec99e4302515
45f3770846d4df1af2134cc12474d0b3ff78f1c30cdb3addadc4c9421185ad2e
---------------------
Fri May 10 07:21:52 PM CDT 2024 - Running experiment round 28
---------------------
Netserver is already running.
Netserver IP: 172.17.0.2
Netperf Image exists
Sysbench Image exists
b8ad66b63698a854ae99e6eb1292adfe5bef8b8e63e4fa4bebe89b0b7b4da649
25db07f349c2b1be9673ebfab10e3dda9b8f3731bd33ebb1b364dbf8c4de9140
8dc4e4482ea2f159e5eef89bdd49761ced950d1f7ce7ccb3997c2eb55e2b3779
ac882e3bd27204cfbee802b56ec727f68d473c9c5a7a18a8d40fd73389925c19
a6ec6648a6e90d97cfd8827778b2de9b370a135911ec8f7676fdbc722c0ea95a
f2eaa87d06021833b43f09414c990c83eccdc7d6f09e7b9664e0f1188cc761cd
494524f2e2420b772638ede4e7a16157ef8a3d6e04e3beb908c833e880aecebd
0261a3ed1a963473d115c72562ad3e80b9251fd3e1eacc34454aba04e225cfc7
d0d81a7f517dd1a5cb29c63b56b0ab671b682914e472f118e61e3710835cca74
be1406b97998818caa6fdc7f4c8c5b4cee7805a82e87a6c517fc199c28eb0634
47cb3f5eba566883716e4cd153bf687160bf93c7ee4c4152867c1e028de37586
e62002e68882acc142adfac5f3f1a5492373d20c523257bedc0cab6f9160ab8a
4c74d3b3a8c85b3523ed7ca04569f73a48d35b05675100136ec4ebcbaeeb5a51
5fb4e20f4a01f83277aac5d8b11548b49010b32ef1dd9c0a6b43975430270a3b
8a6de6f3def3289ab16911222c87836692b02b7ba6a123d1632b269b51ae0ca9
ffbd33eaf071367623b6a79cfa47422b3380fa48dd47384a66338bb3252e4702
6c90db563f2d513c6ec83969070bdf2e45964335c70bd940246f10c03cd5a75e
3d6787ebf84d2a870b20b2e8fa9799c8b6d9b5a38a859f5a05c5a4beb7460c1a
6f20afed5ddc5013954fa3ef32a5f9b0d8151cdf83dab307ef02318a372c49e7
eb4819dd7ccb812c42596f132d615f68cd5e55a95ea953351243922d59f5b15c
a83d1a5cb573283b1cdfc14dea71eb7169002829da444649387dc24c04783f20
a8dd2e0cd74e5f894e6b4588bab94a8e23091b18a3bca98ae515e3c440d33ef4
953b33031d87fc5d50c23c1596e13fb46b1bd7ae181b6d7ac964b76900c94b94
2c01bbbe2958be63fc4c33c4ec2e51297ce24263cfb603e8183466bf831cc291
61b09b863984c69f7d3c2833c554cc9fda5c48227aa6e6d15ea48ae41baee65a
b822e6f113526bebc7b61105ab5f3c4b67f0ddcdfad4f5a9eff9f4619d8579a1
8561464bae123f4b1b4fb5ccc8a73357ea98a612e945a3e3d3eee233092d1339
cb87411e893ed19b487e33f155e741eab0ec20618def3ab38505292b682705e4
---------------------
Fri May 10 07:23:54 PM CDT 2024 - Running experiment round 32
---------------------
Netserver is already running.
Netserver IP: 172.17.0.2
Netperf Image exists
Sysbench Image exists
b3aaba5bd21a152b34fd0c7a22135d5bf43165b968dc35052d5dfc551fcab925
6b4ff7f889f7b6f6db45c0c57d718f7b2346638ad011cb7c8ab31b21d2c7ebe7
f7cd224638e52820594be6a7e2dc47e1cf123af268691e9540390711d7233726
5b7478e90dad70c813ec4237ce1dc4d58be171380a016ef6bebcaa2f34468e98
7069e9844533f4cb324362e49236c06e7cd5c912cf3057bb91017e2a9d4061ee
ca74d5b81a9b84423f02ee55d79665a644737d0b2793cd49e8e58c01bdb0a81f
788d1d95c2f9a3c8ad29a24a4860f312a3381131f05902f8768113f1d1ad6c58
64aaf2454f0d5274dd99df9ff1313994bd493d582a9eb72d78a49ed0b9bf920c
a6f88ee52d8c34200b86ca5dfcd969cb64c9651a53683d2ad31ff0c1f952b91d
027d78ed7f78bde335340772e33b996a062ad3dee7470c14f06dbdb031362cfa
6b43651e5868ac84fb9d6455bec3a743cad263263448ede53cba127f55911613
d8e604394082d98b2233080f3ce2bcf7fc1f3a2ea9f98a8b9339820125c8e065
bedc3ae3fd71ec32b9654b20c90efd81b0c133815d5ea02a2eec0d4004f1f8fd
2a0190e6dd9017e17c0cc23578f8e207c4c5e5aabbc4937ae32f133c16c47e22
1123f06400786fd5cdc129a69e4533d0c49f7ed941104bf3c1828346762d5009
18794099ab6f8c637067942d61e9996cb0e2ffa24ba4fda94a831f501ad1db4d
e50958a12f0b021e143424ecdb161f22b1a8c9d598b142b1b1705407dd3bae18
b880ac44526e270bcc22d6676216fd8aedff7028668d204d2958e7d2c7019914
a63806b4c4ef4d2fe05501b1fbc1a188724a2828e0f6557f3ca385e6891aa733
1b29cb07cdd776a497d65d22ef25b01d1b5f22a7f07c01e9f6bb35bd33e4d938
2b95d963265b3e06da0166070a7e898479f5e0e6fafb60b04f31fd9f081479e8
861496a914a6777e1e9bff749dd60f3d3e8fa7ac0ff4ce8f985f3956367d0e01
6e636aec187822ccbd404befa0581f90093a3f019166883301aedc6493c47543
ead73d5ebbe96fc7da5309beabab9124e11b2e07106ee964e7ad99fc2f5a0ec8
677af57cde1f407248174e9c35ba0a401741f362ca0cace3b59e55e97198b765
4c37887735b59b29c0bdbbe59d786f558f70b6bd9fde98c8416ab3bec8294b67
bd0e109b52ec6e871b97aba066a50d9bd32701d2425b28c6f840c5a01efda589
ee2e310c6af90aad2fdcf0560e7777befb706721ff59708f539baf5b6c9c6ba3
5ddfc84d82faf5ddbabb0cbc78731be0390a61301ef41bce6d2efc3758562022
71ded5911d6c266cf6952f14d0cca687e8a914718838d0f567aa54e72ac63e8a
7e5c289944fd06231d15de6635904216d0b290f6fe2e4df368c0054e9e02e34f
9390200e0bf9406fa80183705f155cc0d3d6b4c2b2b3b7638f9632839ada31cd
