---------------------
Fri May 10 08:18:25 PM CDT 2024 - Running experiment round 4
---------------------
Netserver is already running.
Netserver IP: 172.17.0.2
Netperf Image exists
Sysbench Image exists
c97c199320589c09e79f2748ff69a3104656e0025cfe314bc65d721d60a59108
baa97b2ac17921ebcac095b6468944ad3bae6b5e80abdf05887ec79f96d889c1
701f1a7eb5ca5f5c2570a40c731dbadf83e9282489c88143dd084b8c6c1b7a9a
d5fbdd6c248e702c9e380aacbc7f1b2cd1406ab44eb00227d29ccad31665faac
---------------------
Fri May 10 08:20:18 PM CDT 2024 - Running experiment round 8
---------------------
Netserver is already running.
Netserver IP: 172.17.0.2
Netperf Image exists
Sysbench Image exists
b2b1a98829041e3514810093e86f2bab9916201ba99e22a6e0b9cf54695eb74f
b97a3e4ecb69263ce85a5e993dd3f03be94572bed7d7f191d5cddaee78b4e8c1
ed369e06e2bac339eff18410427b9461df041dd495e382a94c31c53ef3b31986
445945fc36b02b41068ad3a250750eca194b28c194e80a6e4d566f9c433630ca
d39fc201016df3264825b02ce1c6a2604c70cdb40c584fa7be0e764b94b0ec8b
782ce7f80ae4b225ec1b1e14f96fc4f223ee5c3c0c5b58f7e135efc32c422472
5be654945e6b6fb9f2da3d06f9d793ed2f3f15f5546d609a4acf938be7c457cb
2f54b868fafcfb772b09a3a9bf0256298dddce437241862102d42bec07cc194d
---------------------
Fri May 10 08:22:12 PM CDT 2024 - Running experiment round 12
---------------------
Netserver is already running.
Netserver IP: 172.17.0.2
Netperf Image exists
Sysbench Image exists
5e5a0b879a3268a038b8a1fa0002d0375505a6736ad95a564cb57f4368ece6e2
5975b8dc01c2d4345f0f13a54e8d0ac98b235e8c8cb020909f13e571a09fa10f
600f905136a2aa7b72d16905fa411f614e622623ed0415801220f2d540b339e0
7beabd6c86fb89f40ec65a8cfd6823a51d50dc45f602b51f3e8e47425f17a75e
674951de09af22bc3f6907a1e850ae788538938e2e3ba270c17c5b22a339e870
26549d13655545a601cd005ead5f9a3600b31c65dde8190bfbe869e3637295d8
467e92026ee5da54c0fa0052125081f3914e048b4b9e857460c9680fc0c0684d
6acc2dbd334c95ee0f757e49e8f0915c88f9735cef8dec1ebcb5ff1a61d5fc4f
02f56e2fb23cfbb403e1bcf245ff9188a885382ad30d9536158f6667d1823069
b0113af3addccd9e317f192b6d6fb828941372b2a074128c280c6ab587314da4
3de91fb89ded5860952e38879de36414664add2e82a69712cbaf0913b27ab993
13a0f40c24a1cfa92d0cb2ee98261d44d13c76acfc18c7a9263f63ca67d4dc2e
---------------------
Fri May 10 08:24:08 PM CDT 2024 - Running experiment round 16
---------------------
Netserver is already running.
Netserver IP: 172.17.0.2
Netperf Image exists
Sysbench Image exists
b2bfd63378c3aea21cfcb3e7495042a0d9d766040704b91ccda3090f7e8360c2
c21620467ac72ccf028c0ba0bd59cddebd363a23e1ac84a0d05598e368fd9da4
4506405af1f0592c40e3b71abeb2d130f86a7c02934e3ed22be5dee4af61f858
228786b925b9076501ce32e97703fec16c327b731a46965dd3a17891c8008c50
18e658556b9a929f1a48f9bcbec677d94727c94df01134226d5c022c5632fe2a
79a30137089ad4f29277ded7c6ed5b3786576ebcbf8f4daf812794fe0f49cf14
db4a8e5a9099d0e796a84a8b753d9c2d72e3ab3b667a5029252a6ccbc4edd630
23c04fffa639d8c0a28afb3e6c6e934b2f5abc345f9f8b16192af7558d3217c9
230edc77284292501992f3e8e8cebde0310b2bd9efb442855c603117d217b7b4
696664bf7d9686081d7486a3045957d19515a1d155875959c1e471d7cec37ca0
2d25f19edca79fe821199c3b19d647b78e497431b81ea0fc39293a7a67be5f5f
40601891409dca8ebafb32f4e2b666ab7674179530798152ba0b0894c496a8a1
6480c61b84fef929c5d49e1e5e31b9feb033e784bda73ea4e8478590d65aed3e
bfdb6c9f6ad6485d0bb548d38f19b67160cf761f96e5c3e92105f73d02353401
4d942375a9dfbd9209a140f89a4aca58754fd2b38558b201c45dbaef3621eee1
4cfb307f01a8a90444a45fc0d600b8d62aa3d1f3d8e91cae9388abe1d6da27d5
---------------------
Fri May 10 08:26:02 PM CDT 2024 - Running experiment round 20
---------------------
Netserver is already running.
Netserver IP: 172.17.0.2
Netperf Image exists
Sysbench Image exists
7fd93a3f1b26f9ee0bf2f38cd4c91900f919bc824c4ab49fcffe68b374119516
5c7376e206538d6c45758b10cf1e4412058f55a62346aef7e1fb41a3d150fb00
0c3366e6d6e948e3ba71570dccbebf5ce931f1dfd1357deb2c6dedd38be9f754
e7bed3567b07e6fd9325caf97c75389b6001bc5654a414cd0f8450494bf580c4
e657d0d1cdf6089a38a45ee8f34891d1ce7861e39d5fc858b76475a130e27ac5
84dc5db3db51912940d4e0d8b7d45984252891bb84bcb67e05463e743c4a0b54
0b8045c9a4a5a353bddcc018862da9d32cf5430fbc7ed16e934c6e23311d7f7c
f54401650e464845fe1e401fdf34f30e9c863047e54b2ad9954141a42f3ae8eb
622f9451ac29704663e8363c7988feabaa03f86f0330f315930587fcd4c2a9f8
402ffbadf3dce22a8f40b02478201c38abc2f7dd1a6971392b876a45ef49e87f
017d6770b47bdbb47bf50fcbeb375f86e27f2ad798375af3ad07f9692b6827ec
5cf828bcc019eeeb1250cdc02125dae42f4d17c17a3c83d5428a1cf69077889c
bbe566cc0bb61a4c69611ed5d93b20ff8684fb28241223015520ac8881fa6e59
6e7acb69cbe4f99e7ca6cb59733b3d71697498a5b9cf544f041d760780e700c7
887a19929c5574fc414b58fac5d21871b3ac18719095a0accdca22683e1f15af
96f07461d63f7d12259c0bc9ab0598881c5ce25c62e3d48b4cc10a6dff640e0f
bb1a5ec33ecc155aba17dacdaed1136bcf7e3395769de9e048820ea5166b7716
8bc88239dab2c7d3f5f6840591fc3a46dfc216ff64fcb11d97153f10a8b4fc76
02cff3110a80865f95e99cb3e9d5e1771ff5c9aeca4501888fa1a635b23cf308
bec6c43598819c92f9ce9c2ed7e814b81862761d43743e91d9fe69b53b70f15d
---------------------
Fri May 10 08:27:59 PM CDT 2024 - Running experiment round 24
---------------------
Netserver is already running.
Netserver IP: 172.17.0.2
Netperf Image exists
Sysbench Image exists
f1089d7483bc5e910aa970269982913ce3105f979030f8d4186d02b0de9902d0
3a8811ffdcbf095f0a8eeca08a7fa6a164d2e31410c7bab097d31dd648805b68
4cf7ec74a5174955fd7e30dea817715bcb692235efa0da613005de78982c483f
0dff445e135e99d68858667b42fbb6819c4ef45e41b1334a6c1c4be9f681f6cc
dcc2a0d36d10ca45f8cd958c122f3c89026b6f891565b361bac388b1df9ab9dc
3d61eb199fe605f1d6571d29f4aeddfb82e2bcf2d67cc30eb45da08b82aae54c
9da542ae5913da7e4145c4cfc62c13c1494b96c315a207919f880159272014ee
d5032eadac68ec97c965b6093f1837b91b5d1b14a652584fab6e0d93feb59ac6
633eed161b9484b7d37710bac0c487b9205c12a31a96d919bc3effb3a8e6c06c
c6b04bf2b768dcc0c9495df34367e6c195bae89a4a52de6b1fa9964c73f5ff97
c198b9a80fb847fdfde88945307a54afb115d85c2f99d7333d9f9be029a31017
d081884670fe91de1cea405c95401b59948d63e8b38eb142af9f75be91df40de
9a82df0103179b50340513e176768272e969cf8a218d5faae5f423c33f5b4597
1e4f2e49eacfcaa3cc000b1ede30d7b09f3b82dd8d26731323e6b3863442b914
0e5eabbb8ffbbf37fa2ddd9b55c4e359c7da8db4d7e576589ec5acb71557ac98
167702b4543c57a65c51cefc3fd8542653a679ff83cbbdfcf7f865c3360deef3
e765b5aaf207b27cb39414f8ea8a5e3824aefaaf78f824af08e7028adfe60c85
022ba2c972efb9326bca2bb0f559c62d639dd1e748107b848a7c89def6ddecf0
15612b6d2ef5833da9123cdadce313250d05054896445323ba6898fd07f7b124
b1e6aaa14eaafcbbe0d4098a23dfa06dc355e19b88a08bd46577301936743b44
65751ce4b109a2210c2fa5a2a5a43fd839ddc405074583cc1fca06128dacd0a0
679ddc74c493e005064fdab9d0c874b2aff76128b905841d51ccc5c76a0fa59f
05077505ded3e5e891b1920ceefb18ea9097fcffa5890feab7e69cfe95248406
34c39b898545bce180fecc84908ad810819bd6ce212991994608514376260f94
---------------------
Fri May 10 08:29:54 PM CDT 2024 - Running experiment round 28
---------------------
Netserver is already running.
Netserver IP: 172.17.0.2
Netperf Image exists
Sysbench Image exists
54482c77f16499c38853c8387e4e4bbdac3db76cf67b072fe2a662343d89be7b
d92c7009585dc9fcca210b0ff27cc7ee72abdac7866647ba93695631c6c11cf8
f8a8ed38e386cdaee8018db18599b63e97d745a56849a7c23e57de4f42cdb4d0
e95a93123e14caab4d4935713761ed07ef67325c438c32824fa1cac83e153598
6615b49177eb8e4c5ae63bafe0c03707d65059da9ec64d3309ef86e84b6a7d88
25d23e082fb8ef00152fb1dd18aed64a7b93cb6e0dcd50bf4aee9095b967da69
c5417c18cc2817815d953d1cd51b88906c730bbd6f9d79aaf96c7091690a7caa
37b30bb7428b1a483a920c2471070d396230865b49564b8628e92b9a4a268579
d3b9461fd4c87502f9d881f0f2b062916511e06506bad3a9efbaee689227e86b
2ef4731b429a46ebe332d3dec7a2a6f75b6ac6fb8a388db09e86c8e70b75e3fa
69a20ee7355254d79fc7c5893214e74504f7676887b20e1ad5a1c87ca5b0825e
1f5292d4b001a8fdf9a52d1d5a3de6020518e45a2b31dc58401011e2bb99d32d
5585ff9e22714caad15e261f8d709283c0a00138dd8a1f9be5dbf87150540b48
abef5d459cc84e9e7675327b483fde70810b840f0ce703d80a774af9a1c8d4f7
bfea85202c3e3cf0af1a4810cd077c98867be9bc702a67c770619da0063e46df
0340b5006937d3cd8a48b34835b226176dbd0fbbf66d999a6b817612eb93753a
2f636af281afe80fcb197d3b40f111cb6adb9137af220ae09366082150fe6899
951b57337b88d41da5beac545c6ccfc9887a7201b220073576b0e9df17a2da59
10cdd25bc0c5b14667569d6332e3b23a9e5bb8e11a893ac4846be462be202d26
988abd314996aa58f87cc541cd8ca9f5fadc160531f676242c8428c895dd1925
0ba6fefc1b23b99bff27540c5924ac56070a500e56781cda0a9e11d3a60dc9ab
7a5025fd3d1a3445dd8ccc106bff13793d9ceb11dff0b6e9da6dbf1ca916b909
2e652ef05dc71190fd94f0a207551bc8833b6d68d0612ee4ee1360b974ba2937
517fbe6f0e97c60abb814109d813c3bcf64e6a9d78e61162beb9a110597c1131
4ec06ab66bd7efd3994a0f3fd27bbb40c2e4a7de8b5b86a968de76a28337043d
cd4bef5006ae038f18fd10237dc050e9ae885bdf507d77c65bb7c8aea281e8d1
ae68fc9cfa2be7d215e78be40bff57ea2f4f636e34d23c48d061e35793247a0f
d7936216ced9fc6429e8bee2944bf68078c4641ef2f738e67f03acff9b9a84ec
---------------------
Fri May 10 08:31:52 PM CDT 2024 - Running experiment round 32
---------------------
Netserver is already running.
Netserver IP: 172.17.0.2
Netperf Image exists
Sysbench Image exists
6ff84f65a4c9b9cd9645347ed896a63f40c5b6f8a7cf615677c8fca8280e841a
4620282ae1981a50346ff0c1ea07004a38a03b8f95f132f1c55a18aa7e5ab217
7b690547f52536ca3f02a4f6ee35a876f569f59d26b701883b7e10b7b0a42499
2b3ec804198615e441806a09c8df80401d35b493fe1eda75eaa13a8cdcf79c38
4737c30ff22d564f35c11dbb6b5f4732a7b511f528412ee131a1a4548168f27f
3b6bc06c0dc17f7b3058209ac999116932f25f56259281562349f5e687776e1b
09a91107797ced5c4d7fa7ed5b8cd3b00281000dd85bef38380bc16eeb3a1ce1
33a8f887f88e1b2ba64450f1b393f0b250771d21927f429e400f1ed6c86facc2
d7f4921b48699670f815fee88d5054fc6d3a1f6f07d5f1394882f9e3ea7af406
402bb471a99e9cf1ff7bf9c7f0903b69b768261962c932806ee2f465368190c9
58b20f59b4206e825037bae6fb3abe14c487629b5c056230cf0603e4b8c4a9e4
f38fda92b2b004994c04e9464c53e21c7b552c337924b23fd6e90fce3ffa9e81
742c39e1d0b7d8d4188c2d4e15011a32ef7d7030682fa09131551abf305a8ffa
5527e273d6d0145dadf08cebb8086e1b16d731e2cbd9d0486e1ac00f6f214dc7
bb0ac89383c9012848ad0e18e1ad5b7f790d8982477aa65715f78ec59d97733a
cfa68a0b364ca94471b35bb0560eaf2ad102a40b84d8931c19f82ea9f4f659da
97d3085c95f43adfacc5378d85970d337ccbe15dc2193b8f787b854fb8d4ed18
742178f760810bb915af48c625fa361752b5805e54146af2a2025b7aca065191
ce432a444ea42efe044eef997356369d0c59e4fbb5f1b40e1cdcf3a1eeda3298
53e4b35fc64e3301a009ce0472c3468d09774bb3ddb382ca06690056ab052166
11110320548bcc2767d09ac5dbf0468395bd15b5adc25bbfd70f32abeeab8019
b405091570fc71a9242bf6d6df0aed9c619e898fc53f54dc7aeb01fdfced7e5f
8a3db65e0ed4525fb8a9c99ae71e3d4689f9c9b136ebe8f6e0db69cb3035f180
5b4356f5661c06b4532ca52096b74b4f243361017eb661b792947c5253b92f70
5981370f80f593638ca99c351fd159949f2c4543f2da1ef30128c6f7b4972d81
f98cac2711e8a1cab2600dc675b184d53eb73caac335cf49211a12c9e85a9efa
2336fe6601d72a0bd9c84d793acd9e94848ccd0c23d0c74960bbb0bcf14e388a
1efa81f6218503bb82e2d569d720748c2e34fc410ea58fb920c913521c0f6665
d43feb775f3d1c460fed14bec844018dd4ca60217f64651688301ced2426302b
8c019e2e2ad5c34008afb534c249f9cf2bb6060f99ec4fd1b55bc6f2d8ae2068
432403643baffd11eb830820931695b258fb5b091b71064c05a2db221978460f
b592741c38240023a2ba10eaee822209c966207f9a82cd9ad60ea606ded0645e
