---------------------
Fri 10 May 2024 08:00:05 PM CDT - Running experiment round 4
---------------------
Netserver is already running.
Netserver IP: 172.17.0.2
Netperf Image exists
Sysbench Image exists
07da6d6ff8dda37a8c60fc9bccd935af94f963d42a72a1db1f3700941f699b76
31ae008db61ee9e629304b9383045dd66e8b6f56f5528a31f1b2ce659cff30cb
63ee8e49e26cb18938d905304e75d745c7a7acffcd3efe6954d990135eabb1b5
53c160405cc3519e33d2acfe0c418df5a22df7a0dd4cb7d7a7157bfb06feca03
---------------------
Fri 10 May 2024 08:01:57 PM CDT - Running experiment round 8
---------------------
Netserver is already running.
Netserver IP: 172.17.0.2
Netperf Image exists
Sysbench Image exists
32025b2e0b0539e322ec5b3c02c59624078c58a1770ae3f024fd68153fb7a9ff
465360cb3b03131b18c8d40828a1860b66ca74e5c6209b4c2ad47d48d1021111
14fb85b290a2e5d005bd1d7e4536c0c364baa607892995cce3d65a2f674f35a9
20a571d13800514d21ef16e8f6315c468883b2be40fa151fbf56975ea4a3a56a
d3902ed5e4875443dcf6cd1bcd62f6e138c257f7f578ebfe879afd60c1dbe354
a73137e1316793dff263fa508abc723086c32d8cf22c1dc98a3b7843adb29368
faded9e11fc7a841577d93dba61168d72a3743fda328c4ae1f8768914acf0d1e
2f059a480235a16f40c322089ac7e026cde15868d53263906d52f82c9f18120f
---------------------
Fri 10 May 2024 08:03:50 PM CDT - Running experiment round 12
---------------------
Netserver is already running.
Netserver IP: 172.17.0.2
Netperf Image exists
Sysbench Image exists
c1945ff1f81f6a842f6f65a395c62417e79dafbe6b878bb0ee321f5b9862f346
5d02b32e88fa61b5ec58978168cba15ffd9a739601da67ad605952838117e573
57f6f76b5185684335c2f8098f615b2d98cefd6a616a48052aa5c509cb9e2631
044e443e34b09e168b50de60e89c39475fafeaf267dc777edd8751a3fff2996d
906f3ed745602a50988201b2d243451b0622d033543f4f58d12f7baa57252720
51ebcda057e1dc0e688607f3c277fab9db916d73416d8c03567d35ce31f74d42
472afd7e5fb0002c533eb83f84d49aeacf22fe7e11040e1457ca57699768264f
407e54f630fc333ccedd553bed6707ffc1ca9819237d7578324ebeb0c5085104
e09ac9bbdd07597c0b6dbc855bf94b815c7e5cda9f81b8525e0c7fcfa0da2057
350a0904173d87c2a1ffc40c860b802e5a83ba4b6a48301f7693b3795a69832b
b772196ca6cb77c7fe9974692435c1233947240078679a4e96854722b2f08b2d
38e8e1a7a8602a8abcae1e536d80df2ce7149a789a1fbce693a8a3bf8cc22d9d
---------------------
Fri 10 May 2024 08:05:46 PM CDT - Running experiment round 16
---------------------
Netserver is already running.
Netserver IP: 172.17.0.2
Netperf Image exists
Sysbench Image exists
7aec45e05b1b017a924acf0a8db8d69b063c115220c6dfaa516298e44ae9aaf7
90a4a654dac55b410bfcc1145a6ff88d7b8c59d58ed1a833c084e48031bcf894
ee2bebc77866af8162b4d32dc06f36efaf1f5dccc8f7dd6310a2b5e1a9f9efe8
a1e9fbe97da49e2f2bfd3892a82ab6ed52e35820be85317b500bbcaa561437e7
c9d4298bcb41a3b1fbd0121de40fe863aa13693a8561de0cdc53884ea03238f0
99ca71201ec3af54653f8b88766e84f80079d5e1af6e1ce7409cf21b36691b8a
64f50fd5c03c42a085c649d3a5776dfb79c7335bbe5f51801680e4124a3bdad1
6af299374db79122e1313d03fa7b33460f20f1466602317858a9314ab222a2fd
dda948bf1ef6bec0849a8721c71cc7480b364f6cebcfb3c279140878dc81edf5
f72f6b011dc8709fa52a68b5283d45eb9589e9ff509c9c61c0bf37833cb25730
16cb773eb6ad6602c63fcc2511f83e152eab2cac21964e8bfb6bc7e518899bdb
7ec887bfafc3c7e3247eec8b12be59f487867a766eef32a1f17eec3cd8a3665a
2bf23fa88d356833d1a804f4b8f384bf211aae8133beb3ff269b88b3b3f67237
a4c9e6acd99de0c104cf39988ae96de7d50c745d922616daa7b7f6a46f734f1d
f71895c30b18da2d2e126f45fdbd1ff3ec72553741956e02a3262a299d18cc16
88a4382da3e10dcac468647fe7e020f980fa3c63230e41f8bab75bd3bb2e0844
---------------------
Fri 10 May 2024 08:07:42 PM CDT - Running experiment round 20
---------------------
Netserver is already running.
Netserver IP: 172.17.0.2
Netperf Image exists
Sysbench Image exists
39e89cfaf5af3d559586d111eae90aab3818863e30dcdfac7ba91714ece6b141
21894812d66c1a04193a14893dbb1393dd26ca41fcb974136065df92ed41bbbb
b9681a4aa9a4990ce26490920546c9d0e85bbe62c17aec55541cde6c07776b31
011f337b96fcec7e796e831ca9f459e12bccf4fb313a9c4b8c723fcfd0be0324
ee5011dfc862132234966ce43db62b4a3fa01f05e875de102b2a39a3987fbf57
6c24f11ffc2198372a0c12762183e8cb35f63f788ad7e1ccd69792515b20cbe7
06af50f9ab4ea7bcb4120b91ea00d054c260b2db0e27dbeb944b7eff04c9d8e9
8a925d1f0644c2276b09ed0cd60935833b4cb0d6db5652a4a9f0b8281a53545b
2ab12c79c3c06cf0eaefcdd88c1b3c2b85c2ac73879e076181bf831d848e38ce
e317fd96c16534eaa56251a1fccdaf6b89367a5f029a38bb4c7b567cac7e1ade
c4238035f301eb4fbdbfc6cda9b48d0b514a224773d02061802e720ea0703caa
549be4da93419ed590e5e88271cb9a5453ec94fd4fdff4dca4e2f21b14821e95
cc375cdf3455cbd14a09b5df3a81c8fa597dc07a544d410fece7ac71d1d4c825
0da3afde8ac827a4780d10b67d49e9183e3442113cf43c0154e0385e44910a2c
f98251343af8124bd3009a80267cd11bcfb2aafea58aca47aaf38428b43abadf
f4b5d3f16a19e346c3af81125a280e849a575635d7eddd41dbce517be1603551
ce2d5c8bfa0d563b428b31494b30df9f2243b758ab1d6b7c3035ca1cb983384a
c0c13e8e58d833a11fb41c52015d32d4992e59ffd3e7777008ab2931dd08267f
c0c257da4ef2c77a781e385deae5e545449d68c074540868adec4c9cdb62b0ce
9cacb723d2d37c1f1a9d09e8d80bfbb7e9048b5578d92b782a1118ff69151438
---------------------
Fri 10 May 2024 08:09:39 PM CDT - Running experiment round 24
---------------------
Netserver is already running.
Netserver IP: 172.17.0.2
Netperf Image exists
Sysbench Image exists
0c26c86a6c9206df114ee24b87fbbce303f25efe247b491036eb1ea127e055c1
0d6eda134fffe941e38664237d00afcce85926b87980e15a3bbe131283e9051c
9712284db5677d68783a0ac2ecce656bcc72055f684a8a5d65cb52257e0e5e7a
35e84f35f5c06bf1e1ba402089dc0eb9b0193a017d8c19374d9ae089628814dd
5623ce7318e3c19395a7c350bd74e8025750b29c33bbaaebd2cb99ef650b2fd7
fbe40249cf062d07a106b919dca79736ac4ff681d5a42d1c0cbfe8dfb816c11f
c5a4da02ca3eefa0cdf5e8ea442169aeb8c03e4d1964816cc2bb9703168e6a56
5e57b5c4466472bf37e563bf2a5e45123bc1f2b797fb421b6e520807a45b259c
828c8be30a516c390e11a0b261fdb53f1d7c6468650d1d436490fc68e518fecb
18bd3d4595a421b02a1518c1a7650eec3ccdcc1c0d8f925a9b3b125a18a2a6c1
aee81de172676b6dc089ba00f4a2ce798f1b5e4e5f2d703cd94a6069d5bbd631
1d54b16201fa1bffbfc941724b2ab3b0291c2c3d1d8d0fb6a49063681d63f761
cdf7eceea6b0d02c7d250376fde39f5f2f3b8b9c269edd15a84fe17f822f2b34
66d169712061b556c0a981684fc0b8760cc3a5fb60077c4e7e668ee7b1f1dfd3
16870d06124281c84f68dac5b631ac462aad8444083f66ac990c3493b7a73ced
01e7476aad955bce11ca4f2c797a919560a027e2e85d431cda1536cd83330d65
4e0bf01785eeaaf1c9b36b1bf1586b4a16e036eb7778c98edc8b4eabbe9a8605
98f04f46dc7cac2bfb50bdb40987f5a1b11b6e6e182d5ed159f96aa045d656fe
73e689f7e985b398f72351682f21975cd487dd434c1898281cc4e0703e4d48f1
dde2ded7764a3eceec07c704fd224e0e4910b9f22a15c689aee73f92c49aed09
75bfa3d82fe5fd7246ab8261530e47d8bb0862c339d8064eca599943d3550098
d2bda3cef63db02fd77ac703a5822b8b047b62f7275bc2d7431b00f015290d2f
43a357c198cea0ed29e927f00e163456917d63433e36a027d45d861a9300c17b
44b17a675e1fbeb92e6ac5e0afbcfae817a73c5fe01cd9dc233aa9ce1c153daf
---------------------
Fri 10 May 2024 08:11:37 PM CDT - Running experiment round 28
---------------------
Netserver is already running.
Netserver IP: 172.17.0.2
Netperf Image exists
Sysbench Image exists
1dff0a9cb9017d438ae0f3c75544ed65b20631d6de198f52bac20a9dcc91f7fc
7cc183faa9e85beef5fa9074d14d2a23765b17877c511bd392839404c76e7af1
96c29923dea0fb1a048509aaf89f5df766cd2c7110ed2438627bfa1a3fbacfd1
721a08df6037a213d9daf24c76b8bd2a5cffb15578defba266f289c0ed142731
7feaf49930f0b6bf6b3205cade2f5f9dc841ce7105ace6a075f5825bbff7c91f
9a091d77cf621f49489996d861d643f00376ef7c20e5aee6e424136b5369da95
84fc03ad12c29ebbd1a2f68d07734531c3059d5e131be72bb25c43dc0266730f
2db9ac01d2511c41f9c5a07d1c83c94fd0031a90993a5172f34ff6ea289f1a94
02f5c732fd324b506596175a80738139e2add730419d056a79fb72f14fa37c54
59db738bf80b9bdf76d15fa264a6cd1dad2bc3e534870ec704f51ed452325bd1
9eff50ad1b4f2087d2edf645fee97d1fbb9f6b582e518f3b839c032787052355
bf6599e8f9bd55b3f4f7667399d7829f8842c98c29e276419df6b890e7095558
50dee5c043db3bd030d94d143953b4fcfcbb3770ae2738950e44d7f25bedb3f4
a8c9a31c39e25bf1cd9fd019f829ae40f495efb8f0c200bc2894fe1971e7fa96
accb864bdabdd0c3bb6f68555e803e8959fc648d765bf36a13acdc52a5487e0f
8717d4ae47029358e6633692a833fe3fdd55ae141f90361900d066cb399b22b0
273d4e8bc68e49f9304cd9763316cf2796d378d2194f1adce2ec765663a1be72
63d44a36d12790a5de3d8f3ffabe6518c4499ba4d78b0a292638e8480d615c81
c9e748e32d168e34dce116494919e2b135e71fa38047193e940c368a0320a13e
6e9d7647befe87bdbfb20f252e735fff96b93724ef84ffc4c25569d0f8c608ba
ce4c346b9cbe3206874facd30eb8b48e16bc3971c647853b2164dc20040cf9b2
98004504a3f4e2466781eef9609bec3bbad8a24be42e8d68e27b14de703b042b
bb61019a71e1bc67f216fd4c235dd8cda62447e2d98f30e078208e3d08cabb7a
f12051cf8d40f28c951f5d91478c48f91fc421cd3c9b4df9efeb422fe40fb95a
e1c231bd8bf8675d79cf5254a8a0b1b59deb120737c6cfe5b09425491b670cbe
4595ba57ae4813449e1024deeb5080406b66476cfc239294c6237281c38a3e01
05bb698ab1ee35f37dc34dedc54356f2637b9f594c43d37c5e77f36fef7ed692
8963f5ee04cdddfccf6d7b37c5b0ef0b25ece5ea7f38f851251248d7ce5c40bd
---------------------
Fri 10 May 2024 08:13:36 PM CDT - Running experiment round 32
---------------------
Netserver is already running.
Netserver IP: 172.17.0.2
Netperf Image exists
Sysbench Image exists
40a456907b3ea74f1517c47e59fd869fdafb06ce8f469cc2ae2d647f581e545c
2056dd11e3d551c0a6f9fb336ffabb5d1d5d294048e099697267ba2a6edf1d60
9c53f2e7f0657562d8748c655165e15fb830c5ba4a5153ca65863cf6cab548e5
dc52a26077bdbbb2490d656e2cdda0c8bd925b604e6da2acd613d1e40bc19774
963285ff8db49c2b55b21ed8b67a1d4d7e1d3231edd99c9d3d8e13a0087f856d
8f73778422ffe8dffd9e892b7c605e0730265f0172026d3f519327c0defcfea1
8f6c319b2c95fbcc798a905a658b07fab2c1fddba6adda9834f825ab2430fddb
7ee4a5d8c5f501da77f0aee3d7645a4694003880ae212d5f0d3dfe7ba6ae113a
6bc806e445cddd11aa0cd3eb72ad70c0847866bcfeb81c5a5c58f821c4f6f987
80700d276dfd41954bfeecc013d37059ff9bd1b0d9868615d656661f8556668e
3e1d438181ada3441fc522838d814e31bca6284d3ba8759f4984063c55f58855
a1995329f4832d320e225d984507f89eaf10b9314267dd8f6760c5f22b302c08
feb8cefa6ef029f453df3e73d781e8c74300775324aea74d0862342e5ad3f936
179b450d124bc73f2769a22623927d7b8a3e8cea69875aa0e2d0999bb9610669
56ece89ea1fbd8ca7076ebba9a874dd6401db449718441beef5f48fb995283d9
81adc24a91cb8bf99f616b1f1bbe2c156ac80288ccc3976c0c1b5027fac2fa25
1253aa4f7b4370a55f8251c58e8228ea08b78ea865cf8dd80f3d8506c19c1bf0
ab8d43af95bbfb6e7acc0bf885e09b26966a525a9233ca15eda15bc5f0f94f73
50e25dd7fe280edbf043c6b746a02f981e785306a1624748c426ef307b7b78ba
2b32ddfa111d2dd635017ae52d94a8df6bca0f2e90f58bc34b0d181be79800fd
efc8bd6fc52b771bb129b3e8f55d03eafc65764babfba836af6feb8af9393f32
68201bce81383af9734933a7dc9399b0a8ba7869c6a6c54fc2ba7c79c3fef547
ea394dabbb64217a6a35abc1fa149153cacad5586ff65f58a6fae60a8922df8b
ef5d0685f16fde28830bca6ea6604e4c1e9d46f777429a4c72ea506e1d321c64
6e530cddf25d920f38fdd657401edccd756a1094e4e21e01d14e18301c1668b8
dcc2c147f20abd3e7bc9ae430ccdb1b83dc3eeb4811dad2aa3dd51fc42e6e892
78b2a387c2bf9775d81818b7ed7be70bfc0fb6b3727f2a830909310ef4ce8315
a4c2cc2006bf6676bd9621e142238d95ec6d23d69f2733cc608648e9e3a77615
10a4de8ed4783196084c73e0b237d9a2f3a83549732696e168142edbb03b5357
c3a353bf9135ec8b696d271e4d2661bf968658bb5ba436fdb7d1cc6d52e700ff
883871db43b3865be0cbe42c31a99dc908fe2189b2c82e8d31ac9298b1a6a43f
b55bcf6b90b7c706e92deb057d0cbe3f94ea3584efcf387c5313ccebbf243386
