---------------------
Fri May 10 07:33:22 PM CDT 2024 - Running experiment round 4
---------------------
Netserver is already running.
Netserver IP: 172.17.0.2
Netperf Image exists
Sysbench Image exists
6e4cdf366a52ec1c4bd686dda57495ff676c5ba0f4813aa2ba4eb1c05bbf8b80
9b2f39e7dbdc26ed72d1184fee2756c71b7ea06f153ef5249fc96521fff8cfef
176e50ae039199d6fa2cd9ed16c5b80aad794aa77d25a614f40360874b3b74fe
d9c72ef5e38fb011551083c5e8bdbaf9f7106fdbdee5d40841b0e5a44f42543e
---------------------
Fri May 10 07:35:14 PM CDT 2024 - Running experiment round 8
---------------------
Netserver is already running.
Netserver IP: 172.17.0.2
Netperf Image exists
Sysbench Image exists
e57874d02c75b8debf84aedeefcbbcdd0bcb2208c86dec49af9dba19b97f2cd0
33bc4720d8f939c2fae83191d66281cf80214fde843ffc4a013044e2b6187b56
0e6f870951bb880ff77d79ddf2e698869db87d1061272e71709d614297eea98b
54acd667e8cd5c87f9792eaead75cd3ce1081a0cab949f36a6da7264cacb59f6
1d8f9561f3ed34a2106f4ea5e95dbc7ff1976af5e87aaa49a2797ac47bf34d94
aa1982cad1e1a5f1c13d5857164c3339a208196b04fdd2cf87f36fc8023d8985
7f30fe1971ad34f7c28a8d0318c3601b5540db9c31727faabd5fc8a4fa4078b0
1a3ca3e1ee6b0dc237f25843a134460cd06de880effd18d8c2eb825d1954dc95
---------------------
Fri May 10 07:37:09 PM CDT 2024 - Running experiment round 12
---------------------
Netserver is already running.
Netserver IP: 172.17.0.2
Netperf Image exists
Sysbench Image exists
8ab8e85f0135cbd07af792569602b01033f88c366020049a1d7c6da5bac6d128
e5091e741d0618871ef90ec2f55ab8880235e3dd4c22f93ba7050515c550cb0f
8eac2136dfab0760d1234e2cb5ea0852b48e02016eebf1881a8c7a5efc1cf053
30e63a07466b52d380b12d8b550e666eb6659c2f5327b9f5fcc71ee6549f6848
4bdad5522ca8a7b85bdc3ed689f11973e331ea8429991604e01f9e4103c1aa14
0eae78cc9fba427e96b74d95bff0d182507ac88e819c64e9b4e38c1b37b100db
e3819f3912743b496c0a1324f5865549403d1a5f1304cf84a5584cecd096f23b
a986c99e2d6d47be3e766de4a89858da1d49143670890d43c8b297d4367f1cd0
3282b5b36297c352a4f22863b90890948bb4c77aaf993cd956322f8323a26168
9239762320f13140a159895e3de6dd91ed2a3d9bea272899c841979b92ae818e
39c86c1ee7b0755d6f09e64dbd6a778595fd8f587f201e97dc3afca13dd60e36
bfd9bcfb018d45625a7a9fa57cb7c61fb61e7a384201c51fd980c5c46b5c33aa
---------------------
Fri May 10 07:39:04 PM CDT 2024 - Running experiment round 16
---------------------
Netserver is already running.
Netserver IP: 172.17.0.2
Netperf Image exists
Sysbench Image exists
9820845f7302e3955c5252155512d459a7f780d2d4958ffc44dc2720c8ae3786
ece596be21db89dac3e58af9a5f2e4e2e7eb09df4e70f3601ea21aa7a592a148
54b0e1a3d8577496809a3882dc1013ca4059019e73f012e116db9c96b3c78445
8004cc2f3c0e25e530745de8a95bd270afc2917b3169f9248f2d8bc0f6e11636
e4326eb5f1c6f8122921d49234eeb0420d6f504b19291aa6422bc4a322a419f2
54f9c452f0f05438d78de7718041588237d9b365d15f3176f1c07e3259a24e5f
15877e5ffff81468d654c4eae0fea68535706084eded871108f658a89f5e070c
16fc03a4f71ccacd11f52891e08caa11191bf9b9be72de99ce87f9bfb856f843
cb95f731bfd9a97536c0a2d2a7342e7c998f101f2dffb8484478ab38fd2701a9
eaa223b72ca5497468fb029dbee3f8b38a81f27750aa3005b0f10325473f47bd
6a0e1d2e7e24f206d1e3958d326e03816b27ba0781b3ce26abff8d3bc78c01b2
a6fa43955b2373714adaf8ef3fd8cdd0559af425391e89e0363681fa6762faf9
2771b74553229b1c2d483e369e5779b6eaa1a2e00c557c9a321cff2c9203da7c
05918387b6989ef5cda6f282b48453af9814ff03f0d102a0b312842db6575336
0df9edc5bf1167498d8ba577f9eaf311311a30f131c998ed21612573858bdf95
d98c497bc998a590243faa282b1bf462f0ed0352ce038d12f31a2a34af85522d
---------------------
Fri May 10 07:41:00 PM CDT 2024 - Running experiment round 20
---------------------
Netserver is already running.
Netserver IP: 172.17.0.2
Netperf Image exists
Sysbench Image exists
a5f105287e5a2b66cfeec7955d74bf518c6005609f6214268efbc647e0ed2a90
02b95ec253ad77014056c62f0a4a410ff3555a7b7453cfd7131da30d9419c3f2
f0c34a19daae2f34be738d1c505419e0f3307b9064e341e8ca93f7ca15c121d8
d495a46f83336a98849ce3c89f0a387ee54be05fd42bce06764c27e996f15a07
6c5b2a5b39e5257398784a85983876c5dbed0b082cced3e854b7a895ec004cf3
6b9a8d7fa3867a954ab0fb04570fc85d825dee1b978b7168e8f07737bc98ca77
c0e59599cbc09b83d3dc59b5e181b8508df39bc1b77a46e5f3ca0f7d5b7d7a55
23725a5b6fa44462dab8a43278b77c66b2a0fd2ac455b5653f868b3bdb30895a
70007ff56b29f201c3b59f0b8569587cbb77efc6d1212714dc2e916305dd3d78
33a8e90ef979e65364a36e9d22160e641c325bf67a41114f40c420ce89c38e05
d317c35e28cabbe4f38089b27f98e703379ff798e82bd8d806c91a1362349ddd
dab82bd31a2b8dd43306d1002a548674423d9428b601eb17e4bda4b2dc41304f
cb42324f1813e4e59a70e0bc2a6c514857df09956e85be1074d69b0f7b5f7274
d578446daa1c4a3eba8ca8911b91b33d3021b648a6b70039dfccbdfccd303cb9
cd20f43c6e387673b0a9a24953803f9a4d05ad11aed92e27f41315ea6aa1e179
6f891493f536dda73725fe6d52c2a63f8de1ac0e6ad7f6aa41a8e41502389232
3c865e0445b3a98816226675c739a781458d7dbc7dff084258df46bf7fc84506
ab72878bb08250a1bcd390341e3517838e02c5ee51c25431967bd0f9a002fc19
f244b9037bae3f18c5c51ee4f698fce8512440e725c8ee45913f9e17ab584311
b26d74d8767202fb55fa4dd34cb073578a429f9b1a8e0d1258dc6c08981adca9
---------------------
Fri May 10 07:42:58 PM CDT 2024 - Running experiment round 24
---------------------
Netserver is already running.
Netserver IP: 172.17.0.2
Netperf Image exists
Sysbench Image exists
e238f7749f9f4b953a59b62f2095cfe58cf8e2c97ecc6d4fadf80f3434b11a07
bead076302ca654642d0523d9dad7877f7d124aabadaec5a02beca99f18b6677
7467aa4ac470e23cf1152b505534ca39efa51f9f48eeb6dc4e90998785433ab0
8768adf842c17f7da205d3481d2f7733846f22ee4ea79f64ce8081480d92a908
92537f41c400a4da631d7ace04e413a652624ff90e48e6bdad0c4f58047c7138
75b63469c9e4e624a784b30b9f9f11b708836446b7055178dfc9017a0b6d44fe
3e2845b76f625c7e46510fab40b9f86bfb61bd8daed80bdfc7ac640fe730b57d
b0e0e7996d4705455c932afec05515282e2467d7d335c3539d33960a0c2975c8
3ec2c9f512e9fec87bc23b70e6eaa005e281ffde20a415db2ad7808f7109bd4c
aa61cffcd0bbab89cb8d3a0339607af776cfeb3aba4567725f246d3569fd63c7
3d0185b8bdd5be84783f7b796001a3cf4ce93ee876ef6bfe9f81a8b2f6f52c3d
58097aeca5bfa694feba040fa20013d021bde4b108647e25f6ff5b72f25e4580
cf5ea9f6865f62e8118ce9b5d3f0df5482cd4c11f64977814d295d9a3dbf0262
c52be69c9366ed4fb7713486a2630cfc3bbca7ddbdde61cb52d92e318fe8bc95
168830a8ea7cdc48d47fd352f4a491c89388e2f85cb279802860c794bcf12915
70e119957fb490d13fe1e73306eb2eb72986e3e8691dd3d6ffd9c054d01a68d8
70c7e368a777b8217300a9fd0bfbe86386b2ad11a97130ba11ac2ab45acd27df
ffa1053e517062f9114f514af7a424435a78c23085363fe7e700ce1cc188db6d
1004a7fa30a65ca432702c0be96b6ac355816e4f8ae1ef56f8040c1f22259f45
4d72fa5b4ca834141901842ac3d8f4eb9d5b8cf9326489ff68138d2419024a6e
8a9decb58e922423217e3ee99f1e3d017f55725a6a31cc6206a2868f4b597d0a
67d84dd675e28d1438966ce5467635ce05bfc19d0f783c78ceb56736f1efaad8
5b289102fc67f436268272effa891f89628b76f0af9ec63ec67351811636a4bb
11a46d4fd099f437fc2a1614305d0448ec1f79c20dd413ba0a1f594cd724e4d2
---------------------
Fri May 10 07:44:55 PM CDT 2024 - Running experiment round 28
---------------------
Netserver is already running.
Netserver IP: 172.17.0.2
Netperf Image exists
Sysbench Image exists
68571de5b4c1e2a9773b1e94e017b686df57596c2f4d2d4db0e88e061f636fec
f44e6a9c1f4ff5a86e87e2a02378ce30796e6b19cadb5e6101b18a67ba7eec2c
d53c9fad66a428d6628aa30496615690811f350cb4acb99a1233fb03e6b61277
f27e185d684adc9f49af7cee603394f9b0f66e76f9cc6ca68525f44045a5464f
a633d01357a41b1d608fd843192f646a4ce6d1ffbde35e2cec5eade6ebd815ce
ce7ed000aeded30f92758defe5c9f847806d9ef09c1807b2993e00dabb524bc6
a36d28cf9767f685364748e19e88b9bf49e73faffcd990507afd766ef087b6e3
cd7d4c0348faaba74bc05ac1f9a4b991bbbc1e1896018c2b626d86a73d7a3e48
14a8ef7cab1e543f467501521cdc78970e5a6df0644f45d66ac6f9bcb8434563
af85652471c87f3abe9a425392b2ed1d00b91a05ae20b147e819085ec50e9dec
8340bb3df67a097581955b795a449036e6ff333b445bd288fcc61fcbf95fca66
3c80045f9f6c15532fe809958b544cbe27602229b470e3af41ada6412f9bc45a
d1c2733d0f13f7942a2bc4f6aba5cf3bd1563638b5466e38481ffc66bca9f0c0
ed4a541702b736023875369f902457cdea2ea80ceb297a39a1e4b90a74740218
9abe7e3a42393e81b66bbdce0fd92704091828dcc9738720497349244340e980
6dae283b2ee8ea17a195a3086bdbfe1fa6f761cc706660ddf826a4ce22527644
949d6aa6bb631f99090e409384e528f400be8d976fa753f6c196d40c56dc4994
bd9733678321eafbed81a7cdade7eaf563d9a93a83c08c9f7d674044c6d59d54
417ff1321f862d58abde4eb3c0694f6583796e34962abbab7fabee36ab2d686c
f9ae10ded9c07152bc853c1e6e5ec9323966e0953215df13f97bcb234ee82211
95cf8ff63581783124d89d765dcb91ec5560edcfd146272a289b4fb217fcf9a7
4ba7432ec22bc69ae7bc0784cf89526a631dec917024ebe3a98427bdeba65911
9a1d0d53bf8298e9c197339696b8a1264e7f14b4879dfa13385de72082e5f174
79393b698cc2d90c39848c858f1c9b1ae116c065eec6899f00745f79bec8e324
ca2c8770fe63e44502f72ca2bb11bb93936750880b1be7245ce2f86e012509fc
f6904f7d31e568444677daa244ff541a130bac36fc97a9ace2ccce903edef2cc
18524a56b593f4d07a5d85a1a8ec290de184cd87320634c3e30520974b10f455
2e9f33c0bdc979ed434f4412dcf98abcffec0659bf1e65031e80a0b844792f83
---------------------
Fri May 10 07:46:53 PM CDT 2024 - Running experiment round 32
---------------------
Netserver is already running.
Netserver IP: 172.17.0.2
Netperf Image exists
Sysbench Image exists
721a7eb50f11c3d79fbfd8b3de43e0d2449172fd781c2d7391ca758423a67cfa
a90e63094914bc489ad534b6a44e65eae3c4ba478517c698123e32e298838618
fdbe26b4fca502af28b1436022ad6fafeb986ac604cda8e4f9dddde10814cfc3
84916f933e822227c4eb04ec2f0cf315761ccc99bef903a2c82d8a2a12c04c13
fb0bed0123819da7f4d4dae5828aedb156328ca0cbfd3d1bfc026cbbcb6a724b
40bf13e23151bc254d5b9dabf8ca39b9290a53c029ef1e011567265e93b20e49
bcde0fd087fe4a7ba29066bc27eabb9159b4e3451083412a706e1d39bd4bf537
6d7fca8e49c3f8668db6392b5657aa58cc8ae956526046316a979bd0963e756a
158cfa54a4d8adcf6170e87575b73de951ceaa471ffbae0d8a986606199345d8
5b45438f618f5ebc8544d5f1ae276e720caebac8b0ea9a995ed10b0bd38c5d89
b48469c72fea88e687a20675dbfd25119964cccd11cd0ecea4e53ec5dedd72a6
60f05ef31e7ff0064e22e560dd1ece1073427bd7b6767f9ca4807b28fb577c3d
764a7d8c2e5ce954a6acaf1e5f8c615503d1c743e06dc2e1126e286e3f776b1c
bd7ecd302e485ef3bf49d64a8c3260b68943080fc4b39e186f6ca044c27cf9d9
d74c0b2d85930c5cf4e40160da55ab0da83aff7b38c8137e93c80bb525479db9
1678c457d4744def51cb9f73c23db6550094c35c492853c0279c029b56478c7c
1169e198f24ab0f9d1b42c1859cc4f0b065f819335bae9b4e4159ad6f234fb9d
6993db0f852be649d62be163777f504d09d53613aa832ef74d083c6a0144e332
4520bb16534c7b0fb21628fa033c34188a39881b845e59fd5e3ec2c04bacbd2c
ed10d42fb694d5f2430eac70bd4f5a8975f88771ff6e944905504d4822ad7a66
ed5726cbc022f9dc80fd941e9ce230ca59da421bd2112e5a84abd32bf6986607
2c3000cea70802844d3136ba645817f9de487aad7f650d886adb967ee6555464
0723c84d77081eebb678eb3014f1779fda12342112fb553faeb20d24b810a019
c6e7f5bc9cdb5a850fb0ee489c53bd98bcd7e3a355dccc3f2215af41f4d27d5f
df675d8c6955dc7ee440f3e0a7635aec5564058e797968113d2ec5d9319d97a3
a944f9897f6b7d47c2af4f37b1ee8805ff9f591c4285781be2507ad394d132e6
230ee61e4a1b87378b7f42227d313a674f0b975605058fa818ee6b18614bd0b5
88a3016c5606c2a7ee4353421805c1cac53892c606b93ce9bb2861069c7ac946
d56a2be26ed01dd8050235f8e409d27927d0648af881bca08f9e66191183ec83
d8991818785dcfc2ba3a2b47fd7bc877e48370beac5085774e4254d44f4f2aeb
452769cda6b9d01c7d83f25eebc09c0bfcc7d65017f84df4312acd5245cec8f4
1798b1d2d571ed2347f03dc3a552cd81fcb64137de5b7eadc80aa240097d8da8
