---------------------
Fri 10 May 2024 06:52:10 PM CDT - Running experiment round 20
---------------------
Netserver is already running.
Netserver IP: 172.17.0.2
Netperf Image exists
f8ec7223ccad09cb2f15bcfa030aa46f89c9bfdbd6523db72f3b3b50d6cc929e
fbf373c23666a1820d1209b8350f7bab5b2f1e3ca21cf36952f9f54184dc6015
04f152cc0d40a031e08a8035a1e6384569864edada07a30193f0013d45d1e39d
c2077dc53af9dfebe284f7e5cfef48d39752919a2d2b0bd101e05e07bdd1c1a6
45792d852308359066743f4e9727ca6561f55c74b865cc199a74d2ace28beab5
61d246fbf21acbc45055e5eccb7d8fa852772c587eedc27a7c230363210792e8
b1b8c91c555826d795d491eef00f6837ee3cb5489d307cec78a1524859d1aedf
d81d4fb866e8661d061d0ff2fcfa34275afbfc538f6eeee52601eb63ef285ee4
5eca664cc0a4960e297a331a6a4e515eef626b078e34f3d361b8bc8702c4dd03
5c840696a9d1a6a2ead4cf48640a7417515e6571679441b9a67c40c399644daa
6f341c2ad7f5386db786823a321c923ad79968ffa734558dfb9df4fb4c23ee65
dd9d19703812147167927feb08ec0350845ff9ce95fd80e989f26fecd1a15f78
3acac4c617699d5d5b949e388d02f6b8264cef1da369ec4aa9f9da498e54aa76
8d68bb40eebfb0c636af18983113696ba664c5164d91196bc1a65d2bfdfb1f04
aba3a5fb6dbaec9f7078fef8cad5d9ae43f9eaa102cc60d79c56357741d496dc
eb96dca2b4af9cec1651c575828245b89d8919e864b440ba22b9faad73acfd77
2632fe163e2c78ee53a275ea1430f72f8bac169c9b4383370ec95a84d3ef4365
d85ad3602ee7026080534773807ccc88320c7b3a3788b31539759d0d9e1ef04d
8a9f15fa0f6098c76481b51dcaa636e1ad17990fe2d777f806f613a5ef095dc1
70016bb0f9bf98fa3c75e87646029f1b0a28fc347b8098fd8e3558c1d4b6dcf1
---------------------
Fri 10 May 2024 06:53:33 PM CDT - Running experiment round 40
---------------------
Netserver is already running.
Netserver IP: 172.17.0.2
Netperf Image exists
b934808c6fe92c5e67d5af9c3381d8701e56e5400e12e8b0c6d2c484abafb864
814acc2c6811cb6fad86776ee22d70287a42f87b37a182f361b053af736522be
2bf8e48d056c1ae74c67306c638880a8aedb3c92f48bd2643fe26f96bcf1bcd0
8d9501ccd2e1c0dc6a5eaf677a15f0290fbc4f81787867d18bd4982c2fa081f8
40a956dae561e55506e5afcc8bc1ef01ad3a320f486e5a34e3d456036d5199c6
29b898f01ff6f3416c499174e08dfdc52df40b67eab3ab97f4b9d123c76b32c8
6a15fffaa7339727fafb04edf163558e8ebc2d0012fe6a6ecfad93cd5cc4cbf9
9c5f2e0658b637b083950898dc2d402ab99910dc8f56ee0da29bc489ecb298a4
e8b22bcd96cb5a6144a4ba45eaf00f835ff64847276379090fcec6f879de5d64
ad425e55d24a50f611a33035442c352181dccfc31a8e3c91e52947e5963e6a0b
67d6190e54876d4836ec311c2993ea80f34f84d2f2ce4ad3c9591f270af3617d
75f0ce176297d10ff8d8e2c093d769191a26dcb0970ccccb54e2acd7b5389807
1dce2df428213dd2ac9390102617c25447df62ec5e0a8d3c662388a67c85918f
150c82028077da8476c6db66db753743a61a147f50960ed697f6cbd1b469c3a8
2262f91daf9e91dcb462ca3bec14799b43e4a236ba33ab477825da5709bd53c8
8f34afa60bda63c68623aecd454ca30d0d8725c848ec88284b4d60e62f6aa073
79a26e3e4ed549cdc41e7e1652d6f33a9f941bc6d46c2d3d84e776ea74b62745
4090d18d3b4cddf46ee531e1f127fa94844b5c846dfd10fd25ef7154e9cee348
4eb957ec146dae869a32d38564074404cc709ac3a64a265f6e6b6d56d92a7804
111675e08c87172d9d5ab02092d93ae6db9ffe0a574df5649fb8864fe96d924a
125cfceb969e27fd5647d72462eb21b403ef98def6f78d4180ee08d82a358882
d4978362b643d8435270d554e346bf3aadf15d79dc5bf9402a086d65b83a6b1a
b06aa00e9b2f5097ad41dd2b1939c89b578e098c0de5a57b53814752b4910d2d
0e568eb99695a82d29863c3e5dfb0439125b1e376862563835226438d274f07c
e96bf2f3bd9018263262ec9ab704992a14b8d504c6cff29e10c93dafb3441997
b137cd0fc57e4d154653d0cb15d7ca9ecbe3bd8ef5811b098fee6e13ab92bec9
795ae041e7f29cbe3a49efa55e4b02688cb7ac23d5ca68f3391790637abe2d86
9783913921a04d050993a0c3c96ed0990610596fc6ea20a2d969761a7aa178c0
dda922ba6ca872d8a7e9885ad16f296cb99cde8ffa27333e84d2b3658c1fd2b4
0ade39d7b85f6a78459dc31f25e10108e66c455d3957fa43b04ffea3ae1fce32
69cf2ac589418db18a4e14e92c92e73de0b138eca3525c8bccd23d8ca7f3d37b
350a179b5a1ad8248c5d7563068856cc5d7ab1c6c8301df3c6b82775cc8e3ec4
d0496d73702a998a204f5c1f429fefaa12c224796a8492cf61c230db152cb46e
f14bb4823078634a8d4c4b4c201fc92eec1bf72e879b507ef817bdd14673de0a
f3bf99240e0c0396bed18736cd3c62cb7c832fbfac1cb55d159b7a8e9f8bcba2
06a6b5fb7c1d1f50bb1e958ed60cd9c8a88005e23b2be270ff978328be4110bf
94858df8187c36baae371885c5c1d79b74b3a88de45cb1fef6dcde20766bb11b
7fba699ca1e5ae049c912dfffc92867a0598192eac61c2b4b66a73414487a62f
2961f1084697635e54ac92b965e65a006ae818ff80f14f0ce902f548dad0b595
edd3eba33eb89cb485a47c3a822a68810b808aa959e1464e3a9f3728e32c13b3
---------------------
Fri 10 May 2024 06:55:06 PM CDT - Running experiment round 60
---------------------
Netserver is already running.
Netserver IP: 172.17.0.2
Netperf Image exists
c560a74f7121e8706a9aaab40a6bdbd47d57ca142702efa95e79d07b17b76c11
e4901e82a8c5733d000f6c2030d4e1a5af93bf21cedad224cd5c052c06ebfadd
2ef92990aa656368053ab093a69dd8aabf062b2ddcb7635a75a712186e7d32f4
17d445a7c8cdafdad77f241c409eb20751d6e5b1d3c57bd7b099f8998ce0c1e3
42df76a34946a9ea21b521fb179f460674dba53433e6e399acdf8321e0712acf
adf263e8cb99ca7ff05958bc22891eac65f8ce1727e10ed2d93fa84662763b47
f007786867b18c6291b2a73c8da4977a39217fa4eabed74ca8bb047e52b2c7bd
ed80b48030d43b724e68f3f076b74c7551fb222479b40c3bc9858e02e9b60504
672e6652702a4353c5d994e6a435cdfaffd222ab5d2e987faefa681fa5d0b65f
32136eff94573293e7cc93f43656aa8b984055d5c66ea49f70b1ae652269ef00
1e00ed5349878db09733bee5c58ddd97c670924aaa1725119f269be18f560496
766336ef18d11cf75168b484b6acbaf9121f47c6082025b3eb50331d100dfb7f
254ed65d1c19de55ff49e1ec04f52daa129b08c4a33eed4435aa6ab1bb6c647b
dde2f95f05c773634bc78f52e7c8e477d6ff55788da11810d665a960f3f390be
f46e5f5106ff1fcf0d7d38b067939b8b0737de365aa6fd45bfba158a16abc706
4380da42032a4c9a44839b274a7277ad9b04e65cc78edf70ab7116c9b2b8d11d
baf527a91ddec1fbd1813aabc02b6eb66acb2a78fbefa5790467a81345d1a67a
f0488acc161e36e4e3687f1d567164896756135ba6374b0840d6d9afe61c46d3
3f2318621ef4a6bf7c38dd8d28a60fcf341afc34fd4b9c524f5a397aa104676a
6d25b0e103f15bb78400e8d3c661300db3ffcda88ea54cdf2defe1b8874b26c2
5f5fe28674f570199c311ac0f2667717870b79b3297d2fd5edd1e7266dff07ec
f0805de4e67a026b749c6ca185425c67eddbaedcc52be9f7197941ccf143074e
33a65e8320c979a8aaf5882c5f0f5124b0c643734ddb7078b9e0c9c9b8382503
342bc9fa4e96e085ced005d98cf43eb9775004ded430e454b5e46b0280e30c79
070fd9a446d806495e554acf4268e3376134524349eeed8783fac12bfc66ea77
24dd0eb83030383d12aef7aea419528e9c52408586990088a138ec649bde80a0
60a8b97e3370059fb98c0c9c0e97233af60e7452dd361612925d3253057fe51d
dea2e7cf52ce35c37f49798676a2668d34195db30c87cb4f5ad907f524f15593
ef879856d334c8e1fc5abafd760e1a5d8066ce95449119e223a05c48f37791e0
ee4f13af5cbfcb878131937ddcf3285346a520e74b0f058bdc6d0b38661ea887
9b5602c5ce73d0e41f8de4aca38d989df792c48461d73a017e9b1fbaab142397
5169d4243ed8339135a6135ca85bb9e217d167d5261dc4666d1d7145ac0f62b1
022fd355f02a01ab14cdcc76c3659838ad7b83445ad99f0253e28de2b87f8e6a
30f46f8093abf2ec76bc66e877e53ff547186b38f051a15c05b3e6c4a4cc724a
0a8101bd4c92f0641470bdcb10cd6f3ca453769344d7301a88e3d558921a955d
e360a431a8fd3e9e61d4efa4d2c07d64c0295d485b4b7c2ea596b32e727fea34
37a1d00713c2bef968b5ad143070c44b7f17c123d369f4ff04d580d7ab32eba5
51bb55d25082e70e786339f69895cf77be4d470bdcb83db38ce935aeb1979a9d
4ab8928a67ef875392fc1fbbd5d8a5fc2389a98f531c54eb0da06eff3749f2e2
92f5172d8bf76a044e645f6dd221a82c6aab5d1454d2adda8a6e38a22b8eb406
33d05c7af9d2c3fa7aab68c91ed6000901bcdaa3db09939c90a83735e45c5250
1a709eae66ce626bcb0799470fcf25ff6d691a7d0d51425084c50001a53eb764
619a863a6961ec304fb568662c3d8ae7fe7c3a17c421df90fd26746b4fdd1504
2572f971e9cc33c5fdfa5036a76a028932c31bc8e16ad8b432ff536f016d9446
0eda2b37fa3d38f5a2901243e45268bc936837b11f06097484c23ebf2a3ac302
8bd4bd3df2ab7f03d7b1869e6c5ecc1742e823d641b34ea8d85d09254f69a383
20fa4dd7596a9e7477151ab195f6b640a3fa3ed0180bd7e86b6c9a140e05752e
902cddd5417f94c1695fcdabfcb3d1dd17527493146f2527c3e4918018bc7a92
b2e777d21ffa2f8398508bbe19e4362cbb3082d5e3e466ed6b38217ae426b2c4
2835fe423a1292664b21bdfacf9dcfc3bd4a3fdddaebc3d77b591183f32c08ef
d7c50d679f4fba34170e34bf6ecea5d02912279ca597a9f135beb75163d2a1a6
354be92d9a1204740b342d608ec30cf28798d2f9c5515a587132c72a2d111e11
9f22c542bf7b832c3ca9ef974f39ef7c2d86d4559f374d2646c492e130dafbf0
b76f9051d4e25d49e5cdd6924515101c21045ca903603524fa39ed6193e3e418
5e2c6669011f2ba1b065274f559f2ac42f345875bd92f1f10c3b6d0dbeffd10a
eee4f384d4347d903328351a425d898899125ef283aac23f7f5b7d20da00d07f
20c4845a66bb4b8424c409b08d490670b1f7e05828dab2e742a60e4c46b57a08
6b3fae81520e4a34c83c71a700f544afc5366682f142ff4daab77d2b05831448
efee697f81f8a675f8ea630e2c8b2200d70273010c33fc994b5e7d38b7448b80
675d2b0d142e843b57b446b3ab4fa435b4be3c9176df69785ff306e9551bfba5
---------------------
Fri 10 May 2024 06:56:39 PM CDT - Running experiment round 80
---------------------
Netserver is already running.
Netserver IP: 172.17.0.2
Netperf Image exists
57e92e6e2ffdcdd21d8932e6b9900b34ab520cf0dcb5b5787d259f596ee4ba88
b1bc1f32b67f84720232c4ce41763a63e743af3be1ae4d17c163f82bc9d227ba
5ffa941d1faf5179a5363ba20bd66f8074eea0a0ad19033dd08200d65a218bf2
4af134509915b4c8470337431cdeab9efc643188798117f99a8cfa559405f554
25db535f7e2e71c9d2954b8d408373c5e17c51ef0facf99624cb9e36eb79424c
8945f2391ff60cb3ccdcfd32614eec408ca903c096e87569efd22636e150238f
aa88d129074c083c5f0c9a6d8dca09fd52203efaf99e19a43412627601c4e3df
35affda8dba5d2c6dfcc09551e2f403c526d531c9398e110da5dc2b7ee00ef8c
af1beef80390109ebfbe6d0cb2ba9e68570a77f403464a2931470390734c5031
09ae02902c9cd8c704be1982ffd267ee169bb5b180cabeaf0ce64b3a54589b4f
664dc1d1fabd684b6b5174a6577ffc7df1f2580c72d1bae63bfef935045cfb7a
19def76478563581616945880bc2ba8e994956425ff5eaa8cacfcc3cf796a844
adfef2cfb5adfc7fee7d8145a3a15bdc7e7e3a73689143442138c8479650f14c
a6e042d19a13c90b0aff32dd92432e3bf05455eb08f8d044769b64d0f0681aa1
2a9889c877f73fff8b8ff16310daa48c8a1ff90fff67ddd45fa1dfdd89f89538
6408ea76be399edb2caf4a568ffc103262852ef95616a141cfd4cde908a4c3b5
9dc0a46e91549b83fbf9300b56ab0be87a163f3519dc5092f507cd63b4347920
89667468fc3fc02d8976140a55139555a7fff9a4d15f2d7aa58ab397bc449a9a
685263775bb687511799497b433091a946ea22313c1c536e1cc01265fbd01c61
99411993b22d0f3fac906042ebe7e8ee0a05c66ddfe2ee2023ed325bb23672db
0a72bfb27bc167a75ba5f9ba9f411c27b0fc8ddc59b47dc92bf387318aa7e546
84ed089c0083a49328ce9bb2304ae991583576a9117374eeab6e3bb888df8b99
56493e0973f62ab37e8c1e3cd79c8e73e708feeb1e45a4b2f4fad471ecf092b2
7bd8dc8faabba897d35b91dc8f8dffb76c3570d74b5014b00dec8e1153903ab8
38fb5421fc14770520abb5019ad1cd7ea995d61ac73e333300b2438ca380964d
8c20b712b6b467707bba6ed0ab71d67e8f40fc621f32bb554850108674a8bbc5
1ce4ff343310bad55887929ff80345d832fa4e9bab84b7a52c8af995be699975
b3bb2795786f46cbda5608e63f2fe52a5334cb57d336beecc54c326221d025b9
2d52d4d89aed4f813b196a9cf411dc3b0c0a225942db9c9931f33b3945f459e7
832e9e404bf0d72f7125374f795adde5bd5a62a4cbcc5ac19310aac89bd95411
f29f92360bbf4ab54914eeab27122832176d25295fc3bde01a8cc9c870deabce
8f82d368d2b06d000b56459a73b6bc644cd8391744ea293c51d0f5c7f2413863
23b091b220b10970476824f7ded03f98e1de043be60298434c08b82db1ec43c9
b759961d51f7365197c112a989a210eed64441cde836b509561be18ca7b491d8
67eb71f95a4758883b752a037dd10ab2dea13f230ad4049164ed3ce6d7d2a49c
c0054c92bdf41e846f34da5fe781bd7fa5147e85a4c97f6e0e9e715fa5a3d53e
ee31ce571a0034a1103f37dd520be8d59b33bb72a8ea32738567495c75724514
22c5154d6e128cb50363ca8d4d0d6fe112e3113adb95a586f2926b889c0bf6ba
e45ecc628c95304effcad3bf2da3f9d07812870a4ac6f506c7dbcc88d6152d5b
bd1c2c1f6b1ad8641fcc780addcfa47072017737a6b63f5717508bb68e1aa4e3
4a357e8eba642008a042eb95c220d84f9850dc1a2c5d9f61f7ab3959e8493f2b
54762ce6be0e0f0539b80ca3d3b70c159103ff24415b0374e14a7f46f272112d
5e1ac90e7ab3f14d8426e2dd4336cbe390cfa13c4657869b9f9d0fb6e047d1ff
ce4b9e6665a8cf915f853d6f67d44819709bd4def28572da431f8bd3904dffc5
3cb95e22a97a373c502b49d98f8ad4b8f6b42065e5bc6d6d33b3c8cd45495b98
175f0465c201d810ace75066bcd291ac6cc42309dfeed0538628745f61b8dba7
f5e651781b4d8ff06f699ae16eb1dec2a07d83d20c5fb09ad159912d51cc36cc
e88f53173a08c4f09b0802f612222b0a6901868f132273531d64cec4c758ff5b
35f4f0e3b0f15ab5c2fc4ff38e19ab596f3401e76f158abcf2004f9003763ad5
95fc592810d73f0c6bc8f7c308a9ae9d9af85dc1d640d376b5aec87ba9afbb46
98676a06357cf134a0868bd2f18f81ec066a4c8d17ea4a894e5d3fd69aacfca9
de56ba9a0875ae83ce9870612eb7551ba11e02f5e86fdd28e993a712f21379ae
bd1313a8a3f200feb149f337353bdba2cd7e5c9212b4e4ac5f3b287f89f01671
63f2601555693b0bd699b33a8b37f4109d026218fbff83dcbf0865d7bf00a1f0
c43044c89b3c325292d3c036443f942e9b8cee623587d51b8c5252f7ad4738d3
8d1b58c34ae35a40320d07e581f0b84f0783f49df2dc9c8b238a99795f62ce51
40096adb72caaa5365c68c8f7902ad490721cabd0e8fa2840f2f755f098e083e
98f3083939bbf67c0805edc024ace4e16e6128b61eb0dadc41fc1de0ac92f0ba
178e4f6862177ed58b25d342ea34c6e42691cfe3fb1ccd61cce3358b46373a59
4a03e120ccaa57c1eeab06a12fce1e50c0ae69ccf5ecba21a658682309559935
ba9d30afe4b7372bf84e9c354b37c321e6d34b61c800fef43936ae117905f9b8
57f7a284bed14af060fd158db8f1db18b8e0836f6c08799bb2718d2c05516c3f
ffbe8c3032372c8550fe075d86eea125c94b1233824f1e04cee6cf15f4aee1fb
e5f1f4035877c77a1141fce4bcea672b14030f9f5f24dd89157f02649b6c4400
7512d87d8ff9f11de57a98f3c1a90781ca29b6f385e5abb5087159ee2a579581
81611469a7c713df65089ab42796960cce9b1c40a12de8e30a38dad0ea7414a3
03ecba31259137bf23dd9f61ecab314240afbdabe52ada9b40ebc43069386cba
765d4071e9b23a95fcd694a9bd639e4efd343d39b0302e77fcbf95de3ebfef4b
5bcef5a4f0dbe8c69d3e48abc4def6ca5c2a1f1372cd1fc0942fd9f91ce605b3
2d5be2a82873e3001c20167128a439693549a9b2d9c50532af6ce30550d45671
ed98b669512d9a193af15b59437fb35ea56d7ca083f6c872e641ae42f1ba14fb
f4ab25b4c1439d53ddf6c2fa1d8669dd373797ef4dc2f83d7e83bf17f711f565
09994e28fe92a7d8ab450ce0381b341abb1abab8ba31e99ac872160e581375ae
6b2f444517398e1e45cdae02da4e8e0ca95f22577275563fa66fff00474f06f6
5db9733865b9eba985149907d10fde5f3cde25fd7f5e9a261aa8e644fb1b306d
ecaabbd1906269e096a8fa7beff09cadd60099c6242b165c38bd941328b396ee
8b99c0e158ba5cf1636e93b197c7bd415ba17d38992a0026d19dfcc8b5286139
c8c52c89564891b54ae50c8ad8eb30b75e1c9be5888e11081fc1cd4b0ec7f6b3
8e23943b9aaa43f50327b80ee6ebf0e3dd7a52d01e8db8c51b8398a7ce23cb8f
44ca8b9474fca16b55bb4310431971854fd8fc47941df3086054573a7de67b64
