---------------------
Fri May 10 12:53:03 PM CDT 2024 - Running experiment round 1
---------------------
Netserver is not running.
Netserver Image does not exist
518e53f729f1e0694191d00432d93546c99283c280b201e7fc0961f9773a80d6
Netserver IP: 172.17.0.2
Netperf Image does not exist
Building Sysbench image
---------------------
Fri May 10 12:54:39 PM CDT 2024 - Running experiment round 2
---------------------
Netserver is already running.
Netserver IP: 172.17.0.2
Netperf Image exists
Sysbench Image exists
---------------------
Fri May 10 12:56:11 PM CDT 2024 - Running experiment round 3
---------------------
Netserver is already running.
Netserver IP: 172.17.0.2
Netperf Image exists
Sysbench Image exists
---------------------
Fri May 10 12:57:46 PM CDT 2024 - Running experiment round 4
---------------------
Netserver is already running.
Netserver IP: 172.17.0.2
Netperf Image exists
Sysbench Image exists
---------------------
Fri May 10 12:59:21 PM CDT 2024 - Running experiment round 5
---------------------
Netserver is already running.
Netserver IP: 172.17.0.2
Netperf Image exists
Sysbench Image exists
---------------------
Fri May 10 01:00:57 PM CDT 2024 - Running experiment round 6
---------------------
Netserver is already running.
Netserver IP: 172.17.0.2
Netperf Image exists
Sysbench Image exists
---------------------
Fri May 10 01:02:35 PM CDT 2024 - Running experiment round 7
---------------------
Netserver is already running.
Netserver IP: 172.17.0.2
Netperf Image exists
Sysbench Image exists
---------------------
Fri May 10 01:04:12 PM CDT 2024 - Running experiment round 8
---------------------
Netserver is already running.
Netserver IP: 172.17.0.2
Netperf Image exists
Sysbench Image exists
