---------------------
Fri May 10 11:41:58 AM CDT 2024 - Running experiment round 1
---------------------
Netserver is not running.
Netserver Image does not exist
169fdef9c68cc5de235f63fe327164da446a936785de84ea1fdb56c71b936de8
Netserver IP: 172.17.0.2
Netperf Image does not exist
Building Sysbench image
---------------------
Fri May 10 11:43:34 AM CDT 2024 - Running experiment round 2
---------------------
Netserver is already running.
Netserver IP: 172.17.0.2
Netperf Image exists
Sysbench Image exists
---------------------
Fri May 10 11:45:05 AM CDT 2024 - Running experiment round 3
---------------------
Netserver is already running.
Netserver IP: 172.17.0.2
Netperf Image exists
Sysbench Image exists
---------------------
Fri May 10 11:46:39 AM CDT 2024 - Running experiment round 4
---------------------
Netserver is already running.
Netserver IP: 172.17.0.2
Netperf Image exists
Sysbench Image exists
---------------------
Fri May 10 11:48:11 AM CDT 2024 - Running experiment round 5
---------------------
Netserver is already running.
Netserver IP: 172.17.0.2
Netperf Image exists
Sysbench Image exists
---------------------
Fri May 10 11:49:47 AM CDT 2024 - Running experiment round 6
---------------------
Netserver is already running.
Netserver IP: 172.17.0.2
Netperf Image exists
Sysbench Image exists
---------------------
Fri May 10 11:51:25 AM CDT 2024 - Running experiment round 7
---------------------
Netserver is already running.
Netserver IP: 172.17.0.2
Netperf Image exists
Sysbench Image exists
---------------------
Fri May 10 11:53:03 AM CDT 2024 - Running experiment round 8
---------------------
Netserver is already running.
Netserver IP: 172.17.0.2
Netperf Image exists
Sysbench Image exists
