---------------------
Fri May 10 08:00:37 PM CDT 2024 - Running experiment round 4
---------------------
Netserver is already running.
Netserver IP: 172.17.0.2
Netperf Image exists
Sysbench Image exists
c64b0318c0e6eb742f7c88de4ba049a40b434a37f0b559d13fd806c37cd3e360
19228eb989178b725542e01256ebb9c64bbbefbfd2339f2b808501d81574bd64
dec4aef45e5406b8842b28b7298a6737d110819024bff59dfc343cbebc128fbd
a9ab63602eecef96b93d6487c069ab1af10030a1b2211bd1dbad6b9dbeab6767
---------------------
Fri May 10 08:02:29 PM CDT 2024 - Running experiment round 8
---------------------
Netserver is already running.
Netserver IP: 172.17.0.2
Netperf Image exists
Sysbench Image exists
4663e917b7d30c9e1baa5444bbcba7cb018a087147b2dcb162dacfe142406479
0bb04689f38d82e9404bc9b5bbe6656ad1c135aa13495a06d2a3f3b94e72bfa7
84cbcd40768840fac87c0046da9d0e302e07e9398212bf33a6445352f8454714
ef40ad94d2518767f0bae0162d97b9de3083183dd27660fbdc86cb7c7b025da2
5d047f1b3a44dfe4829595d96590e04c1a3152504b01d651db2ba689e25e584e
314f7b4b0e5d65c26519dad5ba75dc03a4f31374f6dfc00764609ba5fe79f617
5f6285dc883ef55327d2545cf66cfe0d3be5326d3d75e0f1c9710dc201914fe1
c4f6f0ac6139cfa11272dcb589ee8ab6d61f8d0be7827c327bcf30e54164fce3
---------------------
Fri May 10 08:04:23 PM CDT 2024 - Running experiment round 12
---------------------
Netserver is already running.
Netserver IP: 172.17.0.2
Netperf Image exists
Sysbench Image exists
fedcfbc931e2cde1b0e4642ca6df5cac0f57a729ba743609b0c6ce9e905ccb21
fb9bb611192c681d8ed5908db345892149d0389780f816a57fe759ce1e459cb1
f37fc91fbc8a58a0147f0e7a7336ed61ef16323a59fd3cad80d7e0834057d5cd
1685da4e2f6e8d4eec4f00e21797cc9bd0e7bfb9dd378304260b9c6bd15e1daf
4e570d31ee821b24e3aea86123951aade473747fe6dc121eef8f66227b380fae
74d78773dedbefe5cd7f831e8290520f5577120d582344737343931f50c651db
eb8243e80fa86edda5f63057c26689d47ce3c64848011e3ee9ac366e089bce7a
c8af634c8d95f05d70f3ab357b881e8df298176d893b957ebfb2e1c1e1ce568b
10198b0673d4b168bb6b30c92a7816dc39b11f0e90ac95c70676b394020fd4c7
14da34f5909e15aab8d3e83c40dc2157d9248daaa3f8a7783cafb7b376e9104d
2db11342a5ae835dddc01fa7c9c8913a76d630b54d37f827a43d460157415bc2
f2c4d5fc5197da123fba07d691134c425862d4f223cd51f189445565c9b4f2d4
---------------------
Fri May 10 08:06:18 PM CDT 2024 - Running experiment round 16
---------------------
Netserver is already running.
Netserver IP: 172.17.0.2
Netperf Image exists
Sysbench Image exists
f471df1383a924fe0d83c4b130003a55bfde781a8b09eeee7dfedc04a26c7936
d0b40e3e37a7aa73b47949505925d0016cb5059b2bdf3f6a0d205ca3f31125d8
13e6908ff2fa637533057253edcbffce373e9f5cce54ab3937223de5d7cef795
4edddbf259fd5bbd0033b5f41421bfe30e4c7c0c0439741dde31029197b064fe
819ea27af34e583b843552659f48e891cba563de96d377c6e8034a330ea762e1
4a7083cbafb3ef404afca145f1f3cac30e3d12197026a0be19d440e45df208e7
cf74964b1015364198702ba4021f1757f60671a01e4443d9da9726662d60c41e
64c0787e3a77149f588d243bbb118f9482be3827b3d87d28cd12a34e4a9f81b6
925905a220a312a129432200d3e449ebc8ce2cc985eb32a66508756170c0af48
120f6a5ca06902fb761c3a7232a5038781876da8cf6bd718a2e54d67019d6ffd
71fd244fc183db227f57b1e7fa1309eb362936b4b23d8a6c0fe507157bdfc775
eeff7624892a41756eb7ac632039e9fe2f6259d1ce7a8713a71f890f9e37c536
a05fa154b7ccd760ffddb23c9297ec3f53ec0fcaa2552addc375644847c5d178
9099a03d6422c54999e38c88aa35daf002c4d98e1ede844da31dea5b5e2a0f60
a20ae0581f414fa0c99a681412bb69d893722da0acb9da01787d8e791e0b5a9b
f9fcecd78517cb047d36b32c14a48b956fa9dc4b6ccfe0a99a6bba4442e00fb3
---------------------
Fri May 10 08:08:14 PM CDT 2024 - Running experiment round 20
---------------------
Netserver is already running.
Netserver IP: 172.17.0.2
Netperf Image exists
Sysbench Image exists
087279367b2fd7af377c33035487850856b1e266436cf97cbd69bc8a3e53461d
7a6a3595385da67be8540a6f5656e38e6a024855b900068dcbddd950e4c892eb
cda4a6bdc9797037e2276036793730dc5471e79384c252d0d00c025c10ff2a91
c8c2f70b4a98e81eea17dc72c748893b7c976cf7a21d8597990091a5c8a3dd64
7292428c1f496af9b8ecf8480606bd80715bd4cc2610f289a4002913ed31bf03
d6913e8e4e81cc137d85c0b7177e33f4c15e86b66f4a0101f2865048b0c48291
05cc95126b60de58213d5d0f118eb0bfc42ef57aca88c7e8977a8de3dc30beba
4d8c60dba23b9b20a373d69f429bf0d52af6291bd68b20c20fb9b144aa3221da
5f9b990e7b490c423ff79079d4a8e800f9e13e923c62c3e4ed2554b8a06a37ad
3d0398e6219804cb2ecad5f45b1a28e0ae2896626cd6c7e07a4a745501bfe2a5
fa821f7df2c8a43aa0ba4a2cfe4946e49bd65f3f842dd1148fd32909afcbc16d
35c4ff50d7131526fd69f32036d2094217a69a6d4883a6b3754c0ab52e6d6d32
456b26afe8784880ebc050769f5222d99321005a919acb88896b7725b40b4461
5a2cd66d898867775436e03b181438057661d36214cf6aad0409515140cb6f4a
c8c205e8872c8bad8cc1aa1a92aab5c2b586bdd3e3db4485c08ebc381d0a8039
3a7ef3572ec4592109bfca5ceef1d6d027795ed9a04bef2889b3672def0ca576
3a173f3641c333211d7747b64f1d45097ca641e69315314c865464cadfd76725
64878244723f0fe499488933f60daffb1b43adc622163862ef4c5d7bf68bf487
262cb1ecbc121c5a61f2bc3e3448073906a6bb91c06f042e5cb526daea9e0eed
91f6c6c3f0b25de762401e4702885c294a72c438f530f30204e79d31c6179d47
---------------------
Fri May 10 08:10:12 PM CDT 2024 - Running experiment round 24
---------------------
Netserver is already running.
Netserver IP: 172.17.0.2
Netperf Image exists
Sysbench Image exists
7237beb166d4f212fab54657b193b33c3a29951464aa222a1d9c2d1493b9d955
6742372bc061485af567d3082a4476ce963ca905d13885159531e19cc0af3895
860ce0b4ebb63cc57855e900e93506dba1ce2621491537f97ea63843b450e2f1
8f2136289d9cd599fdf4b4b58d6a9ccb8de7952d2fce9e3855ab91e4a13dd3fa
095ebc234c363fecdb3e764e8e2244ed7e064b65327c17d4195a2af1dbed9b6c
5352c6a822899fe030272cd2788faf06532e0069ff9c7322bd201edef64ab63d
b92a4eed6e7ccbcf5457addcc52acc236917b4a7de516dc48b762b8e34c03a13
84a82ebead3926101fdc884630919a7f3a2d81ab034bd261f9e73b9d603e3ac8
8c6072088c1296551b42414a321662c117bc68830fd4a2b4211eff20c9cf3898
5baa33df461dc90ab690b5d3422a526808d46c42872584260ac05109935a0258
d6a742c7ddbecfd62ac567e16ebbcc3024bd4da34c0cdba9d6fb0a6b700d86cf
b0175aa610d01152baa7aff33a110b40bc68cf606aaa8bc3ff562e811a670a65
c9f908f83928f70ccfae946644b76fa9192fd1cf6ffbc21e17a351dffdc1cc05
bebcc189cacf77fec5ffce776bd1a867c254a4faaf4fce2016142b9f72dba47a
43c19348ec14ca5672bd8fd4f404558a9e0a3d2aa6990a01dcc1ef3f3e28728f
af4dbf0a52576adf58bc933f866586c96562d81d5df73e19a955c0ff537beb4f
6c45a00de751f976f64533bdf4ec68789bd2117e6a226accc4476a33dae996e9
7c0523f29b72f68fa3b16960480f0af0914c78e4d0751cc9987c8ec15c5eb793
39aa6306f462db7886ce004f62926c94f72d9a4bfe94b60a9fdb32bd425a628c
76d9a35053827393cfb9beb01b7e9a0419fde2283f058abf5c3cf14816f8410b
1d255afd62af04b71276f5878f2c693b2c657d2631be62ea56e2ba43f1939376
7f5e9860b84c4af7e640b9a51b75b0cf192ec2ff5a0226b9d208bd2593a2b6e4
9fb0c35250811ee0cda4131cdff748770488d3a2c11ada916ab22e3543a17c6e
89c18b5a76ec31c9a9ed4b2d127b3b8317ab2e3234bef82be996a40df0853a88
---------------------
Fri May 10 08:12:12 PM CDT 2024 - Running experiment round 28
---------------------
Netserver is already running.
Netserver IP: 172.17.0.2
Netperf Image exists
Sysbench Image exists
daa3d3bb1ea3044c9123be13210ea001cfcb14aacc86fc2ff8eed27480d6f7e1
1fcb619adfc3b4b5e36bacdf6a513cef916ef9d6a22b73584161e383eae6dbe3
4ed52d04a4ee0b96484a4e0621af1ac2aa023adcbc40ab3000dcf3b21826fa04
8d98a0f6bb64e71a370c81e643dca3fd9a9d4e2ffa95aa5a8ad5de98c26e9985
cc28fbd6b142cce35b7a5192873055e5e41f92f0649fab42982388ba7fed17a1
6d6b515d1e45a277e69cee073a87a9f7d58a33b4dc9efe1d35f2e67f90619c7b
30cf3def1853c5a026bac1455dbc0163c27866d983b78e62f59e121c22846ec6
36a5d716c175b4092504e5c5d07a3744edb897b45ac6e746f144729ecf5680c2
7d1a697f03dde52a8a145f0d8d55c1df6beb5d5635168769e61f6d9a4ade7c27
a42b870223aa771e5b7efefe1a419500b8e59c4b843facdff2de66da22fa0fbb
9fb3c0757668384edbf52e07bd81913f0b0648f2c74eff2c2cf4284467651979
f140beb29f4be81c6554616e3095a7460f3e7e53e3508f0a7ae898f0ab74f2fd
c90fb275da1f2d81a9a70fb9f27b8e882e654abae3ffc5219945ee87528476b8
0acb9cfd77274efe3238ceaaede576e930d45433a88b7326d9b20f7b10603705
9559dcfecf9590ffad61f855667ed1c4e193e7706efd880a970c340c22f1fe75
d596961c2edd8486195724cc20684686cee9a3d53a1f970dd41fa90560be05ea
8437e44a7020976221df09620cd48a1b7dfbcd64d0f3a4735cd75d2c7fe30a05
79ccc47386c7ed03eb85a108750201a6a316f7f22eff285087b18e13522c2d56
530b39ddd3a729dab07be32f1d9f9f2c0670c98a9419643115a0aeb5610d8593
25e390733832a36906207eba2199c09cb4603b5a8e0482aebdc66d8eee307413
fba6fa5c7335f976d89e822e229f162b2dde32c18d49d6adab8f1da686dc1138
467ad91c0acb7cfe24712d6890202349a155be72e37f8d35aaa2ae149397190e
460bde19873339005b0775f3b3e8642de4545b2161fe1d3ec559c0f65e128d3c
36cbeea4957574231f4c548372b0715c15b9593646c44408847235237a67241a
41a56c6ef7f61f88c9f83f4d290545482e42ab2d657d6eac49a75e961d3a7150
875c2a083857720b9442fe3ef74bd548e7bce72451793321d11951ce373bd1ce
5a7757b260ddb46c3f6627d6c9ca707986da5bfae2b6fb7f5a8ce17ee88e4d0a
7169f1b691d9fdf7d84edd4025df337c5a7e896261e9a81a37c09f64463253b0
---------------------
Fri May 10 08:14:10 PM CDT 2024 - Running experiment round 32
---------------------
Netserver is already running.
Netserver IP: 172.17.0.2
Netperf Image exists
Sysbench Image exists
3823407bef8bcbbb31ddbed3eec19b1cbb97bdf079bcbec475323cd076638450
b6de64a35c0828412c5f1a43a00725b91518357a7136d8e593309f50a8520409
5cd407a3c0640332d1b20293240297fd6cb4144b6093c461cf625be74ea84864
bd936248e9a7c343b27cc41e9a65e60cc8bd4ffaa976fce00dc15c872f4bf3fb
6a33063d8a87be7d4a2a428b501502915c54db10410b9bf59582e533b5251fe8
3f74ebad57ededd1ade701a465d6ef5a0a22a4af7419489a23e7e37f86aee6b7
35de65431161a4aff7334762123dbfe5a78aa7e4e6cc69d4e8d48011446af015
984a2f4deeea4f61236df0f9cedecb40dd62ea7d80b4f1d7d84817cd9f8807f1
9bff44c7a3c721d69ecd7ab87ecb63100ec5d5376bd1243e0536f0f2e4a13dcb
535b82d1072e0c2cf3c7ab83f38c052c8776aefa902260ebeed0b84c9f5232c4
aad98fa4d826f27ffc23292e70781766678da4e7881ed35164d48322739fbe1f
2c064ae5b46a434a44efa87bf4ed2a87810ca220e3872d1242fc248ba98c8c85
f905cc3af4ef689c137b766378b81bb138cab295464ab3e9c1364e6e349120de
b4f396eff868f714cb634fb6cca8209be23c88d1a17bd744016fd6729473e9a1
c49d9bacb7f3a4de2a42383ea489efc1dd18e0802030ca5c8d71e42465a4d12a
5df50a48cef64054ec0be1cd70d5cde80f052fc45b1841f852215ed13a5ad8fd
d1504728b7131a3e7e83a4cf974ffe0349aa1e077b8828b39c5c2ece8153009a
fd4c1d8e1f545d35e411e3704148172a7b63ddd504fb5f11f6f4da3aaa192e3f
0fc9deb2b4af69ab2a78ed7e997c530e04055ec8ea3f08490aed1b7779fea819
bd5835b01ecdea7dbd79525c52c5a421dcaa8b770919ea66b3b0f9027eea2875
2cb307ef9306c3e10a3b8f0d74fc33efeac099e6eb7d1f34e5cb21525aae1c30
c09575e474f4102c0dec40d3083155aafb905825d4b747471736c3cfaa1f54b8
fc589ff03666f979fae86bddda18ceef5a78683ea4494894c49fc9080ad1eb41
8d4701045e7181ffdd66c43b115b9e3fb1cbae8a5b658cf59bd662c9c2b87a98
da0695134e6b826a7c1e7bbb1239a67e88d2da2743fd33381a7ad3eff8fbe3cc
9524bb7d19ee1df8317b729dcb43156e8c627f0f28f9a6cdad4cc04506bb30c7
d9997d591c87f6d2cd421fca11b73668d62f79ac4b274a8dff27fdc50a1c7d42
57cc50c7d187d2f0041ba87b849f89162fbba1f55023d455fa301f537b8af8ce
b428035848ab8046e1976aee58002789e71488e45286ae560bc95f5c8d396224
3425e9fccfd34c0ea7c35a3b1a3891e2d24a17afe7b9815c32ea20f30d954fc4
e03d95679c360e8e1fed3a346d7c36384ac505ff61d7265eb00f935e5f075ddb
da0ff5e2374f531f9769602f14c7b27bad1c16228aa1c595b6b6870d6ac5afea
