Linux 5.4.0-164-generic (node0.gp27-206541.cs523-uiuc-sp24-pg0.wisc.cloudlab.us) 	05/10/2024 	_x86_64_	(40 CPU)

08:18:44 PM   UID       PID    %usr %system  %guest   %wait    %CPU   CPU  Command
08:18:45 PM     0       188    0.00    0.00    0.00    0.00    0.00    29  ksoftirqd/29
08:18:46 PM     0       188    0.00    0.00    0.00    0.00    0.00    29  ksoftirqd/29
08:18:47 PM     0       188    0.00    0.00    0.00    0.00    0.00    29  ksoftirqd/29
08:18:48 PM     0       188    0.00    0.00    0.00    0.00    0.00    29  ksoftirqd/29
08:18:49 PM     0       188    0.00    0.00    0.00    0.00    0.00    29  ksoftirqd/29
08:18:50 PM     0       188    0.00    0.00    0.00    0.00    0.00    29  ksoftirqd/29
08:18:51 PM     0       188    0.00    0.00    0.00    0.00    0.00    29  ksoftirqd/29
08:18:52 PM     0       188    0.00    0.00    0.00    0.00    0.00    29  ksoftirqd/29
08:18:53 PM     0       188    0.00    0.00    0.00    0.00    0.00    29  ksoftirqd/29
08:18:54 PM     0       188    0.00    0.00    0.00    0.00    0.00    29  ksoftirqd/29
08:18:55 PM     0       188    0.00    0.00    0.00    0.00    0.00    29  ksoftirqd/29
08:18:56 PM     0       188    0.00    0.00    0.00    0.00    0.00    29  ksoftirqd/29
08:18:57 PM     0       188    0.00    0.00    0.00    0.00    0.00    29  ksoftirqd/29
08:18:58 PM     0       188    0.00    0.00    0.00    0.00    0.00    29  ksoftirqd/29
08:18:59 PM     0       188    0.00    0.00    0.00    0.00    0.00    29  ksoftirqd/29
08:19:00 PM     0       188    0.00    0.00    0.00    0.00    0.00    29  ksoftirqd/29
08:19:01 PM     0       188    0.00    0.00    0.00    0.00    0.00    29  ksoftirqd/29
08:19:02 PM     0       188    0.00    0.00    0.00    0.00    0.00    29  ksoftirqd/29
08:19:03 PM     0       188    0.00    0.00    0.00    0.00    0.00    29  ksoftirqd/29
08:19:04 PM     0       188    0.00    0.00    0.00    0.00    0.00    29  ksoftirqd/29
08:19:05 PM     0       188    0.00    0.00    0.00    0.00    0.00    29  ksoftirqd/29
08:19:06 PM     0       188    0.00    0.00    0.00    0.00    0.00    29  ksoftirqd/29
08:19:07 PM     0       188    0.00    0.00    0.00    0.00    0.00    29  ksoftirqd/29
08:19:08 PM     0       188    0.00    0.00    0.00    0.00    0.00    29  ksoftirqd/29
08:19:09 PM     0       188    0.00    0.00    0.00    0.00    0.00    29  ksoftirqd/29
08:19:10 PM     0       188    0.00    0.00    0.00    0.00    0.00    29  ksoftirqd/29
08:19:11 PM     0       188    0.00    0.00    0.00    0.00    0.00    29  ksoftirqd/29
08:19:12 PM     0       188    0.00    0.00    0.00    0.00    0.00    29  ksoftirqd/29
08:19:13 PM     0       188    0.00    0.00    0.00    0.00    0.00    29  ksoftirqd/29
08:19:14 PM     0       188    0.00    0.00    0.00    0.00    0.00    29  ksoftirqd/29
08:19:15 PM     0       188    0.00    0.00    0.00    0.00    0.00    29  ksoftirqd/29
08:19:16 PM     0       188    0.00    0.00    0.00    0.00    0.00    29  ksoftirqd/29
08:19:17 PM     0       188    0.00    0.00    0.00    0.00    0.00    29  ksoftirqd/29
08:19:18 PM     0       188    0.00    0.00    0.00    0.00    0.00    29  ksoftirqd/29
08:19:19 PM     0       188    0.00    0.00    0.00    0.00    0.00    29  ksoftirqd/29
08:19:20 PM     0       188    0.00    0.00    0.00    0.00    0.00    29  ksoftirqd/29
08:19:21 PM     0       188    0.00    0.00    0.00    0.00    0.00    29  ksoftirqd/29
08:19:22 PM     0       188    0.00    0.00    0.00    0.00    0.00    29  ksoftirqd/29
08:19:23 PM     0       188    0.00    0.00    0.00    0.00    0.00    29  ksoftirqd/29
08:19:24 PM     0       188    0.00    0.00    0.00    0.00    0.00    29  ksoftirqd/29
08:19:25 PM     0       188    0.00    0.00    0.00    0.00    0.00    29  ksoftirqd/29
08:19:26 PM     0       188    0.00    0.00    0.00    0.00    0.00    29  ksoftirqd/29
08:19:27 PM     0       188    0.00    0.00    0.00    0.00    0.00    29  ksoftirqd/29
08:19:28 PM     0       188    0.00    0.00    0.00    0.00    0.00    29  ksoftirqd/29
08:19:29 PM     0       188    0.00    0.00    0.00    0.00    0.00    29  ksoftirqd/29
08:19:30 PM     0       188    0.00    0.00    0.00    0.00    0.00    29  ksoftirqd/29
08:19:31 PM     0       188    0.00    0.00    0.00    0.00    0.00    29  ksoftirqd/29
08:19:32 PM     0       188    0.00    0.00    0.00    0.00    0.00    29  ksoftirqd/29
08:19:33 PM     0       188    0.00    0.00    0.00    0.00    0.00    29  ksoftirqd/29
08:19:34 PM     0       188    0.00    0.00    0.00    0.00    0.00    29  ksoftirqd/29
08:19:35 PM     0       188    0.00    1.00    0.00    0.00    1.00    29  ksoftirqd/29
08:19:36 PM     0       188    0.00    0.00    0.00    0.00    0.00    29  ksoftirqd/29
08:19:37 PM     0       188    0.00    0.00    0.00    0.00    0.00    29  ksoftirqd/29
08:19:38 PM     0       188    0.00    0.00    0.00    0.00    0.00    29  ksoftirqd/29
08:19:39 PM     0       188    0.00    0.00    0.00    0.00    0.00    29  ksoftirqd/29
08:19:40 PM     0       188    0.00    0.00    0.00    0.00    0.00    29  ksoftirqd/29
08:19:41 PM     0       188    0.00    0.00    0.00    0.00    0.00    29  ksoftirqd/29
08:19:42 PM     0       188    0.00    0.00    0.00    0.00    0.00    29  ksoftirqd/29
08:19:43 PM     0       188    0.00    0.00    0.00    0.00    0.00    29  ksoftirqd/29
08:19:44 PM     0       188    0.00    0.00    0.00    0.00    0.00    29  ksoftirqd/29
08:19:45 PM     0       188    0.00    0.00    0.00    0.00    0.00    29  ksoftirqd/29
08:19:46 PM     0       188    0.00    1.00    0.00    0.00    1.00    29  ksoftirqd/29
08:19:47 PM     0       188    0.00    0.00    0.00    0.00    0.00    29  ksoftirqd/29
08:19:48 PM     0       188    0.00    0.00    0.00    0.00    0.00    29  ksoftirqd/29
08:19:49 PM     0       188    0.00    0.00    0.00    0.00    0.00    29  ksoftirqd/29
08:19:50 PM     0       188    0.00    0.00    0.00    0.00    0.00    29  ksoftirqd/29
08:19:51 PM     0       188    0.00    0.00    0.00    0.00    0.00    29  ksoftirqd/29
08:19:52 PM     0       188    0.00    0.00    0.00    0.00    0.00    29  ksoftirqd/29
08:19:53 PM     0       188    0.00    0.00    0.00    0.00    0.00    29  ksoftirqd/29
08:19:54 PM     0       188    0.00    0.00    0.00    0.00    0.00    29  ksoftirqd/29
08:19:55 PM     0       188    0.00    0.00    0.00    0.00    0.00    29  ksoftirqd/29
08:19:56 PM     0       188    0.00    0.00    0.00    0.00    0.00    29  ksoftirqd/29
08:19:57 PM     0       188    0.00    0.00    0.00    0.00    0.00    29  ksoftirqd/29
08:19:58 PM     0       188    0.00    0.00    0.00    0.00    0.00    29  ksoftirqd/29
08:19:59 PM     0       188    0.00    0.00    0.00    0.00    0.00    29  ksoftirqd/29
08:20:00 PM     0       188    0.00    0.00    0.00    0.00    0.00    29  ksoftirqd/29
08:20:01 PM     0       188    0.00    0.00    0.00    0.00    0.00    29  ksoftirqd/29
08:20:02 PM     0       188    0.00    0.00    0.00    0.00    0.00    29  ksoftirqd/29
08:20:03 PM     0       188    0.00    0.00    0.00    0.00    0.00    29  ksoftirqd/29
08:20:04 PM     0       188    0.00    0.00    0.00    0.00    0.00    29  ksoftirqd/29
08:20:05 PM     0       188    0.00    0.00    0.00    0.00    0.00    29  ksoftirqd/29
08:20:06 PM     0       188    0.00    0.00    0.00    0.00    0.00    29  ksoftirqd/29
08:20:07 PM     0       188    0.00    0.00    0.00    0.00    0.00    29  ksoftirqd/29
08:20:08 PM     0       188    0.00    0.00    0.00    0.00    0.00    29  ksoftirqd/29
08:20:09 PM     0       188    0.00    0.00    0.00    0.00    0.00    29  ksoftirqd/29
08:20:10 PM     0       188    0.00    0.00    0.00    0.00    0.00    29  ksoftirqd/29
08:20:11 PM     0       188    0.00    0.00    0.00    0.00    0.00    29  ksoftirqd/29
08:20:12 PM     0       188    0.00    0.00    0.00    0.00    0.00    29  ksoftirqd/29
08:20:13 PM     0       188    0.00    0.00    0.00    0.00    0.00    29  ksoftirqd/29
08:20:14 PM     0       188    0.00    0.00    0.00    0.00    0.00    29  ksoftirqd/29
08:20:15 PM     0       188    0.00    0.00    0.00    0.00    0.00    29  ksoftirqd/29
08:20:16 PM     0       188    0.00    0.00    0.00    0.00    0.00    29  ksoftirqd/29
08:20:17 PM     0       188    0.00    0.00    0.00    0.00    0.00    29  ksoftirqd/29
08:20:18 PM     0       188    0.00    0.00    0.00    0.00    0.00    29  ksoftirqd/29
08:20:19 PM     0       188    0.00    0.00    0.00    0.00    0.00    29  ksoftirqd/29
08:20:20 PM     0       188    0.00    0.00    0.00    0.00    0.00    29  ksoftirqd/29
08:20:21 PM     0       188    0.00    0.00    0.00    0.00    0.00    29  ksoftirqd/29
08:20:22 PM     0       188    0.00    0.00    0.00    0.00    0.00    29  ksoftirqd/29
08:20:23 PM     0       188    0.00    0.00    0.00    0.00    0.00    29  ksoftirqd/29
08:20:24 PM     0       188    0.00    0.00    0.00    0.00    0.00    29  ksoftirqd/29
08:20:25 PM     0       188    0.00    0.00    0.00    0.00    0.00    29  ksoftirqd/29
08:20:26 PM     0       188    0.00    0.00    0.00    0.00    0.00    29  ksoftirqd/29
08:20:27 PM     0       188    0.00    0.00    0.00    0.00    0.00    29  ksoftirqd/29
08:20:28 PM     0       188    0.00    0.00    0.00    0.00    0.00    29  ksoftirqd/29
08:20:29 PM     0       188    0.00    0.00    0.00    0.00    0.00    29  ksoftirqd/29
08:20:30 PM     0       188    0.00    0.00    0.00    0.00    0.00    29  ksoftirqd/29
08:20:31 PM     0       188    0.00    0.00    0.00    0.00    0.00    29  ksoftirqd/29
08:20:32 PM     0       188    0.00    0.00    0.00    0.00    0.00    29  ksoftirqd/29
08:20:33 PM     0       188    0.00    0.00    0.00    0.00    0.00    29  ksoftirqd/29
08:20:34 PM     0       188    0.00    0.00    0.00    0.00    0.00    29  ksoftirqd/29
08:20:35 PM     0       188    0.00    0.00    0.00    0.00    0.00    29  ksoftirqd/29
08:20:36 PM     0       188    0.00    0.00    0.00    0.00    0.00    29  ksoftirqd/29
08:20:37 PM     0       188    0.00    0.00    0.00    0.00    0.00    29  ksoftirqd/29
08:20:38 PM     0       188    0.00    0.00    0.00    0.00    0.00    29  ksoftirqd/29
08:20:39 PM     0       188    0.00    0.00    0.00    0.00    0.00    29  ksoftirqd/29
08:20:40 PM     0       188    0.00    0.00    0.00    0.00    0.00    29  ksoftirqd/29
08:20:41 PM     0       188    0.00    0.00    0.00    0.00    0.00    29  ksoftirqd/29
08:20:42 PM     0       188    0.00    1.00    0.00    0.00    1.00    29  ksoftirqd/29
08:20:43 PM     0       188    0.00    0.00    0.00    0.00    0.00    29  ksoftirqd/29
08:20:44 PM     0       188    0.00    0.00    0.00    0.00    0.00    29  ksoftirqd/29
08:20:45 PM     0       188    0.00    0.00    0.00    0.00    0.00    29  ksoftirqd/29
08:20:46 PM     0       188    0.00    0.00    0.00    0.00    0.00    29  ksoftirqd/29
08:20:47 PM     0       188    0.00    1.00    0.00    0.00    1.00    29  ksoftirqd/29
08:20:48 PM     0       188    0.00    0.00    0.00    0.00    0.00    29  ksoftirqd/29
08:20:49 PM     0       188    0.00    0.00    0.00    0.00    0.00    29  ksoftirqd/29
08:20:50 PM     0       188    0.00    0.00    0.00    0.00    0.00    29  ksoftirqd/29
08:20:51 PM     0       188    0.00    1.00    0.00    0.00    1.00    29  ksoftirqd/29
08:20:52 PM     0       188    0.00    0.00    0.00    0.00    0.00    29  ksoftirqd/29
08:20:53 PM     0       188    0.00    0.00    0.00    0.00    0.00    29  ksoftirqd/29
08:20:54 PM     0       188    0.00    0.00    0.00    0.00    0.00    29  ksoftirqd/29
08:20:55 PM     0       188    0.00    0.00    0.00    0.00    0.00    29  ksoftirqd/29
08:20:56 PM     0       188    0.00    0.00    0.00    0.00    0.00    29  ksoftirqd/29
08:20:57 PM     0       188    0.00    0.00    0.00    0.00    0.00    29  ksoftirqd/29
08:20:58 PM     0       188    0.00    0.00    0.00    0.00    0.00    29  ksoftirqd/29
08:20:59 PM     0       188    0.00    0.00    0.00    0.00    0.00    29  ksoftirqd/29
08:21:00 PM     0       188    0.00    0.00    0.00    0.00    0.00    29  ksoftirqd/29
08:21:01 PM     0       188    0.00    0.00    0.00    0.00    0.00    29  ksoftirqd/29
08:21:02 PM     0       188    0.00    0.00    0.00    0.00    0.00    29  ksoftirqd/29
08:21:03 PM     0       188    0.00    0.00    0.00    0.00    0.00    29  ksoftirqd/29
08:21:04 PM     0       188    0.00    0.00    0.00    0.00    0.00    29  ksoftirqd/29
08:21:05 PM     0       188    0.00    0.00    0.00    0.00    0.00    29  ksoftirqd/29
08:21:06 PM     0       188    0.00    0.00    0.00    0.00    0.00    29  ksoftirqd/29
08:21:07 PM     0       188    0.00    0.00    0.00    0.00    0.00    29  ksoftirqd/29
08:21:08 PM     0       188    0.00    0.00    0.00    0.00    0.00    29  ksoftirqd/29
08:21:09 PM     0       188    0.00    0.00    0.00    0.00    0.00    29  ksoftirqd/29
08:21:10 PM     0       188    0.00    0.00    0.00    0.00    0.00    29  ksoftirqd/29
08:21:11 PM     0       188    0.00    0.00    0.00    0.00    0.00    29  ksoftirqd/29
08:21:12 PM     0       188    0.00    0.00    0.00    0.00    0.00    29  ksoftirqd/29
08:21:13 PM     0       188    0.00    0.00    0.00    0.00    0.00    29  ksoftirqd/29
08:21:14 PM     0       188    0.00    0.00    0.00    0.00    0.00    29  ksoftirqd/29
08:21:15 PM     0       188    0.00    0.00    0.00    0.00    0.00    29  ksoftirqd/29
08:21:16 PM     0       188    0.00    0.00    0.00    0.00    0.00    29  ksoftirqd/29
08:21:17 PM     0       188    0.00    0.00    0.00    0.00    0.00    29  ksoftirqd/29
08:21:18 PM     0       188    0.00    0.00    0.00    0.00    0.00    29  ksoftirqd/29
08:21:19 PM     0       188    0.00    0.00    0.00    0.00    0.00    29  ksoftirqd/29
08:21:20 PM     0       188    0.00    0.00    0.00    0.00    0.00    29  ksoftirqd/29
08:21:21 PM     0       188    0.00    0.00    0.00    0.00    0.00    29  ksoftirqd/29
08:21:22 PM     0       188    0.00    0.00    0.00    0.00    0.00    29  ksoftirqd/29
08:21:23 PM     0       188    0.00    1.00    0.00    0.00    1.00    29  ksoftirqd/29
08:21:24 PM     0       188    0.00    0.00    0.00    1.00    0.00    29  ksoftirqd/29
08:21:25 PM     0       188    0.00    1.00    0.00    0.00    1.00    29  ksoftirqd/29
08:21:26 PM     0       188    0.00    0.00    0.00    0.00    0.00    29  ksoftirqd/29
08:21:27 PM     0       188    0.00    0.00    0.00    0.00    0.00    29  ksoftirqd/29
08:21:28 PM     0       188    0.00    0.00    0.00    0.00    0.00    29  ksoftirqd/29
08:21:29 PM     0       188    0.00    0.00    0.00    0.00    0.00    29  ksoftirqd/29
08:21:30 PM     0       188    0.00    0.00    0.00    0.00    0.00    29  ksoftirqd/29
08:21:31 PM     0       188    0.00    1.00    0.00    0.00    1.00    29  ksoftirqd/29
08:21:32 PM     0       188    0.00    0.00    0.00    0.00    0.00    29  ksoftirqd/29
08:21:33 PM     0       188    0.00    0.00    0.00    0.00    0.00    29  ksoftirqd/29
08:21:34 PM     0       188    0.00    1.00    0.00    0.00    1.00    29  ksoftirqd/29
08:21:35 PM     0       188    0.00    0.00    0.00    0.00    0.00    29  ksoftirqd/29
08:21:36 PM     0       188    0.00    1.00    0.00    0.00    1.00    29  ksoftirqd/29
08:21:37 PM     0       188    0.00    0.00    0.00    0.00    0.00    29  ksoftirqd/29
08:21:38 PM     0       188    0.00    0.00    0.00    0.00    0.00    29  ksoftirqd/29
08:21:39 PM     0       188    0.00    1.00    0.00    0.00    1.00    29  ksoftirqd/29
08:21:40 PM     0       188    0.00    0.00    0.00    0.00    0.00    29  ksoftirqd/29
08:21:41 PM     0       188    0.00    1.00    0.00    0.00    1.00    29  ksoftirqd/29
08:21:42 PM     0       188    0.00    0.00    0.00    0.00    0.00    29  ksoftirqd/29
08:21:43 PM     0       188    0.00    1.00    0.00    0.00    1.00    29  ksoftirqd/29
08:21:44 PM     0       188    0.00    1.00    0.00    0.00    1.00    29  ksoftirqd/29
08:21:45 PM     0       188    0.00    0.00    0.00    0.00    0.00    29  ksoftirqd/29
08:21:46 PM     0       188    0.00    0.00    0.00    0.00    0.00    29  ksoftirqd/29
08:21:47 PM     0       188    0.00    0.00    0.00    0.00    0.00    29  ksoftirqd/29
08:21:48 PM     0       188    0.00    0.00    0.00    0.00    0.00    29  ksoftirqd/29
08:21:49 PM     0       188    0.00    0.00    0.00    0.00    0.00    29  ksoftirqd/29
08:21:50 PM     0       188    0.00    0.00    0.00    0.00    0.00    29  ksoftirqd/29
08:21:51 PM     0       188    0.00    0.00    0.00    0.00    0.00    29  ksoftirqd/29
08:21:52 PM     0       188    0.00    0.00    0.00    0.00    0.00    29  ksoftirqd/29
08:21:53 PM     0       188    0.00    0.00    0.00    0.00    0.00    29  ksoftirqd/29
08:21:54 PM     0       188    0.00    0.00    0.00    0.00    0.00    29  ksoftirqd/29
08:21:55 PM     0       188    0.00    0.00    0.00    0.00    0.00    29  ksoftirqd/29
08:21:56 PM     0       188    0.00    0.00    0.00    0.00    0.00    29  ksoftirqd/29
08:21:57 PM     0       188    0.00    0.00    0.00    0.00    0.00    29  ksoftirqd/29
08:21:58 PM     0       188    0.00    0.00    0.00    0.00    0.00    29  ksoftirqd/29
08:21:59 PM     0       188    0.00    0.00    0.00    0.00    0.00    29  ksoftirqd/29
08:22:00 PM     0       188    0.00    0.00    0.00    0.00    0.00    29  ksoftirqd/29
08:22:01 PM     0       188    0.00    0.00    0.00    0.00    0.00    29  ksoftirqd/29
08:22:02 PM     0       188    0.00    0.00    0.00    0.00    0.00    29  ksoftirqd/29
08:22:03 PM     0       188    0.00    0.00    0.00    0.00    0.00    29  ksoftirqd/29
08:22:04 PM     0       188    0.00    0.00    0.00    0.00    0.00    29  ksoftirqd/29
08:22:05 PM     0       188    0.00    0.00    0.00    0.00    0.00    29  ksoftirqd/29
08:22:06 PM     0       188    0.00    0.00    0.00    0.00    0.00    29  ksoftirqd/29
08:22:07 PM     0       188    0.00    0.00    0.00    0.00    0.00    29  ksoftirqd/29
08:22:08 PM     0       188    0.00    0.00    0.00    0.00    0.00    29  ksoftirqd/29
08:22:09 PM     0       188    0.00    0.00    0.00    0.00    0.00    29  ksoftirqd/29
08:22:10 PM     0       188    0.00    0.00    0.00    0.00    0.00    29  ksoftirqd/29
08:22:11 PM     0       188    0.00    0.00    0.00    0.00    0.00    29  ksoftirqd/29
08:22:12 PM     0       188    0.00    0.00    0.00    0.00    0.00    29  ksoftirqd/29
08:22:13 PM     0       188    0.00    0.00    0.00    0.00    0.00    29  ksoftirqd/29
08:22:14 PM     0       188    0.00    0.00    0.00    0.00    0.00    29  ksoftirqd/29
08:22:15 PM     0       188    0.00    0.00    0.00    0.00    0.00    29  ksoftirqd/29
08:22:16 PM     0       188    0.00    0.00    0.00    0.00    0.00    29  ksoftirqd/29
08:22:17 PM     0       188    0.00    0.00    0.00    0.00    0.00    29  ksoftirqd/29
08:22:18 PM     0       188    0.00    0.00    0.00    0.00    0.00    29  ksoftirqd/29
08:22:19 PM     0       188    0.00    0.00    0.00    0.00    0.00    29  ksoftirqd/29
08:22:20 PM     0       188    0.00    0.00    0.00    0.00    0.00    29  ksoftirqd/29
08:22:21 PM     0       188    0.00    0.00    0.00    0.00    0.00    29  ksoftirqd/29
08:22:22 PM     0       188    0.00    0.00    0.00    0.00    0.00    29  ksoftirqd/29
08:22:23 PM     0       188    0.00    0.00    0.00    0.00    0.00    29  ksoftirqd/29
08:22:24 PM     0       188    0.00    0.00    0.00    0.00    0.00    29  ksoftirqd/29
08:22:25 PM     0       188    0.00    0.00    0.00    0.00    0.00    29  ksoftirqd/29
08:22:26 PM     0       188    0.00    0.00    0.00    0.00    0.00    29  ksoftirqd/29
08:22:27 PM     0       188    0.00    0.00    0.00    0.00    0.00    29  ksoftirqd/29
08:22:28 PM     0       188    0.00    0.00    0.00    0.00    0.00    29  ksoftirqd/29
08:22:29 PM     0       188    0.00    0.00    0.00    0.00    0.00    29  ksoftirqd/29
08:22:30 PM     0       188    0.00    0.00    0.00    0.00    0.00    29  ksoftirqd/29
08:22:31 PM     0       188    0.00    0.00    0.00    0.00    0.00    29  ksoftirqd/29
08:22:32 PM     0       188    0.00    0.00    0.00    0.00    0.00    29  ksoftirqd/29
08:22:33 PM     0       188    0.00    0.00    0.00    0.00    0.00    29  ksoftirqd/29
08:22:34 PM     0       188    0.00    0.00    0.00    0.00    0.00    29  ksoftirqd/29
08:22:35 PM     0       188    0.00    0.00    0.00    0.00    0.00    29  ksoftirqd/29
08:22:36 PM     0       188    0.00    0.00    0.00    0.00    0.00    29  ksoftirqd/29
08:22:37 PM     0       188    0.00    0.00    0.00    0.00    0.00    29  ksoftirqd/29
08:22:38 PM     0       188    0.00    0.00    0.00    0.00    0.00    29  ksoftirqd/29
08:22:39 PM     0       188    0.00    0.00    0.00    0.00    0.00    29  ksoftirqd/29
08:22:40 PM     0       188    0.00    0.00    0.00    0.00    0.00    29  ksoftirqd/29
08:22:41 PM     0       188    0.00    0.00    0.00    0.00    0.00    29  ksoftirqd/29
08:22:42 PM     0       188    0.00    0.00    0.00    0.00    0.00    29  ksoftirqd/29
08:22:43 PM     0       188    0.00    0.00    0.00    0.00    0.00    29  ksoftirqd/29
08:22:44 PM     0       188    0.00    0.00    0.00    0.00    0.00    29  ksoftirqd/29
08:22:45 PM     0       188    0.00    0.00    0.00    0.00    0.00    29  ksoftirqd/29
08:22:46 PM     0       188    0.00    0.00    0.00    0.00    0.00    29  ksoftirqd/29
08:22:47 PM     0       188    0.00    0.00    0.00    0.00    0.00    29  ksoftirqd/29
08:22:48 PM     0       188    0.00    0.00    0.00    0.00    0.00    29  ksoftirqd/29
08:22:49 PM     0       188    0.00    0.00    0.00    0.00    0.00    29  ksoftirqd/29
08:22:50 PM     0       188    0.00    0.00    0.00    0.00    0.00    29  ksoftirqd/29
08:22:51 PM     0       188    0.00    0.00    0.00    0.00    0.00    29  ksoftirqd/29
08:22:52 PM     0       188    0.00    0.00    0.00    0.00    0.00    29  ksoftirqd/29
08:22:53 PM     0       188    0.00    0.00    0.00    0.00    0.00    29  ksoftirqd/29
08:22:54 PM     0       188    0.00    0.00    0.00    0.00    0.00    29  ksoftirqd/29
08:22:55 PM     0       188    0.00    0.00    0.00    0.00    0.00    29  ksoftirqd/29
08:22:56 PM     0       188    0.00    0.00    0.00    0.00    0.00    29  ksoftirqd/29
08:22:57 PM     0       188    0.00    0.00    0.00    0.00    0.00    29  ksoftirqd/29
08:22:58 PM     0       188    0.00    0.00    0.00    0.00    0.00    29  ksoftirqd/29
08:22:59 PM     0       188    0.00    0.00    0.00    0.00    0.00    29  ksoftirqd/29
08:23:00 PM     0       188    0.00    0.00    0.00    0.00    0.00    29  ksoftirqd/29
08:23:01 PM     0       188    0.00    0.00    0.00    0.00    0.00    29  ksoftirqd/29
08:23:02 PM     0       188    0.00    0.00    0.00    0.00    0.00    29  ksoftirqd/29
08:23:03 PM     0       188    0.00    0.00    0.00    0.00    0.00    29  ksoftirqd/29
08:23:04 PM     0       188    0.00    0.00    0.00    0.00    0.00    29  ksoftirqd/29
08:23:05 PM     0       188    0.00    0.00    0.00    0.00    0.00    29  ksoftirqd/29
08:23:06 PM     0       188    0.00    0.00    0.00    0.00    0.00    29  ksoftirqd/29
08:23:07 PM     0       188    0.00    0.00    0.00    0.00    0.00    29  ksoftirqd/29
08:23:08 PM     0       188    0.00    0.00    0.00    0.00    0.00    29  ksoftirqd/29
08:23:09 PM     0       188    0.00    0.00    0.00    0.00    0.00    29  ksoftirqd/29
08:23:10 PM     0       188    0.00    0.00    0.00    0.00    0.00    29  ksoftirqd/29
08:23:11 PM     0       188    0.00    0.00    0.00    0.00    0.00    29  ksoftirqd/29
08:23:12 PM     0       188    0.00    0.00    0.00    0.00    0.00    29  ksoftirqd/29
08:23:13 PM     0       188    0.00    0.00    0.00    0.00    0.00    29  ksoftirqd/29
08:23:14 PM     0       188    0.00    0.00    0.00    0.00    0.00    29  ksoftirqd/29
08:23:15 PM     0       188    0.00    0.00    0.00    0.00    0.00    29  ksoftirqd/29
08:23:16 PM     0       188    0.00    0.00    0.00    0.00    0.00    29  ksoftirqd/29
08:23:17 PM     0       188    0.00    0.00    0.00    0.00    0.00    29  ksoftirqd/29
08:23:18 PM     0       188    0.00    0.00    0.00    0.00    0.00    29  ksoftirqd/29
08:23:19 PM     0       188    0.00    0.00    0.00    0.00    0.00    29  ksoftirqd/29
08:23:20 PM     0       188    0.00    0.00    0.00    0.00    0.00    29  ksoftirqd/29
08:23:21 PM     0       188    0.00    0.00    0.00    0.00    0.00    29  ksoftirqd/29
08:23:22 PM     0       188    0.00    0.00    0.00    0.00    0.00    29  ksoftirqd/29
08:23:23 PM     0       188    0.00    0.00    0.00    0.00    0.00    29  ksoftirqd/29
08:23:24 PM     0       188    0.00    0.00    0.00    0.00    0.00    29  ksoftirqd/29
08:23:25 PM     0       188    0.00    0.00    0.00    0.00    0.00    29  ksoftirqd/29
08:23:26 PM     0       188    0.00    0.00    0.00    0.00    0.00    29  ksoftirqd/29
08:23:27 PM     0       188    0.00    0.00    0.00    0.00    0.00    29  ksoftirqd/29
08:23:28 PM     0       188    0.00    0.00    0.00    0.00    0.00    29  ksoftirqd/29
08:23:29 PM     0       188    0.00    0.00    0.00    0.00    0.00    29  ksoftirqd/29
08:23:30 PM     0       188    0.00    0.00    0.00    0.00    0.00    29  ksoftirqd/29
08:23:31 PM     0       188    0.00    0.00    0.00    0.00    0.00    29  ksoftirqd/29
08:23:32 PM     0       188    0.00    0.00    0.00    0.00    0.00    29  ksoftirqd/29
08:23:33 PM     0       188    0.00    0.00    0.00    0.00    0.00    29  ksoftirqd/29
08:23:34 PM     0       188    0.00    0.00    0.00    0.00    0.00    29  ksoftirqd/29
08:23:35 PM     0       188    0.00    0.00    0.00    0.00    0.00    29  ksoftirqd/29
08:23:36 PM     0       188    0.00    0.00    0.00    0.00    0.00    29  ksoftirqd/29
08:23:37 PM     0       188    0.00    0.00    0.00    0.00    0.00    29  ksoftirqd/29
08:23:38 PM     0       188    0.00    0.00    0.00    0.00    0.00    29  ksoftirqd/29
08:23:39 PM     0       188    0.00    0.00    0.00    0.00    0.00    29  ksoftirqd/29
08:23:40 PM     0       188    0.00    0.00    0.00    0.00    0.00    29  ksoftirqd/29
08:23:41 PM     0       188    0.00    0.00    0.00    0.00    0.00    29  ksoftirqd/29
08:23:42 PM     0       188    0.00    0.00    0.00    0.00    0.00    29  ksoftirqd/29
08:23:43 PM     0       188    0.00    0.00    0.00    0.00    0.00    29  ksoftirqd/29
08:23:44 PM     0       188    0.00    0.00    0.00    0.00    0.00    29  ksoftirqd/29
08:23:45 PM     0       188    0.00    0.00    0.00    0.00    0.00    29  ksoftirqd/29
08:23:46 PM     0       188    0.00    0.00    0.00    0.00    0.00    29  ksoftirqd/29
08:23:47 PM     0       188    0.00    0.00    0.00    0.00    0.00    29  ksoftirqd/29
08:23:48 PM     0       188    0.00    0.00    0.00    0.00    0.00    29  ksoftirqd/29
08:23:49 PM     0       188    0.00    0.00    0.00    0.00    0.00    29  ksoftirqd/29
08:23:50 PM     0       188    0.00    0.00    0.00    0.00    0.00    29  ksoftirqd/29
08:23:51 PM     0       188    0.00    0.00    0.00    0.00    0.00    29  ksoftirqd/29
08:23:52 PM     0       188    0.00    0.00    0.00    0.00    0.00    29  ksoftirqd/29
08:23:53 PM     0       188    0.00    0.00    0.00    0.00    0.00    29  ksoftirqd/29
08:23:54 PM     0       188    0.00    0.00    0.00    0.00    0.00    29  ksoftirqd/29
08:23:55 PM     0       188    0.00    0.00    0.00    0.00    0.00    29  ksoftirqd/29
08:23:56 PM     0       188    0.00    0.00    0.00    0.00    0.00    29  ksoftirqd/29
08:23:57 PM     0       188    0.00    0.00    0.00    0.00    0.00    29  ksoftirqd/29
08:23:58 PM     0       188    0.00    0.00    0.00    0.00    0.00    29  ksoftirqd/29
08:23:59 PM     0       188    0.00    0.00    0.00    0.00    0.00    29  ksoftirqd/29
08:24:00 PM     0       188    0.00    0.00    0.00    0.00    0.00    29  ksoftirqd/29
08:24:01 PM     0       188    0.00    0.00    0.00    0.00    0.00    29  ksoftirqd/29
08:24:02 PM     0       188    0.00    0.00    0.00    0.00    0.00    29  ksoftirqd/29
08:24:03 PM     0       188    0.00    0.00    0.00    0.00    0.00    29  ksoftirqd/29
08:24:04 PM     0       188    0.00    0.00    0.00    0.00    0.00    29  ksoftirqd/29
08:24:05 PM     0       188    0.00    0.00    0.00    0.00    0.00    29  ksoftirqd/29
08:24:06 PM     0       188    0.00    0.00    0.00    0.00    0.00    29  ksoftirqd/29
08:24:07 PM     0       188    0.00    0.00    0.00    0.00    0.00    29  ksoftirqd/29
08:24:08 PM     0       188    0.00    0.00    0.00    0.00    0.00    29  ksoftirqd/29
08:24:09 PM     0       188    0.00    0.00    0.00    0.00    0.00    29  ksoftirqd/29
08:24:10 PM     0       188    0.00    0.00    0.00    0.00    0.00    29  ksoftirqd/29
08:24:11 PM     0       188    0.00    0.00    0.00    0.00    0.00    29  ksoftirqd/29
08:24:12 PM     0       188    0.00    0.00    0.00    0.00    0.00    29  ksoftirqd/29
08:24:13 PM     0       188    0.00    0.00    0.00    0.00    0.00    29  ksoftirqd/29
08:24:14 PM     0       188    0.00    0.00    0.00    0.00    0.00    29  ksoftirqd/29
08:24:15 PM     0       188    0.00    0.00    0.00    0.00    0.00    29  ksoftirqd/29
08:24:16 PM     0       188    0.00    0.00    0.00    0.00    0.00    29  ksoftirqd/29
08:24:17 PM     0       188    0.00    0.00    0.00    0.00    0.00    29  ksoftirqd/29
08:24:18 PM     0       188    0.00    0.00    0.00    0.00    0.00    29  ksoftirqd/29
08:24:19 PM     0       188    0.00    0.00    0.00    0.00    0.00    29  ksoftirqd/29
08:24:20 PM     0       188    0.00    0.00    0.00    0.00    0.00    29  ksoftirqd/29
08:24:21 PM     0       188    0.00    0.00    0.00    0.00    0.00    29  ksoftirqd/29
08:24:22 PM     0       188    0.00    0.00    0.00    0.00    0.00    29  ksoftirqd/29
08:24:23 PM     0       188    0.00    0.00    0.00    0.00    0.00    29  ksoftirqd/29
08:24:24 PM     0       188    0.00    0.00    0.00    0.00    0.00    29  ksoftirqd/29
08:24:25 PM     0       188    0.00    0.00    0.00    0.00    0.00    29  ksoftirqd/29
08:24:26 PM     0       188    0.00    0.00    0.00    0.00    0.00    29  ksoftirqd/29
08:24:27 PM     0       188    0.00    0.00    0.00    0.00    0.00    29  ksoftirqd/29
08:24:28 PM     0       188    0.00    0.00    0.00    0.00    0.00    29  ksoftirqd/29
08:24:29 PM     0       188    0.00    0.00    0.00    0.00    0.00    29  ksoftirqd/29
08:24:30 PM     0       188    0.00    0.00    0.00    0.00    0.00    29  ksoftirqd/29
08:24:31 PM     0       188    0.00    0.00    0.00    0.00    0.00    29  ksoftirqd/29
08:24:32 PM     0       188    0.00    0.00    0.00    0.00    0.00    29  ksoftirqd/29
08:24:33 PM     0       188    0.00    1.00    0.00    0.00    1.00    29  ksoftirqd/29
08:24:34 PM     0       188    0.00    0.00    0.00    1.00    0.00    29  ksoftirqd/29
08:24:35 PM     0       188    0.00    0.00    0.00    0.00    0.00    29  ksoftirqd/29
08:24:36 PM     0       188    0.00    0.00    0.00    0.00    0.00    29  ksoftirqd/29
08:24:37 PM     0       188    0.00    0.00    0.00    0.00    0.00    29  ksoftirqd/29
08:24:38 PM     0       188    0.00    0.00    0.00    0.00    0.00    29  ksoftirqd/29
08:24:39 PM     0       188    0.00    0.00    0.00    0.00    0.00    29  ksoftirqd/29
08:24:40 PM     0       188    0.00    0.00    0.00    0.00    0.00    29  ksoftirqd/29
08:24:41 PM     0       188    0.00    0.00    0.00    0.00    0.00    29  ksoftirqd/29
08:24:42 PM     0       188    0.00    0.00    0.00    0.00    0.00    29  ksoftirqd/29
08:24:43 PM     0       188    0.00    0.00    0.00    0.00    0.00    29  ksoftirqd/29
08:24:44 PM     0       188    0.00    0.00    0.00    0.00    0.00    29  ksoftirqd/29
08:24:45 PM     0       188    0.00    0.00    0.00    0.00    0.00    29  ksoftirqd/29
08:24:46 PM     0       188    0.00    0.00    0.00    0.00    0.00    29  ksoftirqd/29
08:24:47 PM     0       188    0.00    1.00    0.00    0.00    1.00    29  ksoftirqd/29
08:24:48 PM     0       188    0.00    0.00    0.00    0.00    0.00    29  ksoftirqd/29
08:24:49 PM     0       188    0.00    0.00    0.00    0.00    0.00    29  ksoftirqd/29
08:24:50 PM     0       188    0.00    0.00    0.00    0.00    0.00    29  ksoftirqd/29
08:24:51 PM     0       188    0.00    0.00    0.00    0.00    0.00    29  ksoftirqd/29
08:24:52 PM     0       188    0.00    0.00    0.00    0.00    0.00    29  ksoftirqd/29
08:24:53 PM     0       188    0.00    0.00    0.00    0.00    0.00    29  ksoftirqd/29
08:24:54 PM     0       188    0.00    0.00    0.00    0.00    0.00    29  ksoftirqd/29
08:24:55 PM     0       188    0.00    0.00    0.00    0.00    0.00    29  ksoftirqd/29
08:24:56 PM     0       188    0.00    0.00    0.00    0.00    0.00    29  ksoftirqd/29
08:24:57 PM     0       188    0.00    0.00    0.00    0.00    0.00    29  ksoftirqd/29
08:24:58 PM     0       188    0.00    0.00    0.00    0.00    0.00    29  ksoftirqd/29
08:24:59 PM     0       188    0.00    0.00    0.00    0.00    0.00    29  ksoftirqd/29
08:25:00 PM     0       188    0.00    0.00    0.00    0.00    0.00    29  ksoftirqd/29
08:25:01 PM     0       188    0.00    0.00    0.00    0.00    0.00    29  ksoftirqd/29
08:25:02 PM     0       188    0.00    0.00    0.00    0.00    0.00    29  ksoftirqd/29
08:25:03 PM     0       188    0.00    0.00    0.00    0.00    0.00    29  ksoftirqd/29
08:25:04 PM     0       188    0.00    0.00    0.00    0.00    0.00    29  ksoftirqd/29
08:25:05 PM     0       188    0.00    0.00    0.00    0.00    0.00    29  ksoftirqd/29
08:25:06 PM     0       188    0.00    0.00    0.00    0.00    0.00    29  ksoftirqd/29
08:25:07 PM     0       188    0.00    0.00    0.00    0.00    0.00    29  ksoftirqd/29
08:25:08 PM     0       188    0.00    0.00    0.00    0.00    0.00    29  ksoftirqd/29
08:25:09 PM     0       188    0.00    0.00    0.00    0.00    0.00    29  ksoftirqd/29
08:25:10 PM     0       188    0.00    0.00    0.00    0.00    0.00    29  ksoftirqd/29
08:25:11 PM     0       188    0.00    0.00    0.00    0.00    0.00    29  ksoftirqd/29
08:25:12 PM     0       188    0.00    0.00    0.00    0.00    0.00    29  ksoftirqd/29
08:25:13 PM     0       188    0.00    0.00    0.00    0.00    0.00    29  ksoftirqd/29
08:25:14 PM     0       188    0.00    0.00    0.00    0.00    0.00    29  ksoftirqd/29
08:25:15 PM     0       188    0.00    0.00    0.00    0.00    0.00    29  ksoftirqd/29
08:25:16 PM     0       188    0.00    0.00    0.00    0.00    0.00    29  ksoftirqd/29
08:25:17 PM     0       188    0.00    0.00    0.00    0.00    0.00    29  ksoftirqd/29
08:25:18 PM     0       188    0.00    0.00    0.00    0.00    0.00    29  ksoftirqd/29
08:25:19 PM     0       188    0.00    0.00    0.00    0.00    0.00    29  ksoftirqd/29
08:25:20 PM     0       188    0.00    0.00    0.00    0.00    0.00    29  ksoftirqd/29
08:25:21 PM     0       188    0.00    0.00    0.00    0.00    0.00    29  ksoftirqd/29
08:25:22 PM     0       188    0.00    0.00    0.00    0.00    0.00    29  ksoftirqd/29
08:25:23 PM     0       188    0.00    0.00    0.00    0.00    0.00    29  ksoftirqd/29
08:25:24 PM     0       188    0.00    0.00    0.00    0.00    0.00    29  ksoftirqd/29
08:25:25 PM     0       188    0.00    0.00    0.00    0.00    0.00    29  ksoftirqd/29
08:25:26 PM     0       188    0.00    0.00    0.00    0.00    0.00    29  ksoftirqd/29
08:25:27 PM     0       188    0.00    0.00    0.00    0.00    0.00    29  ksoftirqd/29
08:25:28 PM     0       188    0.00    0.00    0.00    0.00    0.00    29  ksoftirqd/29
08:25:29 PM     0       188    0.00    0.00    0.00    0.00    0.00    29  ksoftirqd/29
08:25:30 PM     0       188    0.00    0.00    0.00    0.00    0.00    29  ksoftirqd/29
08:25:31 PM     0       188    0.00    0.00    0.00    0.00    0.00    29  ksoftirqd/29
08:25:32 PM     0       188    0.00    0.00    0.00    0.00    0.00    29  ksoftirqd/29
08:25:33 PM     0       188    0.00    0.00    0.00    0.00    0.00    29  ksoftirqd/29
08:25:34 PM     0       188    0.00    0.00    0.00    0.00    0.00    29  ksoftirqd/29
08:25:35 PM     0       188    0.00    0.00    0.00    0.00    0.00    29  ksoftirqd/29
08:25:36 PM     0       188    0.00    0.00    0.00    0.00    0.00    29  ksoftirqd/29
08:25:37 PM     0       188    0.00    0.00    0.00    0.00    0.00    29  ksoftirqd/29
08:25:38 PM     0       188    0.00    0.00    0.00    0.00    0.00    29  ksoftirqd/29
08:25:39 PM     0       188    0.00    0.00    0.00    0.00    0.00    29  ksoftirqd/29
08:25:40 PM     0       188    0.00    0.00    0.00    0.00    0.00    29  ksoftirqd/29
08:25:41 PM     0       188    0.00    0.00    0.00    0.00    0.00    29  ksoftirqd/29
08:25:42 PM     0       188    0.00    0.00    0.00    0.00    0.00    29  ksoftirqd/29
08:25:43 PM     0       188    0.00    0.00    0.00    0.00    0.00    29  ksoftirqd/29
08:25:44 PM     0       188    0.00    0.00    0.00    0.00    0.00    29  ksoftirqd/29
08:25:45 PM     0       188    0.00    0.00    0.00    0.00    0.00    29  ksoftirqd/29
08:25:46 PM     0       188    0.00    0.00    0.00    0.00    0.00    29  ksoftirqd/29
08:25:47 PM     0       188    0.00    0.00    0.00    0.00    0.00    29  ksoftirqd/29
08:25:48 PM     0       188    0.00    0.00    0.00    0.00    0.00    29  ksoftirqd/29
08:25:49 PM     0       188    0.00    0.00    0.00    0.00    0.00    29  ksoftirqd/29
08:25:50 PM     0       188    0.00    0.00    0.00    0.00    0.00    29  ksoftirqd/29
08:25:51 PM     0       188    0.00    0.00    0.00    0.00    0.00    29  ksoftirqd/29
08:25:52 PM     0       188    0.00    0.00    0.00    0.00    0.00    29  ksoftirqd/29
08:25:53 PM     0       188    0.00    0.00    0.00    0.00    0.00    29  ksoftirqd/29
08:25:54 PM     0       188    0.00    0.00    0.00    0.00    0.00    29  ksoftirqd/29
08:25:55 PM     0       188    0.00    0.00    0.00    0.00    0.00    29  ksoftirqd/29
08:25:56 PM     0       188    0.00    0.00    0.00    0.00    0.00    29  ksoftirqd/29
08:25:57 PM     0       188    0.00    0.00    0.00    0.00    0.00    29  ksoftirqd/29
08:25:58 PM     0       188    0.00    0.00    0.00    0.00    0.00    29  ksoftirqd/29
08:25:59 PM     0       188    0.00    0.00    0.00    0.00    0.00    29  ksoftirqd/29
08:26:00 PM     0       188    0.00    0.00    0.00    0.00    0.00    29  ksoftirqd/29
08:26:01 PM     0       188    0.00    0.00    0.00    0.00    0.00    29  ksoftirqd/29
08:26:02 PM     0       188    0.00    0.00    0.00    0.00    0.00    29  ksoftirqd/29
08:26:03 PM     0       188    0.00    0.00    0.00    0.00    0.00    29  ksoftirqd/29
08:26:04 PM     0       188    0.00    0.00    0.00    0.00    0.00    29  ksoftirqd/29
08:26:05 PM     0       188    0.00    0.00    0.00    0.00    0.00    29  ksoftirqd/29
08:26:06 PM     0       188    0.00    0.00    0.00    0.00    0.00    29  ksoftirqd/29
08:26:07 PM     0       188    0.00    0.00    0.00    0.00    0.00    29  ksoftirqd/29
08:26:08 PM     0       188    0.00    0.00    0.00    0.00    0.00    29  ksoftirqd/29
08:26:09 PM     0       188    0.00    0.00    0.00    0.00    0.00    29  ksoftirqd/29
08:26:10 PM     0       188    0.00    0.00    0.00    0.00    0.00    29  ksoftirqd/29
08:26:11 PM     0       188    0.00    0.00    0.00    0.00    0.00    29  ksoftirqd/29
08:26:12 PM     0       188    0.00    0.00    0.00    0.00    0.00    29  ksoftirqd/29
08:26:13 PM     0       188    0.00    0.00    0.00    0.00    0.00    29  ksoftirqd/29
08:26:14 PM     0       188    0.00    0.00    0.00    0.00    0.00    29  ksoftirqd/29
08:26:15 PM     0       188    0.00    0.00    0.00    0.00    0.00    29  ksoftirqd/29
08:26:16 PM     0       188    0.00    0.00    0.00    0.00    0.00    29  ksoftirqd/29
08:26:17 PM     0       188    0.00    0.00    0.00    0.00    0.00    29  ksoftirqd/29
08:26:18 PM     0       188    0.00    0.00    0.00    0.00    0.00    29  ksoftirqd/29
08:26:19 PM     0       188    0.00    0.00    0.00    0.00    0.00    29  ksoftirqd/29
08:26:20 PM     0       188    0.00    0.00    0.00    0.00    0.00    29  ksoftirqd/29
08:26:21 PM     0       188    0.00    0.00    0.00    0.00    0.00    29  ksoftirqd/29
08:26:22 PM     0       188    0.00    0.00    0.00    0.00    0.00    29  ksoftirqd/29
08:26:23 PM     0       188    0.00    0.00    0.00    0.00    0.00    29  ksoftirqd/29
08:26:24 PM     0       188    0.00    0.00    0.00    0.00    0.00    29  ksoftirqd/29
08:26:25 PM     0       188    0.00    0.00    0.00    0.00    0.00    29  ksoftirqd/29
08:26:26 PM     0       188    0.00    0.00    0.00    0.00    0.00    29  ksoftirqd/29
08:26:27 PM     0       188    0.00    0.00    0.00    0.00    0.00    29  ksoftirqd/29
08:26:28 PM     0       188    0.00    1.00    0.00    0.00    1.00    29  ksoftirqd/29
08:26:29 PM     0       188    0.00    0.00    0.00    0.00    0.00    29  ksoftirqd/29
08:26:30 PM     0       188    0.00    0.00    0.00    0.00    0.00    29  ksoftirqd/29
08:26:31 PM     0       188    0.00    0.00    0.00    0.00    0.00    29  ksoftirqd/29
08:26:32 PM     0       188    0.00    1.00    0.00    0.00    1.00    29  ksoftirqd/29
08:26:33 PM     0       188    0.00    0.00    0.00    0.00    0.00    29  ksoftirqd/29
08:26:34 PM     0       188    0.00    0.00    0.00    0.00    0.00    29  ksoftirqd/29
08:26:35 PM     0       188    0.00    0.00    0.00    0.00    0.00    29  ksoftirqd/29
08:26:36 PM     0       188    0.00    1.00    0.00    0.00    1.00    29  ksoftirqd/29
08:26:37 PM     0       188    0.00    0.00    0.00    0.00    0.00    29  ksoftirqd/29
08:26:38 PM     0       188    0.00    0.00    0.00    0.00    0.00    29  ksoftirqd/29
08:26:39 PM     0       188    0.00    0.00    0.00    0.00    0.00    29  ksoftirqd/29
08:26:40 PM     0       188    0.00    0.00    0.00    0.00    0.00    29  ksoftirqd/29
08:26:41 PM     0       188    0.00    0.00    0.00    0.00    0.00    29  ksoftirqd/29
08:26:42 PM     0       188    0.00    0.00    0.00    0.00    0.00    29  ksoftirqd/29
08:26:43 PM     0       188    0.00    0.00    0.00    0.00    0.00    29  ksoftirqd/29
08:26:44 PM     0       188    0.00    0.00    0.00    0.00    0.00    29  ksoftirqd/29
08:26:45 PM     0       188    0.00    0.00    0.00    0.00    0.00    29  ksoftirqd/29
08:26:46 PM     0       188    0.00    0.00    0.00    0.00    0.00    29  ksoftirqd/29
08:26:47 PM     0       188    0.00    0.00    0.00    0.00    0.00    29  ksoftirqd/29
08:26:48 PM     0       188    0.00    0.00    0.00    0.00    0.00    29  ksoftirqd/29
08:26:49 PM     0       188    0.00    0.00    0.00    0.00    0.00    29  ksoftirqd/29
08:26:50 PM     0       188    0.00    0.00    0.00    0.00    0.00    29  ksoftirqd/29
08:26:51 PM     0       188    0.00    0.00    0.00    0.00    0.00    29  ksoftirqd/29
08:26:52 PM     0       188    0.00    0.00    0.00    0.00    0.00    29  ksoftirqd/29
08:26:53 PM     0       188    0.00    0.00    0.00    0.00    0.00    29  ksoftirqd/29
08:26:54 PM     0       188    0.00    0.00    0.00    0.00    0.00    29  ksoftirqd/29
08:26:55 PM     0       188    0.00    0.00    0.00    0.00    0.00    29  ksoftirqd/29
08:26:56 PM     0       188    0.00    0.00    0.00    0.00    0.00    29  ksoftirqd/29
08:26:57 PM     0       188    0.00    0.00    0.00    0.00    0.00    29  ksoftirqd/29
08:26:58 PM     0       188    0.00    0.00    0.00    0.00    0.00    29  ksoftirqd/29
08:26:59 PM     0       188    0.00    0.00    0.00    0.00    0.00    29  ksoftirqd/29
08:27:00 PM     0       188    0.00    0.00    0.00    0.00    0.00    29  ksoftirqd/29
08:27:01 PM     0       188    0.00    0.00    0.00    0.00    0.00    29  ksoftirqd/29
08:27:02 PM     0       188    0.00    0.00    0.00    0.00    0.00    29  ksoftirqd/29
08:27:03 PM     0       188    0.00    0.00    0.00    0.00    0.00    29  ksoftirqd/29
08:27:04 PM     0       188    0.00    0.00    0.00    0.00    0.00    29  ksoftirqd/29
08:27:05 PM     0       188    0.00    0.00    0.00    0.00    0.00    29  ksoftirqd/29
08:27:06 PM     0       188    0.00    0.00    0.00    0.00    0.00    29  ksoftirqd/29
08:27:07 PM     0       188    0.00    0.00    0.00    0.00    0.00    29  ksoftirqd/29
08:27:08 PM     0       188    0.00    0.00    0.00    0.00    0.00    29  ksoftirqd/29
08:27:09 PM     0       188    0.00    0.00    0.00    0.00    0.00    29  ksoftirqd/29
08:27:10 PM     0       188    0.00    0.00    0.00    0.00    0.00    29  ksoftirqd/29
08:27:11 PM     0       188    0.00    0.00    0.00    0.00    0.00    29  ksoftirqd/29
08:27:12 PM     0       188    0.00    0.00    0.00    0.00    0.00    29  ksoftirqd/29
08:27:13 PM     0       188    0.00    0.00    0.00    0.00    0.00    29  ksoftirqd/29
08:27:14 PM     0       188    0.00    0.00    0.00    0.00    0.00    29  ksoftirqd/29
08:27:15 PM     0       188    0.00    0.00    0.00    0.00    0.00    29  ksoftirqd/29
08:27:16 PM     0       188    0.00    0.00    0.00    0.00    0.00    29  ksoftirqd/29
08:27:17 PM     0       188    0.00    0.00    0.00    0.00    0.00    29  ksoftirqd/29
08:27:18 PM     0       188    0.00    0.00    0.00    0.00    0.00    29  ksoftirqd/29
08:27:19 PM     0       188    0.00    0.00    0.00    0.00    0.00    29  ksoftirqd/29
08:27:20 PM     0       188    0.00    0.00    0.00    0.00    0.00    29  ksoftirqd/29
08:27:21 PM     0       188    0.00    0.00    0.00    0.00    0.00    29  ksoftirqd/29
08:27:22 PM     0       188    0.00    0.00    0.00    0.00    0.00    29  ksoftirqd/29
08:27:23 PM     0       188    0.00    0.00    0.00    0.00    0.00    29  ksoftirqd/29
08:27:24 PM     0       188    0.00    0.00    0.00    0.00    0.00    29  ksoftirqd/29
08:27:25 PM     0       188    0.00    0.00    0.00    0.00    0.00    29  ksoftirqd/29
08:27:26 PM     0       188    0.00    0.00    0.00    0.00    0.00    29  ksoftirqd/29
08:27:27 PM     0       188    0.00    0.00    0.00    0.00    0.00    29  ksoftirqd/29
08:27:28 PM     0       188    0.00    0.00    0.00    0.00    0.00    29  ksoftirqd/29
08:27:29 PM     0       188    0.00    0.00    0.00    0.00    0.00    29  ksoftirqd/29
08:27:30 PM     0       188    0.00    0.00    0.00    0.00    0.00    29  ksoftirqd/29
08:27:31 PM     0       188    0.00    0.00    0.00    0.00    0.00    29  ksoftirqd/29
08:27:32 PM     0       188    0.00    0.00    0.00    0.00    0.00    29  ksoftirqd/29
08:27:33 PM     0       188    0.00    0.00    0.00    0.00    0.00    29  ksoftirqd/29
08:27:34 PM     0       188    0.00    0.00    0.00    0.00    0.00    29  ksoftirqd/29
08:27:35 PM     0       188    0.00    0.00    0.00    0.00    0.00    29  ksoftirqd/29
08:27:36 PM     0       188    0.00    0.00    0.00    0.00    0.00    29  ksoftirqd/29
08:27:37 PM     0       188    0.00    0.00    0.00    0.00    0.00    29  ksoftirqd/29
08:27:38 PM     0       188    0.00    0.00    0.00    0.00    0.00    29  ksoftirqd/29
08:27:39 PM     0       188    0.00    0.00    0.00    0.00    0.00    29  ksoftirqd/29
08:27:40 PM     0       188    0.00    0.00    0.00    0.00    0.00    29  ksoftirqd/29
08:27:41 PM     0       188    0.00    0.00    0.00    0.00    0.00    29  ksoftirqd/29
08:27:42 PM     0       188    0.00    0.00    0.00    0.00    0.00    29  ksoftirqd/29
08:27:43 PM     0       188    0.00    0.00    0.00    0.00    0.00    29  ksoftirqd/29
08:27:44 PM     0       188    0.00    0.00    0.00    0.00    0.00    29  ksoftirqd/29
08:27:45 PM     0       188    0.00    0.00    0.00    0.00    0.00    29  ksoftirqd/29
08:27:46 PM     0       188    0.00    0.00    0.00    0.00    0.00    29  ksoftirqd/29
08:27:47 PM     0       188    0.00    0.00    0.00    0.00    0.00    29  ksoftirqd/29
08:27:48 PM     0       188    0.00    0.00    0.00    0.00    0.00    29  ksoftirqd/29
08:27:49 PM     0       188    0.00    0.00    0.00    0.00    0.00    29  ksoftirqd/29
08:27:50 PM     0       188    0.00    0.00    0.00    0.00    0.00    29  ksoftirqd/29
08:27:51 PM     0       188    0.00    0.00    0.00    0.00    0.00    29  ksoftirqd/29
08:27:52 PM     0       188    0.00    0.00    0.00    0.00    0.00    29  ksoftirqd/29
08:27:53 PM     0       188    0.00    0.00    0.00    0.00    0.00    29  ksoftirqd/29
08:27:54 PM     0       188    0.00    0.00    0.00    0.00    0.00    29  ksoftirqd/29
08:27:55 PM     0       188    0.00    0.00    0.00    0.00    0.00    29  ksoftirqd/29
08:27:56 PM     0       188    0.00    0.00    0.00    0.00    0.00    29  ksoftirqd/29
08:27:57 PM     0       188    0.00    0.00    0.00    0.00    0.00    29  ksoftirqd/29
08:27:58 PM     0       188    0.00    0.00    0.00    0.00    0.00    29  ksoftirqd/29
08:27:59 PM     0       188    0.00    0.00    0.00    0.00    0.00    29  ksoftirqd/29
08:28:00 PM     0       188    0.00    0.00    0.00    0.00    0.00    29  ksoftirqd/29
08:28:01 PM     0       188    0.00    0.00    0.00    0.00    0.00    29  ksoftirqd/29
08:28:02 PM     0       188    0.00    0.00    0.00    0.00    0.00    29  ksoftirqd/29
08:28:03 PM     0       188    0.00    0.00    0.00    0.00    0.00    29  ksoftirqd/29
08:28:04 PM     0       188    0.00    0.00    0.00    0.00    0.00    29  ksoftirqd/29
08:28:05 PM     0       188    0.00    0.00    0.00    0.00    0.00    29  ksoftirqd/29
08:28:06 PM     0       188    0.00    0.00    0.00    0.00    0.00    29  ksoftirqd/29
08:28:07 PM     0       188    0.00    0.00    0.00    0.00    0.00    29  ksoftirqd/29
08:28:08 PM     0       188    0.00    0.00    0.00    0.00    0.00    29  ksoftirqd/29
08:28:09 PM     0       188    0.00    0.00    0.00    0.00    0.00    29  ksoftirqd/29
08:28:10 PM     0       188    0.00    0.00    0.00    0.00    0.00    29  ksoftirqd/29
08:28:11 PM     0       188    0.00    0.00    0.00    0.00    0.00    29  ksoftirqd/29
08:28:12 PM     0       188    0.00    0.00    0.00    0.00    0.00    29  ksoftirqd/29
08:28:13 PM     0       188    0.00    0.00    0.00    0.00    0.00    29  ksoftirqd/29
08:28:14 PM     0       188    0.00    0.00    0.00    0.00    0.00    29  ksoftirqd/29
08:28:15 PM     0       188    0.00    0.00    0.00    0.00    0.00    29  ksoftirqd/29
08:28:16 PM     0       188    0.00    0.00    0.00    0.00    0.00    29  ksoftirqd/29
08:28:17 PM     0       188    0.00    0.00    0.00    0.00    0.00    29  ksoftirqd/29
08:28:18 PM     0       188    0.00    0.00    0.00    0.00    0.00    29  ksoftirqd/29
08:28:19 PM     0       188    0.00    0.00    0.00    0.00    0.00    29  ksoftirqd/29
08:28:20 PM     0       188    0.00    0.00    0.00    0.00    0.00    29  ksoftirqd/29
08:28:21 PM     0       188    0.00    0.00    0.00    0.00    0.00    29  ksoftirqd/29
08:28:22 PM     0       188    0.00    0.00    0.00    0.00    0.00    29  ksoftirqd/29
08:28:23 PM     0       188    0.00    0.00    0.00    0.00    0.00    29  ksoftirqd/29
08:28:24 PM     0       188    0.00    0.00    0.00    0.00    0.00    29  ksoftirqd/29
08:28:25 PM     0       188    0.00    0.00    0.00    0.00    0.00    29  ksoftirqd/29
08:28:26 PM     0       188    0.00    0.00    0.00    0.00    0.00    29  ksoftirqd/29
08:28:27 PM     0       188    0.00    0.00    0.00    0.00    0.00    29  ksoftirqd/29
08:28:28 PM     0       188    0.00    0.00    0.00    0.00    0.00    29  ksoftirqd/29
08:28:29 PM     0       188    0.00    0.00    0.00    0.00    0.00    29  ksoftirqd/29
08:28:30 PM     0       188    0.00    0.00    0.00    0.00    0.00    29  ksoftirqd/29
08:28:31 PM     0       188    0.00    0.00    0.00    0.00    0.00    29  ksoftirqd/29
08:28:32 PM     0       188    0.00    0.00    0.00    0.00    0.00    29  ksoftirqd/29
08:28:33 PM     0       188    0.00    0.00    0.00    0.00    0.00    29  ksoftirqd/29
08:28:34 PM     0       188    0.00    0.00    0.00    0.00    0.00    29  ksoftirqd/29
08:28:35 PM     0       188    0.00    0.00    0.00    0.00    0.00    29  ksoftirqd/29
08:28:36 PM     0       188    0.00    0.00    0.00    0.00    0.00    29  ksoftirqd/29
08:28:37 PM     0       188    0.00    0.00    0.00    0.00    0.00    29  ksoftirqd/29
08:28:38 PM     0       188    0.00    0.00    0.00    0.00    0.00    29  ksoftirqd/29
08:28:39 PM     0       188    0.00    0.00    0.00    0.00    0.00    29  ksoftirqd/29
08:28:40 PM     0       188    0.00    0.00    0.00    0.00    0.00    29  ksoftirqd/29
08:28:41 PM     0       188    0.00    0.00    0.00    0.00    0.00    29  ksoftirqd/29
08:28:42 PM     0       188    0.00    0.00    0.00    0.00    0.00    29  ksoftirqd/29
08:28:43 PM     0       188    0.00    0.00    0.00    0.00    0.00    29  ksoftirqd/29
08:28:44 PM     0       188    0.00    0.00    0.00    0.00    0.00    29  ksoftirqd/29
08:28:45 PM     0       188    0.00    0.00    0.00    0.00    0.00    29  ksoftirqd/29
08:28:46 PM     0       188    0.00    0.00    0.00    0.00    0.00    29  ksoftirqd/29
08:28:47 PM     0       188    0.00    0.00    0.00    0.00    0.00    29  ksoftirqd/29
08:28:48 PM     0       188    0.00    0.00    0.00    0.00    0.00    29  ksoftirqd/29
08:28:49 PM     0       188    0.00    0.00    0.00    0.00    0.00    29  ksoftirqd/29
08:28:50 PM     0       188    0.00    0.00    0.00    0.00    0.00    29  ksoftirqd/29
08:28:51 PM     0       188    0.00    0.00    0.00    0.00    0.00    29  ksoftirqd/29
08:28:52 PM     0       188    0.00    0.00    0.00    0.00    0.00    29  ksoftirqd/29
08:28:53 PM     0       188    0.00    0.00    0.00    0.00    0.00    29  ksoftirqd/29
08:28:54 PM     0       188    0.00    0.00    0.00    0.00    0.00    29  ksoftirqd/29
08:28:55 PM     0       188    0.00    0.00    0.00    0.00    0.00    29  ksoftirqd/29
08:28:56 PM     0       188    0.00    0.00    0.00    0.00    0.00    29  ksoftirqd/29
08:28:57 PM     0       188    0.00    0.00    0.00    0.00    0.00    29  ksoftirqd/29
08:28:58 PM     0       188    0.00    0.00    0.00    0.00    0.00    29  ksoftirqd/29
08:28:59 PM     0       188    0.00    0.00    0.00    0.00    0.00    29  ksoftirqd/29
08:29:00 PM     0       188    0.00    0.00    0.00    0.00    0.00    29  ksoftirqd/29
08:29:01 PM     0       188    0.00    0.00    0.00    0.00    0.00    29  ksoftirqd/29
08:29:02 PM     0       188    0.00    0.00    0.00    0.00    0.00    29  ksoftirqd/29
08:29:03 PM     0       188    0.00    0.00    0.00    0.00    0.00    29  ksoftirqd/29
08:29:04 PM     0       188    0.00    0.00    0.00    0.00    0.00    29  ksoftirqd/29
08:29:05 PM     0       188    0.00    0.00    0.00    0.00    0.00    29  ksoftirqd/29
08:29:06 PM     0       188    0.00    0.00    0.00    0.00    0.00    29  ksoftirqd/29
08:29:07 PM     0       188    0.00    0.00    0.00    0.00    0.00    29  ksoftirqd/29
08:29:08 PM     0       188    0.00    0.00    0.00    0.00    0.00    29  ksoftirqd/29
08:29:09 PM     0       188    0.00    0.00    0.00    0.00    0.00    29  ksoftirqd/29
08:29:10 PM     0       188    0.00    0.00    0.00    0.00    0.00    29  ksoftirqd/29
08:29:11 PM     0       188    0.00    0.00    0.00    0.00    0.00    29  ksoftirqd/29
08:29:12 PM     0       188    0.00    0.00    0.00    0.00    0.00    29  ksoftirqd/29
08:29:13 PM     0       188    0.00    0.00    0.00    0.00    0.00    29  ksoftirqd/29
08:29:14 PM     0       188    0.00    0.00    0.00    0.00    0.00    29  ksoftirqd/29
08:29:15 PM     0       188    0.00    0.00    0.00    0.00    0.00    29  ksoftirqd/29
08:29:16 PM     0       188    0.00    0.00    0.00    0.00    0.00    29  ksoftirqd/29
08:29:17 PM     0       188    0.00    0.00    0.00    0.00    0.00    29  ksoftirqd/29
08:29:18 PM     0       188    0.00    0.00    0.00    0.00    0.00    29  ksoftirqd/29
08:29:19 PM     0       188    0.00    0.00    0.00    0.00    0.00    29  ksoftirqd/29
08:29:20 PM     0       188    0.00    0.00    0.00    0.00    0.00    29  ksoftirqd/29
08:29:21 PM     0       188    0.00    0.00    0.00    0.00    0.00    29  ksoftirqd/29
08:29:22 PM     0       188    0.00    0.00    0.00    0.00    0.00    29  ksoftirqd/29
08:29:23 PM     0       188    0.00    0.00    0.00    0.00    0.00    29  ksoftirqd/29
08:29:24 PM     0       188    0.00    0.00    0.00    0.00    0.00    29  ksoftirqd/29
08:29:25 PM     0       188    0.00    0.00    0.00    0.00    0.00    29  ksoftirqd/29
08:29:26 PM     0       188    0.00    0.00    0.00    0.00    0.00    29  ksoftirqd/29
08:29:27 PM     0       188    0.00    0.00    0.00    0.00    0.00    29  ksoftirqd/29
08:29:28 PM     0       188    0.00    0.00    0.00    0.00    0.00    29  ksoftirqd/29
08:29:29 PM     0       188    0.00    0.00    0.00    0.00    0.00    29  ksoftirqd/29
08:29:30 PM     0       188    0.00    0.00    0.00    0.00    0.00    29  ksoftirqd/29
08:29:31 PM     0       188    0.00    0.00    0.00    0.00    0.00    29  ksoftirqd/29
08:29:32 PM     0       188    0.00    0.00    0.00    0.00    0.00    29  ksoftirqd/29
08:29:33 PM     0       188    0.00    0.00    0.00    0.00    0.00    29  ksoftirqd/29
08:29:34 PM     0       188    0.00    0.00    0.00    0.00    0.00    29  ksoftirqd/29
08:29:35 PM     0       188    0.00    0.00    0.00    0.00    0.00    29  ksoftirqd/29
08:29:36 PM     0       188    0.00    0.00    0.00    0.00    0.00    29  ksoftirqd/29
08:29:37 PM     0       188    0.00    0.00    0.00    0.00    0.00    29  ksoftirqd/29
08:29:38 PM     0       188    0.00    0.00    0.00    0.00    0.00    29  ksoftirqd/29
08:29:39 PM     0       188    0.00    0.00    0.00    0.00    0.00    29  ksoftirqd/29
08:29:40 PM     0       188    0.00    0.00    0.00    0.00    0.00    29  ksoftirqd/29
08:29:41 PM     0       188    0.00    0.00    0.00    0.00    0.00    29  ksoftirqd/29
08:29:42 PM     0       188    0.00    0.00    0.00    0.00    0.00    29  ksoftirqd/29
08:29:43 PM     0       188    0.00    0.00    0.00    0.00    0.00    29  ksoftirqd/29
08:29:44 PM     0       188    0.00    0.00    0.00    0.00    0.00    29  ksoftirqd/29
08:29:45 PM     0       188    0.00    0.00    0.00    0.00    0.00    29  ksoftirqd/29
08:29:46 PM     0       188    0.00    0.00    0.00    0.00    0.00    29  ksoftirqd/29
08:29:47 PM     0       188    0.00    0.00    0.00    0.00    0.00    29  ksoftirqd/29
08:29:48 PM     0       188    0.00    0.00    0.00    0.00    0.00    29  ksoftirqd/29
08:29:49 PM     0       188    0.00    0.00    0.00    0.00    0.00    29  ksoftirqd/29
08:29:50 PM     0       188    0.00    0.00    0.00    0.00    0.00    29  ksoftirqd/29
08:29:51 PM     0       188    0.00    0.00    0.00    0.00    0.00    29  ksoftirqd/29
08:29:52 PM     0       188    0.00    0.00    0.00    0.00    0.00    29  ksoftirqd/29
08:29:53 PM     0       188    0.00    0.00    0.00    0.00    0.00    29  ksoftirqd/29
08:29:54 PM     0       188    0.00    0.00    0.00    0.00    0.00    29  ksoftirqd/29
08:29:55 PM     0       188    0.00    0.00    0.00    0.00    0.00    29  ksoftirqd/29
08:29:56 PM     0       188    0.00    0.00    0.00    0.00    0.00    29  ksoftirqd/29
08:29:57 PM     0       188    0.00    0.00    0.00    0.00    0.00    29  ksoftirqd/29
08:29:58 PM     0       188    0.00    0.00    0.00    0.00    0.00    29  ksoftirqd/29
08:29:59 PM     0       188    0.00    0.00    0.00    0.00    0.00    29  ksoftirqd/29
08:30:00 PM     0       188    0.00    0.00    0.00    0.00    0.00    29  ksoftirqd/29
08:30:01 PM     0       188    0.00    0.00    0.00    0.00    0.00    29  ksoftirqd/29
08:30:02 PM     0       188    0.00    0.00    0.00    0.00    0.00    29  ksoftirqd/29
08:30:03 PM     0       188    0.00    0.00    0.00    0.00    0.00    29  ksoftirqd/29
08:30:04 PM     0       188    0.00    0.00    0.00    0.00    0.00    29  ksoftirqd/29
08:30:05 PM     0       188    0.00    0.00    0.00    0.00    0.00    29  ksoftirqd/29
08:30:06 PM     0       188    0.00    0.00    0.00    0.00    0.00    29  ksoftirqd/29
08:30:07 PM     0       188    0.00    0.00    0.00    0.00    0.00    29  ksoftirqd/29
08:30:08 PM     0       188    0.00    0.00    0.00    0.00    0.00    29  ksoftirqd/29
08:30:09 PM     0       188    0.00    0.00    0.00    0.00    0.00    29  ksoftirqd/29
08:30:10 PM     0       188    0.00    0.00    0.00    0.00    0.00    29  ksoftirqd/29
08:30:11 PM     0       188    0.00    0.00    0.00    0.00    0.00    29  ksoftirqd/29
08:30:12 PM     0       188    0.00    0.00    0.00    0.00    0.00    29  ksoftirqd/29
08:30:13 PM     0       188    0.00    0.00    0.00    0.00    0.00    29  ksoftirqd/29
08:30:14 PM     0       188    0.00    0.00    0.00    0.00    0.00    29  ksoftirqd/29
08:30:15 PM     0       188    0.00    0.00    0.00    0.00    0.00    29  ksoftirqd/29
08:30:16 PM     0       188    0.00    0.00    0.00    0.00    0.00    29  ksoftirqd/29
08:30:17 PM     0       188    0.00    0.00    0.00    0.00    0.00    29  ksoftirqd/29
08:30:18 PM     0       188    0.00    0.00    0.00    0.00    0.00    29  ksoftirqd/29
08:30:19 PM     0       188    0.00    0.00    0.00    0.00    0.00    29  ksoftirqd/29
08:30:20 PM     0       188    0.00    0.00    0.00    0.00    0.00    29  ksoftirqd/29
08:30:21 PM     0       188    0.00    0.00    0.00    0.00    0.00    29  ksoftirqd/29
08:30:22 PM     0       188    0.00    0.00    0.00    0.00    0.00    29  ksoftirqd/29
08:30:23 PM     0       188    0.00    1.00    0.00    0.00    1.00    29  ksoftirqd/29
08:30:24 PM     0       188    0.00    0.00    0.00    0.00    0.00    29  ksoftirqd/29
08:30:25 PM     0       188    0.00    0.00    0.00    0.00    0.00    29  ksoftirqd/29
08:30:26 PM     0       188    0.00    0.00    0.00    0.00    0.00    29  ksoftirqd/29
08:30:27 PM     0       188    0.00    1.00    0.00    0.00    1.00    29  ksoftirqd/29
08:30:28 PM     0       188    0.00    0.00    0.00    0.00    0.00    29  ksoftirqd/29
08:30:29 PM     0       188    0.00    0.00    0.00    0.00    0.00    29  ksoftirqd/29
08:30:30 PM     0       188    0.00    0.00    0.00    0.00    0.00    29  ksoftirqd/29
08:30:31 PM     0       188    0.00    0.00    0.00    0.00    0.00    29  ksoftirqd/29
08:30:32 PM     0       188    0.00    0.00    0.00    0.00    0.00    29  ksoftirqd/29
08:30:33 PM     0       188    0.00    0.00    0.00    0.00    0.00    29  ksoftirqd/29
08:30:34 PM     0       188    0.00    0.00    0.00    0.00    0.00    29  ksoftirqd/29
08:30:35 PM     0       188    0.00    0.00    0.00    0.00    0.00    29  ksoftirqd/29
08:30:36 PM     0       188    0.00    0.00    0.00    0.00    0.00    29  ksoftirqd/29
08:30:37 PM     0       188    0.00    0.00    0.00    0.00    0.00    29  ksoftirqd/29
08:30:38 PM     0       188    0.00    0.00    0.00    0.00    0.00    29  ksoftirqd/29
08:30:39 PM     0       188    0.00    0.00    0.00    0.00    0.00    29  ksoftirqd/29
08:30:40 PM     0       188    0.00    0.00    0.00    0.00    0.00    29  ksoftirqd/29
08:30:41 PM     0       188    0.00    0.00    0.00    0.00    0.00    29  ksoftirqd/29
08:30:42 PM     0       188    0.00    0.00    0.00    0.00    0.00    29  ksoftirqd/29
08:30:43 PM     0       188    0.00    0.00    0.00    0.00    0.00    29  ksoftirqd/29
08:30:44 PM     0       188    0.00    0.00    0.00    0.00    0.00    29  ksoftirqd/29
08:30:45 PM     0       188    0.00    0.00    0.00    0.00    0.00    29  ksoftirqd/29
08:30:46 PM     0       188    0.00    0.00    0.00    0.00    0.00    29  ksoftirqd/29
08:30:47 PM     0       188    0.00    0.00    0.00    0.00    0.00    29  ksoftirqd/29
08:30:48 PM     0       188    0.00    0.00    0.00    0.00    0.00    29  ksoftirqd/29
08:30:49 PM     0       188    0.00    0.00    0.00    0.00    0.00    29  ksoftirqd/29
08:30:50 PM     0       188    0.00    0.00    0.00    0.00    0.00    29  ksoftirqd/29
08:30:51 PM     0       188    0.00    0.00    0.00    0.00    0.00    29  ksoftirqd/29
08:30:52 PM     0       188    0.00    0.00    0.00    0.00    0.00    29  ksoftirqd/29
08:30:53 PM     0       188    0.00    0.00    0.00    0.00    0.00    29  ksoftirqd/29
08:30:54 PM     0       188    0.00    0.00    0.00    0.00    0.00    29  ksoftirqd/29
08:30:55 PM     0       188    0.00    0.00    0.00    0.00    0.00    29  ksoftirqd/29
08:30:56 PM     0       188    0.00    0.00    0.00    0.00    0.00    29  ksoftirqd/29
08:30:57 PM     0       188    0.00    0.00    0.00    0.00    0.00    29  ksoftirqd/29
08:30:58 PM     0       188    0.00    0.00    0.00    0.00    0.00    29  ksoftirqd/29
08:30:59 PM     0       188    0.00    0.00    0.00    0.00    0.00    29  ksoftirqd/29
08:31:00 PM     0       188    0.00    0.00    0.00    0.00    0.00    29  ksoftirqd/29
08:31:01 PM     0       188    0.00    0.00    0.00    0.00    0.00    29  ksoftirqd/29
08:31:02 PM     0       188    0.00    0.00    0.00    0.00    0.00    29  ksoftirqd/29
08:31:03 PM     0       188    0.00    0.00    0.00    0.00    0.00    29  ksoftirqd/29
08:31:04 PM     0       188    0.00    0.00    0.00    0.00    0.00    29  ksoftirqd/29
08:31:05 PM     0       188    0.00    0.00    0.00    0.00    0.00    29  ksoftirqd/29
08:31:06 PM     0       188    0.00    0.00    0.00    0.00    0.00    29  ksoftirqd/29
08:31:07 PM     0       188    0.00    0.00    0.00    0.00    0.00    29  ksoftirqd/29
08:31:08 PM     0       188    0.00    0.00    0.00    0.00    0.00    29  ksoftirqd/29
08:31:09 PM     0       188    0.00    0.00    0.00    0.00    0.00    29  ksoftirqd/29
08:31:10 PM     0       188    0.00    0.00    0.00    0.00    0.00    29  ksoftirqd/29
08:31:11 PM     0       188    0.00    0.00    0.00    0.00    0.00    29  ksoftirqd/29
08:31:12 PM     0       188    0.00    0.00    0.00    0.00    0.00    29  ksoftirqd/29
08:31:13 PM     0       188    0.00    0.00    0.00    0.00    0.00    29  ksoftirqd/29
08:31:14 PM     0       188    0.00    0.00    0.00    0.00    0.00    29  ksoftirqd/29
08:31:15 PM     0       188    0.00    0.00    0.00    0.00    0.00    29  ksoftirqd/29
08:31:16 PM     0       188    0.00    0.00    0.00    0.00    0.00    29  ksoftirqd/29
08:31:17 PM     0       188    0.00    0.00    0.00    0.00    0.00    29  ksoftirqd/29
08:31:18 PM     0       188    0.00    0.00    0.00    0.00    0.00    29  ksoftirqd/29
08:31:19 PM     0       188    0.00    0.00    0.00    0.00    0.00    29  ksoftirqd/29
08:31:20 PM     0       188    0.00    0.00    0.00    0.00    0.00    29  ksoftirqd/29
08:31:21 PM     0       188    0.00    0.00    0.00    0.00    0.00    29  ksoftirqd/29
08:31:22 PM     0       188    0.00    0.00    0.00    0.00    0.00    29  ksoftirqd/29
08:31:23 PM     0       188    0.00    0.00    0.00    0.00    0.00    29  ksoftirqd/29
08:31:24 PM     0       188    0.00    0.00    0.00    0.00    0.00    29  ksoftirqd/29
08:31:25 PM     0       188    0.00    0.00    0.00    0.00    0.00    29  ksoftirqd/29
08:31:26 PM     0       188    0.00    0.00    0.00    0.00    0.00    29  ksoftirqd/29
08:31:27 PM     0       188    0.00    0.00    0.00    0.00    0.00    29  ksoftirqd/29
08:31:28 PM     0       188    0.00    0.00    0.00    0.00    0.00    29  ksoftirqd/29
08:31:29 PM     0       188    0.00    0.00    0.00    0.00    0.00    29  ksoftirqd/29
08:31:30 PM     0       188    0.00    0.00    0.00    0.00    0.00    29  ksoftirqd/29
08:31:31 PM     0       188    0.00    0.00    0.00    0.00    0.00    29  ksoftirqd/29
08:31:32 PM     0       188    0.00    0.00    0.00    0.00    0.00    29  ksoftirqd/29
08:31:33 PM     0       188    0.00    0.00    0.00    0.00    0.00    29  ksoftirqd/29
08:31:34 PM     0       188    0.00    0.00    0.00    0.00    0.00    29  ksoftirqd/29
08:31:35 PM     0       188    0.00    0.00    0.00    0.00    0.00    29  ksoftirqd/29
08:31:36 PM     0       188    0.00    0.00    0.00    0.00    0.00    29  ksoftirqd/29
08:31:37 PM     0       188    0.00    0.00    0.00    0.00    0.00    29  ksoftirqd/29
08:31:38 PM     0       188    0.00    0.00    0.00    0.00    0.00    29  ksoftirqd/29
08:31:39 PM     0       188    0.00    0.00    0.00    0.00    0.00    29  ksoftirqd/29
08:31:40 PM     0       188    0.00    0.00    0.00    0.00    0.00    29  ksoftirqd/29
08:31:41 PM     0       188    0.00    0.00    0.00    0.00    0.00    29  ksoftirqd/29
08:31:42 PM     0       188    0.00    0.00    0.00    0.00    0.00    29  ksoftirqd/29
08:31:43 PM     0       188    0.00    0.00    0.00    0.00    0.00    29  ksoftirqd/29
08:31:44 PM     0       188    0.00    0.00    0.00    0.00    0.00    29  ksoftirqd/29
08:31:45 PM     0       188    0.00    0.00    0.00    0.00    0.00    29  ksoftirqd/29
08:31:46 PM     0       188    0.00    0.00    0.00    0.00    0.00    29  ksoftirqd/29
08:31:47 PM     0       188    0.00    0.00    0.00    0.00    0.00    29  ksoftirqd/29
08:31:48 PM     0       188    0.00    0.00    0.00    0.00    0.00    29  ksoftirqd/29
08:31:49 PM     0       188    0.00    0.00    0.00    0.00    0.00    29  ksoftirqd/29
08:31:50 PM     0       188    0.00    0.00    0.00    0.00    0.00    29  ksoftirqd/29
08:31:51 PM     0       188    0.00    0.00    0.00    0.00    0.00    29  ksoftirqd/29
08:31:52 PM     0       188    0.00    0.00    0.00    0.00    0.00    29  ksoftirqd/29
08:31:53 PM     0       188    0.00    0.00    0.00    0.00    0.00    29  ksoftirqd/29
08:31:54 PM     0       188    0.00    0.00    0.00    0.00    0.00    29  ksoftirqd/29
08:31:55 PM     0       188    0.00    0.00    0.00    0.00    0.00    29  ksoftirqd/29
08:31:56 PM     0       188    0.00    0.00    0.00    0.00    0.00    29  ksoftirqd/29
08:31:57 PM     0       188    0.00    0.00    0.00    0.00    0.00    29  ksoftirqd/29
08:31:58 PM     0       188    0.00    0.00    0.00    0.00    0.00    29  ksoftirqd/29
08:31:59 PM     0       188    0.00    0.00    0.00    0.00    0.00    29  ksoftirqd/29
08:32:00 PM     0       188    0.00    0.00    0.00    0.00    0.00    29  ksoftirqd/29
08:32:01 PM     0       188    0.00    0.00    0.00    0.00    0.00    29  ksoftirqd/29
08:32:02 PM     0       188    0.00    0.00    0.00    0.00    0.00    29  ksoftirqd/29
08:32:03 PM     0       188    0.00    0.00    0.00    0.00    0.00    29  ksoftirqd/29
08:32:04 PM     0       188    0.00    0.00    0.00    0.00    0.00    29  ksoftirqd/29
08:32:05 PM     0       188    0.00    0.00    0.00    0.00    0.00    29  ksoftirqd/29
08:32:06 PM     0       188    0.00    0.00    0.00    0.00    0.00    29  ksoftirqd/29
08:32:07 PM     0       188    0.00    0.00    0.00    0.00    0.00    29  ksoftirqd/29
08:32:08 PM     0       188    0.00    0.00    0.00    0.00    0.00    29  ksoftirqd/29
08:32:09 PM     0       188    0.00    0.00    0.00    0.00    0.00    29  ksoftirqd/29
08:32:10 PM     0       188    0.00    0.00    0.00    0.00    0.00    29  ksoftirqd/29
08:32:11 PM     0       188    0.00    0.00    0.00    0.00    0.00    29  ksoftirqd/29
08:32:12 PM     0       188    0.00    0.00    0.00    0.00    0.00    29  ksoftirqd/29
08:32:13 PM     0       188    0.00    0.00    0.00    0.00    0.00    29  ksoftirqd/29
08:32:14 PM     0       188    0.00    0.00    0.00    0.00    0.00    29  ksoftirqd/29
08:32:15 PM     0       188    0.00    0.00    0.00    0.00    0.00    29  ksoftirqd/29
08:32:16 PM     0       188    0.00    0.00    0.00    0.00    0.00    29  ksoftirqd/29
08:32:17 PM     0       188    0.00    0.00    0.00    0.00    0.00    29  ksoftirqd/29
08:32:18 PM     0       188    0.00    0.00    0.00    0.00    0.00    29  ksoftirqd/29
08:32:19 PM     0       188    0.00    0.00    0.00    0.00    0.00    29  ksoftirqd/29
08:32:20 PM     0       188    0.00    0.00    0.00    0.00    0.00    29  ksoftirqd/29
08:32:21 PM     0       188    0.00    0.00    0.00    0.00    0.00    29  ksoftirqd/29
08:32:22 PM     0       188    0.00    0.00    0.00    0.00    0.00    29  ksoftirqd/29
08:32:23 PM     0       188    0.00    0.00    0.00    0.00    0.00    29  ksoftirqd/29
08:32:24 PM     0       188    0.00    0.00    0.00    0.00    0.00    29  ksoftirqd/29
08:32:25 PM     0       188    0.00    0.00    0.00    0.00    0.00    29  ksoftirqd/29
08:32:26 PM     0       188    0.00    0.00    0.00    0.00    0.00    29  ksoftirqd/29
08:32:27 PM     0       188    0.00    0.00    0.00    0.00    0.00    29  ksoftirqd/29
08:32:28 PM     0       188    0.00    0.00    0.00    0.00    0.00    29  ksoftirqd/29
08:32:29 PM     0       188    0.00    0.00    0.00    0.00    0.00    29  ksoftirqd/29
08:32:30 PM     0       188    0.00    0.00    0.00    0.00    0.00    29  ksoftirqd/29
08:32:31 PM     0       188    0.00    0.00    0.00    0.00    0.00    29  ksoftirqd/29
08:32:32 PM     0       188    0.00    0.00    0.00    0.00    0.00    29  ksoftirqd/29
08:32:33 PM     0       188    0.00    0.00    0.00    0.00    0.00    29  ksoftirqd/29
08:32:34 PM     0       188    0.00    0.00    0.00    0.00    0.00    29  ksoftirqd/29
08:32:35 PM     0       188    0.00    0.00    0.00    0.00    0.00    29  ksoftirqd/29
08:32:36 PM     0       188    0.00    0.00    0.00    0.00    0.00    29  ksoftirqd/29
08:32:37 PM     0       188    0.00    0.00    0.00    0.00    0.00    29  ksoftirqd/29
08:32:38 PM     0       188    0.00    0.00    0.00    0.00    0.00    29  ksoftirqd/29
08:32:39 PM     0       188    0.00    0.00    0.00    0.00    0.00    29  ksoftirqd/29
08:32:40 PM     0       188    0.00    0.00    0.00    0.00    0.00    29  ksoftirqd/29
08:32:41 PM     0       188    0.00    0.00    0.00    0.00    0.00    29  ksoftirqd/29
08:32:42 PM     0       188    0.00    1.00    0.00    0.00    1.00    29  ksoftirqd/29
08:32:43 PM     0       188    0.00    0.00    0.00    0.00    0.00    29  ksoftirqd/29
08:32:44 PM     0       188    0.00    0.00    0.00    0.00    0.00    29  ksoftirqd/29
08:32:45 PM     0       188    0.00    0.00    0.00    0.00    0.00    29  ksoftirqd/29
08:32:46 PM     0       188    0.00    0.00    0.00    0.00    0.00    29  ksoftirqd/29
08:32:47 PM     0       188    0.00    0.00    0.00    0.00    0.00    29  ksoftirqd/29
08:32:48 PM     0       188    0.00    0.00    0.00    0.00    0.00    29  ksoftirqd/29
08:32:49 PM     0       188    0.00    0.00    0.00    0.00    0.00    29  ksoftirqd/29
08:32:50 PM     0       188    0.00    0.00    0.00    0.00    0.00    29  ksoftirqd/29
08:32:51 PM     0       188    0.00    0.00    0.00    0.00    0.00    29  ksoftirqd/29
08:32:52 PM     0       188    0.00    0.00    0.00    0.00    0.00    29  ksoftirqd/29
08:32:53 PM     0       188    0.00    0.00    0.00    0.00    0.00    29  ksoftirqd/29
08:32:54 PM     0       188    0.00    0.00    0.00    0.00    0.00    29  ksoftirqd/29
08:32:55 PM     0       188    0.00    0.00    0.00    0.00    0.00    29  ksoftirqd/29
08:32:56 PM     0       188    0.00    0.00    0.00    0.00    0.00    29  ksoftirqd/29
08:32:57 PM     0       188    0.00    0.00    0.00    0.00    0.00    29  ksoftirqd/29
08:32:58 PM     0       188    0.00    0.00    0.00    0.00    0.00    29  ksoftirqd/29
08:32:59 PM     0       188    0.00    0.00    0.00    0.00    0.00    29  ksoftirqd/29
08:33:00 PM     0       188    0.00    0.00    0.00    0.00    0.00    29  ksoftirqd/29
08:33:01 PM     0       188    0.00    0.00    0.00    0.00    0.00    29  ksoftirqd/29
08:33:02 PM     0       188    0.00    0.00    0.00    0.00    0.00    29  ksoftirqd/29
08:33:03 PM     0       188    0.00    0.00    0.00    0.00    0.00    29  ksoftirqd/29
08:33:04 PM     0       188    0.00    0.00    0.00    0.00    0.00    29  ksoftirqd/29
08:33:05 PM     0       188    0.00    0.00    0.00    0.00    0.00    29  ksoftirqd/29
08:33:06 PM     0       188    0.00    0.00    0.00    0.00    0.00    29  ksoftirqd/29
08:33:07 PM     0       188    0.00    0.00    0.00    0.00    0.00    29  ksoftirqd/29
08:33:08 PM     0       188    0.00    0.00    0.00    0.00    0.00    29  ksoftirqd/29
08:33:09 PM     0       188    0.00    0.00    0.00    0.00    0.00    29  ksoftirqd/29
08:33:10 PM     0       188    0.00    0.00    0.00    0.00    0.00    29  ksoftirqd/29
08:33:11 PM     0       188    0.00    0.00    0.00    0.00    0.00    29  ksoftirqd/29
08:33:12 PM     0       188    0.00    0.00    0.00    0.00    0.00    29  ksoftirqd/29
08:33:13 PM     0       188    0.00    0.00    0.00    0.00    0.00    29  ksoftirqd/29
08:33:14 PM     0       188    0.00    0.00    0.00    0.00    0.00    29  ksoftirqd/29
08:33:15 PM     0       188    0.00    0.00    0.00    0.00    0.00    29  ksoftirqd/29
08:33:16 PM     0       188    0.00    0.00    0.00    0.00    0.00    29  ksoftirqd/29
08:33:17 PM     0       188    0.00    0.00    0.00    0.00    0.00    29  ksoftirqd/29
08:33:18 PM     0       188    0.00    0.00    0.00    0.00    0.00    29  ksoftirqd/29
08:33:19 PM     0       188    0.00    0.00    0.00    0.00    0.00    29  ksoftirqd/29
08:33:20 PM     0       188    0.00    0.00    0.00    0.00    0.00    29  ksoftirqd/29
08:33:21 PM     0       188    0.00    0.00    0.00    0.00    0.00    29  ksoftirqd/29
08:33:22 PM     0       188    0.00    0.00    0.00    0.00    0.00    29  ksoftirqd/29
08:33:23 PM     0       188    0.00    0.00    0.00    0.00    0.00    29  ksoftirqd/29
08:33:24 PM     0       188    0.00    0.00    0.00    0.00    0.00    29  ksoftirqd/29
08:33:25 PM     0       188    0.00    0.00    0.00    0.00    0.00    29  ksoftirqd/29
08:33:26 PM     0       188    0.00    0.00    0.00    0.00    0.00    29  ksoftirqd/29
08:33:27 PM     0       188    0.00    0.00    0.00    0.00    0.00    29  ksoftirqd/29
08:33:28 PM     0       188    0.00    0.00    0.00    0.00    0.00    29  ksoftirqd/29
08:33:29 PM     0       188    0.00    0.00    0.00    0.00    0.00    29  ksoftirqd/29
08:33:30 PM     0       188    0.00    0.00    0.00    0.00    0.00    29  ksoftirqd/29
08:33:31 PM     0       188    0.00    0.00    0.00    0.00    0.00    29  ksoftirqd/29
08:33:32 PM     0       188    0.00    0.00    0.00    0.00    0.00    29  ksoftirqd/29
08:33:33 PM     0       188    0.00    0.00    0.00    0.00    0.00    29  ksoftirqd/29
08:33:34 PM     0       188    0.00    0.00    0.00    0.00    0.00    29  ksoftirqd/29
08:33:35 PM     0       188    0.00    0.00    0.00    0.00    0.00    29  ksoftirqd/29
08:33:36 PM     0       188    0.00    0.00    0.00    0.00    0.00    29  ksoftirqd/29
08:33:37 PM     0       188    0.00    0.00    0.00    0.00    0.00    29  ksoftirqd/29
08:33:38 PM     0       188    0.00    0.00    0.00    0.00    0.00    29  ksoftirqd/29
08:33:39 PM     0       188    0.00    0.00    0.00    0.00    0.00    29  ksoftirqd/29
08:33:40 PM     0       188    0.00    0.00    0.00    0.00    0.00    29  ksoftirqd/29
08:33:41 PM     0       188    0.00    0.00    0.00    0.00    0.00    29  ksoftirqd/29
08:33:42 PM     0       188    0.00    0.00    0.00    0.00    0.00    29  ksoftirqd/29
08:33:43 PM     0       188    0.00    0.00    0.00    0.00    0.00    29  ksoftirqd/29
08:33:44 PM     0       188    0.00    0.00    0.00    0.00    0.00    29  ksoftirqd/29
08:33:45 PM     0       188    0.00    0.00    0.00    0.00    0.00    29  ksoftirqd/29
08:33:46 PM     0       188    0.00    0.00    0.00    0.00    0.00    29  ksoftirqd/29
08:33:47 PM     0       188    0.00    0.00    0.00    0.00    0.00    29  ksoftirqd/29
08:33:48 PM     0       188    0.00    0.00    0.00    0.00    0.00    29  ksoftirqd/29
08:33:49 PM     0       188    0.00    0.00    0.00    0.00    0.00    29  ksoftirqd/29
08:33:50 PM     0       188    0.00    0.00    0.00    0.00    0.00    29  ksoftirqd/29
08:33:51 PM     0       188    0.00    0.00    0.00    0.00    0.00    29  ksoftirqd/29
08:33:52 PM     0       188    0.00    0.00    0.00    0.00    0.00    29  ksoftirqd/29
08:33:53 PM     0       188    0.00    0.00    0.00    0.00    0.00    29  ksoftirqd/29
08:33:54 PM     0       188    0.00    0.00    0.00    0.00    0.00    29  ksoftirqd/29
08:33:55 PM     0       188    0.00    0.00    0.00    0.00    0.00    29  ksoftirqd/29
08:33:56 PM     0       188    0.00    0.00    0.00    0.00    0.00    29  ksoftirqd/29
08:33:57 PM     0       188    0.00    0.00    0.00    0.00    0.00    29  ksoftirqd/29
08:33:58 PM     0       188    0.00    0.00    0.00    0.00    0.00    29  ksoftirqd/29
08:33:59 PM     0       188    0.00    0.00    0.00    0.00    0.00    29  ksoftirqd/29
08:34:00 PM     0       188    0.00    0.00    0.00    0.00    0.00    29  ksoftirqd/29
08:34:01 PM     0       188    0.00    0.00    0.00    0.00    0.00    29  ksoftirqd/29
08:34:02 PM     0       188    0.00    0.00    0.00    0.00    0.00    29  ksoftirqd/29
08:34:03 PM     0       188    0.00    0.00    0.00    0.00    0.00    29  ksoftirqd/29
08:34:04 PM     0       188    0.00    0.00    0.00    0.00    0.00    29  ksoftirqd/29
08:34:05 PM     0       188    0.00    0.00    0.00    0.00    0.00    29  ksoftirqd/29
08:34:06 PM     0       188    0.00    0.00    0.00    0.00    0.00    29  ksoftirqd/29
