---------------------
Fri 10 May 2024 06:27:08 PM CDT - Running experiment round 20
---------------------
Netserver is already running.
Netserver IP: 172.17.0.2
Netperf Image exists
f1daf2da4f05a7e96d9f1cd933f548d63474da29f47ea7dc4ed18afb9a88d684
167d85182f70accb6cd292b079f27ccf1c4c83a07f4f8d175032b413281e7a7e
14db3e504c9e269b06fac8fe6b0a4a59ae693bf36dd3deb8daaf78bf21989836
67617ee2f125b186e6d13b4fe35e383bbf177026ec487040fadc4225332265af
674670177dc75cf29c185f77aab712c96e4429190ce985e940db43208346b6d3
a33c0eab912b2bd48091fdbc7871a7b77994355de2b939136c9bf03c584e834c
dca313d115880ac76dd27a10e3f25bb274cc6e9c72daf00068f65570a9b8cfc5
e05305ed7c37a1efbbfddc5364b09e56e88def0866f2666ec325544aa47a746f
e87659c279801bc4daf883b0598e418b188beec0989056a1311bd7b793c00af5
778af44a8bd70a3d8af93059ba08a4cea70ef8ad77edcc88eb31031e425963c1
6f7382737d19b1bb4240571741890e48cd867b5569d5a7d10c3c2bb501c92c3f
f778340daa1f0ab370f8b51fe8a06bebf5b4b0d07586bc80400e98a567b082e5
67bec07a397e560c19098a6bc82403cee15d35c446b396b8bdcea888e63243d1
785b18bba9f31803781b0e23f6339a9746ae8ead2594f01168427149413d54da
96909fb208a3d93c4778ae6cba9707a88bbd525b215d65dea28a6e12117fbf20
c07c7cb9fcf63e67e0093729df6568b23539b3ad642caf598865a581d352f215
5075ef07402b2f66fdc12c6f5befacb557a7f0cb52da1d40ea868a3cbb3638e9
33df3a1d3df2a65a3ac8d320da98fd5f8ee0956c4234492c52a7d398703d5d92
d314321fbb6b5d8fd82985df1449cee0f4fed73839abcb0311949f1cca9d6f1c
ea0c6239faa5307caf2a0b98983f9f643ab79134f740f395dc4097a7e09e2775
---------------------
Fri 10 May 2024 06:28:32 PM CDT - Running experiment round 40
---------------------
Netserver is already running.
Netserver IP: 172.17.0.2
Netperf Image exists
9763b7043c80937546a3e22a7c0f0cb05ce7287ba6b779e4f87e43d015335978
ba9e4cd00466b526d62d3f52b1d1cae7f8eb5588c169c0586723133dde4a849a
17ad321e980321941dde994f1905c99c87f366435b2bcd8f60f8493d6108da7b
43fe8a84d0e13e271bec7b4222d8260aef2906d02c8ba0ddd6684fc506e7552a
5cd439a6cdc07e601b22a0fee04974be81f54abb676020bd1beda051b403d323
049e2dcd397e8063eafd81018b312a3d88874c474b91d5b218371296a03e820a
f017dae097d7e91fee0706a755a7c9764525a767b938a63c79166edbbc7c0d21
5c22804a0bcc63d09451fa5e5d540f170d53e4ff88b7c633ab09c769885fb262
6d4f6f0eefd5f4efe09f7fe9f2f52e128bf5aafc3cd93e00fb68c3d2ba43dc05
531adecb0d6e5b4dc36b355b0109a0bf4fcf16672536daf47c4feced6effba9b
1953858dcc7bac5c5416b0b2ab12e5a4084f910eadb63009710f82ca02dcd7a2
cb4a0e51d59e07fdd037a603a8a0ec7ad73e3b3bc72f356d3aa1076d63c07f29
700c77cf6e60a958502167e56134f207e152ac7e8e1c2c7ee6810fe469927a3a
e3f7e85dda9d6a0f568475fe6fd848f7baa6f69282a6d1dcd96c82a592249b97
b96b3ee97e3b463b8a5a157fd8219d22be0c58925f5f1c45d416628cc617a476
19a7215c51b929515d9c97fe84b2dd52e69888df7aeccd1d9fa5d92d9bae27d8
4b6ae4b44b900fa930669f43dfeae7ffa8e20384fdb44951e1641ea1288ac1a7
b67a638d1ba3a8bc335d81ff45f5a6753a840d3a1f996d70ad339ee984ca152b
d02897ffa638372282a658e5df775dea2ae575eb2853f556de9c49a27e26529f
246e7477cbb9ec228c41955407b2daf08526328c07ebafb1b0fe4d98797c239c
da8d97381cddde6b62f8ae13c843600c7ed29991b5f3b17ea0d42cb04d40b54c
c2152e3807f83f6cfcdb958dd5f895a4449fb8d9d5e59df42c5e43973e9e8b75
131123a28bc51748e01ab137d6cf8004c321bc0b314af2d3f50f6f2244ba7caa
21de9b36cf521b2253094c4a882a264c0f5f4808e0f13fc517eee994cb3b1d49
710e7559ade9ed7ab2c8871799c7fa63126d8e6fcf45e7bdf0585e4b979b11b4
6ba6d77f64c5db097f141756872ba605729617487b9ac6b35eed3254224d692b
d58ddcce39a2a0e0b14663fa66bbb3de9b1fcbbca278d72f938875baf9a3fcd2
8b56c6b3f00845a90a2d8c76feacb224011ac8785cf199084e24a778c39feb7b
93de0bb0dec7fa9e35f7a2a682cbe9190bfa57bf47029d5b6860115880b7664f
9efa41ceb5951107b4e2a3c64d0c8ce4cfd83451a70035055088860fc26c406b
0c05e68b9b5e1ed61057bd4f6e77ad965421ad4920dc114a4ce56a7adc07afa5
ce8930771c75c2a27ff23f373b51504cd2f18354210375808f82c2fa8430bdd2
9480ca3f46be67f495d20201e18814c063f5d3ba491dad8e0487de605e582b09
a7f6b6ad6f11152d8377580f32d095dd8f3b875b7b471ee796ea581b1e5c488e
6222e09e7b6cee27d8869ceba6db980b062f14f65fb19190a9ff9f8c0212f057
06ae53d09a1e06a786a31144a6c11ed9841f624ae69a420970a7576728fd2cbc
52f90c175c19cace2deb6b2ed9d8002284e1bbd828568eac0b2d346dfeb7f76c
7349d16cf16cfff6358560f1b60336cbb95b1c92c5c90ada7d377d2508daf0c0
84461058c75592a4dd4a3bdcde15b38b892d4093f4cbfb2af8b254e2e9938031
6757f66b04f505c11a57944fff7a1413ae65a216648cb84ddca928ef352df024
---------------------
Fri 10 May 2024 06:30:04 PM CDT - Running experiment round 60
---------------------
Netserver is already running.
Netserver IP: 172.17.0.2
Netperf Image exists
3eaec9dbc75f1e5639d5b7a550ac11597f78e560bd9ca6c90f0ce29f88957492
72a2e0750bcd9498aba6ad4b354c6d1f45a860968aa4984fac33ba04a4abd162
271a4a06550119d1e27daf591fcea96ff163cc579a48f7306cfe90de2faa7ee2
eece64a08ced6209a77ac18fd2f878380b00dc7c42ba8c90852ed54df223c125
cb4d59d2847e166cd30108cdc7d5e6d7fdeafe44579eca2cec3e08248434801f
85391f25d69ac57342ab1efc257302ba694818d995c255f031ba43f6b1ab6484
060507b0fa8bb49e2d1f79c04eb7cf66a6b55a9466816da04b6aad12d2d15f95
d982547d40fa10bb846b2b5c335257c0d49943e48189b4d38f1b7c0e74a46ff6
2e2cc5073fc5cdc2fe27f9c6c98d25163bf373091329bf521dd16442b90b9596
2a0cb90ad3a7dc6b2261988c6cf8f3eaf2fb3e81990db2f29f4afd6a37391211
0d737aef4d509f6a98027de924867d6dc8ebb0cf8231baf7fb45a0646aa3513b
a6a688ce5d6b9d8e5deba47cd8ba8a66bdf4f877c700bd9fd4ee6188fdb226fe
b5472def5aa399c2b243b37b1c42294b69951a69c83418a0e8333ad5cf0c5fdf
a332bcbd45e1064345c530baaf924cbeaba3fb6e2ffac05e48fce9df6c57db19
c220f717770aa83cd26df560222ad63192914976f7e87f036572e64e826e3f24
3ffe5b628b0dce2b84db2763790113d964b02813fa1e606323a51732818dcb35
d5875cf51ded3b1463e13475429118128cda0367e7ff52532193298ecbe65505
9e8ad9e7cf402b61c6d008fd7dccac9e1b6884559024949b8309b9d943042f94
e282ff31854d594f14efdd8c38f704e05a10e0c4feaa2d7230b72c0b40b74331
b544fc0667461c2048fac5fb9a914bba20c840b944deb5c0be1d22207ee67f45
1af7b7f905f2342b46dca88ae47d77e9d47e2ce921470485f2b9f7d3a5e7e149
53e6e5e6330aa469682ba0f4aaeb3f9f9fcefb0dc41b78c1338996c8d87a09c7
920409f60fb43d921256884cfd32e7983b5036d05fce2599a2b177209263331a
e3a9bbcd2c0e07fdf958ed441bb5e1c9c13e09594c84a68e1c9f81db6106b572
2378901ae9d5a4ac66c31cd969fa0980d4b068eacf123a9dcd1caaacdf324961
fa6621c576b04e0305c2ac661562d78c8f419f85add83e7e0bf827cb4514f205
509387425ad129b5c50a69afebfe3e0f10687b84c34ff10aeb890768a837540a
94e772e6a936899767aea4443b50a6ef6e3d88399f61ce059aaf30afa73c1592
23f009e097317da84e7b33c104cbbf8e1b291eaca84a59658c352f98a3c7809c
776f5603345faac5284df91d40e1d412b618aee8d2eba0fdd6e7bd14f3a4dbbd
98c5eabb10764843fed18eb51795353a6718bc0a667cba213680270be739453a
741756fd41118789d739392879b0b93fde3cad238a8665cb6a035a7afc76952e
474dd2fa0815ec2304750dc64b08d5f1dcee3809bee377f7a2d763db0635db2c
9f03a113ccaaa502b4c7f90934c68554260a48ab39ae4370215929a4c9c9798b
03c9654904f5b32fec307c461855347719a1325f9ec1738a75833eeb1764b3a0
b8ef586c9ee793884284489916f881df1d983716d00e341ffa1beec348520fbf
ed96136e2de7ab83c270539b44dee2f8914e319675433020450dd7db02705cdc
2a14165fb75375c0bf2bb524185cd36b40622fe340dd33952180a70214810b23
35445801ce1a85ac132e9231e3f413f6420ad5e48cce09d95cd4953a35025694
90e87ebf42ef6b3dee0d5b72314c32d6a61323160bac43e18fbba0c9f677df6e
fbba770770a20e183a444a05677effb97e56787a973941412f4152a85711dd35
2ad4e603fa35d845856209b82dc0f419484097bd64ce3979d7459d327ef0ff55
c063e8e0c7ded094c09db9f15304b6b39542db2de2ad29ce772f8d8b7d073102
d34ad84d8635f4011046d70344562b4fff3237bfe8da732ccba01447719ae219
4ab3860c4ed691bacde78d5222d7ed95e0516fac2097ff8047a756c91f5a6ccf
08c2dfee7d02b29f8ab9b3a4e8ccdf656cfb4814de744a056439dd26e4c27b67
52ea2227e60b23c3252bdc3035c95c5a55e8477405f8286131da4a3eb38a2eac
47fa3fcd65523c50725d81e493480353349e456f2ae9fa1d656bec11bbba0335
675c385b8f5486ddc928471504d6b4a824b855d3a63ef59ad8c09b18dd9af29f
f3a3d52092e40389e4e0707323a4c67d0e37d6af1ae0c8f3f329f33ee0732299
e179cdd7d3f2b8f06c34bac0431df850923f142f3a5e6b51c98320ea67f93eed
765e93b0c2d6ec986da46eb1e226dcef86f5f21259a0c729a4c0f325d7693e58
7e3e79fc56fe753a2105488d7a3312abb34531b63f30321ba250ac36d7456a63
ed7b12f36648e79e3bfb2b63dba05116b94ada486e6d4c02616f474c2eb56bdd
8688e8e018495505c2ac40ec002377b2c2c0e17b2fff67feedec9f3ab98d2232
41b0ee9637e0ee7e18f6e3a96b086b01760b4b24ad29997acf1596931cf0e128
5eed57dda221935c8ab3df95a6c8d2fe452f76316a7f337c935b8428ec87cb87
7c09746fe88562e3634b7803c32d08731d639e55c6fb19d30c2c5ad4b3b0edb1
9f40c15b0e57d5838699803a2479a38bcb89904b30d2e24c8e723610f9abda63
d0e3bbcd67b38942ca60fb620a539f88f61a0612effbcdf613298752b66bc255
---------------------
Fri 10 May 2024 06:31:39 PM CDT - Running experiment round 80
---------------------
Netserver is already running.
Netserver IP: 172.17.0.2
Netperf Image exists
cdcf0daa4b9c7751c59296068a844fe186fccc8986075e7f5369d615021104d1
47c524941aacbdde0e0421128a262acee919de43d6dcc531fd9b8ba19a9c17f7
0593c73797f3259ef29165967584dba16c4eb8da5e73d8a7891c16e7209e013f
a150cf0ee7f273c581f8ef94c5525adf493f0efca25ea8693ea65bbd44b351d5
2cc0fe3160919f8b6ebd07869d12d468d8c39043616c70eef901f9d21e784bf8
11a8574b97ee7d94c8c6364d2f49224fbc3358de353b418e8a6e98e2e7f0fcad
717856db51a1a78c8bf616bfd051a8b3bbd0be0f6e3b04b0dbba275ad0050dac
9cf98a3f90ed1b9583902a6f92ab6efc7d1d1f0d4211db7a7ba2bed9b5536e7e
9cc819f91bcd9be9b1c5f7af2d2769ed0659b1ca23555d2f94bf42312e49c6e9
0875e8aeab7c52f57366b2459a5aab7d42db46670f482a347df6a3fb86ebc4f7
f7aa6031db8c00e25091df19e562e2aa9cfc9fbd1fe2ae27309ef2b0595c70d6
71702d229525662988bd3571ca3664a9e6d9d686579b6941dd4f133ab98088a5
5d2d59de9e1c8cfbff7e00c47088a1b141a5373c2b796d2561ea43c58a852d7c
ef05768b0810018e0320cb76b29e5f18609dfafba2ed95028d0298fa616a9eb2
330ad93ab31e66ddc4e9ccbd7dc833106f1828afddaef2991a196a0ab3e0fcc6
fa1ceaca2ae675b0d8a9c6c4d4d8aa81fe283e783233ac024149469ba5d86feb
c8bc58c1af249fd8ec31b169b4f53bc385d39a53c8611bfb5ee2a8c282197e55
922c1edee563328e1ec9ee6adf9d1fee76dc361c793cbfb8c1d97334110b1899
35f2c5f7a7306f3b57f3b0583709554113ad36e545dd3e06ca66e23bd565ec37
029a8c1e24fcd2f9f87935b0c190968dd89f54473482f6653b42c518883b3542
562636f0ac77ad7d65eb9afe2d138a079f0b95ad0269883c86993d9509151f0f
4c04dc04a984cacc842cd7f15942db030e49bb4aaf99207c3e7ca45e3a5b4a87
392584562bb36f50395dec898f0f92aaa5ceb4e78091376b2eb479d249183612
1547bba5566ec6aa006dc560c83278838e1eca08bb22dd3096eb12beac33ec49
62324afb6c872bb05da9ac5edd7e913ca435160383f84b8d687246bb76aca897
61132ec004b77736408d9f3ef32d95ac49219b239c20e3071f7e8f365c89f4ea
835fc2894ffd542b7cc9bf832acd046ea2833c66d018712e59d786719b04a420
3aa88fa7ea0ac43254955c3126a703dfff3dc4d2aba0ab20440d7cddfd0634b5
6e01b6889cd46f65236f16565276b5a4e612dab9a06290e7e07ef9f9ad9283a3
34d191f0f7aa1658e1967c2a085c6fba9c41e577acba7d9df5db9055c9ea5637
785b70b8ea6c060e2c87aa9dc4322686c75e3ecc3651c262c94d805eec7b3c95
bc0f6c829529cff21dbcea1d99f1abe22c439ededd5be0c3bf7df94ad5d9ac22
b00da4e5c6f48ab8f16a87d2d8f1f6071710801271f85384f3d3eeb010ee5ccd
d87ad4ff6c176c86c62ca4bfca07835ecc46af23f8a5c900c113a0af039560e4
0c2049d5c4ebf1f0891b98dd519834cf40d56be7fd96f2545c9277432706daf0
19664e0d917eea87c8ec44f957d8507599a14d13eae0b2a89226ac2aaf8e70b1
bec2bd7202103c9a16e2618cbaf595eccaa2859afdebbf75894eaf68fb2d3bd1
dd5d56010da03c709cede9c50b7614a7de2f7d5ebe5fd672e757df5ff02e0e55
17966993a7c66d4c3186f51b5b9de146cfe6daacfc20ba562cce9d4a07fa47f5
51a91a5fe23c7719d151f9c6cde0f2ab24df60805f3afb7de052d77fc867d636
856c9135e775fa53f947ab746d59178d916f8ead2c6d94051d6de791b51a68a8
8ee4870e2b7d49a85a623aab62859c63f95e38d74ccfc8c5badf6b46f773ab4d
dc90795e7fdbbcfe7f089c31c963022e00b2876a3e5e853d6dfd7589e1bf9445
22b7a5c58938f59e93e0c7ace4b25e1c686acac04cc994c87e12224b00ee0f3c
55677c6b1a24b89fa1cd878ad7d5f94a187ea5b3f8636f0a65bf6ffff99750d7
40a7d0c56cd2466a91c633104444f7c56d356fc2af05d5afb73f47007557a5dc
5bc6fb586e62ca20027b1f27fd669b887ad73a29dfe382648acab0d36745c437
a7bcca5f99be37d23d06845ebede54377203fcd292cab31855203cbd494801ea
f8e5f3c8ccfa7a1ed92a20d9a684fac3059794d2dc0d676b50ee96814365b52b
b85c39bb58c5ac8d7a8a1d5304e6f3af7c2b567d26fb8106934e6e47fcb5a948
53adf5d54f0236e2c0a0f36d1c8b7a7d274d64cbc0aaa153d2d3d23555f279d7
20a61e3f5e867383c94c37bfd19d13f10a35f0de74dd58eaede1380b23de3c03
8147522e687ee5a1dcb13a852ffb8ecc005a4befe7716371c6760f9bab66cf14
3caec7850adc03762cfb7dcc16f27af64260c76ee0978e15b9e965e821a4647f
ef05259b18c75abd86f463017419f81d21cad9441e45dc12e942987f0b3a5ce2
666c77ff3e7d002ab72824503460697b0265572e6b9887662fba4fe1edb2c7ca
a90c85978543b7aeff0b4b1e81c9e51f490065bbf77d3493c1dd622871d29b9c
4b7ced9a68bbe2d2bca4ffc24341ffe4ea2c7da91e0ffec00e3894702fcb1929
c33999490c51087b57d8ae156332f7aacb1f0024918c7ce50415bf5d4fb54d01
e3106a61641536b6ba6a6a2f5de4264e7912051179ea0fad407d58a147fdb1c6
64a0140e4bd0b88daed8aea53e8077b26638fa454c6d73706048311870cdb885
4d0431f49fc71a7617c80daf274a23a1d4b48591b1bd83e6f0939f7e10a74354
658ff373c8d0860bd78d66218a4d4e793450820d5fc220a00999b1d1c11e9b04
6bc0a9838ec413fc2df50d072288434d855665c87be940e602746c89ad7ed666
5e5154680cea0a59de0e70d59f8abf06dad97266ea512711ce482c26b368cfa1
e900ceee4889a05d1801a028b9bb723ef0da88fb63ab185f9e710145dab4af86
42f7efb98c819ae3e561547d75b0a7bdec1b1e509fa8b0162e9a9b08b91207a4
77fd54cdb3e3b3294ec97a4ce750c90ba15ce5f3cc80146587edc7d5190d23a7
936e5d6bf20bcffdb945e683079f25cca747f53c6329b263a9ae5182273a78cd
d6e84ec42f375c71f55e14610a9fd48b414ea90f1f6f4c719ccfd3b312801ea6
4b9c01bea107f27c6f3140006b52c3f14646f0209f4ed83b47f090c056f0cb3c
099b1c9e76afdf76233d84fe98ac75e40b7a5740817cdf1ce1eb18adb5effcee
3104c9941edcd3dedf8b44a22f4cb102bfcf1d472b79aebd3fbc5378217f230f
0ad895ebf9870a5f667217ea26c6d70b434c1318207c4b4cdd88346f4032f853
6a62970538f674b81c972c6c40bad4235e42ce7e94bde6a39141142ce467a6c2
9367feb5967a5fde403105f62ed27e34bc855970c2c48965ee53dff46d1ed5a0
e8906407ed44617413e281fbd68f14183e8211698cdb0cfbab5952f5f3e58b8e
e2dd76656e0456362dd101cfea9e266ddcf1ed3b466925a7c9b71f473ff32a08
bb7884a41522dadabe15c76c027183482c3048eac7ed7f4c1e5d08a5d57f77b2
747307cc017983f08cfaa503560b8a9891aa6ce377e0811dfb4f70894a5f901e
