---------------------
Fri May 10 06:26:29 PM CDT 2024 - Running experiment round 20
---------------------
Netserver is already running.
Netserver IP: 172.17.0.2
Netperf Image exists
f2f5076aa053b798ec72af2cf51aa5dbb522991586ef9555213fd4f8459b2bcd
bd77ee19095e0a40e403206a99d634cc3ad37495d680d69ee447295b044a76d0
13262a84737a6b7eaa7a83c591a5fe03884281acbf738930399d4ac9001d3217
8b9148375b275c7a6ea4336d78c91df6d16a7fefdb308e8d55000bdd06c380f7
3bbcd561fd5ca68354f571fab8db611499d397854996da16223bed4857d0e891
f6b21e2caf2383218d215199411e7abb4a2ec64368c887e618d03f640f3c7f93
5ae3f97401d7b02f10c3920291c391952aca2bb8fa3e0a7989712b26c3e7d536
79842ce4552b204d702bab76da2fc9a09aa7338b7ecdb284220f188cfcc00639
a234b215b0d358e0056e3acea0dccf60a0b133731b0003c51067dc9f12851c1c
e949fa934e6da02805bae5de1056b1ac629109a8cc0408c56825200598f61bfc
334b0095c4d4aab198f0910eab392b3c728e7d1773f73b48d715db532ae868b7
c9c9827a5dbb77999dd2ce0af2a192e6b2b0669ce760b77f724742d2767a014d
28b355e5b5933f0d524c408959b24a180430ced62b31453744135c1fa622d5d4
74921623bab348d86a057aa0e564b6092a0c6b9b842e44b05bc89104f4c62fdf
29868c957673de85f85dae934f5d3931b4bf8e07fe529cee0c64e98a33ce7bd1
ec7fb0e89a1b11209f5f5db67defa54b758f41a0ddbe1e0887db720d21c6c956
d6dd59bcf123e0382b634f0ad5011cf8b65bf7b568d6506f3f1078bf3b73924b
b0e4c6d8dfd3ed2d9b01401206321bdb900b53d771282c8a81bdaf06dfff8527
ae8ad35d3e6e747cfd7958644c408ee894eb6683453affd2da6f03be45264cdc
739f46c7522eace7e301a69a373021c90488162985c13011965674bfa444bde3
---------------------
Fri May 10 06:27:51 PM CDT 2024 - Running experiment round 40
---------------------
Netserver is already running.
Netserver IP: 172.17.0.2
Netperf Image exists
f3356e3f077ba98db442c4b01b5c2065c3ff19265e669d2d00f9b9f0b47d22f9
203df8304e9517753cc825b85705e31a75e765620f245f3c512e232deab4febe
ea07c4f65b40807e67fd081c8254a8a8df01cacd3fcf14325346f48fbe7335f8
61b73e0ff1f657301634a2248d6fb16995d2fddc2bcb5d914ea496fce482d685
3fa470e16f03502cb8a3a5a8c9e8de47a53abdff68f4f2398e8806931abef10e
f8e1cf99186d3aa56f4c117da167fd1591c6b5906da05d01ac927929c93ef8c6
97831e5aec0b6e8068ab8f5857e67d40c0cb671f03984342d5e9367b4f7e268b
2c9a8928aefd03dc2de752c35cc93801ded4114dc46c5a54f5a4d78020ef5175
3f0f997d41753a3c4eb8b6f310c7502723c0c61199083c50504b1e7a05956100
54ad88ac15a3bcb0d3327cc05e0906ceef5c15a83cc67aa858d972c60de08594
9ede13d1fff37acf2fa14244dfdac3002cea699ca42719b47e10c1ebd99cc8e4
1466ec7da571be1d4ef7f0d7f32eebc09365070d5286371d28d3f9bdb9974ca1
5c2db61048bb2b42188da0c204f53ebc8b26694deaaadc8369da88192af5e093
dad970ad78916645d65dd96909b5866d9315ea560268b0796274080366ec2361
4d4a0ebc8904f123f74aad6e18ea75e1227736973b21eafa35e3c4469f4a424a
015bd1c4ddd6985f869f374a528fde83d2251f99bfb133e2886400bf72907789
9e9bb116138b08119e1fbf9abd127ed130df3f5ae7ad324a531ad576dd773b61
3dc74c6b0acd6f5242b3deb2b6bc8000fd1d2df247419c046c7ecd9135380001
0b10fe25af670f7dc6f59f7c0487b23e0f3b4253619478806d5d7bc4012cb7f2
de5c8b8608c47df8b14e1e9acc46bb60859620a169fe26239bde6f3288234468
63015433ce09d8a1a655ac59ebdfa9cea459d929e601ec5e41c3ff3f37491056
afdd0c84cb80bc81adab487bec36141e77f26315717e93c55cd9a908a147b668
db40617375b34a6eb2c8441dea82883605c24ebe17d4a38e5f0189c34ed178c8
297a8121fe52c7e7ba196d3cdd5235cf453b906d0ef6d035a3751961eb1a5d99
6300d447423c1e3b88bde84884a61700336261d7843cc2aaf748903c92d53fd0
7b1dadea3c19f8f53b8308708e726404153c405f7cc44f23459e88c62467251e
5b95e76e725f3eddfcbb8ce574a0c170111284d1097440770f08fa9e3b498089
2092bb403fc0aefa1d869404c72ab03dc2fc13c3d0e8ec00c040f6cbdaa9e269
90e6130878cd8597b2b1c6941d80a86a1c0ea496f8104b620c4f32d7cbf7dbd4
0d15443972378949d11f36b9d8a4cb000e6ee98b7e3b69e3abdba14111bc3673
094cee0a58d4d89488f87c5c694d25085dde7bec916b14bd56dad276b129f6cf
fe4ec563b5ce7052c1ba4c9ee47764c3d4bc833aff4a0ca13a60bb165a12ee3a
8b26d687d49d7023f35e0dea88276387347a8eb7b5a40c87f9fb5e25dca094e0
5c8dc6e394b19a95528b40b910f9b19a73eeb771ea1f27b60cebc35b143beff8
dcc101301a892874dc8c588a0c603b66ec95431c3ca59edcf6dfb41f4b43404f
0b3ff063a796169b6fea00c4df08c1e289a8e67740c14afdca4c85f39b7a5aee
bd0b3682d5fc49a6cbaf607ca8f765c4c17e06e7c4acd470ad7528c92ea70e5f
c40a997bb662567edcac9957fa6091041651d72d4a5dea7a3c6cf23f5c1faf9e
9f2594a44783281e8db7b0feab654d1c7cb53446dcdc010d2c4cdc122a06251a
d50c7a9d5caa1dcfd5f53ae2abb0d546b7421822b0474bf32e384fcb21da1f67
---------------------
Fri May 10 06:29:23 PM CDT 2024 - Running experiment round 60
---------------------
Netserver is already running.
Netserver IP: 172.17.0.2
Netperf Image exists
8f951fd73fb9527ea2986219b2574b3e64dfb39e01be21626c004f9084a2c9ea
57929150ec40ca2726e706b88fc69c79444e689efb63ff58484b69f36c43f09d
045e771ec2246b8dcf4646ef35bf4c04e1bd0dd40862043e09d6ae78b1bcd588
0428f4630db916a3a96dbc49047eb9b6c5556aaa23031afd84e21238fd68fd1d
678b7f44eca84ed601e4b9cacaf969074e954d8f96e8a096fe814b6a8d493ef2
f7bfa47e8b525a48ea9dfd3aab2249699e1baf107ee7e3e6147465ae73a8eea0
ec1ac2f1e19e531a2ae675544c3a5842911a2d496b5a43c8c259a1ca873a4431
867fdcd54d6b357102ed0070cc0ec63e75e2829c9a6b24480d9e8609ce06a52c
301db59823123da8eb35010d943bccd4543432d717aa10cce839331b3f2cb898
a0d64557eb85353c1647461926b36daad9d3378c5bcc7fd3e5d8b93f43a9aaf9
efbeea8fe648b391ab1cf00f45e36232abfe60dab868653c1446ef9a98ce3d35
5d9ffee74bb456400718e9f5827b500ac0ffc98cad18a0404d82b63d1a073dda
02ac780ab491063ff116b2e8898d82c30dbbf5da2317b6c1c51cfafd9f92f8e1
e3542afba9b9f7dca5c7b2a0f61dffd1fb524f9fa431c83eff29ede40e598773
378c84cf9e6f31f0cb27b7345e8871af68ee72af53de53ec9087e17887f5fa6d
8a92e593c923dfd5a0b0635d75b5c48f1f4d6be06132700bb08ce8b1870b54f8
581d47cdfafe285aad4b0da0c2dbc20d217a79907810642ba17df1c4fb44b232
f455b22057768a07ede1a180d87f58c6811933477a05fe4eafbb277c96dc879f
431e6dfd01d5ec96a5254d6ae29dbc97e2f92547cae4f7dd187c66129a0d8382
76db9c4a6b65d9f6fda95b7e614fd6d5365edd90e8a7454a6b686835084b79c5
7426fa47adf787b2ec43bbd97031aaeabd0e232d3476baf9ca65a347fc0607fd
54f526caec6c4938a934a07a4381c8a86f702dfb91dc4cca626c933a76f01609
eaf77e3532fa28e2b1a0c5dd29b541b1621cce241b07270eb43b8a334b39e506
5643bc48e8d316b04f7a67f71badbc24231f43bc42cbfc1b3067548d873d5224
c1db0617bdd40741d2f2e5b8b127b45f7e4e1a53855bb21c70c15c34c15cbd8f
58dd8204ba6a28b0d7c585ffda6d368446ef39d300a96e77961c2b6a2241721f
c027197e9ab5ca09f0ac21bdc1260e13a24fe7fea5e184f07cb1d3859b6a95e7
496e662d9a7baae7224f624d78b2b3a6d10af5cd1be3350b59aea761a9f15b4c
e9eb8b766de3e881236dec91ce0fad7ea052fa7969c43beb6bf5934a8734bf3c
17fe80078787ac76887dc8138482855354a41089a4d4e039645bf846eb7e7d6d
ac85e236ead8ed78f807c91be0877720fb8001a9274e13f261f7564cf3d30aae
518af43eb4454444c40b34ab3b7a4834c4632598a82eb5a31751af42826fc1b0
2fbd2ea161dc693c1f4e3d6ce74118922c4a77585b2403050aacce0598f59029
f9f37d84c3492d2213ddd6fd4b24367ca9e535844747762a774f7b410b8e69b3
e5ad9fc82ebf47549b7ee37d26513c2931352e6dd8329d5b6da4fa34ff26be94
ae585f7375c30275c7419af2e847729915149cf85da992e1c7b5435c01dd6d41
09ebc9f2e0dd99f014331523b0773ce27811bc3da50ad73cd2cab17dd028b03b
1bb47784f79280a7aa9323158f31be90e4daaf99b1aaf2c8737d107cdbd93436
9389b080e72ec4d02b2e8930aa598bb8d64ea30a853560757638c7213453262f
143c0f8db4ec5e3a3bd7d304c7c315ce6880cad99afca37f43b9514b4a67a0f5
edfd71e71522e55e4356f4a132e4fcdc3c44ecd11a5599c22f0b17b5c95483a0
f7ae1c3ff483650c5398e7f2415bdd795f1ad0c2c7d34fdff3c170d231cabf23
27d8cd16799cc395b624a1e71b54e69523fdd0d2f63fb82fd398829bf3ffb335
55e8e1429bd9d36f80127b624283084250614c6687419b033d7cd83d6b6f658b
6247962f97e1576ebb879fd0b729ab82651a0567cbbd16cf08f322c161ce118a
ef206282a595f6279c11faafc6749504a0ad58b2c9f920014afd18041e9f4f09
08b307814c3a8316e9a591a124cbeeeced0587c2f4986e6023ac133ab72aeaf2
692fd8397d77be545a4cbbaeb53d1db296fda8ee1a52ee427ccd2635428be5a4
4fcd21b21e568fe1b90799a542d942abf52917d35363cc53791d5d1e24fe7af6
e54ea8d35e2df6ce77fca841ecb30d9a67b8dd073df9fd91904571dcada52333
b97a2715a6067f8149f64564e8924a0e00bb5ef78df13de641a731253bf8afa2
582e3341bcca1e7c679dc318a24ef497ceba0cb4efe74e3a285f74631e996dfd
62016072fdd976d2874b79f0eaf265ae5a4997980fff9cde1e77028a8554d7a4
e40cef9a7c3b5641fc03b8cc294a74377bd93f2701ca3ccda35c5a222087e78b
411890ff02e87dc5845e5bf7d4f55fadb95b0e158cc9881b9460df645a2f9ac9
0bc72962c3f31b0d81881f38a1703ce2ecd3e764f5f3d19bf4a1e51af3adea9b
7987df415604f4bf187451d0e3343c30e15278be7d8a93bed9a5eae50f6a789f
1c7340b3c883b5155b64830946375536ad10659eb3fd6cd374a011cd269d2e92
a31d559bc21742ed7e11dc7372b3aa13aabe9e596ce00fc6688d57f9db423939
e5c4165d09adfe5cf13fabd47ddeb68ad649fd074e66c7d00ca30350d233e06b
---------------------
Fri May 10 06:30:56 PM CDT 2024 - Running experiment round 80
---------------------
Netserver is already running.
Netserver IP: 172.17.0.2
Netperf Image exists
4c01c88c4d3d4fd339eb6c50a27e8a26d1c496eff65963f9c8bba1b85da18706
4cf3d8a7c3069696516a36a6faee9418c2c02859746cbe545877f8579fc3debc
e8d65152ed78e371193002c59cf7fd9589a2b4c9ffe59d5ad04ae3d5cc5faf42
ff72da5633081356c6511e181c5918041a75497765e56c03acbb7790f6fbba23
3cfd6a7ec8bca2a1b3b17f8f395c00c15366b1f6912a18a5d1b695853d96d617
dce24b551a7ef4d079309f4b3dc701633585a8b61e831e9083190c154ffb412a
72dae9230c22533fddc15e3192f65b131e98696cbbb559a8a2c951aafefb821e
98f5468fbc8de01841a2d642fab0d95f1473b0984848aacf989ce77d8122f610
aebe6587ce08f1a079832185bcbd3409802fb07756b5146cc710a36734436077
8a5fe3fab8b53818e1432016834741de3958b4d6515314b911ff090c33ed6182
f72a9e7339389c3e6b5e05b1d68693b47cd7e50c87b67b4196cf924bdcdbc4ca
708997155a1e6dbc42a58b1c1da2eb2c985627fc338ecb463563bcac5c7cf553
5069214cd8b1f6b8562fb3de4241674f0dc15ca4cfd943714d7c3cddf16efb59
dcf7a225647d6d560b51ba085c6c4aca2b5fbbd698a0f9f0ba999e6f3fc38427
1f33e82ec37e6c47781c9326dcba5e6dbe835e324ea5e4c6f5700dade428b71a
43d65277a686daa82c57a8367136824f68c0f93f6615addede90b204988db5ea
7106036733f3f25e294a5895c4039fda1407a8b8b958a21e4d0ef1faa77c9ba6
dd86574393b3b4257232da067f30c1c5ae49526776869d2a5835efb80b658f7d
d1ca288232b35389466ca20f86e2430a800639accdee060bcc96124a9e8bf037
f9b8f809849f9ae48518776f684d2535ad0fe5f25de1ad09e31567cb8da6cd3a
a42a43e6042d867cb0be01f394cc86e3209d1c72f5b16f65a24bc68fe143ad40
cfb92f152bea8b74caf3bb839131ec2807482ba1665fbfa9a9dd13aa8c6356e5
68e1f4c93cfd431af366816e1cb3f0069d385e0182fcbf3aa66ca4149ed93928
b93b121ccc59e49cf213729c4709e56965164707824f4c8840fd528cf6528960
75cd35d53d22557e3654bfcdb4177011197b1ba9355b2b535ecceac08963729f
54673d01340f172901afaf820cf7197f95c1663eb07d50c6fc37e2d3eb79cd2f
52ac5ab30b4906c0658e5a38ad58f56bc567c0314286ca326e8b1044ee8ee98c
a00c37056bb43144a588492f24b42b3006783416158bbeb82c7a269b6246d9ce
ce5dc0c775f7f6cb200bf8556162fbcb1a98efb1789fdbc51d56947e4224bdb7
943246a445c08c14124e32c23463992c74ea6e7b025f6845f1aba6a92362d116
e7abb1ccc26f6703758df6d3d85715e81f27df39ad5cc86c593c16058017f5e0
fd894ce6d0bb78c16540ae7b7ac0187ba23a2e705a313084663095df56977ec9
ee5657f5b0589bc8c28dd8085b12e7834e9bf77094e2ea0fe37738894ca4a3d5
fc577425bea966a44af940174aa01c656a60071005ba780f2bf1d0ac53a17c4b
62ead0026c10b7ca75f82c1dfe7a7e53ca67ea70b62296a9f9a8a2ad9a8e9c6d
513e5a6a3d79784cbe59ffb5a50ce1c803c22c185c82c106a1b316a415761820
3276dff9724fadfd45d23be250d84fc10b58a8c614d5130a80219769a22b8f49
22eec6f741fe01ed5541528a44ade31be9519bdeade92585a7cd9f9bc2ff579e
16d7c4b637cd93a9a2bf151e388eab8096934ac0a0b4b8ce440007ed665d7755
bc5843a6e59649f0a956e67949354765cb0b7476f08a863d45d5c3e78d4c35d0
32b16d159c1fd1c4487fdcfeade035c67d3ae4741ddc24d869bd7a25e67e863d
840fa167efe13d93027fdc074ca392bd11d697f6c174bafdaa0cd643fa084632
834581f025d7df2305ca6214a585ce336774f03deb2b56c15374c324b9bd4d49
040dd0c19b7b0dd605c9b9e8bf97437afff3e835ecfca9306c776a8008bf79c2
5efc066fe18f729b145af24e72115fb4573af2275ff921b8883d0d30bcc1eb6c
b47d3468db67744a4653cda83a9ab3f475b554e4d6a6ad3758ec021ed9bac380
53efd72e1eb242216326a40f4c606dea277b6b3b5a22bb234d82314a9ccf4f20
7ea8561831a6e777956eb7457f9e0fd35573734d928ca0037e102e82fe5dd117
6c056087de88d3be978ce40358df426968b158b2e9b7c7a1b4eaca588472e175
c2d6611067d97d3600ba0fc6600a501ce1b50749405743dcfb794648594d32ce
9d6863b5aa058baeadc204241ae28ca77fa709c09ee718def2948c97cbccf3b2
13ffa491fc1913b964490235a5d3bb4bba00b0f198a98da4f95e086fd68aca28
e67134c8483680772e13eac51752cc6954390dcdfe4fb2aadaf102f878dd2f56
69ca75488b44ea98d1911820d140ebdf4a5d4e2cb583e8640f28116b112f8ffd
594ec7c33bfc83c1678f61d42297492f1022ad8a84451160c570d54c070fdb33
8dab06aeebd5e695785de6d62a8d13ea00f0516c654e66892618c9364c4fc41a
4d2077794b903de0115e6613b8f046e17c0f4c9acb1487fd13755ec438e3fff8
5ff33feee1e8f2b5e7a1e9c025e6f3ce5afe9883e3f08884b6ca9d9f7663fd21
84fa61c4532f89dda38f18130dd8eb17f8be61183d4116d99aebeaf7e8b795f3
054c34ddeb5a529f0e52660b1bf7e010d5565a7520437e777d753b3c67703ed9
c3d562ce1ae6ce3e940d71daec6b760d135ebddca222725fbd8d48fbdd7c3e83
721eca7641c8507612fac892a9c159c7f822331b1ed8d585c4938df85e7a608f
59e09555f1642833cf9d2e08ff3b83617bedfa4c150992a3c690110160f0d4df
bba8bc36b6e9f9ca8ef10e1c1485e4b09cc22e4769fa69fc1e01f1d3bafcb15b
6106c3a23154b9177c11410522d9155544bec5f1f3eb35d19e077e02ebd75145
335b23687124904b4caf0433aba460abcd9bc12828563483078fe7cd4b3ff640
dbbfb7692706d8c7c565316220bc19da754dbc89819b70ef16191421278e4011
f3b5fa4937dfc34f046d09028896f46f548542e2a56060ce0935bbd3f2985ab4
140c8097ba83e3786085e677d9a2eecda54a2ec95efdd274704b216482aa7423
ca2368ef0a6f8a6da5e8300149e4f9400f47547f1472663dc200a4708901bb80
fa166a152be6eff4a0b78fa3312570f24add7c11db11353f016d96d62b48482e
66133a3d123ebc8e488f0c4ce1894713a367d900e33eca48033a3b35770799c8
f29395ef03fe4190e6f997052906d5d11479610a493fc19e46c43ab844728a08
9525602ab84dd4eceb24e1517634c5a8f5e48fb5e2d86415730ea718138f32e6
6e9cb1ab6bd81b6714225c9944f1a03a0c2c7075b4499bb70765d5af6cdcf936
eacff8890ccd145b9c3ae2f39b194299e1784e1e7a8fac293ab172b954666950
1eccabfa683b96329db806c77462aa24b2433a83b4210f7557b43375a444472f
4ec640d82a45d74eef54d2006cb6c06572515a3a24ce8b24d56a563e080981d3
ec3dbb19a18cde1fdb2cf0fda63ff8749c58e5c52769eb200e0deacc8a6803c4
68eb9231c238c3394bfa30223673209e1a2900809384d5f85dcd4dbf0cfd124e
