---------------------
Fri May 10 06:44:48 PM CDT 2024 - Running experiment round 20
---------------------
Netserver is already running.
Netserver IP: 172.17.0.2
Netperf Image exists
a03279217cfa1796683f348966009886897177eca3fbdaa344a3bea2e0ddc033
c681d32bbdbc3cf5445687ca85f31fdf5cf69e8c1c69ef94b6ad6c33c85bee87
4a73f4c3164273e029b2e1dfc849e359bf8d53ae7d7bc904e4450b9b8ad0027c
81a1f5a8918d49ab623a6ff549f1d8e3775c874296b6db1273703cd1dbeb2c6d
860cf70753ca45f051b148ac10a383b872f6b2716a99226ac8e1ef87bc5fae86
aed8495cf91e4b2bf945b45054523581f662456a73d90419688e1bf9a90710fc
e1a3a27a3dc5dda4afb555b4b27f03b404a73ca3eb8bf3152a90a9761f3e0458
093024ed63cbc00601813cfbbb0a9fe4c898b2b6112961f665a0098246129f42
ff95a9f6fbe8fc3de6ee7a3858c4bfb4f36e7b81826bea9ebf3b0a097fee2588
dc5b8e1da753ca4e237c6b42887196374f1fd4e697da094bac204fba258b37dc
bed75bb415b86a2a72b8a5c2eacf6b8662b22c84871ebf6ae00cae92839a06a8
1a1a665e2a4c46135ecf3829ecfe5dcb3d44681780f4ee10f258137aef4d2c41
fce37f76f8b7017e8d5ed533899637ff2edf67c5c2198c8559c166b138bb156a
c5b4e2b9fddbabd056ca3e32ba1dd15a483fb93b78179285cc4453e8970202b8
9cfc620c70ccfa468ba3002cdc50fcde2dd4f43bee4a0cbb04e2a92dbe019c1d
a2fff00f2a87169a817575dba48f9fc61ffe9572ec9772f3115e031ddec4d3b8
fa48d9b3b8a014ae7b3b5a9eae40d21686c1f37f23df8af29fd2927b992bb944
27aa153112f850775951858880cd990b3ebd656aedda4b64af688b8ee5e25270
5e986fd51ca5f87112b948b1ab600f46fc355c567d8e56dd0066dc9cc6da9815
e6dee398c6672ecf83466d4862f40217697487446632f7f1217daeda49bdda63
---------------------
Fri May 10 06:46:10 PM CDT 2024 - Running experiment round 40
---------------------
Netserver is already running.
Netserver IP: 172.17.0.2
Netperf Image exists
b9b73e8cd6175d027860de9c9f1d3cc4e52790b723e9463ea569863d92a56186
f5b4571fdb9c6a95f34b30d98ef9d1e45d89d076cbb1458e5105f0fbc537fc97
49bb36eab12f487d24511f65793cb02cf14fbe60082bf920ad5d3f7c6ab0ebc0
c97f147d0a34dd328096b373f5d0d3dd5a1d1b2879910725f4a3dd5d98fe97a1
d9b2b02a9fdffe0f22faa4aa97a15743f55cec9728ed4c3cb7e5ca7af1f32d19
d1a849b7dc7e0bea3088c4382b2e4d03a054b528b2b26fef700cd06cda0c44f7
83995b260e62eed09a29cc25638fb1d49dbcd49cfcb0da9ef82de35ad0019273
c21c6557fcc2665b8f979b92a0d065ed54f9b0df38cbe868515c060e8da43e14
1106301c5763d199cf4708858fcac104ececc80146384e126185e71465162e8b
eb46bec5e10ca58dfe88fafbb43b2360fe07ab1ba0c80a4983e0d9277db27ee0
6eff5e3fd6023fcfb0d28abdba736b7fa1ba3dcdc136bac2174eebbb3f2ba1c2
d376dcb9e5ccd98bab2bcf2cfcba739faa1f5e6c88ddf42364c28dc65408cf01
fb016fd3b7e33eb974d0cbce9566e095fba294b985415e67972ac586484d0f5c
11e5ecb0970edbe021b1de7e2e483f4caaa85386276584a4291d50e6ee90cc1c
cf048593ebf196c9c38a7274f7a4f296d00ee5dda889a1cbd5d2aee8981df585
87836fce7fc5ff7cdf3289e2239ded9b185bd98ca5156bdb765476b63eb297bc
bc82f96fbe9ba3f1e99121e9af1e37d1de72dd748e0b69a3f700f8e69cfbfa50
868ca7a32bae8a134a4bb42fef92ea05cbb7d64c7614b97d029942b5cb2a7e59
da2963e4c334890146bbcb8e01eab34327b86e3fd912586c8c90dd4ef116b062
8fc404eb652fad8174a2fd44b946c7a44b981da8ab8c59143b337b2654d7d751
3f3d2dd0cd3a4ae76f3b67f1f9e18470940b843c2e2a1053992d89cbdf30d9a6
d230b15cb0682bdf269034266b725c9a86608935c80233422e82bbc21fb60a30
a833d30f5013b116290c80d9e81178f6d307d355209cf3640a89bbcbe8498657
f292fddc2f95b7c7a934320614c2628a622a969dcf5d3ff52c140ae4034ceb83
ad893c4bd11a89817d9c744b00214cc3c1cfbd91353c728515838cb3b4425fa1
6b6b4daf6f75b7a9bedb99f2a2803d7c4cfdd708756fbfb9ec1b65e732597259
5bfe186eda8845f014e66abb2baae71de3c5c6c48aa69f66c74a74521ad60167
53a38b45585b9e39ca8f2a160c3b6abf829571c8b9889721de67e203e62e3857
54e3f29d82e04baa475206c960ba31659e7077ca9b62a8d31b95b218cd9a7b0d
7db63e620f0524d5bbdd7cb4cef6fbdaeaeea21fbcd941281214119a61dbd853
998169894d833b3e27b0d6d21bddca899461eac8ec42dae18134de8d99173704
a8b86acf47127df3a4fc6ab374e921d4a956ed1f864b5cf1de6f40c208d01fd0
123233b1c70feee8b7cbfea78c8c9df66243056eebbdde935724178f4818424c
1832a22d2394f2679ff8bd8d99aad0909324cf57025eea8962371168e181bed3
bc7b09b624530374cef24f632dcf1c0ea4e1d1a4d63b999f22364882aa797095
d9828e7beb664b82cd14c2ea2f3299b17a3f8607609c587a237a28e2723f59a8
bc47f60c799bf970e83670508a3d6ed31163d356f4dd52f9ccc44b6ee9651aa3
568f4d32c9d6137f3b0d442d504be6a1055689b7fe73ce23e52f2466162c4b78
cd24bfad3a2810fdd6dbe833b9ee36f7ab18cc5f54d724fa7a0ca9c00aa5663b
c92d738d661d7d587b0cb05aab0d3366d7c633a23b82b136aef8801c36a0658c
---------------------
Fri May 10 06:47:43 PM CDT 2024 - Running experiment round 60
---------------------
Netserver is already running.
Netserver IP: 172.17.0.2
Netperf Image exists
ec73af418a2acc8b0dc70b214cb5faf08781ba0524ef5cf65b93d61a59e7e6e1
09078b96d476ed6accceade294f7db4405d45668b67153c26a17a0fee6b5ceb9
dceb2a59b94142c79f74e190cc65fd5b31006016f2b3ab7805a6f42e7c0b1ca2
d426549abaaa2106a4da2dc109897a2f668b816f90f9088c99b23685329bf46f
a4658b7090120537c1745a04e0505d0fcc97d76275cb2ca0a5164b0faf621614
d377799128ff38c79d4f80b7a7ac5a25d5267b3647d29d9e9ca50dc5f4c1226f
028135f3bb6ff58e3ba48b2e1888fd9ae5e0fbc8519c50936dbcf80156c0e621
f7febf14f03bcdb6db81242ad7a5f5ff11d51bff86e277209eec4ff99651ae5b
682daa3a4f71c0d0355b7570bc99d4ecc94c2ca544ca4f6feeba59b94ae49091
f40aff068e68b7100d00fa1ad0aba3e2458e3171716906287a900051a2201979
3c86de3a0b97ead66c40a6a9b8b181a02ae9759f2c8e131d0c4808c29bf2c43b
24b1f9e43dd3b2453a9f1f51b04ecf3c90470ddc12be8497b09a16dfca3646ed
bb8b9ffd9a3f3b1118b76ccc50505e2546a53bafd8a0a395bf77427ba0b5cf32
136eb094472cb15eddfe4501e249831e7155d214acdd550e8a6a1683fa4605b6
76c041e76ba4d8659998198a7e38ca94c6e078da3721d8b4554a1b342fb13284
c85182d0686dd324602386bcad7e9e049c7b7f57e436cdebcd9361415d9060c7
60e79741306c9dbbd7dd83357d3fb4732971eb0637ad916c8e75f26528c7426e
f45af66a51ad12ad7028ac50113453abb42223ec7e4a22d54d6749fdfae696e0
075d139cc5c0525aa521f4a8a5d00c25c17bb32bfbf44f8ad428467740cd6713
6ef1124044b128e9e8e013016d1939fa394d3f28207bf8cde590d7a982af9d0e
57a5e3947eeeac440814db6da6c970db019ab6a1d6e6c4092498d6283a3dc553
644c63575def636b25e8d57c8a84d7247ffa849c7802e38fbccd0c70c4b3cdfb
618c23141d44de1337dcc16875abad1762c13ddff7d16b9c2a927769cc2e4545
df422d35c86358400cb026daa15cac281f4ced246cbea42e2d8bbc3564f43a36
42537f3bbbd1c03a4bf7be93c09ffaefb49d13f5af395073ba737ef12983a6ab
b91fce974065f49a5a555c80077dd82f0052bedb80f9c52a48d30c25844e52bd
cd198752a36ef9a61852aa3469747e236bcb62a1458d686e27a3c49da9d9aaa0
7457823d7c61970535ccba94e1ce0a0bbea1b75ed8e47cc6d280ed33c0f2e49e
13c27ee346f9717f17e7bc5ac3f25f19813d07c896d634f1c46582e23acbe913
5f3e8a43882ab218266a456bf01b13eb1b524d9c905d1906ccdb98ff99ba18ab
ce77df1eb391c9a4b6c488e4f3bdf202d36b97e064a5141e9aeb1656fcdd63e7
9d778797d1179528ea89fb9ba9f535425c630fb8dea52681cb1b603c99e880bd
f5948a5ecb00cd123ca72e1fe896f3dd8edb74b1979bf1905a0f3fd26a8e4f82
c0ac6358ba1b21be93c5cf1e732574de447df022ec316d53fd00c7e4050ded3a
ef591e61ea9fd00c3d570e8127faaf09d1f2aa18eb508a753c13a23206858f90
0672a7c54f1f478561ea21567c80f9fd9ff25cc5ba175640215c81cc7d942f1e
e8df5dae3e957b767200642eda2284d1a65aec8dfed74b7a82fdbab2eec09227
4a4a6bc2618af68a47c2c402a261314bc795152c93e0fd38b2aa659f2fb2604b
8e50e76a4f440fd4c559c12d0b68b65e05a0bc39b8383c9b03b4e5f4f43acc0c
33258274e66b281ce145d998ded61662e499a86e7156f573ed557a87a535199b
0a67e3527f3a5a254cfa6ba4db159bc5867b04a985905bed37c7499b7c87c325
b65fe4369d4fd029624917f6d9426c253c1d3bfa973b7472aa7e22b8460f8969
39282d9210a17976c7d464999b60346e54848de78160a4fa3507c8f4d9dc5355
bace1c2a14cc10422958b64623fee30a394261da1008f91e9ad169acd0490470
73725c7cbd50ac8d00f1ead665189a655c12863a2974f1a307c8b21bdfe192a9
97d4ade5daed428cdb33a02d9a72b4562ac689f4446e95a68ddaff1f305c066d
1e0d08fd93198db77fc80c81a795b9a4948bc9ffc669f8e4a86eb91a6af4f668
08de0bdacb579a8318cca6618dbfa11fa80cc9cfed6e627e6240a9516d9d2f97
58929cbf89768ff25f34a8d8e0fbc7fdb7037c68a285bf0ede424601deb7cafe
8c0649f8c76c55ff900e098157c6c8975f6f10ad1a8e69c07a71d46fb9e9c90e
3675db77c9c1245969ca798ba6c4521aa003ccfb48760d7b0565610ac3dafd64
7ad62d9e596cbef52e36328870ff3ee85406c27544133d22f64af6bb7446c516
55e06ab47d61d67ee9c3d3315c89c288ca6fe59375b6a3cdbe03480718b6f5ba
0a949a8c1ae131f4ed0e87d1e4dc9f96282b295493a791b7df054c1230fc5917
1e3ae1104be0d5a016d4baec75afe58c3ae0a6808d02b4407dd00e3116495466
52b910e9c94d1ebd8a87f542d9db8fd7905248f547e3011475bcf4ec8ddeaa00
30cb24bb3e6110aa50ce6770035ec114cc04e153e3d7eedd238967fc402737e6
33cb056f59af9f035c7ba3e454ab21cd738e0e16aff12e55f5710fbd16a6e132
4e7e44d3bfb259e061223d090a5c15c087fc6850fe63e61669401e4ec8cf38f0
8be24cf25cedb423d71ba43df15cb469156e078ec0a4f36ecbee8eab783733e7
---------------------
Fri May 10 06:49:25 PM CDT 2024 - Running experiment round 80
---------------------
Netserver is already running.
Netserver IP: 172.17.0.2
Netperf Image exists
a38c0dafa06a41d4318bd1107472222ccc23e08658bace3fa2f57d765c8205d6
d7f8940c77fd8b17256d2f700118dfd11ef3ff9aa76aca14d0c9f0c0454690c3
e8407fd1c700fed92d259152d52288e3649fb544248b23c2f94346545d6d79fe
fd8e29ac8633cadf0f6bb751b9c275d47a27248d4e0f9b2bda807d00fcffb0b3
8a386ca08c04c425389b8e75f5f6d7b00624be4c0308d03955d95a8435055c45
070720e8c75774a7be4b070dd77b8cc7bc17591b9965ab650daf5e904f3dd1cd
b369557babc37eccf51ebe56be2034e1d750d89c0fb8d9483765add097ee07b7
fdc2f8e5394bcfa9fdd30a9df9e88fb9573d13b389f6a54901942836298f88a0
322321aedbe7416a033589b7a871c828cb8a5b8e4ba897c4308ba4bb2410b181
5c9be9dcab8301c3def7d6c72d6ef979970c8559e45aec2cd5f1cc584c008cdb
82c38dafd20d0c2bf1fed1fb8c2169c9f35e262c7bc2373cb1cb848e2fcdeedf
3da376ae75256418d23e024000462b70bd42183e7878d81bd6d07aaafe2d0114
1da71ed4d34caf1bbff3828fa1cd87bce5ec1e60cf5e8c735bf23bd3ddac8ad1
cb2d429c78eb8318b31b4055ed75c28cc3a67fd94fd789f4a8c657686fd56456
887d44d8e9f43d7b51870f56fb899f2796e79a8a991db3321a591adfe6c3ff21
e5efc23774084d6e1659dfae853b851481ac5f17920eac9a8438a513b7159f77
3578429b61d4981fd212c12e5c38b162c1c00846bd9565dc5883f557ea0aad4a
26232fa5e4be4eb72a8fd10fd01dd01a955b85ed79f1ea84681d719be334790e
e108e4e6fe6d725508a83f7e0f01a315b4b83b597053cc9cecfb405cb8c3bffa
753251f583550a84f4b8d96640de73e58a9c553d33392d9685641de20fd6b367
90b8a42afc8f9cc5ad9c5a9954531846c8e7b2785b8262659e5a25cd8c6c1f84
090923c1578d1a9e5b012080f9986da723f96e7b3f6213db72b7151c3788842a
66c7f61c157acf499c43a0d714eaa8a713a526ed3f3e4d34b1bae11a7ad7e6c2
ac32332d22142edfef35d876ee3d67fce75f5333308bb974218f7f1824debeca
f3fc41cd52d97f6b5b9d5b4175a602129363312651a4adcf3a4f269e99f24721
078fcc4884f8667487e611fafd27ce7b757cf42d006450e5ff0f7fa8bc4d30b6
fe74acbe530e7b23690bf55be30de084f192691a182a17c9a0e29a0014abd8d4
9366b77275ffc7113a9f69ba1afe7d15c2f3050683831252b1a18d8d276d5c79
72331ba7c3b9fe0905dbb295d8e74bcd7c95d010d13630cac26a9320aea9d0f3
dfadf70535b407e0372245cc8bd02f33f010a3f7203864181682a0d7ecd5aa71
694c0ea346d2fcb446869a9a2dd6e971279b773a07d2cf9d9b637306ee814dd4
21b09dc49bfa0ff8bd48c7950069ba4d306cd36fdf0d9fb77ab103764b1cf7d1
af6f8c82f18dd22b80d6e17dcbf5d1650088c7e86379eaa114a0314dd524fe0d
840eda433df3eedfb3b0772a28d4ad0a0bcf1b9ff3f5e2e5758e5b68cae705ae
c66f86bf438d0a66aeb8d99ca661566dcd08e6e208937c913bebe35f9373fa59
b10825018e4b979369b0e1df668e45e3608a4de55e41e09e9d74b1bf722e2f24
61ca852f9729604827a4c77b576e7718faa99d62a5f451841f0e20891d908412
5cf8adc4af82e78e376c8d82fee153986f9ffb8d4c95a5d57f2e5f6ee2820e85
f0b342308307a3e9bddd1effdc6e5684ea901fb39fe10a89b323f7490e266be8
172f5a90d4e26164f2479120bcb45c0c5220487be2e5d1af0b9647876628608c
907844e46cceb67a221e96bc2dcd2769089c1a6d019ff99729202c02afbbddeb
86404c1152786aa7b9e817b8049527252f89221728a2a9d140753fe4bbd31012
0bdcefa5f168aaa985f80a6c7e970f45a67ad7e657fd991ef2cd862def795027
ff74248a64b4364964b56255981dd9c3509cd2b353833ff61ade56f1572273ad
86d50c81c1d1fa8fa568b8bb488db25e5d94d84ba40a2e3070347afc3c8014c1
b41c769a0082e0f39c3b7660daf4f610c7edf16fee394e969cd932acca87cfc0
ba06e98a696357b6b5f9e12001e5930e7d8210135e41aa423d0743f12bd6a0ab
08731ddaf5fbe3d2de23fa64a985a3b735118b43232739cf54cd423cfe3bb6a8
f643a22519ece97e1255c90c4c5765ab2fb673d3821ae3030a3d4a2a2cffdf61
7064f5ce099f937fe240dd3ef0203ff8dc20b72f48ccab8627b6ba5933edede1
f4bea547e39c956cbbb7e419d6fb47563e3664a5a801cd0290b98e6da154ad2a
a3502a361ad924a3d1a4d34e81d3739ec6f8c371317316c4838f4c88f8d22a14
6b621ca85937ae255c81e5482941df8658cb4e2348d73906663bd10bd6108000
3d0361992007902e84c3016178887696bca7e6b024bc023932b36f36f2f38b6a
143de741c9dfb7a68fc4cd22a8f6375b4094b4362fcb40fb4bf6a665076fa011
e6b384d8f70962b76b2690ca3e1a46f62e294817cd652fbf16d2eae6b7a0ca4d
d4b57d9351b608fcd77b5ccc39336de2a3094ede83f1c96c251fe060d90ad1cc
dbc44e1f0061040168a7788ad29ca6ab0a0bfcc34d6f88881c3a1e5ebc02a749
80583ce6920ab372a5702e25ceec2e58f5638cc687fe9e5236353df11d2b3be6
479e6e78d314b3011fb3738ba3670d93f0b84e28e7585bbd9377a4a703ae904e
f470c3eb68a6771d7b2d793e60cbbc7b595bdafb69779b3b8acef4f59b10a9c8
3531f1c9e5de8dd8bc248e442f127313e1b63e433389561aa77b3d4e4760e4c7
790323ea1f0b38873aef229440fc516ba4d20d06b321453842ff1d9a35b62f10
b0d836860171493e9fe31273f8bab4956b2795741a17fd67cb1110253990f232
f5cfde333127a0fc99836785689d6ee493d2b8395a6167c6c623cb5149d419fb
68c08cb4b907ac1258564e8cd2dc46f1b7a71be3503b1c54930598885021f9b3
3f267d211b345e766580dd809e3c726c28df8aa8b52583b50e62038bef0de53a
cb6423b673164a5d63fc197a7aa72b60f36362c5a130c82757104124fcaba001
af9987795358f5b474d5d9f279eb8919f8f589390a8e0b516b4e9e883d2e041f
4aacd4b299c7ff6d32c86c6f6d04a3bba516e5982e8e2d520b79440f501abd43
7ff2629d72fc824e1116610fbb259e79a57d6c02f750cf0efc4a1e1eed7cfe45
aff1eb8b7eb9e928a0507a325d77af7ad1f6aa3cbd34eb9405bbb084e5e705ee
5399935543ae00f3753618a0bd04d1b1b8624f204fa6aae0813f666d18d4005f
adac002757ea89735230f4de4ae2abee119c9bba665242dbd5690e42af46901d
dbd96669319b9d83508e38a54a3b8122ba0c9dc679677275918a148c958331d5
6d7a52371c25b09afe7941b338298b5d7a3405249689d75f1ddec15ddfcfe6af
3dd5da288445aa22b6fde518dc1088e1d3939eb15ffcb2680eb0381e81908473
3e7230c38e67a9f59b26746166f6a5997bb3f285c37013e546c48f60d6bdb036
d4f625ab3d7b88643194f6cf659baf4144b650a8b4491b9efa2e82ef273f97c5
176f74c99a20a7d02298ff16c2a2a92b743e61cfc7c9afb806fea6e790802386
