---------------------
Fri 10 May 2024 06:45:17 PM CDT - Running experiment round 20
---------------------
Netserver is already running.
Netserver IP: 172.17.0.2
Netperf Image exists
ab46da676112403fefabbae8422db9daba7d0e9dae50bf6fb3fa87d5d49fada9
7fc183a656c970aaf404594494ad4bee538095c0a3430a650de2b3234ccb3766
ac52702a32fa4b076de8eadc910e013fed90ca7d1aadcb24508e2a5f3321d6b1
d575e87a5bc9b85268d59b9259b0282347f03daf2be611c787dce5d43001e3c6
4431de09ae2d35b9578e72324bc22806ab0605f813004eb1f3af01ca338f660d
53156e23b54f979c0f414cdc22c050bcdd878ac18e4a0fc9966205de308f511a
4b50b183ed4db6bad0178c3fccede6b9f10c91d40740aaebe3e9cce66cae730a
b0619a186e8f096732e20aea7d2829796568ecc03f4d4e72a5e2a7541a75d55c
c6969fbca452af32e752ee9623a56178714e2c0e32fd396112097fee45013fcd
a219a2d27f31ac4bfd29922fa0355e04dfc1eb769a0d2a1b2e6c651db0a7cb39
b40b5aa2204cd7b7d9a96aceeda0b58a3a0dd47d4839004cb66f925e120ce8db
d2aa17cd7d92ace5e06d1bfb4443e268c6b821bea269dcdd4cf720eb23cb3363
45ea9bf7e14c1acd94a116a9d3a14d6311c084d292a52280d6f1d2d16fd9056d
f8b6d1d71b7f78380afe8342e3ab455772ee17e57e9c997b697157d65df172de
ee79cb705167f0068ed364f2769d4cfd745ddb8077aff525a58b86b5fe654451
ed21abb6a790519ce376256fd7f1e50fe26a857563b8ecca9b756fd1146a65f9
a95403df4d8377c8809a662af9af2bcfc93bb2a55d8c33346bc7d078d09a6ebb
524e17a149be0b959c6bd103ad7e5ea58b636fc48dea246317d8ef74d83a310f
828dd2a7c91b8ce373b59c2f724f2c4f4869f02c6e9287407427c1a0f356c374
154d71041dd8fbd1be740d768ec24e93f80e05b94c7084a17e12bb755f2ef3d8
---------------------
Fri 10 May 2024 06:46:40 PM CDT - Running experiment round 40
---------------------
Netserver is already running.
Netserver IP: 172.17.0.2
Netperf Image exists
e5a2ad5c340b524e8c3297a98983f73bd3c61b2efff188b8d0fb0fc4b16e0f00
7940672c49fd1269eb4f2ccbec35caae607f028f3550605bb0ddfd3d8c3cd37a
5ef2e414dcc854c55340d0cf194bba92fab13e9cdbf1b8b136ee9bba74c7e7df
357ef8c34e77bfa49e9fc9dc23fe1e1c9266a07bb994811207ebc6a31de3e7ef
2b2db5c3773d524d0942859b486b78a66bb7ff8abb7a9db91a3e8e9c69880afc
295cec82792b9e874d2e8464e373a4df07be2be22a317efb580b420f4cdeea59
2ebad0e35d5990f83d2eb76c4974bc79879cace321ddafd210c4016cbad2c303
49b0eb518fda43f9f7d1fe3209ba0c99333254c95bb58e4e6c95cfdde3725066
abe48056086fbd964a08d60ade83758ef724db58a6d336ef2de744d3bed88669
0dda099c52a107488c1b7700b4a672cf9c5e38fe62a2477d99f19c381b3b274f
286cdb8e64cae30b621ec1d4bd100dfa036a8455d016793d7db5e065a8aaa324
b0b8e99685886a3c6a48c28acd805a35b3c77427e5e659cb8e988235bf215654
c3d913a6440bb8ff0326cdf0e268d92bd5657abd5f02d7ba9ef6535a16e638a0
95c7658ccfda050a01477253bfa4909b02cd6b721047b711cf393dd69f8b90ef
7756a5035a94e7c429a1d438dbf311c9d4805a2c55b69f0a42f567bf9bc3eb2d
75fcf72b202d850584b0fdffb0a2e2d1d5fe9b4b2af412ee76f7473d333515a0
6f7efb8da7d24d83602fbbabbd2361007730885acef1602ef05b163225dbbcae
f970582a400010cbe9d2b0985afb84da8c56e626f7044c76e693dc510f8b5016
79ebcd61d37c1baf6d530d28f5977592de8fb76cc310c069680d59f326b0aa70
e88efb8d43814692db44d4bff8fbcffc9fe34b5a2fb28a260a86ab64ce129277
96d35a1e506296055773b7f8439963d62df59ec792c66f5c9979e43f5d0b66a4
6410bf1a08091b5dd65bf56788eb07374105e27d8b772a0dc465cfffb9b69595
b8da61594989c8a0544740325310309522a9eeea93994269b5dfb51e67413a9d
cee67660b9e888b8caf4b507b7fe0679c493d66e7a0a0c9dd399320afe3a0f98
d5ddc8ca754905001a9712d14ef8c9d424138e3b82794b7f0af4af8eaba61798
400ddba998b2f7d9fe8b8d061a060da3cafb2f54d0a421bfbfac2d965f28ce11
4d748f103461f8c701f42f14356298dcd84efbd84e0c0da7d17e374071fbc9ea
5c4ac0e54567e473eba3e1e0adf0d24f49504bbfa1079b118f6085a1ee8b7aac
af464a9c9a3ec069674a3fdcf36cc49b35e40abeb79c36c3abfe0d4e5646c90c
20044b84ab5b3e9832e4bd64ad6f30bd38bba508a1ef4d103a8574c4e6e54e55
b8fc9d3a0b51f4336cecef1f5c13dc243891d3174345e92233a0fecd40db702f
321e26315037431c49e39ed4ca65f47b38a43070120b5d8610091de0656db966
f6ca089ab05eb5ee05a56271e10826b68a6bf7c83cb866e5a602d7a343907f4c
760d554573064fb83eb0abc622af52fb5d9bbd10099b7dafd0cee826a6413c25
828a79c576cf3dd9dd3033543ed1911e0bf77239f7e9403e218a68fd277ec497
43a70b2c5c78ddd3bdebf93f3fddeb29cc76195895ea23f5b21da1910ed8723f
99d5d71f1c3664c2be8db2ed0dbd3c5a268d8676819b9c728d6205517eee447a
4c991105d5cd04916bba81961df29306230592197cf78ced20ddddc4ee40ffe5
53a1dbd0eec02e69f279ab94f06cce69cb5a1f23452684379fc96ef4ce7bfae8
3730cea66a526a713947ffa309ae96cb1f7fb89e4efae89e2e44367217cb7e47
---------------------
Fri 10 May 2024 06:48:12 PM CDT - Running experiment round 60
---------------------
Netserver is already running.
Netserver IP: 172.17.0.2
Netperf Image exists
1324d39416cd18f28dc171d2a3f27ef412aab5aa8b1034d04c7a8a054d1cbe90
ab5b4110864d922df5a9b20b4d3e99078e45449e9e65519225058c5c8e60edbd
d76333eb26b89f06e9b11abb5f1f03066dfb1524a1b2fb16b85ba2685157f39c
5b304768c6e7d80f63f5f781b40cf8a9cdfef8f663a124f10a8665709724623e
8af75bc0ea259b29375305d6a405b732f31f6a5f5a52751bcee31d7702e846d7
438807530a9baf70cf9a9936f887733a3b236a8f00c07376e7b08b566dfe4e9e
0e185659040450d2c3b3f7d3349af357e8ee96e3d7c608228e902645577a5f50
a2eeceff64f535b99f9b500a59aa4a2136559828324ffa7fad361de9f0d93f0b
4352c15530eaf8b3d32334a61eb98edaca9dcee94c1476807be67782ce7626f1
804cf58c9c77f6440adeac5ea28dfe6fa4beace5511f0bbb4ece76e371824978
7cb0193746f0f6074f7dcb4458619a6245afe02339f031457e8bb5452efe0d9d
c73a31323d374e3d446b9ec66fdf2d83945eaab24e2cdd12267860f6f54be7a0
8e504b3502737ef865784543bee74e9b1087b03b26fa0a69faec7d49c5bdc083
7fbff5298b8c2856ba09fbdf70f0a0f9b13d214ee20ec5a859bc1c391a4842cc
0683d23271514a4418f0272d60d38abbb2d363dedb090add3211bcd448b9e07b
fc1b31f09fd0b5677657af73bdde6220e8c8de258c0534405404355f19bf4890
4c220684690418462d99576186710cf1331c61e60749d10b40c26a030b80169c
8fe4e1265837d174dff57466527d3090d2d8b63ea888906f2a4d66a1ef17556b
425deafc5ed345adb19c0d448c4107ca7b6b77fce897cc9dc2556e344324862c
2a6bc850e46eecb729523f1d3ac334ae796aa7168d40e69ca5ad33464077a1a5
bd7de495909b08c9f8bd8b8095c45456bc2cdaa8208e869a429cffb8054c9cdf
18a0ef0df8d2c1061f434f2aa618d418c00b147b4ebfe35b6da8025b38a810c2
b75e508bdda10c0680030d950975e52dc247e76cfd3a0b7e1a42fed64bd6feec
7dbd1f05ebdb0359a04355e9e3a45e6d7fd38ff1e01e848b4182493232e56883
3989f0323604a1e03013f339e8c9fe22b2d8adcc8f607f4d8f6984fa02eefc76
0d792ad94e906f3f7838fa60fd61cad570befd71e6252bb0f8fb8e2ed617d6f5
2011e059b71635aaa74973803c4294aa948ddb899f8decfbba580b7bf0ac08dd
d17eaa3c7cc383567980fcfd9d60ad794fac722b262e2a5cab584dd04c148349
5af0f609b50fc56d3842564e153f6ce6fd18c7f6ea5379acc73dcd72cd4dcdd8
efa641946d970247e9d4099ccd38a77521ce7a7f98f78d9b29d33516b02aff17
d48dd1127d3f61a0ce41233948c5fc9400dba23c2aaa895fc280a2aa65c6aacb
9d922ad253a9b5b1d4baf1a7229c679410be2f4952447bdb3c8dd53fae74cb60
2b50edf724c7d9a96e762c578d8a1a978ac53fb993483a2f55836842d9e0143b
94965e3385046cb2ae44300459e414f7df5799930ffe60d1405650612eea95f4
54e6893d6f5b2591432a2ef36c52e01603bd287efab54f604c27ff00048345d6
843aa3c9dc1ca2da6ac1d2176a6bdc5a4064f16457adb04811d8bb99af4f4e61
321624f875f884f2a66d8898b5bc5aa340515e60846ce85d8166b629c0110210
c492c40c86e998742188345a66fe0efc3425e1166facc25fb589f55c8e25ae87
af10ec6feb3f61119e7ea426e118d18ca9c5ac9ab99a9b88ca25b6add58f8653
e969ce37cc26507915672fb71b0a72aac97114d78f6316e4a52a20068f6a64a3
a3385930a4ee7a2a64b85af784fb235b382e84390ea2e82bd19b45dc181ee14b
7e05902ce2596b8b5d641233988855e4722086827e72e167b9d80f9132650a9c
e2d9db7489e5d1f5bcd2cf2ea5b97869022b54fe8ecb6bc90b6fe5adda223954
21c54aa6dd973e98f416caf363bba1f5ddaf8a5fdedce0321540cebf795ae262
59a27e899db93e5f96f9d46a781e572d702f27585b10d8f772b2e88ba697af31
f79e905b9686edd15af5c189ebbde5910fc2a9f5c3e2c96f36ba45a31bb0a6f1
eee9a9bbeba7a354725e4ffff0b1a3e20dc318e643bef0b1511013b5082d6ef7
96714622c16099a378f59f4deabfb751dc3747fdbe2e13d08552b7876959403e
fea117d311718c3061c0fdaae1f793db552e753ae43879ae53c74ac1c083bed1
a29ceab810446c642f18ba815891c15429d1371df24a8939ceae1f4cc10fdd5f
9e458a4c79138e409363d00b11dbe8b086de0f411a10bc786116b483c2170d74
add74838325294adf72693b9c76954f18e16873feac0e4e006cbbfb63cdef2ca
8453c09dee3704d93a673e4593c19d74fdf700b749313d4b13ae3d9dc4f66c00
13a80c33e28776ec8f3f2944e455ee28e488f48449b96686e941488fd310c332
706c6c4162c51a12fce45daffdf6f92e37a18cd225ada0398b90014aed541531
bb2f96ee857f194f461f037f59f0f22145ae8cfa988c73fc4b772f77e11fe0d7
5b8dc70607d3cd800c374c379c3ae4221ad744c846e503e6d6d58cfb8be38db4
bd3725010072f423047b55db9cdecf21295006ff75a005875e8ee9e168ab5395
c0f7d592aef02939fae314eaf5f4616181799f3c56d0eec03bd78a87cd1cac66
76c6431999ac273aa1a5c00805200ba4c73edda99959d051475aba623a1847aa
---------------------
Fri 10 May 2024 06:49:56 PM CDT - Running experiment round 80
---------------------
Netserver is already running.
Netserver IP: 172.17.0.2
Netperf Image exists
ad20d4ab98ed24f18afc44fc8a696487a581a5444cba100bec838234f08ede73
1338cb107112ea17947d119aba7608f7c4d30cbc8dd0e45722ac43824274ccad
a31a7b8eef15b4eb3e0188476e213e615b1ee810ae303db4c5ba96a9d97bb44d
1933dd76e22f7819a172c42cc4419399e074607ca95770c585dcfbd751bb6987
27c89ee85185784ff77822da0eff05a0c0f2b42df1d927e5d70b6cfe2e7a2893
a8f6f497f42b239b5c299847def05d89352164d8ad40273357d41c8e7d9d142f
8f75d35416b61ccc57f80d173e3c3078895da516a53260c9ad454f912af92212
287c8c6e52d59da3a0799229404eb192d698d77a8ae88ae21f3cc3aaab957ff7
321a1bed48b3f8e706fefb7190c0f658f22977b67663891b8d16567065414428
aed99c245c12c489323221c2ec183da86a719683b2d09cd4ccf91c316cd41ca4
7eec71ae3eed1e9674fe7b3cdebc16ac34fb7ec8537acff017851d5e114b39c8
a4444c860325849b69dc80fca6679dae4a149a31d4a8e3666e9c054bb4a81201
fbe57fde18d26c80610e4020ae62b02c85cfe1654ed310d34eed5ada7ad84526
f80268a1ac2e8a63eeaa7eed0378acd07fa60478dc1f39f2b83bfed70e0b1593
b80b4ba6071cbed1dc27b18e9fbdd9358364110e304567f80ecaac8289c0e9ab
06a82ac79dac55ac17c44da07b2e8af26c1b95d96806652b9567284fc6941013
fdde2363593ab2fbb4b5d6b9554c764dafe38a4e38bf865d9ba65624137b2729
d252cf01b5614d96ab1471ae707d9a0fe362af86eea5a0de2356c39169ad5b1c
cf5dbb7815f43f4aac27007ca1eb0eff76f24554e3690a64198d4ab273113433
15e121e5e773428cd8bff3019ce0cdb4566b451b93ee0a4921c6e0da521d24c4
dbb974a829dfc5ae07720764c9560f8cb27027a087dd33a5c24117018b6d645d
15d8856f9f9da5741d2ca58c5adb56092eb3a3f985b13b501a7f9952cf64c38e
9530e833b62c45ef9b513b89c510680394f7647218798f85b2fd26d965ad0d7e
a109cd5f7c9546f0cc5764763a463c19669dac80112ff91592ec4b69aad16398
6f188f991176ff349a79f2f5fa0a6b49cd95da063921f99085f4ea15a411d596
c9f5baca30f387fb021643564b287fc3eab9752f21ae75bb017b3872dd11980d
6429bb78ebc4c0be32f2b120c6273d60611ddffed3f1b4335abbe6eeab4cef00
e9d7ffe97178a0b9d73485256efe1724b8df13e536351049d00cbbc99d3583dd
d812ca852d74f04640bcef4ad3a0fc61bb24f15d759b2068ad10c696b5c596ef
f5c9c2fe62602bf171752bb5301f420ed64e5ab9c62e4d40b8f645bd0d4f36e5
96cebc0c4cc0806bc8d479aaaefc6713281e9cb224ddea86c9f5c46bfce53669
120176db5ed1e95d4fb26d2e523b65f236947d21bf983d9bb99d42d723ec2607
eb0b1ea28bc1d50ed2a05a4cca8f21d3e7f6c23565bc6f3bc4759f088361e2c9
ef9ad9d8004758092559dcdf275a666741595f4b191686204ac7fe78e30edce2
73fa844b9f9e2244c2906fb3080a2908be148206267fab4f299a0e01531e1132
1fe43ff88fed5106d4684f817c0feb072a491f853069bb17fccb525ef161e5cf
4944f982f24820eed1125dc92efd6b57bbffff982931193e10f92d49b180cf89
44ad6a68230783f4e0b7bab5b9089dcb932e35be6caee1c4e79d8b0d4cbe8193
ea27babd76500e1a837c5e617d3e2d11a2909befe75499af257adcc726c8990d
7e7895e6e41f75c3a1269f2c498c2416f640d344e4d0de09af6bea714b47cfcf
e19c9e8d07a938b6227857319e18f0ac6676bb787e95009015e52b8b1a8fc94e
ffe2b80166de8b7578897e9b75890af8729900269f9486808bb208544dbe5981
259516fc06659e757c7fcca1107a97b8b7689b4789b5c658d46b67fcb79da8e9
2bfad04002e5bacab7f48b1562eb7841851bdfffb0c7436c6ef98bbd28a93b33
0d65846a59eeb9350ecd944749205edf4aadf69129785e67820bb2e02f44b27d
d208d2889bca3462385ff68aaed8f8b2cf0a8dc000c249863faab3c85737068c
131162305e1e3110a763494dfe67896da1df90c3e788964bb2c05c6a509d8924
71e20d0bc16b256b2e9b2edf3c7352834454244003db51d6cc95ad62476e4ca0
ddf1472711f58053b576e938d7d6eb9f4c32f2b610e9b7749c455369cc1b18d5
8586d442824670612861a1c44a0eaf80813bda42bf05d8a3f3fee3f6038d32dd
450fdc3fd8ad54ca567ea2c02d2006d2e1c199c6db9e224ec487a35f91212248
16109782cb70991d4f5897c5c67eee6b3f0307610cbc73102cc0e2e68b5b7cbe
002ac19439184833dbe03220098dba6fb9310f1036a54244d38cc9e5121e1886
83d35f54409f4f1175e360757b9e6f3cb485462c454dbd82236140e346179134
3bb7fa2664aee1a76bf06c0d33af48f6749fd4a018b7704d1d6ef69cc0b55b5c
e1da6cbe696782c19fcd4512fe11697168371ef72d2fce97225fb7bdf084e6a5
3ea2d9a69108560721c80d185f0b9a06cedceb28d35f5f80b16da780cbf5639e
9b8f492898be46e9a2ebfb668c91d3eb41e73e7e8bbdeca96282ef41c192bbb1
b082ca4abb93be2c89ff717e9e34e1b5b04f173593d1df9b9936fbbfacda533a
3a5758e7a3dc25ba63f340419d211a6af5f8be305a3d6e018e86f4c667d92deb
396a5ff5ee9fd45bc6b4bbbe7efc132f6ce00dc78ffed75ca37c723b29470280
384ef2a80d9cc957d039f1095c958c35173ac6091e541cd1145775e9f0f9e9be
2be2b0502af92c2e24ab95052774adf9b41291bc4e9f5f2379b605c1b6d7ad3b
ec218be023270ff5c2cdaa3b84749981d611619d33f64ae42bfbd6ceba58a586
c083e8c8b15703d8f140ac1700cd3ebe4e9e405022e8dfb9d2f2202e22a6f93c
a84350fa83a9b690acb348256246624b4e0072443e31b7c6b715141558e0872e
eb208bf7f4b81b89f06c8d838705bd312978ada900add1475278c1baede19bfc
db2790354c939f6137cbef5ead349e5463dcbb0a2a8ae7a0c57ac1dbb56e0aec
cf4a91e9dc2b36504b94bb7e940d8c7c6b27a98c14ca50d00ac4927f8b6c3511
d46b7cb2403418f4d01492c7c7cfea38a4bb76e55af138c59290bc3917e58a81
470443ad16abfc8e228e8805027589f43ff9fc4ad216b8f9ff0e63e3de06e0e3
7f59dcea7a86ee2d9918fe330c183fb37ffd1ac55e1128e31a18b93bee1ff834
90ce44f19bb9285c4661ebb053033551296c874aff7b4678644e7bbe6e100376
2bb3d873f46cbacf058a7130b0f7810e99c52d2790a1d21d32dd5aed7e758a50
6df3df592132e90f573fcc30c60b2cdb981efd2bc87c9f27de89d72d63c40a6a
6133bd9056329547cf986342290371d520dc5a38790afb02f57944db35d970e8
fc5ece3d138a3bf71453541b9aa2dfdc320f0e979de06a97053be56ef8bf3fb8
c08ee0c1fe3067aae489befb9476cb9feb61d8c7ff980daf42c4495be7f161c0
8cc5cfb91090ed3d8536e827c825223288b5e7c864459211fa49cf13a7353119
7a1dc70e9d51917531c4108985b11c4f86abfaa45078c2b1562e4b0a130def23
