Linux 5.4.0-164-generic (node0.gp27-206541.cs523-uiuc-sp24-pg0.wisc.cloudlab.us) 	05/10/2024 	_x86_64_	(40 CPU)

07:32:33 PM   UID       PID    %usr %system  %guest   %wait    %CPU   CPU  Command
07:32:34 PM     0       212    0.00    0.00    0.00    0.00    0.00    33  ksoftirqd/33
07:32:35 PM     0       212    0.00    0.00    0.00    0.00    0.00    33  ksoftirqd/33
07:32:36 PM     0       212    0.00    0.00    0.00    0.00    0.00    33  ksoftirqd/33
07:32:37 PM     0       212    0.00    0.00    0.00    0.00    0.00    33  ksoftirqd/33
07:32:38 PM     0       212    0.00    0.00    0.00    0.00    0.00    33  ksoftirqd/33
07:32:39 PM     0       212    0.00    0.00    0.00    0.00    0.00    33  ksoftirqd/33
07:32:40 PM     0       212    0.00    0.00    0.00    0.00    0.00    33  ksoftirqd/33
07:32:41 PM     0       212    0.00    0.00    0.00    0.00    0.00    33  ksoftirqd/33
07:32:42 PM     0       212    0.00    0.00    0.00    0.00    0.00    33  ksoftirqd/33
07:32:43 PM     0       212    0.00    0.00    0.00    0.00    0.00    33  ksoftirqd/33
07:32:44 PM     0       212    0.00    0.00    0.00    0.00    0.00    33  ksoftirqd/33
07:32:45 PM     0       212    0.00    0.00    0.00    0.00    0.00    33  ksoftirqd/33
07:32:46 PM     0       212    0.00    0.00    0.00    0.00    0.00    33  ksoftirqd/33
07:32:47 PM     0       212    0.00    0.00    0.00    0.00    0.00    33  ksoftirqd/33
07:32:48 PM     0       212    0.00    0.00    0.00    0.00    0.00    33  ksoftirqd/33
07:32:49 PM     0       212    0.00    0.00    0.00    0.00    0.00    33  ksoftirqd/33
07:32:50 PM     0       212    0.00    0.00    0.00    0.00    0.00    33  ksoftirqd/33
07:32:51 PM     0       212    0.00    0.00    0.00    0.00    0.00    33  ksoftirqd/33
07:32:52 PM     0       212    0.00    0.00    0.00    0.00    0.00    33  ksoftirqd/33
07:32:53 PM     0       212    0.00    0.00    0.00    0.00    0.00    33  ksoftirqd/33
07:32:54 PM     0       212    0.00    0.00    0.00    0.00    0.00    33  ksoftirqd/33
07:32:55 PM     0       212    0.00    0.00    0.00    0.00    0.00    33  ksoftirqd/33
07:32:56 PM     0       212    0.00    0.00    0.00    0.00    0.00    33  ksoftirqd/33
07:32:57 PM     0       212    0.00    0.00    0.00    0.00    0.00    33  ksoftirqd/33
07:32:58 PM     0       212    0.00    0.00    0.00    0.00    0.00    33  ksoftirqd/33
07:32:59 PM     0       212    0.00    0.00    0.00    0.00    0.00    33  ksoftirqd/33
07:33:00 PM     0       212    0.00    0.00    0.00    0.00    0.00    33  ksoftirqd/33
07:33:01 PM     0       212    0.00    0.00    0.00    0.00    0.00    33  ksoftirqd/33
07:33:02 PM     0       212    0.00    0.00    0.00    0.00    0.00    33  ksoftirqd/33
07:33:03 PM     0       212    0.00    0.00    0.00    0.00    0.00    33  ksoftirqd/33
07:33:04 PM     0       212    0.00    0.00    0.00    0.00    0.00    33  ksoftirqd/33
07:33:05 PM     0       212    0.00    0.00    0.00    0.00    0.00    33  ksoftirqd/33
07:33:06 PM     0       212    0.00    0.00    0.00    0.00    0.00    33  ksoftirqd/33
07:33:07 PM     0       212    0.00    0.00    0.00    0.00    0.00    33  ksoftirqd/33
07:33:08 PM     0       212    0.00    0.00    0.00    0.00    0.00    33  ksoftirqd/33
07:33:09 PM     0       212    0.00    0.00    0.00    0.00    0.00    33  ksoftirqd/33
07:33:10 PM     0       212    0.00    0.00    0.00    0.00    0.00    33  ksoftirqd/33
07:33:11 PM     0       212    0.00    0.00    0.00    0.00    0.00    33  ksoftirqd/33
07:33:12 PM     0       212    0.00    0.00    0.00    0.00    0.00    33  ksoftirqd/33
07:33:13 PM     0       212    0.00    0.00    0.00    0.00    0.00    33  ksoftirqd/33
07:33:14 PM     0       212    0.00    0.00    0.00    0.00    0.00    33  ksoftirqd/33
07:33:15 PM     0       212    0.00    0.00    0.00    0.00    0.00    33  ksoftirqd/33
07:33:16 PM     0       212    0.00    0.00    0.00    0.00    0.00    33  ksoftirqd/33
07:33:17 PM     0       212    0.00    0.00    0.00    0.00    0.00    33  ksoftirqd/33
07:33:18 PM     0       212    0.00    0.00    0.00    0.00    0.00    33  ksoftirqd/33
07:33:19 PM     0       212    0.00    0.00    0.00    0.00    0.00    33  ksoftirqd/33
07:33:20 PM     0       212    0.00    0.00    0.00    0.00    0.00    33  ksoftirqd/33
07:33:21 PM     0       212    0.00    0.00    0.00    0.00    0.00    33  ksoftirqd/33
07:33:22 PM     0       212    0.00    0.00    0.00    0.00    0.00    33  ksoftirqd/33
07:33:23 PM     0       212    0.00    0.00    0.00    0.00    0.00    33  ksoftirqd/33
07:33:24 PM     0       212    0.00    0.00    0.00    0.00    0.00    33  ksoftirqd/33
07:33:25 PM     0       212    0.00    0.00    0.00    0.00    0.00    33  ksoftirqd/33
07:33:26 PM     0       212    0.00    0.00    0.00    0.00    0.00    33  ksoftirqd/33
07:33:27 PM     0       212    0.00    0.00    0.00    0.00    0.00    33  ksoftirqd/33
07:33:28 PM     0       212    0.00    0.00    0.00    0.00    0.00    33  ksoftirqd/33
07:33:29 PM     0       212    0.00    0.00    0.00    0.00    0.00    33  ksoftirqd/33
07:33:30 PM     0       212    0.00    0.00    0.00    0.00    0.00    33  ksoftirqd/33
07:33:31 PM     0       212    0.00    0.00    0.00    0.00    0.00    33  ksoftirqd/33
07:33:32 PM     0       212    0.00    0.00    0.00    0.00    0.00    33  ksoftirqd/33
07:33:33 PM     0       212    0.00    0.00    0.00    0.00    0.00    33  ksoftirqd/33
07:33:34 PM     0       212    0.00    0.00    0.00    0.00    0.00    33  ksoftirqd/33
07:33:35 PM     0       212    0.00    0.00    0.00    0.00    0.00    33  ksoftirqd/33
07:33:36 PM     0       212    0.00    0.00    0.00    0.00    0.00    33  ksoftirqd/33
07:33:37 PM     0       212    0.00    0.00    0.00    0.00    0.00    33  ksoftirqd/33
07:33:38 PM     0       212    0.00    0.00    0.00    0.00    0.00    33  ksoftirqd/33
07:33:39 PM     0       212    0.00    0.00    0.00    0.00    0.00    33  ksoftirqd/33
07:33:40 PM     0       212    0.00    0.00    0.00    0.00    0.00    33  ksoftirqd/33
07:33:41 PM     0       212    0.00    0.00    0.00    0.00    0.00    33  ksoftirqd/33
07:33:42 PM     0       212    0.00    0.00    0.00    0.00    0.00    33  ksoftirqd/33
07:33:43 PM     0       212    0.00    0.00    0.00    0.00    0.00    33  ksoftirqd/33
07:33:44 PM     0       212    0.00    0.00    0.00    0.00    0.00    33  ksoftirqd/33
07:33:45 PM     0       212    0.00    0.00    0.00    0.00    0.00    33  ksoftirqd/33
07:33:46 PM     0       212    0.00    0.00    0.00    0.00    0.00    33  ksoftirqd/33
07:33:47 PM     0       212    0.00    0.00    0.00    0.00    0.00    33  ksoftirqd/33
07:33:48 PM     0       212    0.00    0.00    0.00    0.00    0.00    33  ksoftirqd/33
07:33:49 PM     0       212    0.00    0.00    0.00    0.00    0.00    33  ksoftirqd/33
07:33:50 PM     0       212    0.00    0.00    0.00    0.00    0.00    33  ksoftirqd/33
07:33:51 PM     0       212    0.00    0.00    0.00    0.00    0.00    33  ksoftirqd/33
07:33:52 PM     0       212    0.00    0.00    0.00    0.00    0.00    33  ksoftirqd/33
07:33:53 PM     0       212    0.00    0.00    0.00    0.00    0.00    33  ksoftirqd/33
07:33:54 PM     0       212    0.00    0.00    0.00    0.00    0.00    33  ksoftirqd/33
07:33:55 PM     0       212    0.00    0.00    0.00    0.00    0.00    33  ksoftirqd/33
07:33:56 PM     0       212    0.00    0.00    0.00    0.00    0.00    33  ksoftirqd/33
07:33:57 PM     0       212    0.00    0.00    0.00    0.00    0.00    33  ksoftirqd/33
07:33:58 PM     0       212    0.00    0.00    0.00    0.00    0.00    33  ksoftirqd/33
07:33:59 PM     0       212    0.00    0.00    0.00    0.00    0.00    33  ksoftirqd/33
07:34:00 PM     0       212    0.00    0.00    0.00    0.00    0.00    33  ksoftirqd/33
07:34:01 PM     0       212    0.00    0.00    0.00    0.00    0.00    33  ksoftirqd/33
07:34:02 PM     0       212    0.00    0.00    0.00    0.00    0.00    33  ksoftirqd/33
07:34:03 PM     0       212    0.00    0.00    0.00    0.00    0.00    33  ksoftirqd/33
07:34:04 PM     0       212    0.00    0.00    0.00    0.00    0.00    33  ksoftirqd/33
07:34:05 PM     0       212    0.00    0.00    0.00    0.00    0.00    33  ksoftirqd/33
07:34:06 PM     0       212    0.00    0.00    0.00    0.00    0.00    33  ksoftirqd/33
07:34:07 PM     0       212    0.00    0.00    0.00    0.00    0.00    33  ksoftirqd/33
07:34:08 PM     0       212    0.00    0.00    0.00    0.00    0.00    33  ksoftirqd/33
07:34:09 PM     0       212    0.00    0.00    0.00    0.00    0.00    33  ksoftirqd/33
07:34:10 PM     0       212    0.00    0.00    0.00    0.00    0.00    33  ksoftirqd/33
07:34:11 PM     0       212    0.00    0.00    0.00    0.00    0.00    33  ksoftirqd/33
07:34:12 PM     0       212    0.00    0.00    0.00    0.00    0.00    33  ksoftirqd/33
07:34:13 PM     0       212    0.00    0.00    0.00    0.00    0.00    33  ksoftirqd/33
07:34:14 PM     0       212    0.00    0.00    0.00    0.00    0.00    33  ksoftirqd/33
07:34:15 PM     0       212    0.00    0.00    0.00    0.00    0.00    33  ksoftirqd/33
07:34:16 PM     0       212    0.00    0.00    0.00    0.00    0.00    33  ksoftirqd/33
07:34:17 PM     0       212    0.00    0.00    0.00    0.00    0.00    33  ksoftirqd/33
07:34:18 PM     0       212    0.00    0.00    0.00    0.00    0.00    33  ksoftirqd/33
07:34:19 PM     0       212    0.00    0.00    0.00    0.00    0.00    33  ksoftirqd/33
07:34:20 PM     0       212    0.00    0.00    0.00    0.00    0.00    33  ksoftirqd/33
07:34:21 PM     0       212    0.00    0.00    0.00    0.00    0.00    33  ksoftirqd/33
07:34:22 PM     0       212    0.00    0.00    0.00    0.00    0.00    33  ksoftirqd/33
07:34:23 PM     0       212    0.00    0.00    0.00    0.00    0.00    33  ksoftirqd/33
07:34:24 PM     0       212    0.00    0.00    0.00    0.00    0.00    33  ksoftirqd/33
07:34:25 PM     0       212    0.00    0.00    0.00    0.00    0.00    33  ksoftirqd/33
07:34:26 PM     0       212    0.00    0.00    0.00    0.00    0.00    33  ksoftirqd/33
07:34:27 PM     0       212    0.00    0.00    0.00    0.00    0.00    33  ksoftirqd/33
07:34:28 PM     0       212    0.00    0.00    0.00    0.00    0.00    33  ksoftirqd/33
07:34:29 PM     0       212    0.00    0.00    0.00    0.00    0.00    33  ksoftirqd/33
07:34:30 PM     0       212    0.00    0.00    0.00    0.00    0.00    33  ksoftirqd/33
07:34:31 PM     0       212    0.00    0.00    0.00    0.00    0.00    33  ksoftirqd/33
07:34:32 PM     0       212    0.00    0.00    0.00    0.00    0.00    33  ksoftirqd/33
07:34:33 PM     0       212    0.00    0.00    0.00    0.00    0.00    33  ksoftirqd/33
07:34:34 PM     0       212    0.00    0.00    0.00    0.00    0.00    33  ksoftirqd/33
07:34:35 PM     0       212    0.00    0.00    0.00    0.00    0.00    33  ksoftirqd/33
07:34:36 PM     0       212    0.00    0.00    0.00    0.00    0.00    33  ksoftirqd/33
07:34:37 PM     0       212    0.00    0.00    0.00    0.00    0.00    33  ksoftirqd/33
07:34:38 PM     0       212    0.00    0.00    0.00    0.00    0.00    33  ksoftirqd/33
07:34:39 PM     0       212    0.00    0.00    0.00    0.00    0.00    33  ksoftirqd/33
07:34:40 PM     0       212    0.00    0.00    0.00    0.00    0.00    33  ksoftirqd/33
07:34:41 PM     0       212    0.00    0.00    0.00    0.00    0.00    33  ksoftirqd/33
07:34:42 PM     0       212    0.00    0.00    0.00    0.00    0.00    33  ksoftirqd/33
07:34:43 PM     0       212    0.00    0.00    0.00    0.00    0.00    33  ksoftirqd/33
07:34:44 PM     0       212    0.00    0.00    0.00    0.00    0.00    33  ksoftirqd/33
07:34:45 PM     0       212    0.00    0.00    0.00    0.00    0.00    33  ksoftirqd/33
07:34:46 PM     0       212    0.00    0.00    0.00    0.00    0.00    33  ksoftirqd/33
07:34:47 PM     0       212    0.00    0.00    0.00    0.00    0.00    33  ksoftirqd/33
07:34:48 PM     0       212    0.00    0.00    0.00    0.00    0.00    33  ksoftirqd/33
07:34:49 PM     0       212    0.00    0.00    0.00    0.00    0.00    33  ksoftirqd/33
07:34:50 PM     0       212    0.00    0.00    0.00    0.00    0.00    33  ksoftirqd/33
07:34:51 PM     0       212    0.00    0.00    0.00    0.00    0.00    33  ksoftirqd/33
07:34:52 PM     0       212    0.00    0.00    0.00    0.00    0.00    33  ksoftirqd/33
07:34:53 PM     0       212    0.00    0.00    0.00    0.00    0.00    33  ksoftirqd/33
07:34:54 PM     0       212    0.00    0.00    0.00    0.00    0.00    33  ksoftirqd/33
07:34:55 PM     0       212    0.00    0.00    0.00    0.00    0.00    33  ksoftirqd/33
07:34:56 PM     0       212    0.00    0.00    0.00    0.00    0.00    33  ksoftirqd/33
07:34:57 PM     0       212    0.00    0.00    0.00    0.00    0.00    33  ksoftirqd/33
07:34:58 PM     0       212    0.00    0.00    0.00    0.00    0.00    33  ksoftirqd/33
07:34:59 PM     0       212    0.00    0.00    0.00    0.00    0.00    33  ksoftirqd/33
07:35:00 PM     0       212    0.00    0.00    0.00    0.00    0.00    33  ksoftirqd/33
07:35:01 PM     0       212    0.00    0.00    0.00    0.00    0.00    33  ksoftirqd/33
07:35:02 PM     0       212    0.00    0.00    0.00    0.00    0.00    33  ksoftirqd/33
07:35:03 PM     0       212    0.00    0.00    0.00    0.00    0.00    33  ksoftirqd/33
07:35:04 PM     0       212    0.00    0.00    0.00    0.00    0.00    33  ksoftirqd/33
07:35:05 PM     0       212    0.00    0.00    0.00    0.00    0.00    33  ksoftirqd/33
07:35:06 PM     0       212    0.00    0.00    0.00    0.00    0.00    33  ksoftirqd/33
07:35:07 PM     0       212    0.00    0.00    0.00    0.00    0.00    33  ksoftirqd/33
07:35:08 PM     0       212    0.00    0.00    0.00    0.00    0.00    33  ksoftirqd/33
07:35:09 PM     0       212    0.00    0.00    0.00    0.00    0.00    33  ksoftirqd/33
07:35:10 PM     0       212    0.00    0.00    0.00    0.00    0.00    33  ksoftirqd/33
07:35:11 PM     0       212    0.00    0.00    0.00    0.00    0.00    33  ksoftirqd/33
07:35:12 PM     0       212    0.00    0.00    0.00    0.00    0.00    33  ksoftirqd/33
07:35:13 PM     0       212    0.00    0.00    0.00    0.00    0.00    33  ksoftirqd/33
07:35:14 PM     0       212    0.00    0.00    0.00    0.00    0.00    33  ksoftirqd/33
07:35:15 PM     0       212    0.00    0.00    0.00    0.00    0.00    33  ksoftirqd/33
07:35:16 PM     0       212    0.00    0.00    0.00    0.00    0.00    33  ksoftirqd/33
07:35:17 PM     0       212    0.00    0.00    0.00    0.00    0.00    33  ksoftirqd/33
07:35:18 PM     0       212    0.00    0.00    0.00    0.00    0.00    33  ksoftirqd/33
07:35:19 PM     0       212    0.00    0.00    0.00    0.00    0.00    33  ksoftirqd/33
07:35:20 PM     0       212    0.00    0.00    0.00    0.00    0.00    33  ksoftirqd/33
07:35:21 PM     0       212    0.00    0.00    0.00    0.00    0.00    33  ksoftirqd/33
07:35:22 PM     0       212    0.00    0.00    0.00    0.00    0.00    33  ksoftirqd/33
07:35:23 PM     0       212    0.00    0.00    0.00    0.00    0.00    33  ksoftirqd/33
07:35:24 PM     0       212    0.00    0.00    0.00    0.00    0.00    33  ksoftirqd/33
07:35:25 PM     0       212    0.00    0.00    0.00    0.00    0.00    33  ksoftirqd/33
07:35:26 PM     0       212    0.00    0.00    0.00    0.00    0.00    33  ksoftirqd/33
07:35:27 PM     0       212    0.00    0.00    0.00    0.00    0.00    33  ksoftirqd/33
07:35:28 PM     0       212    0.00    0.00    0.00    0.00    0.00    33  ksoftirqd/33
07:35:29 PM     0       212    0.00    0.00    0.00    0.00    0.00    33  ksoftirqd/33
07:35:30 PM     0       212    0.00    0.00    0.00    0.00    0.00    33  ksoftirqd/33
07:35:31 PM     0       212    0.00    0.00    0.00    0.00    0.00    33  ksoftirqd/33
07:35:32 PM     0       212    0.00    0.00    0.00    0.00    0.00    33  ksoftirqd/33
07:35:33 PM     0       212    0.00    0.00    0.00    0.00    0.00    33  ksoftirqd/33
07:35:34 PM     0       212    0.00    0.00    0.00    0.00    0.00    33  ksoftirqd/33
07:35:35 PM     0       212    0.00    0.00    0.00    0.00    0.00    33  ksoftirqd/33
07:35:36 PM     0       212    0.00    0.00    0.00    0.00    0.00    33  ksoftirqd/33
07:35:37 PM     0       212    0.00    0.00    0.00    0.00    0.00    33  ksoftirqd/33
07:35:38 PM     0       212    0.00    0.00    0.00    0.00    0.00    33  ksoftirqd/33
07:35:39 PM     0       212    0.00    0.00    0.00    0.00    0.00    33  ksoftirqd/33
07:35:40 PM     0       212    0.00    0.00    0.00    0.00    0.00    33  ksoftirqd/33
07:35:41 PM     0       212    0.00    0.00    0.00    0.00    0.00    33  ksoftirqd/33
07:35:42 PM     0       212    0.00    0.00    0.00    0.00    0.00    33  ksoftirqd/33
07:35:43 PM     0       212    0.00    0.00    0.00    0.00    0.00    33  ksoftirqd/33
07:35:44 PM     0       212    0.00    0.00    0.00    0.00    0.00    33  ksoftirqd/33
07:35:45 PM     0       212    0.00    0.00    0.00    0.00    0.00    33  ksoftirqd/33
07:35:46 PM     0       212    0.00    0.00    0.00    0.00    0.00    33  ksoftirqd/33
07:35:47 PM     0       212    0.00    0.00    0.00    0.00    0.00    33  ksoftirqd/33
07:35:48 PM     0       212    0.00    0.00    0.00    0.00    0.00    33  ksoftirqd/33
07:35:49 PM     0       212    0.00    0.00    0.00    0.00    0.00    33  ksoftirqd/33
07:35:50 PM     0       212    0.00    0.00    0.00    0.00    0.00    33  ksoftirqd/33
07:35:51 PM     0       212    0.00    0.00    0.00    0.00    0.00    33  ksoftirqd/33
07:35:52 PM     0       212    0.00    0.00    0.00    0.00    0.00    33  ksoftirqd/33
07:35:53 PM     0       212    0.00    0.00    0.00    0.00    0.00    33  ksoftirqd/33
07:35:54 PM     0       212    0.00    0.00    0.00    0.00    0.00    33  ksoftirqd/33
07:35:55 PM     0       212    0.00    0.00    0.00    0.00    0.00    33  ksoftirqd/33
07:35:56 PM     0       212    0.00    0.00    0.00    0.00    0.00    33  ksoftirqd/33
07:35:57 PM     0       212    0.00    0.00    0.00    0.00    0.00    33  ksoftirqd/33
07:35:58 PM     0       212    0.00    0.00    0.00    0.00    0.00    33  ksoftirqd/33
07:35:59 PM     0       212    0.00    0.00    0.00    0.00    0.00    33  ksoftirqd/33
07:36:00 PM     0       212    0.00    0.00    0.00    0.00    0.00    33  ksoftirqd/33
07:36:01 PM     0       212    0.00    0.00    0.00    0.00    0.00    33  ksoftirqd/33
07:36:02 PM     0       212    0.00    0.00    0.00    0.00    0.00    33  ksoftirqd/33
07:36:03 PM     0       212    0.00    0.00    0.00    0.00    0.00    33  ksoftirqd/33
07:36:04 PM     0       212    0.00    0.00    0.00    0.00    0.00    33  ksoftirqd/33
07:36:05 PM     0       212    0.00    0.00    0.00    0.00    0.00    33  ksoftirqd/33
07:36:06 PM     0       212    0.00    0.00    0.00    0.00    0.00    33  ksoftirqd/33
07:36:07 PM     0       212    0.00    0.00    0.00    0.00    0.00    33  ksoftirqd/33
07:36:08 PM     0       212    0.00    0.00    0.00    0.00    0.00    33  ksoftirqd/33
07:36:09 PM     0       212    0.00    0.00    0.00    0.00    0.00    33  ksoftirqd/33
07:36:10 PM     0       212    0.00    0.00    0.00    0.00    0.00    33  ksoftirqd/33
07:36:11 PM     0       212    0.00    0.00    0.00    0.00    0.00    33  ksoftirqd/33
07:36:12 PM     0       212    0.00    0.00    0.00    0.00    0.00    33  ksoftirqd/33
07:36:13 PM     0       212    0.00    0.00    0.00    0.00    0.00    33  ksoftirqd/33
07:36:14 PM     0       212    0.00    0.00    0.00    0.00    0.00    33  ksoftirqd/33
07:36:15 PM     0       212    0.00    0.00    0.00    0.00    0.00    33  ksoftirqd/33
07:36:16 PM     0       212    0.00    0.00    0.00    0.00    0.00    33  ksoftirqd/33
07:36:17 PM     0       212    0.00    0.00    0.00    0.00    0.00    33  ksoftirqd/33
07:36:18 PM     0       212    0.00    0.00    0.00    0.00    0.00    33  ksoftirqd/33
07:36:19 PM     0       212    0.00    0.00    0.00    0.00    0.00    33  ksoftirqd/33
07:36:20 PM     0       212    0.00    0.00    0.00    0.00    0.00    33  ksoftirqd/33
07:36:21 PM     0       212    0.00    0.00    0.00    0.00    0.00    33  ksoftirqd/33
07:36:22 PM     0       212    0.00    0.00    0.00    0.00    0.00    33  ksoftirqd/33
07:36:23 PM     0       212    0.00    0.00    0.00    0.00    0.00    33  ksoftirqd/33
07:36:24 PM     0       212    0.00    0.00    0.00    0.00    0.00    33  ksoftirqd/33
07:36:25 PM     0       212    0.00    0.00    0.00    0.00    0.00    33  ksoftirqd/33
07:36:26 PM     0       212    0.00    0.00    0.00    0.00    0.00    33  ksoftirqd/33
07:36:27 PM     0       212    0.00    0.00    0.00    0.00    0.00    33  ksoftirqd/33
07:36:28 PM     0       212    0.00    0.00    0.00    0.00    0.00    33  ksoftirqd/33
07:36:29 PM     0       212    0.00    0.00    0.00    0.00    0.00    33  ksoftirqd/33
07:36:30 PM     0       212    0.00    0.00    0.00    0.00    0.00    33  ksoftirqd/33
07:36:31 PM     0       212    0.00    0.00    0.00    0.00    0.00    33  ksoftirqd/33
07:36:32 PM     0       212    0.00    0.00    0.00    0.00    0.00    33  ksoftirqd/33
07:36:33 PM     0       212    0.00    0.00    0.00    0.00    0.00    33  ksoftirqd/33
07:36:34 PM     0       212    0.00    0.00    0.00    0.00    0.00    33  ksoftirqd/33
07:36:35 PM     0       212    0.00    0.00    0.00    0.00    0.00    33  ksoftirqd/33
07:36:36 PM     0       212    0.00    0.00    0.00    0.00    0.00    33  ksoftirqd/33
07:36:37 PM     0       212    0.00    0.00    0.00    0.00    0.00    33  ksoftirqd/33
07:36:38 PM     0       212    0.00    0.00    0.00    0.00    0.00    33  ksoftirqd/33
07:36:39 PM     0       212    0.00    0.00    0.00    0.00    0.00    33  ksoftirqd/33
07:36:40 PM     0       212    0.00    0.00    0.00    0.00    0.00    33  ksoftirqd/33
07:36:41 PM     0       212    0.00    0.00    0.00    0.00    0.00    33  ksoftirqd/33
07:36:42 PM     0       212    0.00    0.00    0.00    0.00    0.00    33  ksoftirqd/33
07:36:43 PM     0       212    0.00    0.00    0.00    0.00    0.00    33  ksoftirqd/33
07:36:44 PM     0       212    0.00    0.00    0.00    0.00    0.00    33  ksoftirqd/33
07:36:45 PM     0       212    0.00    0.00    0.00    0.00    0.00    33  ksoftirqd/33
07:36:46 PM     0       212    0.00    0.00    0.00    0.00    0.00    33  ksoftirqd/33
07:36:47 PM     0       212    0.00    0.00    0.00    0.00    0.00    33  ksoftirqd/33
07:36:48 PM     0       212    0.00    0.00    0.00    0.00    0.00    33  ksoftirqd/33
07:36:49 PM     0       212    0.00    0.00    0.00    0.00    0.00    33  ksoftirqd/33
07:36:50 PM     0       212    0.00    0.00    0.00    0.00    0.00    33  ksoftirqd/33
07:36:51 PM     0       212    0.00    0.00    0.00    0.00    0.00    33  ksoftirqd/33
07:36:52 PM     0       212    0.00    0.00    0.00    0.00    0.00    33  ksoftirqd/33
07:36:53 PM     0       212    0.00    0.00    0.00    0.00    0.00    33  ksoftirqd/33
07:36:54 PM     0       212    0.00    0.00    0.00    0.00    0.00    33  ksoftirqd/33
07:36:55 PM     0       212    0.00    0.00    0.00    0.00    0.00    33  ksoftirqd/33
07:36:56 PM     0       212    0.00    0.00    0.00    0.00    0.00    33  ksoftirqd/33
07:36:57 PM     0       212    0.00    0.00    0.00    0.00    0.00    33  ksoftirqd/33
07:36:58 PM     0       212    0.00    0.00    0.00    0.00    0.00    33  ksoftirqd/33
07:36:59 PM     0       212    0.00    0.00    0.00    0.00    0.00    33  ksoftirqd/33
07:37:00 PM     0       212    0.00    0.00    0.00    0.00    0.00    33  ksoftirqd/33
07:37:01 PM     0       212    0.00    0.00    0.00    0.00    0.00    33  ksoftirqd/33
07:37:02 PM     0       212    0.00    0.00    0.00    0.00    0.00    33  ksoftirqd/33
07:37:03 PM     0       212    0.00    0.00    0.00    0.00    0.00    33  ksoftirqd/33
07:37:04 PM     0       212    0.00    0.00    0.00    0.00    0.00    33  ksoftirqd/33
07:37:05 PM     0       212    0.00    0.00    0.00    0.00    0.00    33  ksoftirqd/33
07:37:06 PM     0       212    0.00    0.00    0.00    0.00    0.00    33  ksoftirqd/33
07:37:07 PM     0       212    0.00    0.00    0.00    0.00    0.00    33  ksoftirqd/33
07:37:08 PM     0       212    0.00    0.00    0.00    0.00    0.00    33  ksoftirqd/33
07:37:09 PM     0       212    0.00    0.00    0.00    0.00    0.00    33  ksoftirqd/33
07:37:10 PM     0       212    0.00    0.00    0.00    0.00    0.00    33  ksoftirqd/33
07:37:11 PM     0       212    0.00    0.00    0.00    0.00    0.00    33  ksoftirqd/33
07:37:12 PM     0       212    0.00    0.00    0.00    0.00    0.00    33  ksoftirqd/33
07:37:13 PM     0       212    0.00    0.00    0.00    0.00    0.00    33  ksoftirqd/33
07:37:14 PM     0       212    0.00    0.00    0.00    0.00    0.00    33  ksoftirqd/33
07:37:15 PM     0       212    0.00    0.00    0.00    0.00    0.00    33  ksoftirqd/33
07:37:16 PM     0       212    0.00    0.00    0.00    0.00    0.00    33  ksoftirqd/33
07:37:17 PM     0       212    0.00    0.00    0.00    0.00    0.00    33  ksoftirqd/33
07:37:18 PM     0       212    0.00    0.00    0.00    0.00    0.00    33  ksoftirqd/33
07:37:19 PM     0       212    0.00    0.00    0.00    0.00    0.00    33  ksoftirqd/33
07:37:20 PM     0       212    0.00    0.00    0.00    0.00    0.00    33  ksoftirqd/33
07:37:21 PM     0       212    0.00    0.00    0.00    0.00    0.00    33  ksoftirqd/33
07:37:22 PM     0       212    0.00    0.00    0.00    0.00    0.00    33  ksoftirqd/33
07:37:23 PM     0       212    0.00    0.00    0.00    0.00    0.00    33  ksoftirqd/33
07:37:24 PM     0       212    0.00    0.00    0.00    0.00    0.00    33  ksoftirqd/33
07:37:25 PM     0       212    0.00    0.00    0.00    0.00    0.00    33  ksoftirqd/33
07:37:26 PM     0       212    0.00    0.00    0.00    0.00    0.00    33  ksoftirqd/33
07:37:27 PM     0       212    0.00    0.00    0.00    0.00    0.00    33  ksoftirqd/33
07:37:28 PM     0       212    0.00    0.00    0.00    0.00    0.00    33  ksoftirqd/33
07:37:29 PM     0       212    0.00    0.00    0.00    0.00    0.00    33  ksoftirqd/33
07:37:30 PM     0       212    0.00    0.00    0.00    0.00    0.00    33  ksoftirqd/33
07:37:31 PM     0       212    0.00    0.00    0.00    0.00    0.00    33  ksoftirqd/33
07:37:32 PM     0       212    0.00    0.00    0.00    0.00    0.00    33  ksoftirqd/33
07:37:33 PM     0       212    0.00    0.00    0.00    0.00    0.00    33  ksoftirqd/33
07:37:34 PM     0       212    0.00    0.00    0.00    0.00    0.00    33  ksoftirqd/33
07:37:35 PM     0       212    0.00    0.00    0.00    0.00    0.00    33  ksoftirqd/33
07:37:36 PM     0       212    0.00    0.00    0.00    0.00    0.00    33  ksoftirqd/33
07:37:37 PM     0       212    0.00    0.00    0.00    0.00    0.00    33  ksoftirqd/33
07:37:38 PM     0       212    0.00    0.00    0.00    0.00    0.00    33  ksoftirqd/33
07:37:39 PM     0       212    0.00    0.00    0.00    0.00    0.00    33  ksoftirqd/33
07:37:40 PM     0       212    0.00    0.00    0.00    0.00    0.00    33  ksoftirqd/33
07:37:41 PM     0       212    0.00    0.00    0.00    0.00    0.00    33  ksoftirqd/33
07:37:42 PM     0       212    0.00    0.00    0.00    0.00    0.00    33  ksoftirqd/33
07:37:43 PM     0       212    0.00    0.00    0.00    0.00    0.00    33  ksoftirqd/33
07:37:44 PM     0       212    0.00    0.00    0.00    0.00    0.00    33  ksoftirqd/33
07:37:45 PM     0       212    0.00    0.00    0.00    0.00    0.00    33  ksoftirqd/33
07:37:46 PM     0       212    0.00    0.00    0.00    0.00    0.00    33  ksoftirqd/33
07:37:47 PM     0       212    0.00    0.00    0.00    0.00    0.00    33  ksoftirqd/33
07:37:48 PM     0       212    0.00    0.00    0.00    0.00    0.00    33  ksoftirqd/33
07:37:49 PM     0       212    0.00    0.00    0.00    0.00    0.00    33  ksoftirqd/33
07:37:50 PM     0       212    0.00    0.00    0.00    0.00    0.00    33  ksoftirqd/33
07:37:51 PM     0       212    0.00    0.00    0.00    0.00    0.00    33  ksoftirqd/33
07:37:52 PM     0       212    0.00    0.00    0.00    0.00    0.00    33  ksoftirqd/33
07:37:53 PM     0       212    0.00    0.00    0.00    0.00    0.00    33  ksoftirqd/33
07:37:54 PM     0       212    0.00    0.00    0.00    0.00    0.00    33  ksoftirqd/33
07:37:55 PM     0       212    0.00    0.00    0.00    0.00    0.00    33  ksoftirqd/33
07:37:56 PM     0       212    0.00    0.00    0.00    0.00    0.00    33  ksoftirqd/33
07:37:57 PM     0       212    0.00    0.00    0.00    0.00    0.00    33  ksoftirqd/33
07:37:58 PM     0       212    0.00    0.00    0.00    0.00    0.00    33  ksoftirqd/33
07:37:59 PM     0       212    0.00    0.00    0.00    0.00    0.00    33  ksoftirqd/33
07:38:00 PM     0       212    0.00    0.00    0.00    0.00    0.00    33  ksoftirqd/33
07:38:01 PM     0       212    0.00    0.00    0.00    0.00    0.00    33  ksoftirqd/33
07:38:02 PM     0       212    0.00    0.00    0.00    0.00    0.00    33  ksoftirqd/33
07:38:03 PM     0       212    0.00    0.00    0.00    0.00    0.00    33  ksoftirqd/33
07:38:04 PM     0       212    0.00    0.00    0.00    0.00    0.00    33  ksoftirqd/33
07:38:05 PM     0       212    0.00    0.00    0.00    0.00    0.00    33  ksoftirqd/33
07:38:06 PM     0       212    0.00    0.00    0.00    0.00    0.00    33  ksoftirqd/33
07:38:07 PM     0       212    0.00    0.00    0.00    0.00    0.00    33  ksoftirqd/33
07:38:08 PM     0       212    0.00    0.00    0.00    0.00    0.00    33  ksoftirqd/33
07:38:09 PM     0       212    0.00    0.00    0.00    0.00    0.00    33  ksoftirqd/33
07:38:10 PM     0       212    0.00    0.00    0.00    0.00    0.00    33  ksoftirqd/33
07:38:11 PM     0       212    0.00    0.00    0.00    0.00    0.00    33  ksoftirqd/33
07:38:12 PM     0       212    0.00    0.00    0.00    0.00    0.00    33  ksoftirqd/33
07:38:13 PM     0       212    0.00    0.00    0.00    0.00    0.00    33  ksoftirqd/33
07:38:14 PM     0       212    0.00    0.00    0.00    0.00    0.00    33  ksoftirqd/33
07:38:15 PM     0       212    0.00    0.00    0.00    0.00    0.00    33  ksoftirqd/33
07:38:16 PM     0       212    0.00    0.00    0.00    0.00    0.00    33  ksoftirqd/33
07:38:17 PM     0       212    0.00    0.00    0.00    0.00    0.00    33  ksoftirqd/33
07:38:18 PM     0       212    0.00    0.00    0.00    0.00    0.00    33  ksoftirqd/33
07:38:19 PM     0       212    0.00    0.00    0.00    0.00    0.00    33  ksoftirqd/33
07:38:20 PM     0       212    0.00    0.00    0.00    0.00    0.00    33  ksoftirqd/33
07:38:21 PM     0       212    0.00    0.00    0.00    0.00    0.00    33  ksoftirqd/33
07:38:22 PM     0       212    0.00    0.00    0.00    0.00    0.00    33  ksoftirqd/33
07:38:23 PM     0       212    0.00    0.00    0.00    0.00    0.00    33  ksoftirqd/33
07:38:24 PM     0       212    0.00    0.00    0.00    0.00    0.00    33  ksoftirqd/33
07:38:25 PM     0       212    0.00    0.00    0.00    0.00    0.00    33  ksoftirqd/33
07:38:26 PM     0       212    0.00    0.00    0.00    0.00    0.00    33  ksoftirqd/33
07:38:27 PM     0       212    0.00    0.00    0.00    0.00    0.00    33  ksoftirqd/33
07:38:28 PM     0       212    0.00    0.00    0.00    0.00    0.00    33  ksoftirqd/33
07:38:29 PM     0       212    0.00    0.00    0.00    0.00    0.00    33  ksoftirqd/33
07:38:30 PM     0       212    0.00    0.00    0.00    0.00    0.00    33  ksoftirqd/33
07:38:31 PM     0       212    0.00    0.00    0.00    0.00    0.00    33  ksoftirqd/33
07:38:32 PM     0       212    0.00    0.00    0.00    0.00    0.00    33  ksoftirqd/33
07:38:33 PM     0       212    0.00    0.00    0.00    0.00    0.00    33  ksoftirqd/33
07:38:34 PM     0       212    0.00    0.00    0.00    0.00    0.00    33  ksoftirqd/33
07:38:35 PM     0       212    0.00    0.00    0.00    0.00    0.00    33  ksoftirqd/33
07:38:36 PM     0       212    0.00    0.00    0.00    0.00    0.00    33  ksoftirqd/33
07:38:37 PM     0       212    0.00    0.00    0.00    0.00    0.00    33  ksoftirqd/33
07:38:38 PM     0       212    0.00    0.00    0.00    0.00    0.00    33  ksoftirqd/33
07:38:39 PM     0       212    0.00    0.00    0.00    0.00    0.00    33  ksoftirqd/33
07:38:40 PM     0       212    0.00    0.00    0.00    0.00    0.00    33  ksoftirqd/33
07:38:41 PM     0       212    0.00    0.00    0.00    0.00    0.00    33  ksoftirqd/33
07:38:42 PM     0       212    0.00    0.00    0.00    0.00    0.00    33  ksoftirqd/33
07:38:43 PM     0       212    0.00    0.00    0.00    0.00    0.00    33  ksoftirqd/33
07:38:44 PM     0       212    0.00    0.00    0.00    0.00    0.00    33  ksoftirqd/33
07:38:45 PM     0       212    0.00    0.00    0.00    0.00    0.00    33  ksoftirqd/33
07:38:46 PM     0       212    0.00    0.00    0.00    0.00    0.00    33  ksoftirqd/33
07:38:47 PM     0       212    0.00    0.00    0.00    0.00    0.00    33  ksoftirqd/33
07:38:48 PM     0       212    0.00    0.00    0.00    0.00    0.00    33  ksoftirqd/33
07:38:49 PM     0       212    0.00    0.00    0.00    0.00    0.00    33  ksoftirqd/33
07:38:50 PM     0       212    0.00    0.00    0.00    0.00    0.00    33  ksoftirqd/33
07:38:51 PM     0       212    0.00    0.00    0.00    0.00    0.00    33  ksoftirqd/33
07:38:52 PM     0       212    0.00    0.00    0.00    0.00    0.00    33  ksoftirqd/33
07:38:53 PM     0       212    0.00    0.00    0.00    0.00    0.00    33  ksoftirqd/33
07:38:54 PM     0       212    0.00    0.00    0.00    0.00    0.00    33  ksoftirqd/33
07:38:55 PM     0       212    0.00    0.00    0.00    0.00    0.00    33  ksoftirqd/33
07:38:56 PM     0       212    0.00    0.00    0.00    0.00    0.00    33  ksoftirqd/33
07:38:57 PM     0       212    0.00    0.00    0.00    0.00    0.00    33  ksoftirqd/33
07:38:58 PM     0       212    0.00    0.00    0.00    0.00    0.00    33  ksoftirqd/33
07:38:59 PM     0       212    0.00    0.00    0.00    0.00    0.00    33  ksoftirqd/33
07:39:00 PM     0       212    0.00    0.00    0.00    0.00    0.00    33  ksoftirqd/33
07:39:01 PM     0       212    0.00    0.00    0.00    0.00    0.00    33  ksoftirqd/33
07:39:02 PM     0       212    0.00    0.00    0.00    0.00    0.00    33  ksoftirqd/33
07:39:03 PM     0       212    0.00    0.00    0.00    0.00    0.00    33  ksoftirqd/33
07:39:04 PM     0       212    0.00    0.00    0.00    0.00    0.00    33  ksoftirqd/33
07:39:05 PM     0       212    0.00    0.00    0.00    0.00    0.00    33  ksoftirqd/33
07:39:06 PM     0       212    0.00    0.00    0.00    0.00    0.00    33  ksoftirqd/33
07:39:07 PM     0       212    0.00    0.00    0.00    0.00    0.00    33  ksoftirqd/33
07:39:08 PM     0       212    0.00    0.00    0.00    0.00    0.00    33  ksoftirqd/33
07:39:09 PM     0       212    0.00    0.00    0.00    0.00    0.00    33  ksoftirqd/33
07:39:10 PM     0       212    0.00    0.00    0.00    0.00    0.00    33  ksoftirqd/33
07:39:11 PM     0       212    0.00    0.00    0.00    0.00    0.00    33  ksoftirqd/33
07:39:12 PM     0       212    0.00    0.00    0.00    0.00    0.00    33  ksoftirqd/33
07:39:13 PM     0       212    0.00    0.00    0.00    0.00    0.00    33  ksoftirqd/33
07:39:14 PM     0       212    0.00    0.00    0.00    0.00    0.00    33  ksoftirqd/33
07:39:15 PM     0       212    0.00    0.00    0.00    0.00    0.00    33  ksoftirqd/33
07:39:16 PM     0       212    0.00    0.00    0.00    0.00    0.00    33  ksoftirqd/33
07:39:17 PM     0       212    0.00    0.00    0.00    0.00    0.00    33  ksoftirqd/33
07:39:18 PM     0       212    0.00    0.00    0.00    0.00    0.00    33  ksoftirqd/33
07:39:19 PM     0       212    0.00    0.00    0.00    0.00    0.00    33  ksoftirqd/33
07:39:20 PM     0       212    0.00    0.00    0.00    0.00    0.00    33  ksoftirqd/33
07:39:21 PM     0       212    0.00    0.00    0.00    0.00    0.00    33  ksoftirqd/33
07:39:22 PM     0       212    0.00    0.00    0.00    0.00    0.00    33  ksoftirqd/33
07:39:23 PM     0       212    0.00    0.00    0.00    0.00    0.00    33  ksoftirqd/33
07:39:24 PM     0       212    0.00    0.00    0.00    0.00    0.00    33  ksoftirqd/33
07:39:25 PM     0       212    0.00    0.00    0.00    0.00    0.00    33  ksoftirqd/33
07:39:26 PM     0       212    0.00    0.00    0.00    0.00    0.00    33  ksoftirqd/33
07:39:27 PM     0       212    0.00    0.00    0.00    0.00    0.00    33  ksoftirqd/33
07:39:28 PM     0       212    0.00    0.00    0.00    0.00    0.00    33  ksoftirqd/33
07:39:29 PM     0       212    0.00    0.00    0.00    0.00    0.00    33  ksoftirqd/33
07:39:30 PM     0       212    0.00    0.00    0.00    0.00    0.00    33  ksoftirqd/33
07:39:31 PM     0       212    0.00    0.00    0.00    0.00    0.00    33  ksoftirqd/33
07:39:32 PM     0       212    0.00    0.00    0.00    0.00    0.00    33  ksoftirqd/33
07:39:33 PM     0       212    0.00    0.00    0.00    0.00    0.00    33  ksoftirqd/33
07:39:34 PM     0       212    0.00    0.00    0.00    0.00    0.00    33  ksoftirqd/33
07:39:35 PM     0       212    0.00    0.00    0.00    0.00    0.00    33  ksoftirqd/33
07:39:36 PM     0       212    0.00    0.00    0.00    0.00    0.00    33  ksoftirqd/33
07:39:37 PM     0       212    0.00    0.00    0.00    0.00    0.00    33  ksoftirqd/33
07:39:38 PM     0       212    0.00    0.00    0.00    0.00    0.00    33  ksoftirqd/33
07:39:39 PM     0       212    0.00    0.00    0.00    0.00    0.00    33  ksoftirqd/33
07:39:40 PM     0       212    0.00    0.00    0.00    0.00    0.00    33  ksoftirqd/33
07:39:41 PM     0       212    0.00    0.00    0.00    0.00    0.00    33  ksoftirqd/33
07:39:42 PM     0       212    0.00    0.00    0.00    0.00    0.00    33  ksoftirqd/33
07:39:43 PM     0       212    0.00    0.00    0.00    0.00    0.00    33  ksoftirqd/33
07:39:44 PM     0       212    0.00    0.00    0.00    0.00    0.00    33  ksoftirqd/33
07:39:45 PM     0       212    0.00    0.00    0.00    0.00    0.00    33  ksoftirqd/33
07:39:46 PM     0       212    0.00    0.00    0.00    0.00    0.00    33  ksoftirqd/33
07:39:47 PM     0       212    0.00    0.00    0.00    0.00    0.00    33  ksoftirqd/33
07:39:48 PM     0       212    0.00    0.00    0.00    0.00    0.00    33  ksoftirqd/33
07:39:49 PM     0       212    0.00    0.00    0.00    0.00    0.00    33  ksoftirqd/33
07:39:50 PM     0       212    0.00    0.00    0.00    0.00    0.00    33  ksoftirqd/33
07:39:51 PM     0       212    0.00    0.00    0.00    0.00    0.00    33  ksoftirqd/33
07:39:52 PM     0       212    0.00    0.00    0.00    0.00    0.00    33  ksoftirqd/33
07:39:53 PM     0       212    0.00    0.00    0.00    0.00    0.00    33  ksoftirqd/33
07:39:54 PM     0       212    0.00    0.00    0.00    0.00    0.00    33  ksoftirqd/33
07:39:55 PM     0       212    0.00    0.00    0.00    0.00    0.00    33  ksoftirqd/33
07:39:56 PM     0       212    0.00    0.00    0.00    0.00    0.00    33  ksoftirqd/33
07:39:57 PM     0       212    0.00    0.00    0.00    0.00    0.00    33  ksoftirqd/33
07:39:58 PM     0       212    0.00    0.00    0.00    0.00    0.00    33  ksoftirqd/33
07:39:59 PM     0       212    0.00    0.00    0.00    0.00    0.00    33  ksoftirqd/33
07:40:00 PM     0       212    0.00    0.00    0.00    0.00    0.00    33  ksoftirqd/33
07:40:01 PM     0       212    0.00    0.00    0.00    0.00    0.00    33  ksoftirqd/33
07:40:02 PM     0       212    0.00    0.00    0.00    0.00    0.00    33  ksoftirqd/33
07:40:03 PM     0       212    0.00    0.00    0.00    0.00    0.00    33  ksoftirqd/33
07:40:04 PM     0       212    0.00    0.00    0.00    0.00    0.00    33  ksoftirqd/33
07:40:05 PM     0       212    0.00    0.00    0.00    0.00    0.00    33  ksoftirqd/33
07:40:06 PM     0       212    0.00    0.00    0.00    0.00    0.00    33  ksoftirqd/33
07:40:07 PM     0       212    0.00    0.00    0.00    0.00    0.00    33  ksoftirqd/33
07:40:08 PM     0       212    0.00    0.00    0.00    0.00    0.00    33  ksoftirqd/33
07:40:09 PM     0       212    0.00    0.00    0.00    0.00    0.00    33  ksoftirqd/33
07:40:10 PM     0       212    0.00    0.00    0.00    0.00    0.00    33  ksoftirqd/33
07:40:11 PM     0       212    0.00    0.00    0.00    0.00    0.00    33  ksoftirqd/33
07:40:12 PM     0       212    0.00    0.00    0.00    0.00    0.00    33  ksoftirqd/33
07:40:13 PM     0       212    0.00    0.00    0.00    0.00    0.00    33  ksoftirqd/33
07:40:14 PM     0       212    0.00    0.00    0.00    0.00    0.00    33  ksoftirqd/33
07:40:15 PM     0       212    0.00    0.00    0.00    0.00    0.00    33  ksoftirqd/33
07:40:16 PM     0       212    0.00    0.00    0.00    0.00    0.00    33  ksoftirqd/33
07:40:17 PM     0       212    0.00    0.00    0.00    0.00    0.00    33  ksoftirqd/33
07:40:18 PM     0       212    0.00    0.00    0.00    0.00    0.00    33  ksoftirqd/33
07:40:19 PM     0       212    0.00    0.00    0.00    0.00    0.00    33  ksoftirqd/33
07:40:20 PM     0       212    0.00    0.00    0.00    0.00    0.00    33  ksoftirqd/33
07:40:21 PM     0       212    0.00    0.00    0.00    0.00    0.00    33  ksoftirqd/33
07:40:22 PM     0       212    0.00    0.00    0.00    0.00    0.00    33  ksoftirqd/33
07:40:23 PM     0       212    0.00    0.00    0.00    0.00    0.00    33  ksoftirqd/33
07:40:24 PM     0       212    0.00    0.00    0.00    0.00    0.00    33  ksoftirqd/33
07:40:25 PM     0       212    0.00    0.00    0.00    0.00    0.00    33  ksoftirqd/33
07:40:26 PM     0       212    0.00    0.00    0.00    0.00    0.00    33  ksoftirqd/33
07:40:27 PM     0       212    0.00    0.00    0.00    0.00    0.00    33  ksoftirqd/33
07:40:28 PM     0       212    0.00    0.00    0.00    0.00    0.00    33  ksoftirqd/33
07:40:29 PM     0       212    0.00    0.00    0.00    0.00    0.00    33  ksoftirqd/33
07:40:30 PM     0       212    0.00    0.00    0.00    0.00    0.00    33  ksoftirqd/33
07:40:31 PM     0       212    0.00    0.00    0.00    0.00    0.00    33  ksoftirqd/33
07:40:32 PM     0       212    0.00    0.00    0.00    0.00    0.00    33  ksoftirqd/33
07:40:33 PM     0       212    0.00    0.00    0.00    0.00    0.00    33  ksoftirqd/33
07:40:34 PM     0       212    0.00    0.00    0.00    0.00    0.00    33  ksoftirqd/33
07:40:35 PM     0       212    0.00    0.00    0.00    0.00    0.00    33  ksoftirqd/33
07:40:36 PM     0       212    0.00    0.00    0.00    0.00    0.00    33  ksoftirqd/33
07:40:37 PM     0       212    0.00    0.00    0.00    0.00    0.00    33  ksoftirqd/33
07:40:38 PM     0       212    0.00    0.00    0.00    0.00    0.00    33  ksoftirqd/33
07:40:39 PM     0       212    0.00    0.00    0.00    0.00    0.00    33  ksoftirqd/33
07:40:40 PM     0       212    0.00    0.00    0.00    0.00    0.00    33  ksoftirqd/33
07:40:41 PM     0       212    0.00    0.00    0.00    0.00    0.00    33  ksoftirqd/33
07:40:42 PM     0       212    0.00    0.00    0.00    0.00    0.00    33  ksoftirqd/33
07:40:43 PM     0       212    0.00    0.00    0.00    0.00    0.00    33  ksoftirqd/33
07:40:44 PM     0       212    0.00    0.00    0.00    0.00    0.00    33  ksoftirqd/33
07:40:45 PM     0       212    0.00    0.00    0.00    0.00    0.00    33  ksoftirqd/33
07:40:46 PM     0       212    0.00    0.00    0.00    0.00    0.00    33  ksoftirqd/33
07:40:47 PM     0       212    0.00    0.00    0.00    0.00    0.00    33  ksoftirqd/33
07:40:48 PM     0       212    0.00    0.00    0.00    0.00    0.00    33  ksoftirqd/33
07:40:49 PM     0       212    0.00    0.00    0.00    0.00    0.00    33  ksoftirqd/33
07:40:50 PM     0       212    0.00    0.00    0.00    0.00    0.00    33  ksoftirqd/33
07:40:51 PM     0       212    0.00    0.00    0.00    0.00    0.00    33  ksoftirqd/33
07:40:52 PM     0       212    0.00    0.00    0.00    0.00    0.00    33  ksoftirqd/33
07:40:53 PM     0       212    0.00    0.00    0.00    0.00    0.00    33  ksoftirqd/33
07:40:54 PM     0       212    0.00    0.00    0.00    0.00    0.00    33  ksoftirqd/33
07:40:55 PM     0       212    0.00    0.00    0.00    0.00    0.00    33  ksoftirqd/33
07:40:56 PM     0       212    0.00    0.00    0.00    0.00    0.00    33  ksoftirqd/33
07:40:57 PM     0       212    0.00    0.00    0.00    0.00    0.00    33  ksoftirqd/33
07:40:58 PM     0       212    0.00    0.00    0.00    0.00    0.00    33  ksoftirqd/33
07:40:59 PM     0       212    0.00    0.00    0.00    0.00    0.00    33  ksoftirqd/33
07:41:00 PM     0       212    0.00    0.00    0.00    0.00    0.00    33  ksoftirqd/33
07:41:01 PM     0       212    0.00    0.00    0.00    0.00    0.00    33  ksoftirqd/33
07:41:02 PM     0       212    0.00    0.00    0.00    0.00    0.00    33  ksoftirqd/33
07:41:03 PM     0       212    0.00    0.00    0.00    0.00    0.00    33  ksoftirqd/33
07:41:04 PM     0       212    0.00    0.00    0.00    0.00    0.00    33  ksoftirqd/33
07:41:05 PM     0       212    0.00    0.00    0.00    0.00    0.00    33  ksoftirqd/33
07:41:06 PM     0       212    0.00    0.00    0.00    0.00    0.00    33  ksoftirqd/33
07:41:07 PM     0       212    0.00    0.00    0.00    0.00    0.00    33  ksoftirqd/33
07:41:08 PM     0       212    0.00    0.00    0.00    0.00    0.00    33  ksoftirqd/33
07:41:09 PM     0       212    0.00    0.00    0.00    0.00    0.00    33  ksoftirqd/33
07:41:10 PM     0       212    0.00    0.00    0.00    0.00    0.00    33  ksoftirqd/33
07:41:11 PM     0       212    0.00    0.00    0.00    0.00    0.00    33  ksoftirqd/33
07:41:12 PM     0       212    0.00    0.00    0.00    0.00    0.00    33  ksoftirqd/33
07:41:13 PM     0       212    0.00    0.00    0.00    0.00    0.00    33  ksoftirqd/33
07:41:14 PM     0       212    0.00    0.00    0.00    0.00    0.00    33  ksoftirqd/33
07:41:15 PM     0       212    0.00    0.00    0.00    0.00    0.00    33  ksoftirqd/33
07:41:16 PM     0       212    0.00    0.00    0.00    0.00    0.00    33  ksoftirqd/33
07:41:17 PM     0       212    0.00    0.00    0.00    0.00    0.00    33  ksoftirqd/33
07:41:18 PM     0       212    0.00    0.00    0.00    0.00    0.00    33  ksoftirqd/33
07:41:19 PM     0       212    0.00    0.00    0.00    0.00    0.00    33  ksoftirqd/33
07:41:20 PM     0       212    0.00    0.00    0.00    0.00    0.00    33  ksoftirqd/33
07:41:21 PM     0       212    0.00    0.00    0.00    0.00    0.00    33  ksoftirqd/33
07:41:22 PM     0       212    0.00    0.00    0.00    0.00    0.00    33  ksoftirqd/33
07:41:23 PM     0       212    0.00    0.00    0.00    0.00    0.00    33  ksoftirqd/33
07:41:24 PM     0       212    0.00    0.00    0.00    0.00    0.00    33  ksoftirqd/33
07:41:25 PM     0       212    0.00    0.00    0.00    0.00    0.00    33  ksoftirqd/33
07:41:26 PM     0       212    0.00    0.00    0.00    0.00    0.00    33  ksoftirqd/33
07:41:27 PM     0       212    0.00    0.00    0.00    0.00    0.00    33  ksoftirqd/33
07:41:28 PM     0       212    0.00    0.00    0.00    0.00    0.00    33  ksoftirqd/33
07:41:29 PM     0       212    0.00    0.00    0.00    0.00    0.00    33  ksoftirqd/33
07:41:30 PM     0       212    0.00    0.00    0.00    0.00    0.00    33  ksoftirqd/33
07:41:31 PM     0       212    0.00    0.00    0.00    0.00    0.00    33  ksoftirqd/33
07:41:32 PM     0       212    0.00    0.00    0.00    0.00    0.00    33  ksoftirqd/33
07:41:33 PM     0       212    0.00    0.00    0.00    0.00    0.00    33  ksoftirqd/33
07:41:34 PM     0       212    0.00    0.00    0.00    0.00    0.00    33  ksoftirqd/33
07:41:35 PM     0       212    0.00    0.00    0.00    0.00    0.00    33  ksoftirqd/33
07:41:36 PM     0       212    0.00    0.00    0.00    0.00    0.00    33  ksoftirqd/33
07:41:37 PM     0       212    0.00    0.00    0.00    0.00    0.00    33  ksoftirqd/33
07:41:38 PM     0       212    0.00    0.00    0.00    0.00    0.00    33  ksoftirqd/33
07:41:39 PM     0       212    0.00    0.00    0.00    0.00    0.00    33  ksoftirqd/33
07:41:40 PM     0       212    0.00    0.00    0.00    0.00    0.00    33  ksoftirqd/33
07:41:41 PM     0       212    0.00    0.00    0.00    0.00    0.00    33  ksoftirqd/33
07:41:42 PM     0       212    0.00    0.00    0.00    0.00    0.00    33  ksoftirqd/33
07:41:43 PM     0       212    0.00    0.00    0.00    0.00    0.00    33  ksoftirqd/33
07:41:44 PM     0       212    0.00    0.00    0.00    0.00    0.00    33  ksoftirqd/33
07:41:45 PM     0       212    0.00    0.00    0.00    0.00    0.00    33  ksoftirqd/33
07:41:46 PM     0       212    0.00    0.00    0.00    0.00    0.00    33  ksoftirqd/33
07:41:47 PM     0       212    0.00    0.00    0.00    0.00    0.00    33  ksoftirqd/33
07:41:48 PM     0       212    0.00    0.00    0.00    0.00    0.00    33  ksoftirqd/33
07:41:49 PM     0       212    0.00    0.00    0.00    0.00    0.00    33  ksoftirqd/33
07:41:50 PM     0       212    0.00    0.00    0.00    0.00    0.00    33  ksoftirqd/33
07:41:51 PM     0       212    0.00    0.00    0.00    0.00    0.00    33  ksoftirqd/33
07:41:52 PM     0       212    0.00    0.00    0.00    0.00    0.00    33  ksoftirqd/33
07:41:53 PM     0       212    0.00    0.00    0.00    0.00    0.00    33  ksoftirqd/33
07:41:54 PM     0       212    0.00    0.00    0.00    0.00    0.00    33  ksoftirqd/33
07:41:55 PM     0       212    0.00    0.00    0.00    0.00    0.00    33  ksoftirqd/33
07:41:56 PM     0       212    0.00    0.00    0.00    0.00    0.00    33  ksoftirqd/33
07:41:57 PM     0       212    0.00    0.00    0.00    0.00    0.00    33  ksoftirqd/33
07:41:58 PM     0       212    0.00    0.00    0.00    0.00    0.00    33  ksoftirqd/33
07:41:59 PM     0       212    0.00    0.00    0.00    0.00    0.00    33  ksoftirqd/33
07:42:00 PM     0       212    0.00    0.00    0.00    0.00    0.00    33  ksoftirqd/33
07:42:01 PM     0       212    0.00    0.00    0.00    0.00    0.00    33  ksoftirqd/33
07:42:02 PM     0       212    0.00    0.00    0.00    0.00    0.00    33  ksoftirqd/33
07:42:03 PM     0       212    0.00    0.00    0.00    0.00    0.00    33  ksoftirqd/33
07:42:04 PM     0       212    0.00    0.00    0.00    0.00    0.00    33  ksoftirqd/33
07:42:05 PM     0       212    0.00    0.00    0.00    0.00    0.00    33  ksoftirqd/33
07:42:06 PM     0       212    0.00    0.00    0.00    0.00    0.00    33  ksoftirqd/33
07:42:07 PM     0       212    0.00    0.00    0.00    0.00    0.00    33  ksoftirqd/33
07:42:08 PM     0       212    0.00    0.00    0.00    0.00    0.00    33  ksoftirqd/33
07:42:09 PM     0       212    0.00    0.00    0.00    0.00    0.00    33  ksoftirqd/33
07:42:10 PM     0       212    0.00    0.00    0.00    0.00    0.00    33  ksoftirqd/33
07:42:11 PM     0       212    0.00    0.00    0.00    0.00    0.00    33  ksoftirqd/33
07:42:12 PM     0       212    0.00    0.00    0.00    0.00    0.00    33  ksoftirqd/33
07:42:13 PM     0       212    0.00    0.00    0.00    0.00    0.00    33  ksoftirqd/33
07:42:14 PM     0       212    0.00    0.00    0.00    0.00    0.00    33  ksoftirqd/33
07:42:15 PM     0       212    0.00    1.00    0.00    1.00    1.00    33  ksoftirqd/33
07:42:16 PM     0       212    0.00    0.00    0.00    0.00    0.00    33  ksoftirqd/33
07:42:17 PM     0       212    0.00    0.00    0.00    0.00    0.00    33  ksoftirqd/33
07:42:18 PM     0       212    0.00    0.00    0.00    0.00    0.00    33  ksoftirqd/33
07:42:19 PM     0       212    0.00    0.00    0.00    0.00    0.00    33  ksoftirqd/33
07:42:20 PM     0       212    0.00    0.00    0.00    0.00    0.00    33  ksoftirqd/33
07:42:21 PM     0       212    0.00    0.00    0.00    0.00    0.00    33  ksoftirqd/33
07:42:22 PM     0       212    0.00    0.00    0.00    0.00    0.00    33  ksoftirqd/33
07:42:23 PM     0       212    0.00    0.00    0.00    0.00    0.00    33  ksoftirqd/33
07:42:24 PM     0       212    0.00    0.00    0.00    0.00    0.00    33  ksoftirqd/33
07:42:25 PM     0       212    0.00    0.00    0.00    0.00    0.00    33  ksoftirqd/33
07:42:26 PM     0       212    0.00    0.00    0.00    0.00    0.00    33  ksoftirqd/33
07:42:27 PM     0       212    0.00    0.00    0.00    0.00    0.00    33  ksoftirqd/33
07:42:28 PM     0       212    0.00    0.00    0.00    0.00    0.00    33  ksoftirqd/33
07:42:29 PM     0       212    0.00    0.00    0.00    0.00    0.00    33  ksoftirqd/33
07:42:30 PM     0       212    0.00    0.00    0.00    0.00    0.00    33  ksoftirqd/33
07:42:31 PM     0       212    0.00    0.00    0.00    0.00    0.00    33  ksoftirqd/33
07:42:32 PM     0       212    0.00    0.00    0.00    0.00    0.00    33  ksoftirqd/33
07:42:33 PM     0       212    0.00    0.00    0.00    0.00    0.00    33  ksoftirqd/33
07:42:34 PM     0       212    0.00    0.00    0.00    0.00    0.00    33  ksoftirqd/33
07:42:35 PM     0       212    0.00    0.00    0.00    0.00    0.00    33  ksoftirqd/33
07:42:36 PM     0       212    0.00    0.00    0.00    0.00    0.00    33  ksoftirqd/33
07:42:37 PM     0       212    0.00    1.00    0.00    0.00    1.00    33  ksoftirqd/33
07:42:38 PM     0       212    0.00    0.00    0.00    0.00    0.00    33  ksoftirqd/33
07:42:39 PM     0       212    0.00    0.00    0.00    0.00    0.00    33  ksoftirqd/33
07:42:40 PM     0       212    0.00    0.00    0.00    0.00    0.00    33  ksoftirqd/33
07:42:41 PM     0       212    0.00    0.00    0.00    0.00    0.00    33  ksoftirqd/33
07:42:42 PM     0       212    0.00    0.00    0.00    0.00    0.00    33  ksoftirqd/33
07:42:43 PM     0       212    0.00    0.00    0.00    0.00    0.00    33  ksoftirqd/33
07:42:44 PM     0       212    0.00    0.00    0.00    0.00    0.00    33  ksoftirqd/33
07:42:45 PM     0       212    0.00    0.00    0.00    0.00    0.00    33  ksoftirqd/33
07:42:46 PM     0       212    0.00    0.00    0.00    0.00    0.00    33  ksoftirqd/33
07:42:47 PM     0       212    0.00    0.00    0.00    0.00    0.00    33  ksoftirqd/33
07:42:48 PM     0       212    0.00    0.00    0.00    0.00    0.00    33  ksoftirqd/33
07:42:49 PM     0       212    0.00    0.00    0.00    0.00    0.00    33  ksoftirqd/33
07:42:50 PM     0       212    0.00    0.00    0.00    0.00    0.00    33  ksoftirqd/33
07:42:51 PM     0       212    0.00    1.00    0.00    0.00    1.00    33  ksoftirqd/33
07:42:52 PM     0       212    0.00    0.00    0.00    0.00    0.00    33  ksoftirqd/33
07:42:53 PM     0       212    0.00    0.00    0.00    0.00    0.00    33  ksoftirqd/33
07:42:54 PM     0       212    0.00    0.00    0.00    0.00    0.00    33  ksoftirqd/33
07:42:55 PM     0       212    0.00    0.00    0.00    0.00    0.00    33  ksoftirqd/33
07:42:56 PM     0       212    0.00    0.00    0.00    0.00    0.00    33  ksoftirqd/33
07:42:57 PM     0       212    0.00    0.00    0.00    0.00    0.00    33  ksoftirqd/33
07:42:58 PM     0       212    0.00    0.00    0.00    0.00    0.00    33  ksoftirqd/33
07:42:59 PM     0       212    0.00    0.00    0.00    0.00    0.00    33  ksoftirqd/33
07:43:00 PM     0       212    0.00    0.00    0.00    0.00    0.00    33  ksoftirqd/33
07:43:01 PM     0       212    0.00    1.00    0.00    0.00    1.00    33  ksoftirqd/33
07:43:02 PM     0       212    0.00    0.00    0.00    0.00    0.00    33  ksoftirqd/33
07:43:03 PM     0       212    0.00    0.00    0.00    0.00    0.00    33  ksoftirqd/33
07:43:04 PM     0       212    0.00    0.00    0.00    0.00    0.00    33  ksoftirqd/33
07:43:05 PM     0       212    0.00    0.00    0.00    0.00    0.00    33  ksoftirqd/33
07:43:06 PM     0       212    0.00    0.00    0.00    0.00    0.00    33  ksoftirqd/33
07:43:07 PM     0       212    0.00    0.00    0.00    0.00    0.00    33  ksoftirqd/33
07:43:08 PM     0       212    0.00    0.00    0.00    0.00    0.00    33  ksoftirqd/33
07:43:09 PM     0       212    0.00    0.00    0.00    0.00    0.00    33  ksoftirqd/33
07:43:10 PM     0       212    0.00    0.00    0.00    0.00    0.00    33  ksoftirqd/33
07:43:11 PM     0       212    0.00    0.00    0.00    0.00    0.00    33  ksoftirqd/33
07:43:12 PM     0       212    0.00    0.00    0.00    0.00    0.00    33  ksoftirqd/33
07:43:13 PM     0       212    0.00    0.00    0.00    0.00    0.00    33  ksoftirqd/33
07:43:14 PM     0       212    0.00    0.00    0.00    0.00    0.00    33  ksoftirqd/33
07:43:15 PM     0       212    0.00    0.00    0.00    0.00    0.00    33  ksoftirqd/33
07:43:16 PM     0       212    0.00    0.00    0.00    0.00    0.00    33  ksoftirqd/33
07:43:17 PM     0       212    0.00    0.00    0.00    0.00    0.00    33  ksoftirqd/33
07:43:18 PM     0       212    0.00    0.00    0.00    0.00    0.00    33  ksoftirqd/33
07:43:19 PM     0       212    0.00    0.00    0.00    0.00    0.00    33  ksoftirqd/33
07:43:20 PM     0       212    0.00    0.00    0.00    0.00    0.00    33  ksoftirqd/33
07:43:21 PM     0       212    0.00    0.00    0.00    0.00    0.00    33  ksoftirqd/33
07:43:22 PM     0       212    0.00    0.00    0.00    0.00    0.00    33  ksoftirqd/33
07:43:23 PM     0       212    0.00    0.00    0.00    0.00    0.00    33  ksoftirqd/33
07:43:24 PM     0       212    0.00    0.00    0.00    0.00    0.00    33  ksoftirqd/33
07:43:25 PM     0       212    0.00    0.00    0.00    0.00    0.00    33  ksoftirqd/33
07:43:26 PM     0       212    0.00    0.00    0.00    0.00    0.00    33  ksoftirqd/33
07:43:27 PM     0       212    0.00    0.00    0.00    0.00    0.00    33  ksoftirqd/33
07:43:28 PM     0       212    0.00    0.00    0.00    0.00    0.00    33  ksoftirqd/33
07:43:29 PM     0       212    0.00    0.00    0.00    0.00    0.00    33  ksoftirqd/33
07:43:30 PM     0       212    0.00    0.00    0.00    0.00    0.00    33  ksoftirqd/33
07:43:31 PM     0       212    0.00    0.00    0.00    0.00    0.00    33  ksoftirqd/33
07:43:32 PM     0       212    0.00    0.00    0.00    0.00    0.00    33  ksoftirqd/33
07:43:33 PM     0       212    0.00    0.00    0.00    0.00    0.00    33  ksoftirqd/33
07:43:34 PM     0       212    0.00    0.00    0.00    0.00    0.00    33  ksoftirqd/33
07:43:35 PM     0       212    0.00    0.00    0.00    0.00    0.00    33  ksoftirqd/33
07:43:36 PM     0       212    0.00    0.00    0.00    0.00    0.00    33  ksoftirqd/33
07:43:37 PM     0       212    0.00    0.00    0.00    0.00    0.00    33  ksoftirqd/33
07:43:38 PM     0       212    0.00    0.00    0.00    0.00    0.00    33  ksoftirqd/33
07:43:39 PM     0       212    0.00    0.00    0.00    0.00    0.00    33  ksoftirqd/33
07:43:40 PM     0       212    0.00    0.00    0.00    0.00    0.00    33  ksoftirqd/33
07:43:41 PM     0       212    0.00    0.00    0.00    0.00    0.00    33  ksoftirqd/33
07:43:42 PM     0       212    0.00    0.00    0.00    0.00    0.00    33  ksoftirqd/33
07:43:43 PM     0       212    0.00    0.00    0.00    0.00    0.00    33  ksoftirqd/33
07:43:44 PM     0       212    0.00    0.00    0.00    0.00    0.00    33  ksoftirqd/33
07:43:45 PM     0       212    0.00    0.00    0.00    0.00    0.00    33  ksoftirqd/33
07:43:46 PM     0       212    0.00    0.00    0.00    0.00    0.00    33  ksoftirqd/33
07:43:47 PM     0       212    0.00    0.00    0.00    0.00    0.00    33  ksoftirqd/33
07:43:48 PM     0       212    0.00    0.00    0.00    0.00    0.00    33  ksoftirqd/33
07:43:49 PM     0       212    0.00    0.00    0.00    0.00    0.00    33  ksoftirqd/33
07:43:50 PM     0       212    0.00    0.00    0.00    0.00    0.00    33  ksoftirqd/33
07:43:51 PM     0       212    0.00    0.00    0.00    0.00    0.00    33  ksoftirqd/33
07:43:52 PM     0       212    0.00    0.00    0.00    0.00    0.00    33  ksoftirqd/33
07:43:53 PM     0       212    0.00    0.00    0.00    0.00    0.00    33  ksoftirqd/33
07:43:54 PM     0       212    0.00    0.00    0.00    0.00    0.00    33  ksoftirqd/33
07:43:55 PM     0       212    0.00    0.00    0.00    0.00    0.00    33  ksoftirqd/33
07:43:56 PM     0       212    0.00    0.00    0.00    0.00    0.00    33  ksoftirqd/33
07:43:57 PM     0       212    0.00    0.00    0.00    0.00    0.00    33  ksoftirqd/33
07:43:58 PM     0       212    0.00    0.00    0.00    0.00    0.00    33  ksoftirqd/33
07:43:59 PM     0       212    0.00    0.00    0.00    0.00    0.00    33  ksoftirqd/33
07:44:00 PM     0       212    0.00    0.00    0.00    0.00    0.00    33  ksoftirqd/33
07:44:01 PM     0       212    0.00    0.00    0.00    0.00    0.00    33  ksoftirqd/33
07:44:02 PM     0       212    0.00    0.00    0.00    0.00    0.00    33  ksoftirqd/33
07:44:03 PM     0       212    0.00    0.00    0.00    0.00    0.00    33  ksoftirqd/33
07:44:04 PM     0       212    0.00    1.00    0.00    0.00    1.00    33  ksoftirqd/33
07:44:05 PM     0       212    0.00    0.00    0.00    0.00    0.00    33  ksoftirqd/33
07:44:06 PM     0       212    0.00    0.00    0.00    0.00    0.00    33  ksoftirqd/33
07:44:07 PM     0       212    0.00    0.00    0.00    0.00    0.00    33  ksoftirqd/33
07:44:08 PM     0       212    0.00    0.00    0.00    0.00    0.00    33  ksoftirqd/33
07:44:09 PM     0       212    0.00    0.00    0.00    0.00    0.00    33  ksoftirqd/33
07:44:10 PM     0       212    0.00    0.00    0.00    0.00    0.00    33  ksoftirqd/33
07:44:11 PM     0       212    0.00    0.00    0.00    0.00    0.00    33  ksoftirqd/33
07:44:12 PM     0       212    0.00    0.00    0.00    0.00    0.00    33  ksoftirqd/33
07:44:13 PM     0       212    0.00    0.00    0.00    0.00    0.00    33  ksoftirqd/33
07:44:14 PM     0       212    0.00    0.00    0.00    0.00    0.00    33  ksoftirqd/33
07:44:15 PM     0       212    0.00    0.00    0.00    0.00    0.00    33  ksoftirqd/33
07:44:16 PM     0       212    0.00    0.00    0.00    0.00    0.00    33  ksoftirqd/33
07:44:17 PM     0       212    0.00    0.00    0.00    0.00    0.00    33  ksoftirqd/33
07:44:18 PM     0       212    0.00    1.00    0.00    0.00    1.00    33  ksoftirqd/33
07:44:19 PM     0       212    0.00    0.00    0.00    0.00    0.00    33  ksoftirqd/33
07:44:20 PM     0       212    0.00    0.00    0.00    0.00    0.00    33  ksoftirqd/33
07:44:21 PM     0       212    0.00    0.00    0.00    0.00    0.00    33  ksoftirqd/33
07:44:22 PM     0       212    0.00    0.00    0.00    0.00    0.00    33  ksoftirqd/33
07:44:23 PM     0       212    0.00    0.00    0.00    0.00    0.00    33  ksoftirqd/33
07:44:24 PM     0       212    0.00    0.00    0.00    0.00    0.00    33  ksoftirqd/33
07:44:25 PM     0       212    0.00    1.00    0.00    0.00    1.00    33  ksoftirqd/33
07:44:26 PM     0       212    0.00    0.00    0.00    0.00    0.00    33  ksoftirqd/33
07:44:27 PM     0       212    0.00    0.00    0.00    0.00    0.00    33  ksoftirqd/33
07:44:28 PM     0       212    0.00    0.00    0.00    0.00    0.00    33  ksoftirqd/33
07:44:29 PM     0       212    0.00    0.00    0.00    0.00    0.00    33  ksoftirqd/33
07:44:30 PM     0       212    0.00    0.00    0.00    0.00    0.00    33  ksoftirqd/33
07:44:31 PM     0       212    0.00    0.00    0.00    0.00    0.00    33  ksoftirqd/33
07:44:32 PM     0       212    0.00    1.00    0.00    0.00    1.00    33  ksoftirqd/33
07:44:33 PM     0       212    0.00    0.00    0.00    0.00    0.00    33  ksoftirqd/33
07:44:34 PM     0       212    0.00    0.00    0.00    0.00    0.00    33  ksoftirqd/33
07:44:35 PM     0       212    0.00    0.00    0.00    0.00    0.00    33  ksoftirqd/33
07:44:36 PM     0       212    0.00    0.00    0.00    0.00    0.00    33  ksoftirqd/33
07:44:37 PM     0       212    0.00    1.00    0.00    0.00    1.00    33  ksoftirqd/33
07:44:38 PM     0       212    0.00    0.00    0.00    0.00    0.00    33  ksoftirqd/33
07:44:39 PM     0       212    0.00    0.00    0.00    1.00    0.00    33  ksoftirqd/33
07:44:40 PM     0       212    0.00    0.00    0.00    0.00    0.00    33  ksoftirqd/33
07:44:41 PM     0       212    0.00    0.00    0.00    0.00    0.00    33  ksoftirqd/33
07:44:42 PM     0       212    0.00    0.00    0.00    0.00    0.00    33  ksoftirqd/33
07:44:43 PM     0       212    0.00    1.00    0.00    0.00    1.00    33  ksoftirqd/33
07:44:44 PM     0       212    0.00    0.00    0.00    0.00    0.00    33  ksoftirqd/33
07:44:45 PM     0       212    0.00    0.00    0.00    0.00    0.00    33  ksoftirqd/33
07:44:46 PM     0       212    0.00    0.00    0.00    0.00    0.00    33  ksoftirqd/33
07:44:47 PM     0       212    0.00    0.00    0.00    0.00    0.00    33  ksoftirqd/33
07:44:48 PM     0       212    0.00    0.00    0.00    0.00    0.00    33  ksoftirqd/33
07:44:49 PM     0       212    0.00    0.00    0.00    0.00    0.00    33  ksoftirqd/33
07:44:50 PM     0       212    0.00    0.00    0.00    0.00    0.00    33  ksoftirqd/33
07:44:51 PM     0       212    0.00    1.00    0.00    0.00    1.00    33  ksoftirqd/33
07:44:52 PM     0       212    0.00    0.00    0.00    0.00    0.00    33  ksoftirqd/33
07:44:53 PM     0       212    0.00    0.00    0.00    0.00    0.00    33  ksoftirqd/33
07:44:54 PM     0       212    0.00    0.00    0.00    0.00    0.00    33  ksoftirqd/33
07:44:55 PM     0       212    0.00    0.00    0.00    0.00    0.00    33  ksoftirqd/33
07:44:56 PM     0       212    0.00    0.00    0.00    0.00    0.00    33  ksoftirqd/33
07:44:57 PM     0       212    0.00    0.00    0.00    0.00    0.00    33  ksoftirqd/33
07:44:58 PM     0       212    0.00    0.00    0.00    0.00    0.00    33  ksoftirqd/33
07:44:59 PM     0       212    0.00    0.00    0.00    0.00    0.00    33  ksoftirqd/33
07:45:00 PM     0       212    0.00    0.00    0.00    0.00    0.00    33  ksoftirqd/33
07:45:01 PM     0       212    0.00    0.00    0.00    0.00    0.00    33  ksoftirqd/33
07:45:02 PM     0       212    0.00    0.00    0.00    0.00    0.00    33  ksoftirqd/33
07:45:03 PM     0       212    0.00    1.00    0.00    0.00    1.00    33  ksoftirqd/33
07:45:04 PM     0       212    0.00    0.00    0.00    0.00    0.00    33  ksoftirqd/33
07:45:05 PM     0       212    0.00    0.00    0.00    0.00    0.00    33  ksoftirqd/33
07:45:06 PM     0       212    0.00    0.00    0.00    0.00    0.00    33  ksoftirqd/33
07:45:07 PM     0       212    0.00    0.00    0.00    0.00    0.00    33  ksoftirqd/33
07:45:08 PM     0       212    0.00    0.00    0.00    0.00    0.00    33  ksoftirqd/33
07:45:09 PM     0       212    0.00    0.00    0.00    0.00    0.00    33  ksoftirqd/33
07:45:10 PM     0       212    0.00    0.00    0.00    0.00    0.00    33  ksoftirqd/33
07:45:11 PM     0       212    0.00    0.00    0.00    0.00    0.00    33  ksoftirqd/33
07:45:12 PM     0       212    0.00    0.00    0.00    0.00    0.00    33  ksoftirqd/33
07:45:13 PM     0       212    0.00    0.00    0.00    0.00    0.00    33  ksoftirqd/33
07:45:14 PM     0       212    0.00    0.00    0.00    0.00    0.00    33  ksoftirqd/33
07:45:15 PM     0       212    0.00    0.00    0.00    0.00    0.00    33  ksoftirqd/33
07:45:16 PM     0       212    0.00    0.00    0.00    0.00    0.00    33  ksoftirqd/33
07:45:17 PM     0       212    0.00    0.00    0.00    0.00    0.00    33  ksoftirqd/33
07:45:18 PM     0       212    0.00    0.00    0.00    0.00    0.00    33  ksoftirqd/33
07:45:19 PM     0       212    0.00    0.00    0.00    0.00    0.00    33  ksoftirqd/33
07:45:20 PM     0       212    0.00    0.00    0.00    0.00    0.00    33  ksoftirqd/33
07:45:21 PM     0       212    0.00    0.00    0.00    0.00    0.00    33  ksoftirqd/33
07:45:22 PM     0       212    0.00    0.00    0.00    0.00    0.00    33  ksoftirqd/33
07:45:23 PM     0       212    0.00    0.00    0.00    0.00    0.00    33  ksoftirqd/33
07:45:24 PM     0       212    0.00    0.00    0.00    0.00    0.00    33  ksoftirqd/33
07:45:25 PM     0       212    0.00    0.00    0.00    0.00    0.00    33  ksoftirqd/33
07:45:26 PM     0       212    0.00    0.00    0.00    0.00    0.00    33  ksoftirqd/33
07:45:27 PM     0       212    0.00    0.00    0.00    0.00    0.00    33  ksoftirqd/33
07:45:28 PM     0       212    0.00    0.00    0.00    0.00    0.00    33  ksoftirqd/33
07:45:29 PM     0       212    0.00    0.00    0.00    0.00    0.00    33  ksoftirqd/33
07:45:30 PM     0       212    0.00    0.00    0.00    0.00    0.00    33  ksoftirqd/33
07:45:31 PM     0       212    0.00    0.00    0.00    0.00    0.00    33  ksoftirqd/33
07:45:32 PM     0       212    0.00    0.00    0.00    0.00    0.00    33  ksoftirqd/33
07:45:33 PM     0       212    0.00    0.00    0.00    0.00    0.00    33  ksoftirqd/33
07:45:34 PM     0       212    0.00    0.00    0.00    0.00    0.00    33  ksoftirqd/33
07:45:35 PM     0       212    0.00    0.00    0.00    0.00    0.00    33  ksoftirqd/33
07:45:36 PM     0       212    0.00    0.00    0.00    0.00    0.00    33  ksoftirqd/33
07:45:37 PM     0       212    0.00    0.00    0.00    0.00    0.00    33  ksoftirqd/33
07:45:38 PM     0       212    0.00    0.00    0.00    0.00    0.00    33  ksoftirqd/33
07:45:39 PM     0       212    0.00    0.00    0.00    0.00    0.00    33  ksoftirqd/33
07:45:40 PM     0       212    0.00    0.00    0.00    0.00    0.00    33  ksoftirqd/33
07:45:41 PM     0       212    0.00    0.00    0.00    0.00    0.00    33  ksoftirqd/33
07:45:42 PM     0       212    0.00    0.00    0.00    0.00    0.00    33  ksoftirqd/33
07:45:43 PM     0       212    0.00    0.00    0.00    0.00    0.00    33  ksoftirqd/33
07:45:44 PM     0       212    0.00    0.00    0.00    0.00    0.00    33  ksoftirqd/33
07:45:45 PM     0       212    0.00    0.00    0.00    0.00    0.00    33  ksoftirqd/33
07:45:46 PM     0       212    0.00    0.00    0.00    0.00    0.00    33  ksoftirqd/33
07:45:47 PM     0       212    0.00    0.00    0.00    0.00    0.00    33  ksoftirqd/33
07:45:48 PM     0       212    0.00    0.00    0.00    0.00    0.00    33  ksoftirqd/33
07:45:49 PM     0       212    0.00    0.00    0.00    0.00    0.00    33  ksoftirqd/33
07:45:50 PM     0       212    0.00    0.00    0.00    0.00    0.00    33  ksoftirqd/33
07:45:51 PM     0       212    0.00    0.00    0.00    0.00    0.00    33  ksoftirqd/33
07:45:52 PM     0       212    0.00    0.00    0.00    0.00    0.00    33  ksoftirqd/33
07:45:53 PM     0       212    0.00    0.00    0.00    0.00    0.00    33  ksoftirqd/33
07:45:54 PM     0       212    0.00    0.00    0.00    0.00    0.00    33  ksoftirqd/33
07:45:55 PM     0       212    0.00    0.00    0.00    0.00    0.00    33  ksoftirqd/33
07:45:56 PM     0       212    0.00    0.00    0.00    0.00    0.00    33  ksoftirqd/33
07:45:57 PM     0       212    0.00    0.00    0.00    0.00    0.00    33  ksoftirqd/33
07:45:58 PM     0       212    0.00    0.00    0.00    0.00    0.00    33  ksoftirqd/33
07:45:59 PM     0       212    0.00    0.00    0.00    0.00    0.00    33  ksoftirqd/33
07:46:00 PM     0       212    0.00    0.00    0.00    0.00    0.00    33  ksoftirqd/33
07:46:01 PM     0       212    0.00    0.00    0.00    0.00    0.00    33  ksoftirqd/33
07:46:02 PM     0       212    0.00    0.00    0.00    0.00    0.00    33  ksoftirqd/33
07:46:03 PM     0       212    0.00    0.00    0.00    0.00    0.00    33  ksoftirqd/33
07:46:04 PM     0       212    0.00    0.00    0.00    0.00    0.00    33  ksoftirqd/33
07:46:05 PM     0       212    0.00    0.00    0.00    0.00    0.00    33  ksoftirqd/33
07:46:06 PM     0       212    0.00    0.00    0.00    0.00    0.00    33  ksoftirqd/33
07:46:07 PM     0       212    0.00    0.00    0.00    0.00    0.00    33  ksoftirqd/33
07:46:08 PM     0       212    0.00    0.00    0.00    0.00    0.00    33  ksoftirqd/33
07:46:09 PM     0       212    0.00    0.00    0.00    0.00    0.00    33  ksoftirqd/33
07:46:10 PM     0       212    0.00    0.00    0.00    0.00    0.00    33  ksoftirqd/33
07:46:11 PM     0       212    0.00    0.00    0.00    0.00    0.00    33  ksoftirqd/33
07:46:12 PM     0       212    0.00    0.00    0.00    0.00    0.00    33  ksoftirqd/33
07:46:13 PM     0       212    0.00    0.00    0.00    0.00    0.00    33  ksoftirqd/33
07:46:14 PM     0       212    0.00    0.00    0.00    0.00    0.00    33  ksoftirqd/33
07:46:15 PM     0       212    0.00    0.00    0.00    0.00    0.00    33  ksoftirqd/33
07:46:16 PM     0       212    0.00    0.00    0.00    0.00    0.00    33  ksoftirqd/33
07:46:17 PM     0       212    0.00    0.00    0.00    0.00    0.00    33  ksoftirqd/33
07:46:18 PM     0       212    0.00    0.00    0.00    0.00    0.00    33  ksoftirqd/33
07:46:19 PM     0       212    0.00    0.00    0.00    0.00    0.00    33  ksoftirqd/33
07:46:20 PM     0       212    0.00    0.00    0.00    0.00    0.00    33  ksoftirqd/33
07:46:21 PM     0       212    0.00    0.00    0.00    0.00    0.00    33  ksoftirqd/33
07:46:22 PM     0       212    0.00    0.00    0.00    0.00    0.00    33  ksoftirqd/33
07:46:23 PM     0       212    0.00    0.00    0.00    0.00    0.00    33  ksoftirqd/33
07:46:24 PM     0       212    0.00    0.00    0.00    0.00    0.00    33  ksoftirqd/33
07:46:25 PM     0       212    0.00    0.00    0.00    0.00    0.00    33  ksoftirqd/33
07:46:26 PM     0       212    0.00    0.00    0.00    0.00    0.00    33  ksoftirqd/33
07:46:27 PM     0       212    0.00    0.00    0.00    0.00    0.00    33  ksoftirqd/33
07:46:28 PM     0       212    0.00    0.00    0.00    0.00    0.00    33  ksoftirqd/33
07:46:29 PM     0       212    0.00    0.00    0.00    0.00    0.00    33  ksoftirqd/33
07:46:30 PM     0       212    0.00    0.00    0.00    0.00    0.00    33  ksoftirqd/33
07:46:31 PM     0       212    0.00    0.00    0.00    0.00    0.00    33  ksoftirqd/33
07:46:32 PM     0       212    0.00    0.00    0.00    0.00    0.00    33  ksoftirqd/33
07:46:33 PM     0       212    0.00    0.00    0.00    0.00    0.00    33  ksoftirqd/33
07:46:34 PM     0       212    0.00    0.00    0.00    0.00    0.00    33  ksoftirqd/33
07:46:35 PM     0       212    0.00    0.00    0.00    0.00    0.00    33  ksoftirqd/33
07:46:36 PM     0       212    0.00    0.00    0.00    0.00    0.00    33  ksoftirqd/33
07:46:37 PM     0       212    0.00    0.00    0.00    0.00    0.00    33  ksoftirqd/33
07:46:38 PM     0       212    0.00    0.00    0.00    0.00    0.00    33  ksoftirqd/33
07:46:39 PM     0       212    0.00    0.00    0.00    0.00    0.00    33  ksoftirqd/33
07:46:40 PM     0       212    0.00    0.00    0.00    0.00    0.00    33  ksoftirqd/33
07:46:41 PM     0       212    0.00    0.00    0.00    0.00    0.00    33  ksoftirqd/33
07:46:42 PM     0       212    0.00    0.00    0.00    0.00    0.00    33  ksoftirqd/33
07:46:43 PM     0       212    0.00    0.00    0.00    0.00    0.00    33  ksoftirqd/33
07:46:44 PM     0       212    0.00    0.00    0.00    0.00    0.00    33  ksoftirqd/33
07:46:45 PM     0       212    0.00    0.00    0.00    0.00    0.00    33  ksoftirqd/33
07:46:46 PM     0       212    0.00    0.00    0.00    0.00    0.00    33  ksoftirqd/33
07:46:47 PM     0       212    0.00    0.00    0.00    0.00    0.00    33  ksoftirqd/33
07:46:48 PM     0       212    0.00    0.00    0.00    0.00    0.00    33  ksoftirqd/33
07:46:49 PM     0       212    0.00    0.00    0.00    0.00    0.00    33  ksoftirqd/33
07:46:50 PM     0       212    0.00    0.00    0.00    0.00    0.00    33  ksoftirqd/33
07:46:51 PM     0       212    0.00    0.00    0.00    0.00    0.00    33  ksoftirqd/33
07:46:52 PM     0       212    0.00    0.00    0.00    0.00    0.00    33  ksoftirqd/33
07:46:53 PM     0       212    0.00    0.00    0.00    0.00    0.00    33  ksoftirqd/33
07:46:54 PM     0       212    0.00    0.00    0.00    0.00    0.00    33  ksoftirqd/33
07:46:55 PM     0       212    0.00    0.00    0.00    0.00    0.00    33  ksoftirqd/33
07:46:56 PM     0       212    0.00    0.00    0.00    0.00    0.00    33  ksoftirqd/33
07:46:57 PM     0       212    0.00    0.00    0.00    0.00    0.00    33  ksoftirqd/33
07:46:58 PM     0       212    0.00    0.00    0.00    0.00    0.00    33  ksoftirqd/33
07:46:59 PM     0       212    0.00    0.00    0.00    0.00    0.00    33  ksoftirqd/33
07:47:00 PM     0       212    0.00    0.00    0.00    0.00    0.00    33  ksoftirqd/33
07:47:01 PM     0       212    0.00    0.00    0.00    0.00    0.00    33  ksoftirqd/33
07:47:02 PM     0       212    0.00    0.00    0.00    0.00    0.00    33  ksoftirqd/33
07:47:03 PM     0       212    0.00    0.00    0.00    0.00    0.00    33  ksoftirqd/33
07:47:04 PM     0       212    0.00    0.00    0.00    0.00    0.00    33  ksoftirqd/33
07:47:05 PM     0       212    0.00    0.00    0.00    0.00    0.00    33  ksoftirqd/33
07:47:06 PM     0       212    0.00    0.00    0.00    0.00    0.00    33  ksoftirqd/33
07:47:07 PM     0       212    0.00    0.00    0.00    0.00    0.00    33  ksoftirqd/33
07:47:08 PM     0       212    0.00    0.00    0.00    0.00    0.00    33  ksoftirqd/33
07:47:09 PM     0       212    0.00    0.00    0.00    0.00    0.00    33  ksoftirqd/33
07:47:10 PM     0       212    0.00    0.00    0.00    0.00    0.00    33  ksoftirqd/33
07:47:11 PM     0       212    0.00    0.00    0.00    0.00    0.00    33  ksoftirqd/33
07:47:12 PM     0       212    0.00    0.00    0.00    0.00    0.00    33  ksoftirqd/33
07:47:13 PM     0       212    0.00    0.00    0.00    0.00    0.00    33  ksoftirqd/33
07:47:14 PM     0       212    0.00    0.00    0.00    0.00    0.00    33  ksoftirqd/33
07:47:15 PM     0       212    0.00    0.00    0.00    0.00    0.00    33  ksoftirqd/33
07:47:16 PM     0       212    0.00    0.00    0.00    0.00    0.00    33  ksoftirqd/33
07:47:17 PM     0       212    0.00    0.00    0.00    0.00    0.00    33  ksoftirqd/33
07:47:18 PM     0       212    0.00    0.00    0.00    0.00    0.00    33  ksoftirqd/33
07:47:19 PM     0       212    0.00    0.00    0.00    0.00    0.00    33  ksoftirqd/33
07:47:20 PM     0       212    0.00    0.00    0.00    0.00    0.00    33  ksoftirqd/33
07:47:21 PM     0       212    0.00    0.00    0.00    0.00    0.00    33  ksoftirqd/33
07:47:22 PM     0       212    0.00    0.00    0.00    0.00    0.00    33  ksoftirqd/33
07:47:23 PM     0       212    0.00    0.00    0.00    0.00    0.00    33  ksoftirqd/33
07:47:24 PM     0       212    0.00    0.00    0.00    0.00    0.00    33  ksoftirqd/33
07:47:25 PM     0       212    0.00    0.00    0.00    0.00    0.00    33  ksoftirqd/33
07:47:26 PM     0       212    0.00    0.00    0.00    0.00    0.00    33  ksoftirqd/33
07:47:27 PM     0       212    0.00    0.00    0.00    0.00    0.00    33  ksoftirqd/33
07:47:28 PM     0       212    0.00    0.00    0.00    0.00    0.00    33  ksoftirqd/33
07:47:29 PM     0       212    0.00    0.00    0.00    0.00    0.00    33  ksoftirqd/33
07:47:30 PM     0       212    0.00    0.00    0.00    0.00    0.00    33  ksoftirqd/33
07:47:31 PM     0       212    0.00    0.00    0.00    0.00    0.00    33  ksoftirqd/33
07:47:32 PM     0       212    0.00    0.00    0.00    0.00    0.00    33  ksoftirqd/33
07:47:33 PM     0       212    0.00    0.00    0.00    0.00    0.00    33  ksoftirqd/33
07:47:34 PM     0       212    0.00    0.00    0.00    0.00    0.00    33  ksoftirqd/33
07:47:35 PM     0       212    0.00    0.00    0.00    0.00    0.00    33  ksoftirqd/33
07:47:36 PM     0       212    0.00    0.00    0.00    0.00    0.00    33  ksoftirqd/33
07:47:37 PM     0       212    0.00    0.00    0.00    0.00    0.00    33  ksoftirqd/33
07:47:38 PM     0       212    0.00    0.00    0.00    0.00    0.00    33  ksoftirqd/33
07:47:39 PM     0       212    0.00    0.00    0.00    0.00    0.00    33  ksoftirqd/33
07:47:40 PM     0       212    0.00    0.00    0.00    0.00    0.00    33  ksoftirqd/33
07:47:41 PM     0       212    0.00    0.00    0.00    0.00    0.00    33  ksoftirqd/33
07:47:42 PM     0       212    0.00    0.00    0.00    0.00    0.00    33  ksoftirqd/33
07:47:43 PM     0       212    0.00    0.00    0.00    0.00    0.00    33  ksoftirqd/33
07:47:44 PM     0       212    0.00    0.00    0.00    0.00    0.00    33  ksoftirqd/33
07:47:45 PM     0       212    0.00    0.00    0.00    0.00    0.00    33  ksoftirqd/33
07:47:46 PM     0       212    0.00    0.00    0.00    0.00    0.00    33  ksoftirqd/33
07:47:47 PM     0       212    0.00    0.00    0.00    0.00    0.00    33  ksoftirqd/33
07:47:48 PM     0       212    0.00    0.00    0.00    0.00    0.00    33  ksoftirqd/33
07:47:49 PM     0       212    0.00    0.00    0.00    0.00    0.00    33  ksoftirqd/33
07:47:50 PM     0       212    0.00    0.00    0.00    0.00    0.00    33  ksoftirqd/33
07:47:51 PM     0       212    0.00    0.00    0.00    0.00    0.00    33  ksoftirqd/33
07:47:52 PM     0       212    0.00    0.00    0.00    0.00    0.00    33  ksoftirqd/33
07:47:53 PM     0       212    0.00    0.00    0.00    0.00    0.00    33  ksoftirqd/33
07:47:54 PM     0       212    0.00    0.00    0.00    0.00    0.00    33  ksoftirqd/33
07:47:55 PM     0       212    0.00    0.00    0.00    0.00    0.00    33  ksoftirqd/33
