---------------------
Fri 10 May 2024 08:18:44 PM CDT - Running experiment round 4
---------------------
Netserver is already running.
Netserver IP: 172.17.0.2
Netperf Image exists
Sysbench Image exists
8076798d962ab5391130769049678f4d62f004062f8a2987c2bb994d545ef2c0
f5ea54f1a88c630b1d2b5da02b687a9c4f8fc36c6dab0fdf37029b7f45866773
87c37fa5ce80e7f4c6d27ca775356c014757e3b11577b3ce93f13ab5fb54e716
ee1bae571d5f79ceb89fa3189deb2f07153421309395f92c1a77cc78d53937a6
---------------------
Fri 10 May 2024 08:20:36 PM CDT - Running experiment round 8
---------------------
Netserver is already running.
Netserver IP: 172.17.0.2
Netperf Image exists
Sysbench Image exists
1ae24ac37f6933745c33ddb5e5d23451ecebf655bde0372d95edaed8815f7c94
2f1e3627415d311a879aa36ba6539ccd40c43ea630072de55931e9737cf2cfdb
26cbbb7209fa365a84bc3fd2079c1c4818652b4046061cf66cd56d4293be46a0
ae810638dac04bdb0f6412cf85e9f5487c4cf3132a849de9cf68f885980bf56a
8a7442d2b845d86052846c0a40d749432b1a1afc40a3721789af099a836c0ef1
60d2ce1f158206fa16c2cb108ea81677dd94c68a51c3b42a79a116ef293f7eca
17cad5d34bce8dbb203b62e7a63116a0ce71031ee6d23e7bd5ea75d3248a5851
0807033bded1f5489bec93a2a787b173bdbae6c0574e06f84d49eb4289e3b1b5
---------------------
Fri 10 May 2024 08:22:30 PM CDT - Running experiment round 12
---------------------
Netserver is already running.
Netserver IP: 172.17.0.2
Netperf Image exists
Sysbench Image exists
4f42fab70df150a742c4e7cd2c04eb543aaa19aa352fe777dd4d21ed7272c34d
82d3249125aa5d027e36a8e5084308fe7cb0f7ea138a4f84e6b44da341bc90bc
19340f326d55603668c63c714cd118e15077557755c89135118d0bd6bfe6499a
cf1e47f4d547441370e942fa3438943a59a13e7c14008d26820229ec97aa4354
f98dc0dfc387ee0ca45fc832c138151f0f0b0ddb258109abeda6fd19582f2f61
1965ea41ba8213b2b9d517a113c2e97cbbdfc549f3e4dde4d3be0c3afd26930e
798f00d90888974bc5f0f4376c8b953c37aeb0fb12a73c482fcb445cbac2cf56
6befefc682536c58a88fab4829f46bb8bb3b09ea42402b8c19af0755a8019c7f
af5854d80fd73a33960c506aeb71164b52607d3690999a6d231c0d8a6ce98f05
98d364f63286bb4a37dae04bb2265c69e46383f75a6fcf6882e712b8f38fac1c
a39ff3cc4737b2696f618c3034c7a118224fcb4ceb3fd0401399c01b8d76e7c2
e49f15edcd7783b25f5fbd3d37b3ba65edae8b810da6cfb874f663adcad56ff6
---------------------
Fri 10 May 2024 08:24:23 PM CDT - Running experiment round 16
---------------------
Netserver is already running.
Netserver IP: 172.17.0.2
Netperf Image exists
Sysbench Image exists
3d1d736b397f23b882c2f037c1d13ce5ed4b4152f4c4a5e100a1a64556520193
4166d9ac2a1d3b93ee747fb3dd7bbba5226a443c0bebab4be5125772de27d0c7
b541be29662e3aa690020b8e5c67037bb9346c69c445252f15ccc206246bafb9
ddb9bec34514bf4cda0e77714ecfdf27adfa0d4019f097cfddb2a158209f13b0
22a292d7022b6182d34045d6e4a1ba4e644984d803c14d3609cf855d28ac9305
139dc097f1c7634ace6bb7a99e912092dad1ea4091a4baa839d02314c3c4d322
fe3d1cc7f943b14aaa09884088c4fed5abbf9475f309de41ac4c97b79ef81811
dcf5401a67acaff51ad10b00f1067973f798365496a5b3eec427ad6109017b34
833f8bd16b05604df33e5fe40c180d923fb8e744a47db20bc7bb21cc6454d39e
de540ad43c003aa1be5a82d63b5dcfe58d61356fd6d4f9213a4d442c0237fea0
80b0121f71b3695e8db09dc852dcea6af5b6bbf15119a76a19baf4c5ad377088
840fbf02cfc0a11d7e250e5e6404b4ee1cb0d8b158cb83afed71c8b3cee4da0e
3c6594ca23bbf0f03e24ecf3edd2ea5e65801b872784ffbacc8e2f2baf46cf01
4b8aa862c6ae85ee46d276ee3ab216527815ad4cdfcfed00a459e797cee07a52
4b67b38f0909662990cf55d70305251ca603980ec8d498dcddc7387bd02de94a
fca2e0a0a4272ec979b4f8b985b6219bea6d68a3d511693612e211e6cc7343bb
---------------------
Fri 10 May 2024 08:26:19 PM CDT - Running experiment round 20
---------------------
Netserver is already running.
Netserver IP: 172.17.0.2
Netperf Image exists
Sysbench Image exists
9dfe204b3c56801ab5cf0f1fe9144901db5ab8a5c5b937a5b0d0fbd13a1ebb28
e48bf5484ac8f000b0c7f535ba24c5ea38df7e91901ea1e383ba88ff43e8f405
b47bb7fadac3b6a4c8c439d719eaa8ebd33e90fc6962995bf5c4a211ba189027
5adf179a4cc3707922bdbb73498eda950c8b504348e331a92f96924957b63b36
d916c738e37aa5f0f8db8b248275e4d1852345235c9b7fb5cf2430de4aa3a3a6
206ef13bc744463a2e7c9574a9103d2148df4fcd1a68bc9397b75ea57f845f52
54c2af349406b4abf296d7b27791f63b7d41f96f2b9f357720e633ef89238bb4
dea91c5a0801580c05bb0918860e886eb402f270c8a5e2e53f5e8e939f8cf7ed
ac7a0c8c86c28c885ef7934c5f949c3d87b823feaf79db648790a09e1dcd2e14
8d119c161e517380ae336f44eb87cd6caf09f800b62a1a372cbd22fc8d81cb8b
90624f90e4a298f0a6cfd319f3ee19366f7901be8959ca8f5e834938cdb55254
f855ec49a497ac4c1f9186b5d830845801f8a2bf7be1144db6655658185ff2ea
0d5963485b7816edd9dd277c735311c585a2545ba55048fe34f959571cee90e1
56af06931ae4a100c07df950765288118f40a0fe23bd72c4efa661ba3ba85898
5154ddae45674e08e69bddf1fb4cdc7407e7adf6e10fc3475a137bc84e219477
b324aa3c242d3c3a523e57c7de8efe60c01271f062fd12f460020cfe8ee03263
94ea72190852cbe5a50e0e5753e76fba043adafdaddb1035e034e6e7e475d2e8
25bd6caee494d4bc09e6216ed7dd48585463de666f5b24d7278654e1a5c92652
87079ddd2b3ba62160196f21d4800e5236b85623928926199aad863609295bcb
923177822f98223bd80e9d0660de3e0f5178c4dc936fa98f8e70d2ec97a207f7
---------------------
Fri 10 May 2024 08:28:15 PM CDT - Running experiment round 24
---------------------
Netserver is already running.
Netserver IP: 172.17.0.2
Netperf Image exists
Sysbench Image exists
cecd9c91473e1957ef030f26adfe0335c50a0b54d7cf7b03bd48707cee3a34a5
d852529aed9d76b07608ebb895aeb848454ae67f643c2a7f8bf42b61decdf63c
774f047d6176de90b8160528287da4f8da6b6d126390dc7ae4f821c718107b3e
6868f59345f88c2e4e2f902a7fd7a8fae01705de90e7b9e6a12defa64ca2a853
62ffe90b2d65062d8a5f1c7b4b928e09d06156d571edcc4884111547a9400415
3c483442b9fe224e31e294ec249bf0cec7f2c296ccaa4c49b42b8269e5822e37
4adcacfe25a002b7b38146cf413f29ba540222174b0f230e104af275f4f0b569
a40bbf671e56df459300e1e3165d9d90a7929618bf5924542e9e902fe700ca66
36d2cd0a4be424947d4d89a4795f44ec3856c5de9815514fc58a955275f42844
aa4f41d4d5af6c230d171437e4b1e91cc2ee68c17db239d654c0dc7eae5d6413
3133bd6c1ccc689927fbb075cccb6ad7e721a6091e29b65372de19e52155668b
35d864eb9f4d8a6224ea8bf10095348780900c616be1d565c3ac698e51f79223
cf9af5fd7f22d539f18b3c7996d0953c6396fa1b3f284bce876f4d6c659c911b
5dc3685209348e4a084e572fe9cc39531e697a56c432b11934c0fedcd3895d44
bb35d56e4d17504b6728f848674921df2717b34e1b857736d294e9904c03ba20
e8eb790c543d14adec543a15f264a125bef76effc384b5d03891ea3ee2908e04
230f95d4f04a864da9b546504316e1332847f6ed74199bb4da14f44ede90da44
be13d7eb9096c1f0f48d656f60265896bce43f4d31d7a88142d479b781b1f35e
e6b1b45925503bc8f7908c7e38e8c59868a32530b2a087ac83af07bd6b706647
d018f21219d34c527ac52da64e6778463026df84da63d135a4738fe2896c746d
4ff4839887cf116b34e8ee670edcb1fabd639c20f522c6eb557c66a3150d5ff6
fb2ca20b5772fd52da9581e2519d8d81788ce336d982bc0f2ce8377d29720b88
7561da30603458197f920cb583bcc5867dbb5a2c412d8eed25b34cb8cf92b256
7431c84ad6ce3f1b8e3bdcef862561cf29c7ebbc955d305755547a49b3e65db5
---------------------
Fri 10 May 2024 08:30:12 PM CDT - Running experiment round 28
---------------------
Netserver is already running.
Netserver IP: 172.17.0.2
Netperf Image exists
Sysbench Image exists
aa1860f4eff8c5b1bda01dfd391d6fa7331264fa084a4f0e0a1fcfbb85ab300f
c3fa2b5d5435622517d538fad968f6e910a204df99139893012ee37e5ea153f9
9e1a573a788adbc88764e4142dd8110d47171bf9cc864794ca6f39a5dbd6c411
7eef49270f32fd1ea018fa57d6685a282ee5eb7e53a2a800bba12d7f552aa840
2743d5480b4f859a3e0259a93f9c7867017af6f2a41ccacfce88d7ddb1c151b1
62c1327ce3912ee96b8943460bc98466a5b272d6dce7d6e9a27cfc1257918dc9
6b0a05e0f8e4d5b6c1a12f6f110d24faaaf860fa0f377fec5e47437baca4435c
d7812735fc6a1b90ada1dcc097235513ff2242e1872d4251473e3a9b3fe18b5b
b6ff555b2e2ce14ad93dfa2faf0e19c5d4a1fcbef99dda033ff8452fc4318163
2389630a3de865588123690e3e0ed8e3f54fd64ce63eafa292aba343e7e7143c
2bf59dff95c798040769dafada34518d9a77ff140407add77b7b80a1a185cb22
05a6e5ddad33ec28ff159d2cb2cdbfc938f81ef1473f1779699ec0884b4ee3bf
031ce9eaa18b0880a23f1b162f7bf13ed7558c5a07b31466c94eba0cd0e0a926
99965c575dfc69194b2eb0fb1e7485e13354aa9a9bf04499d12cdc7487223dba
7cf9087ca6299cc3b0d081b903c19bca0162b228a246a719806fe066c2c721e9
24603d32c873383ed2130bb17d3c4d1eb087fc6739eeb919d704d4e0b8e9ba98
2cfcfce3e43c362db6ea722fedc25effe43b778c0b83a27023b458836e8b505e
da0c8d0357768ac66f2b53740c990b3936c84c05334465b839546c47b20abfed
8717fa38cc9ed2bed72dfb6a1d73ad7909da8b4874cff02285fc594223c1ec56
8c4e7c2e548e4eb2eb109badfc2bee3d546fd5c51e44b7076381a1901003dd01
b5abe4274029081dd14e8d40ca660ddfd4c7a072351111c0bf8951665b08cfae
e3645d375325fc33cc9a776abd89be776fd5108a4c738ecddd8d870eed57609e
9a10df8c6354b5b133ecd54924bd7351b96b30f181ed83796b941d8da480d04c
bcbdf2880a769654b7afb674a5a3afb9f0d97eb5636b413e3eff2fcd8601ee9c
eccd87121a3ab97ce4fee60b4551b802f2255bbdd7bc6db40ddbbef428ef6341
5f261ba7150cbed6b1ad44f67821f69f289295e986208a1cb1c986b0625b1646
08d64aa2ed1f92ebd1a39804edab37ea16cbaacfaab60f63c32dcaa98c9d045e
912f2916c85f4066b0282a99497bd2287a335c9554df1ad4c8e43d91a220dfa3
---------------------
Fri 10 May 2024 08:32:08 PM CDT - Running experiment round 32
---------------------
Netserver is already running.
Netserver IP: 172.17.0.2
Netperf Image exists
Sysbench Image exists
b066dee065f561dcc352931abbbb4f350fce5f02b79bcdb1be8dcb9ddf1d4773
ec18a04897c679587b458c243606bbefbce023a59678e887ed6dd7fe8b181d24
acc829f9f6022dadf3fcef19819853b5bfd76ea239164679d98a40aa4e185597
6a31c8c1f0924e9fe7e3c951dd09ee187283db5c976afe79ea25fd414bd7d5dd
5e1d9488c8567e1b7175e9a2c34c844fc869fc34476f0061d35747b4570cbe40
38d4c39b0b14dbf4b0d45bba98af259d4aa2a85e7e15ea1a3d16b0fe981568d6
b53c7b820b7c0b30b3dc85ab8a2208175386ac32660d98c8518f963ea2fdc530
5416b9d33f83490afced3da8c5dda310459bdf88c4029bb21dd359731d4bbf5f
85b69d45a74c05c4f4263bd63b431d3c60d22921c3bfd29de6880680a4e11dc0
00acdfea92b5919cb346422dc4e55ecc56b56e45b10c78921c7a74200737686e
9bb70e8d1bfcc8ef575aa12d14817309e787a6127850f94d9ebd7fcc527c7637
c7fa3957ed3482ece9f4a73bec15deca38a57bbc1c4cee6c35c8618cdcd776d7
0706e6ae9557cc8717c2511594331f595aa6446b0c3f24410053ed43c27fbc40
5951ab5d3553446b16eeec73685dd3cd43026760e1060da7b92d93325f73e5bc
67332cc4dc52a78fa074650cfb5a71a11c07c6e1a5a9a757d938741a16808422
21219ea50c0d958c9a97fa9b6f6abcf2925d186f8dbad79d24fc93cd1fa74e0d
2fd887076fddfaa044a23ea6aab9c48bfa0855ab90e066ac722bcb42a3ec9fa2
c087544cf8c77eac6ee45be6dcdb8052396a0930709a947c94eb7802c9447af9
18f2e792cfca4af12dbb1cc8d565d3c1dd9d223e8ddcb80318f0b61359e742f2
4f91c7bab531d4e8bca5d5dcb59ac6ede285657b16319966621e36fe0c469b24
acc1b7ee9aa510921d9e8bce4cb166b366c261a397626c75705b0efdcb8cb97f
f4bc5ab80e6bd24934a983e8d9b0e954427796457d6f97a4a71e03615454a3bf
fa9c8fa617317e342632132acfb0e0a8b0938bd377d686de44b8a5134892e0a6
6e1fb1abf6bd22329a8cb16fdb15ee8961256a999c7f75547e693459ee45976d
6e4da6d536255de90abd593f3753040596f8325beb8c1461370dbe42bac08266
8915d48316e229893fbbeb9745aef25fc983dfca5d0779725f561cfac6f676b3
e5d63265bb2d174fb3bfbef5b8a103bdb5fb6c30039c25e6be210f97b52c57d8
74c79ffac056c61bdf18619c82953950057c68826494f4f82e3cbafe73774aa5
82335d22ab7206faa5c457e5acb9ec10fa2778a579ef65a390c336076b1a2a1a
a3c53a33de22170e10984c03c3126504d2f41ff0d7a0f51a7d1e975873bec801
2f33e7423757bf7d0b89bcba122dbb06f718ec78ffd5c4ba053f9afc9d268ffd
62a4c0d6f16d6c241858f0b4311a7eac1441f28ef289215e5667ebbbe74ea3b5
