Linux 5.15.0-86-generic (node0.gp27-206409.cs523-uiuc-sp24-pg0.wisc.cloudlab.us) 	05/10/2024 	_x86_64_	(40 CPU)

06:26:29 PM   UID       PID    %usr %system  %guest   %wait    %CPU   CPU  Command
06:26:30 PM     0        71    0.00    0.00    0.00    0.00    0.00     9  ksoftirqd/9
06:26:31 PM     0        71    0.00    0.00    0.00    0.00    0.00     9  ksoftirqd/9
06:26:32 PM     0        71    0.00    0.00    0.00    0.00    0.00     9  ksoftirqd/9
06:26:33 PM     0        71    0.00    0.00    0.00    0.00    0.00     9  ksoftirqd/9
06:26:34 PM     0        71    0.00    0.00    0.00    0.00    0.00     9  ksoftirqd/9
06:26:35 PM     0        71    0.00    0.00    0.00    0.00    0.00     9  ksoftirqd/9
06:26:36 PM     0        71    0.00    0.00    0.00    0.00    0.00     9  ksoftirqd/9
06:26:37 PM     0        71    0.00    0.00    0.00    0.00    0.00     9  ksoftirqd/9
06:26:38 PM     0        71    0.00    0.00    0.00    0.00    0.00     9  ksoftirqd/9
06:26:39 PM     0        71    0.00    0.00    0.00    0.00    0.00     9  ksoftirqd/9
06:26:40 PM     0        71    0.00    0.00    0.00    0.00    0.00     9  ksoftirqd/9
06:26:41 PM     0        71    0.00    0.00    0.00    0.00    0.00     9  ksoftirqd/9
06:26:42 PM     0        71    0.00    0.00    0.00    0.00    0.00     9  ksoftirqd/9
06:26:43 PM     0        71    0.00    0.00    0.00    0.00    0.00     9  ksoftirqd/9
06:26:44 PM     0        71    0.00    0.00    0.00    0.00    0.00     9  ksoftirqd/9
06:26:45 PM     0        71    0.00    0.00    0.00    0.00    0.00     9  ksoftirqd/9
06:26:46 PM     0        71    0.00    0.00    0.00    0.00    0.00     9  ksoftirqd/9
06:26:47 PM     0        71    0.00    0.00    0.00    0.00    0.00     9  ksoftirqd/9
06:26:48 PM     0        71    0.00    0.00    0.00    0.00    0.00     9  ksoftirqd/9
06:26:49 PM     0        71    0.00    0.00    0.00    0.00    0.00     9  ksoftirqd/9
06:26:50 PM     0        71    0.00    0.00    0.00    0.00    0.00     9  ksoftirqd/9
06:26:51 PM     0        71    0.00    0.00    0.00    0.00    0.00     9  ksoftirqd/9
06:26:52 PM     0        71    0.00    0.00    0.00    0.00    0.00     9  ksoftirqd/9
06:26:53 PM     0        71    0.00    0.00    0.00    0.00    0.00     9  ksoftirqd/9
06:26:54 PM     0        71    0.00    0.00    0.00    0.00    0.00     9  ksoftirqd/9
06:26:55 PM     0        71    0.00    0.00    0.00    0.00    0.00     9  ksoftirqd/9
06:26:56 PM     0        71    0.00    0.00    0.00    0.00    0.00     9  ksoftirqd/9
06:26:57 PM     0        71    0.00    0.00    0.00    0.00    0.00     9  ksoftirqd/9
06:26:58 PM     0        71    0.00    0.00    0.00    0.00    0.00     9  ksoftirqd/9
06:26:59 PM     0        71    0.00    0.00    0.00    0.00    0.00     9  ksoftirqd/9
06:27:00 PM     0        71    0.00    0.00    0.00    0.00    0.00     9  ksoftirqd/9
06:27:01 PM     0        71    0.00    0.00    0.00    0.00    0.00     9  ksoftirqd/9
06:27:02 PM     0        71    0.00    0.00    0.00    0.00    0.00     9  ksoftirqd/9
06:27:03 PM     0        71    0.00    0.00    0.00    0.00    0.00     9  ksoftirqd/9
06:27:04 PM     0        71    0.00    0.00    0.00    0.00    0.00     9  ksoftirqd/9
06:27:05 PM     0        71    0.00    0.00    0.00    0.00    0.00     9  ksoftirqd/9
06:27:06 PM     0        71    0.00    0.00    0.00    0.00    0.00     9  ksoftirqd/9
06:27:07 PM     0        71    0.00    0.00    0.00    0.00    0.00     9  ksoftirqd/9
06:27:08 PM     0        71    0.00    0.00    0.00    0.00    0.00     9  ksoftirqd/9
06:27:09 PM     0        71    0.00    0.00    0.00    0.00    0.00     9  ksoftirqd/9
06:27:10 PM     0        71    0.00    0.00    0.00    0.00    0.00     9  ksoftirqd/9
06:27:11 PM     0        71    0.00    0.00    0.00    0.00    0.00     9  ksoftirqd/9
06:27:12 PM     0        71    0.00    0.00    0.00    0.00    0.00     9  ksoftirqd/9
06:27:13 PM     0        71    0.00    0.00    0.00    0.00    0.00     9  ksoftirqd/9
06:27:14 PM     0        71    0.00    0.00    0.00    0.00    0.00     9  ksoftirqd/9
06:27:15 PM     0        71    0.00    0.00    0.00    0.00    0.00     9  ksoftirqd/9
06:27:16 PM     0        71    0.00    0.00    0.00    0.00    0.00     9  ksoftirqd/9
06:27:17 PM     0        71    0.00    0.00    0.00    0.00    0.00     9  ksoftirqd/9
06:27:18 PM     0        71    0.00    0.00    0.00    0.00    0.00     9  ksoftirqd/9
06:27:19 PM     0        71    0.00    0.00    0.00    0.00    0.00     9  ksoftirqd/9
06:27:20 PM     0        71    0.00    0.00    0.00    0.00    0.00     9  ksoftirqd/9
06:27:21 PM     0        71    0.00    0.00    0.00    0.00    0.00     9  ksoftirqd/9
06:27:22 PM     0        71    0.00    0.00    0.00    0.00    0.00     9  ksoftirqd/9
06:27:23 PM     0        71    0.00    0.00    0.00    0.00    0.00     9  ksoftirqd/9
06:27:24 PM     0        71    0.00    0.00    0.00    0.00    0.00     9  ksoftirqd/9
06:27:25 PM     0        71    0.00    0.00    0.00    0.00    0.00     9  ksoftirqd/9
06:27:26 PM     0        71    0.00    0.00    0.00    0.00    0.00     9  ksoftirqd/9
06:27:27 PM     0        71    0.00    0.00    0.00    0.00    0.00     9  ksoftirqd/9
06:27:28 PM     0        71    0.00    0.00    0.00    0.00    0.00     9  ksoftirqd/9
06:27:29 PM     0        71    0.00    0.00    0.00    0.00    0.00     9  ksoftirqd/9
06:27:30 PM     0        71    0.00    0.00    0.00    0.00    0.00     9  ksoftirqd/9
06:27:31 PM     0        71    0.00    0.00    0.00    0.00    0.00     9  ksoftirqd/9
06:27:32 PM     0        71    0.00    0.00    0.00    0.00    0.00     9  ksoftirqd/9
06:27:33 PM     0        71    0.00    0.00    0.00    0.00    0.00     9  ksoftirqd/9
06:27:34 PM     0        71    0.00    0.00    0.00    0.00    0.00     9  ksoftirqd/9
06:27:35 PM     0        71    0.00    0.00    0.00    0.00    0.00     9  ksoftirqd/9
06:27:36 PM     0        71    0.00    0.00    0.00    0.00    0.00     9  ksoftirqd/9
06:27:37 PM     0        71    0.00    0.00    0.00    0.00    0.00     9  ksoftirqd/9
06:27:38 PM     0        71    0.00    0.00    0.00    0.00    0.00     9  ksoftirqd/9
06:27:39 PM     0        71    0.00    0.00    0.00    0.00    0.00     9  ksoftirqd/9
06:27:40 PM     0        71    0.00    0.00    0.00    0.00    0.00     9  ksoftirqd/9
06:27:41 PM     0        71    0.00    0.00    0.00    0.00    0.00     9  ksoftirqd/9
06:27:42 PM     0        71    0.00    0.00    0.00    0.00    0.00     9  ksoftirqd/9
06:27:43 PM     0        71    0.00    0.00    0.00    0.00    0.00     9  ksoftirqd/9
06:27:44 PM     0        71    0.00    0.00    0.00    0.00    0.00     9  ksoftirqd/9
06:27:45 PM     0        71    0.00    0.00    0.00    0.00    0.00     9  ksoftirqd/9
06:27:46 PM     0        71    0.00    0.00    0.00    0.00    0.00     9  ksoftirqd/9
06:27:47 PM     0        71    0.00    0.00    0.00    0.00    0.00     9  ksoftirqd/9
06:27:48 PM     0        71    0.00    0.00    0.00    0.00    0.00     9  ksoftirqd/9
06:27:49 PM     0        71    0.00    0.00    0.00    0.00    0.00     9  ksoftirqd/9
06:27:50 PM     0        71    0.00    0.00    0.00    0.00    0.00     9  ksoftirqd/9
06:27:51 PM     0        71    0.00    0.00    0.00    0.00    0.00     9  ksoftirqd/9
06:27:52 PM     0        71    0.00    0.00    0.00    0.00    0.00     9  ksoftirqd/9
06:27:53 PM     0        71    0.00    0.00    0.00    0.00    0.00     9  ksoftirqd/9
06:27:54 PM     0        71    0.00    0.00    0.00    0.00    0.00     9  ksoftirqd/9
06:27:55 PM     0        71    0.00    0.00    0.00    0.00    0.00     9  ksoftirqd/9
06:27:56 PM     0        71    0.00    0.00    0.00    0.00    0.00     9  ksoftirqd/9
06:27:57 PM     0        71    0.00    0.00    0.00    0.00    0.00     9  ksoftirqd/9
06:27:58 PM     0        71    0.00    0.00    0.00    0.00    0.00     9  ksoftirqd/9
06:27:59 PM     0        71    0.00    0.00    0.00    0.00    0.00     9  ksoftirqd/9
06:28:00 PM     0        71    0.00    0.00    0.00    0.00    0.00     9  ksoftirqd/9
06:28:01 PM     0        71    0.00    0.00    0.00    0.00    0.00     9  ksoftirqd/9
06:28:02 PM     0        71    0.00    0.00    0.00    0.00    0.00     9  ksoftirqd/9
06:28:03 PM     0        71    0.00    1.00    0.00    0.00    1.00     9  ksoftirqd/9
06:28:04 PM     0        71    0.00    0.00    0.00    0.00    0.00     9  ksoftirqd/9
06:28:05 PM     0        71    0.00    1.00    0.00    0.00    1.00     9  ksoftirqd/9
06:28:06 PM     0        71    0.00    0.00    0.00    0.00    0.00     9  ksoftirqd/9
06:28:07 PM     0        71    0.00    0.00    0.00    0.00    0.00     9  ksoftirqd/9
06:28:08 PM     0        71    0.00    0.00    0.00    0.00    0.00     9  ksoftirqd/9
06:28:09 PM     0        71    0.00    0.00    0.00    0.00    0.00     9  ksoftirqd/9
06:28:10 PM     0        71    0.00    0.00    0.00    0.00    0.00     9  ksoftirqd/9
06:28:11 PM     0        71    0.00    1.00    0.00    0.00    1.00     9  ksoftirqd/9
06:28:12 PM     0        71    0.00    0.00    0.00    0.00    0.00     9  ksoftirqd/9
06:28:13 PM     0        71    0.00    0.00    0.00    0.00    0.00     9  ksoftirqd/9
06:28:14 PM     0        71    0.00    0.00    0.00    0.00    0.00     9  ksoftirqd/9
06:28:15 PM     0        71    0.00    1.00    0.00    0.00    1.00     9  ksoftirqd/9
06:28:16 PM     0        71    0.00    0.00    0.00    0.00    0.00     9  ksoftirqd/9
06:28:17 PM     0        71    0.00    0.00    0.00    0.00    0.00     9  ksoftirqd/9
06:28:18 PM     0        71    0.00    0.00    0.00    0.00    0.00     9  ksoftirqd/9
06:28:19 PM     0        71    0.00    0.00    0.00    0.00    0.00     9  ksoftirqd/9
06:28:20 PM     0        71    0.00    0.00    0.00    0.00    0.00     9  ksoftirqd/9
06:28:21 PM     0        71    0.00    0.00    0.00    0.00    0.00     9  ksoftirqd/9
06:28:22 PM     0        71    0.00    0.00    0.00    0.00    0.00     9  ksoftirqd/9
06:28:23 PM     0        71    0.00    1.00    0.00    0.00    1.00     9  ksoftirqd/9
06:28:24 PM     0        71    0.00    0.00    0.00    0.00    0.00     9  ksoftirqd/9
06:28:25 PM     0        71    0.00    0.00    0.00    0.00    0.00     9  ksoftirqd/9
06:28:26 PM     0        71    0.00    0.00    0.00    0.00    0.00     9  ksoftirqd/9
06:28:27 PM     0        71    0.00    0.00    0.00    0.00    0.00     9  ksoftirqd/9
06:28:28 PM     0        71    0.00    0.00    0.00    0.00    0.00     9  ksoftirqd/9
06:28:29 PM     0        71    0.00    0.00    0.00    0.00    0.00     9  ksoftirqd/9
06:28:30 PM     0        71    0.00    1.00    0.00    0.00    1.00     9  ksoftirqd/9
06:28:31 PM     0        71    0.00    0.00    0.00    0.00    0.00     9  ksoftirqd/9
06:28:32 PM     0        71    0.00    0.00    0.00    0.00    0.00     9  ksoftirqd/9
06:28:33 PM     0        71    0.00    0.00    0.00    0.00    0.00     9  ksoftirqd/9
06:28:34 PM     0        71    0.00    0.00    0.00    0.00    0.00     9  ksoftirqd/9
06:28:35 PM     0        71    0.00    0.00    0.00    0.00    0.00     9  ksoftirqd/9
06:28:36 PM     0        71    0.00    0.00    0.00    0.00    0.00     9  ksoftirqd/9
06:28:37 PM     0        71    0.00    0.00    0.00    0.00    0.00     9  ksoftirqd/9
06:28:38 PM     0        71    0.00    1.00    0.00    0.00    1.00     9  ksoftirqd/9
06:28:39 PM     0        71    0.00    0.00    0.00    0.00    0.00     9  ksoftirqd/9
06:28:40 PM     0        71    0.00    0.00    0.00    0.00    0.00     9  ksoftirqd/9
06:28:41 PM     0        71    0.00    0.00    0.00    0.00    0.00     9  ksoftirqd/9
06:28:42 PM     0        71    0.00    0.00    0.00    0.00    0.00     9  ksoftirqd/9
06:28:43 PM     0        71    0.00    0.00    0.00    0.00    0.00     9  ksoftirqd/9
06:28:44 PM     0        71    0.00    1.00    0.00    0.00    1.00     9  ksoftirqd/9
06:28:45 PM     0        71    0.00    0.00    0.00    0.00    0.00     9  ksoftirqd/9
06:28:46 PM     0        71    0.00    0.00    0.00    0.00    0.00     9  ksoftirqd/9
06:28:47 PM     0        71    0.00    0.00    0.00    0.00    0.00     9  ksoftirqd/9
06:28:48 PM     0        71    0.00    0.00    0.00    0.00    0.00     9  ksoftirqd/9
06:28:49 PM     0        71    0.00    0.00    0.00    0.00    0.00     9  ksoftirqd/9
06:28:50 PM     0        71    0.00    1.00    0.00    0.00    1.00     9  ksoftirqd/9
06:28:51 PM     0        71    0.00    0.00    0.00    0.00    0.00     9  ksoftirqd/9
06:28:52 PM     0        71    0.00    0.00    0.00    0.00    0.00     9  ksoftirqd/9
06:28:53 PM     0        71    0.00    0.00    0.00    0.00    0.00     9  ksoftirqd/9
06:28:54 PM     0        71    0.00    0.00    0.00    0.00    0.00     9  ksoftirqd/9
06:28:55 PM     0        71    0.00    0.00    0.00    0.00    0.00     9  ksoftirqd/9
06:28:56 PM     0        71    0.00    0.00    0.00    0.00    0.00     9  ksoftirqd/9
06:28:57 PM     0        71    0.00    0.00    0.00    0.00    0.00     9  ksoftirqd/9
06:28:58 PM     0        71    0.00    0.00    0.00    0.00    0.00     9  ksoftirqd/9
06:28:59 PM     0        71    0.00    0.00    0.00    0.00    0.00     9  ksoftirqd/9
06:29:00 PM     0        71    0.00    1.00    0.00    0.00    1.00     9  ksoftirqd/9
06:29:01 PM     0        71    0.00    0.00    0.00    0.00    0.00     9  ksoftirqd/9
06:29:02 PM     0        71    0.00    0.00    0.00    0.00    0.00     9  ksoftirqd/9
06:29:03 PM     0        71    0.00    0.00    0.00    0.00    0.00     9  ksoftirqd/9
06:29:04 PM     0        71    0.00    0.00    0.00    1.00    0.00     9  ksoftirqd/9
06:29:05 PM     0        71    0.00    1.00    0.00    0.00    1.00     9  ksoftirqd/9
06:29:06 PM     0        71    0.00    0.00    0.00    0.00    0.00     9  ksoftirqd/9
06:29:07 PM     0        71    0.00    0.00    0.00    0.00    0.00     9  ksoftirqd/9
06:29:08 PM     0        71    0.00    0.00    0.00    0.00    0.00     9  ksoftirqd/9
06:29:09 PM     0        71    0.00    0.00    0.00    0.00    0.00     9  ksoftirqd/9
06:29:10 PM     0        71    0.00    0.00    0.00    0.00    0.00     9  ksoftirqd/9
06:29:11 PM     0        71    0.00    0.00    0.00    0.00    0.00     9  ksoftirqd/9
06:29:12 PM     0        71    0.00    0.00    0.00    0.00    0.00     9  ksoftirqd/9
06:29:13 PM     0        71    0.00    0.00    0.00    0.00    0.00     9  ksoftirqd/9
06:29:14 PM     0        71    0.00    0.00    0.00    0.00    0.00     9  ksoftirqd/9
06:29:15 PM     0        71    0.00    0.00    0.00    0.00    0.00     9  ksoftirqd/9
06:29:16 PM     0        71    0.00    0.00    0.00    0.00    0.00     9  ksoftirqd/9
06:29:17 PM     0        71    0.00    0.00    0.00    0.00    0.00     9  ksoftirqd/9
06:29:18 PM     0        71    0.00    0.00    0.00    0.00    0.00     9  ksoftirqd/9
06:29:19 PM     0        71    0.00    0.00    0.00    0.00    0.00     9  ksoftirqd/9
06:29:20 PM     0        71    0.00    0.00    0.00    0.00    0.00     9  ksoftirqd/9
06:29:21 PM     0        71    0.00    0.00    0.00    0.00    0.00     9  ksoftirqd/9
06:29:22 PM     0        71    0.00    0.00    0.00    0.00    0.00     9  ksoftirqd/9
06:29:23 PM     0        71    0.00    0.00    0.00    0.00    0.00     9  ksoftirqd/9
06:29:24 PM     0        71    0.00    0.00    0.00    0.00    0.00     9  ksoftirqd/9
06:29:25 PM     0        71    0.00    0.00    0.00    0.00    0.00     9  ksoftirqd/9
06:29:26 PM     0        71    0.00    0.00    0.00    0.00    0.00     9  ksoftirqd/9
06:29:27 PM     0        71    0.00    0.00    0.00    0.00    0.00     9  ksoftirqd/9
06:29:28 PM     0        71    0.00    0.00    0.00    0.00    0.00     9  ksoftirqd/9
06:29:29 PM     0        71    0.00    0.00    0.00    0.00    0.00     9  ksoftirqd/9
06:29:30 PM     0        71    0.00    0.00    0.00    0.00    0.00     9  ksoftirqd/9
06:29:31 PM     0        71    0.00    0.00    0.00    0.00    0.00     9  ksoftirqd/9
06:29:32 PM     0        71    0.00    0.00    0.00    0.00    0.00     9  ksoftirqd/9
06:29:33 PM     0        71    0.00    0.00    0.00    0.00    0.00     9  ksoftirqd/9
06:29:34 PM     0        71    0.00    0.00    0.00    0.00    0.00     9  ksoftirqd/9
06:29:35 PM     0        71    0.00    0.00    0.00    0.00    0.00     9  ksoftirqd/9
06:29:36 PM     0        71    0.00    0.00    0.00    0.00    0.00     9  ksoftirqd/9
06:29:37 PM     0        71    0.00    0.00    0.00    0.00    0.00     9  ksoftirqd/9
06:29:38 PM     0        71    0.00    0.00    0.00    0.00    0.00     9  ksoftirqd/9
06:29:39 PM     0        71    0.00    0.00    0.00    0.00    0.00     9  ksoftirqd/9
06:29:40 PM     0        71    0.00    0.00    0.00    0.00    0.00     9  ksoftirqd/9
06:29:41 PM     0        71    0.00    0.00    0.00    0.00    0.00     9  ksoftirqd/9
06:29:42 PM     0        71    0.00    0.00    0.00    0.00    0.00     9  ksoftirqd/9
06:29:43 PM     0        71    0.00    1.00    0.00    0.00    1.00     9  ksoftirqd/9
06:29:44 PM     0        71    0.00    0.00    0.00    0.00    0.00     9  ksoftirqd/9
06:29:45 PM     0        71    0.00    0.00    0.00    0.00    0.00     9  ksoftirqd/9
06:29:46 PM     0        71    0.00    0.00    0.00    0.00    0.00     9  ksoftirqd/9
06:29:47 PM     0        71    0.00    0.00    0.00    0.00    0.00     9  ksoftirqd/9
06:29:48 PM     0        71    0.00    1.00    0.00    0.00    1.00     9  ksoftirqd/9
06:29:49 PM     0        71    0.00    0.00    0.00    0.00    0.00     9  ksoftirqd/9
06:29:50 PM     0        71    0.00    0.00    0.00    0.00    0.00     9  ksoftirqd/9
06:29:51 PM     0        71    0.00    0.00    0.00    0.00    0.00     9  ksoftirqd/9
06:29:52 PM     0        71    0.00    0.00    0.00    0.00    0.00     9  ksoftirqd/9
06:29:53 PM     0        71    0.00    0.00    0.00    0.00    0.00     9  ksoftirqd/9
06:29:54 PM     0        71    0.00    0.00    0.00    0.00    0.00     9  ksoftirqd/9
06:29:55 PM     0        71    0.00    0.00    0.00    0.00    0.00     9  ksoftirqd/9
06:29:56 PM     0        71    0.00    0.00    0.00    0.00    0.00     9  ksoftirqd/9
06:29:57 PM     0        71    0.00    0.00    0.00    0.00    0.00     9  ksoftirqd/9
06:29:58 PM     0        71    0.00    0.00    0.00    0.00    0.00     9  ksoftirqd/9
06:29:59 PM     0        71    0.00    0.00    0.00    0.00    0.00     9  ksoftirqd/9
06:30:00 PM     0        71    0.00    0.00    0.00    0.00    0.00     9  ksoftirqd/9
06:30:01 PM     0        71    0.00    0.00    0.00    0.00    0.00     9  ksoftirqd/9
06:30:02 PM     0        71    0.00    1.00    0.00    0.00    1.00     9  ksoftirqd/9
06:30:03 PM     0        71    0.00    0.00    0.00    0.00    0.00     9  ksoftirqd/9
06:30:04 PM     0        71    0.00    0.00    0.00    0.00    0.00     9  ksoftirqd/9
06:30:05 PM     0        71    0.00    0.00    0.00    0.00    0.00     9  ksoftirqd/9
06:30:06 PM     0        71    0.00    0.00    0.00    0.00    0.00     9  ksoftirqd/9
06:30:07 PM     0        71    0.00    0.00    0.00    0.00    0.00     9  ksoftirqd/9
06:30:08 PM     0        71    0.00    0.00    0.00    0.00    0.00     9  ksoftirqd/9
06:30:09 PM     0        71    0.00    0.00    0.00    0.00    0.00     9  ksoftirqd/9
06:30:10 PM     0        71    0.00    0.00    0.00    0.00    0.00     9  ksoftirqd/9
06:30:11 PM     0        71    0.00    0.00    0.00    0.00    0.00     9  ksoftirqd/9
06:30:12 PM     0        71    0.00    0.00    0.00    0.00    0.00     9  ksoftirqd/9
06:30:13 PM     0        71    0.00    0.00    0.00    0.00    0.00     9  ksoftirqd/9
06:30:14 PM     0        71    0.00    1.00    0.00    0.00    1.00     9  ksoftirqd/9
06:30:15 PM     0        71    0.00    0.00    0.00    0.00    0.00     9  ksoftirqd/9
06:30:16 PM     0        71    0.00    1.00    0.00    0.00    1.00     9  ksoftirqd/9
06:30:17 PM     0        71    0.00    0.00    0.00    0.00    0.00     9  ksoftirqd/9
06:30:18 PM     0        71    0.00    1.00    0.00    0.00    1.00     9  ksoftirqd/9
06:30:19 PM     0        71    0.00    0.00    0.00    0.00    0.00     9  ksoftirqd/9
06:30:20 PM     0        71    0.00    1.00    0.00    0.00    1.00     9  ksoftirqd/9
06:30:21 PM     0        71    0.00    0.00    0.00    0.00    0.00     9  ksoftirqd/9
06:30:22 PM     0        71    0.00    0.00    0.00    0.00    0.00     9  ksoftirqd/9
06:30:23 PM     0        71    0.00    0.00    0.00    0.00    0.00     9  ksoftirqd/9
06:30:24 PM     0        71    0.00    0.00    0.00    0.00    0.00     9  ksoftirqd/9
06:30:25 PM     0        71    0.00    0.00    0.00    0.00    0.00     9  ksoftirqd/9
06:30:26 PM     0        71    0.00    0.00    0.00    0.00    0.00     9  ksoftirqd/9
06:30:27 PM     0        71    0.00    0.00    0.00    0.00    0.00     9  ksoftirqd/9
06:30:28 PM     0        71    0.00    0.00    0.00    0.00    0.00     9  ksoftirqd/9
06:30:29 PM     0        71    0.00    1.00    0.00    0.00    1.00     9  ksoftirqd/9
06:30:30 PM     0        71    0.00    0.00    0.00    0.00    0.00     9  ksoftirqd/9
06:30:31 PM     0        71    0.00    0.00    0.00    0.00    0.00     9  ksoftirqd/9
06:30:32 PM     0        71    0.00    1.00    0.00    0.00    1.00     9  ksoftirqd/9
06:30:33 PM     0        71    0.00    1.00    0.00    0.00    1.00     9  ksoftirqd/9
06:30:34 PM     0        71    0.00    1.00    0.00    0.00    1.00     9  ksoftirqd/9
06:30:35 PM     0        71    0.00    0.00    0.00    0.00    0.00     9  ksoftirqd/9
06:30:36 PM     0        71    0.00    1.00    0.00    0.00    1.00     9  ksoftirqd/9
06:30:37 PM     0        71    0.00    0.00    0.00    0.00    0.00     9  ksoftirqd/9
06:30:38 PM     0        71    0.00    0.00    0.00    0.00    0.00     9  ksoftirqd/9
06:30:39 PM     0        71    0.00    1.00    0.00    0.00    1.00     9  ksoftirqd/9
06:30:40 PM     0        71    0.00    0.00    0.00    0.00    0.00     9  ksoftirqd/9
06:30:41 PM     0        71    0.00    0.00    0.00    0.00    0.00     9  ksoftirqd/9
06:30:42 PM     0        71    0.00    0.00    0.00    0.00    0.00     9  ksoftirqd/9
06:30:43 PM     0        71    0.00    0.00    0.00    0.00    0.00     9  ksoftirqd/9
06:30:44 PM     0        71    0.00    1.00    0.00    0.00    1.00     9  ksoftirqd/9
06:30:45 PM     0        71    0.00    0.00    0.00    0.00    0.00     9  ksoftirqd/9
06:30:46 PM     0        71    0.00    0.00    0.00    0.00    0.00     9  ksoftirqd/9
06:30:47 PM     0        71    0.00    0.00    0.00    0.00    0.00     9  ksoftirqd/9
06:30:48 PM     0        71    0.00    0.00    0.00    0.00    0.00     9  ksoftirqd/9
06:30:49 PM     0        71    0.00    0.00    0.00    0.00    0.00     9  ksoftirqd/9
06:30:50 PM     0        71    0.00    0.00    0.00    0.00    0.00     9  ksoftirqd/9
06:30:51 PM     0        71    0.00    0.00    0.00    0.00    0.00     9  ksoftirqd/9
06:30:52 PM     0        71    0.00    0.00    0.00    0.00    0.00     9  ksoftirqd/9
06:30:53 PM     0        71    0.00    0.00    0.00    0.00    0.00     9  ksoftirqd/9
06:30:54 PM     0        71    0.00    0.00    0.00    0.00    0.00     9  ksoftirqd/9
06:30:55 PM     0        71    0.00    0.00    0.00    0.00    0.00     9  ksoftirqd/9
06:30:56 PM     0        71    0.00    0.00    0.00    0.00    0.00     9  ksoftirqd/9
06:30:57 PM     0        71    0.00    0.00    0.00    0.00    0.00     9  ksoftirqd/9
06:30:58 PM     0        71    0.00    0.00    0.00    0.00    0.00     9  ksoftirqd/9
06:30:59 PM     0        71    0.00    0.00    0.00    0.00    0.00     9  ksoftirqd/9
06:31:00 PM     0        71    0.00    0.00    0.00    0.00    0.00     9  ksoftirqd/9
06:31:01 PM     0        71    0.00    0.00    0.00    0.00    0.00     9  ksoftirqd/9
06:31:02 PM     0        71    0.00    0.00    0.00    0.00    0.00     9  ksoftirqd/9
06:31:03 PM     0        71    0.00    0.00    0.00    0.00    0.00     9  ksoftirqd/9
06:31:04 PM     0        71    0.00    0.00    0.00    0.00    0.00     9  ksoftirqd/9
06:31:05 PM     0        71    0.00    0.00    0.00    0.00    0.00     9  ksoftirqd/9
06:31:06 PM     0        71    0.00    0.00    0.00    0.00    0.00     9  ksoftirqd/9
06:31:07 PM     0        71    0.00    0.00    0.00    0.00    0.00     9  ksoftirqd/9
06:31:08 PM     0        71    0.00    0.00    0.00    0.00    0.00     9  ksoftirqd/9
06:31:09 PM     0        71    0.00    0.00    0.00    0.00    0.00     9  ksoftirqd/9
06:31:10 PM     0        71    0.00    0.00    0.00    0.00    0.00     9  ksoftirqd/9
06:31:11 PM     0        71    0.00    0.00    0.00    0.00    0.00     9  ksoftirqd/9
06:31:12 PM     0        71    0.00    0.00    0.00    0.00    0.00     9  ksoftirqd/9
06:31:13 PM     0        71    0.00    0.00    0.00    0.00    0.00     9  ksoftirqd/9
06:31:14 PM     0        71    0.00    0.00    0.00    0.00    0.00     9  ksoftirqd/9
06:31:15 PM     0        71    0.00    0.00    0.00    0.00    0.00     9  ksoftirqd/9
06:31:16 PM     0        71    0.00    0.00    0.00    0.00    0.00     9  ksoftirqd/9
06:31:17 PM     0        71    0.00    0.00    0.00    0.00    0.00     9  ksoftirqd/9
06:31:18 PM     0        71    0.00    1.00    0.00    0.00    1.00     9  ksoftirqd/9
06:31:19 PM     0        71    0.00    0.00    0.00    0.00    0.00     9  ksoftirqd/9
06:31:20 PM     0        71    0.00    1.00    0.00    0.00    1.00     9  ksoftirqd/9
06:31:21 PM     0        71    0.00    0.00    0.00    0.00    0.00     9  ksoftirqd/9
06:31:22 PM     0        71    0.00    0.00    0.00    0.00    0.00     9  ksoftirqd/9
06:31:23 PM     0        71    0.00    0.00    0.00    0.00    0.00     9  ksoftirqd/9
06:31:24 PM     0        71    0.00    0.00    0.00    0.00    0.00     9  ksoftirqd/9
06:31:25 PM     0        71    0.00    0.00    0.00    0.00    0.00     9  ksoftirqd/9
06:31:26 PM     0        71    0.00    0.00    0.00    0.00    0.00     9  ksoftirqd/9
06:31:27 PM     0        71    0.00    1.00    0.00    0.00    1.00     9  ksoftirqd/9
06:31:28 PM     0        71    0.00    0.00    0.00    0.00    0.00     9  ksoftirqd/9
06:31:29 PM     0        71    0.00    0.00    0.00    1.00    0.00     9  ksoftirqd/9
06:31:30 PM     0        71    0.00    0.00    0.00    0.00    0.00     9  ksoftirqd/9
06:31:31 PM     0        71    0.00    0.00    0.00    0.00    0.00     9  ksoftirqd/9
06:31:32 PM     0        71    0.00    1.00    0.00    0.00    1.00     9  ksoftirqd/9
06:31:33 PM     0        71    0.00    0.00    0.00    0.00    0.00     9  ksoftirqd/9
06:31:34 PM     0        71    0.00    0.00    0.00    0.00    0.00     9  ksoftirqd/9
06:31:35 PM     0        71    0.00    0.00    0.00    0.00    0.00     9  ksoftirqd/9
06:31:36 PM     0        71    0.00    1.00    0.00    0.00    1.00     9  ksoftirqd/9
06:31:37 PM     0        71    0.00    0.00    0.00    0.00    0.00     9  ksoftirqd/9
06:31:38 PM     0        71    0.00    0.00    0.00    0.00    0.00     9  ksoftirqd/9
06:31:39 PM     0        71    0.00    0.00    0.00    0.00    0.00     9  ksoftirqd/9
06:31:40 PM     0        71    0.00    0.00    0.00    0.00    0.00     9  ksoftirqd/9
06:31:41 PM     0        71    0.00    1.00    0.00    0.00    1.00     9  ksoftirqd/9
06:31:42 PM     0        71    0.00    1.00    0.00    0.00    1.00     9  ksoftirqd/9
06:31:43 PM     0        71    0.00    0.00    0.00    0.00    0.00     9  ksoftirqd/9
06:31:44 PM     0        71    0.00    0.00    0.00    0.00    0.00     9  ksoftirqd/9
06:31:45 PM     0        71    0.00    0.00    0.00    0.00    0.00     9  ksoftirqd/9
06:31:46 PM     0        71    0.00    1.00    0.00    0.00    1.00     9  ksoftirqd/9
06:31:47 PM     0        71    0.00    0.00    0.00    0.00    0.00     9  ksoftirqd/9
06:31:48 PM     0        71    0.00    1.00    0.00    0.00    1.00     9  ksoftirqd/9
06:31:49 PM     0        71    0.00    0.00    0.00    0.00    0.00     9  ksoftirqd/9
06:31:50 PM     0        71    0.00    1.00    0.00    0.00    1.00     9  ksoftirqd/9
06:31:51 PM     0        71    0.00    0.00    0.00    0.00    0.00     9  ksoftirqd/9
06:31:52 PM     0        71    0.00    0.00    0.00    0.00    0.00     9  ksoftirqd/9
06:31:53 PM     0        71    0.00    0.00    0.00    0.00    0.00     9  ksoftirqd/9
06:31:54 PM     0        71    0.00    1.00    0.00    0.00    1.00     9  ksoftirqd/9
06:31:55 PM     0        71    0.00    0.00    0.00    0.00    0.00     9  ksoftirqd/9
06:31:56 PM     0        71    0.00    0.00    0.00    0.00    0.00     9  ksoftirqd/9
06:31:57 PM     0        71    0.00    1.00    0.00    0.00    1.00     9  ksoftirqd/9
06:31:58 PM     0        71    0.00    0.00    0.00    0.00    0.00     9  ksoftirqd/9
06:31:59 PM     0        71    0.00    0.00    0.00    0.00    0.00     9  ksoftirqd/9
06:32:00 PM     0        71    0.00    0.00    0.00    1.00    0.00     9  ksoftirqd/9
06:32:01 PM     0        71    0.00    0.00    0.00    0.00    0.00     9  ksoftirqd/9
06:32:02 PM     0        71    0.00    1.00    0.00    0.00    1.00     9  ksoftirqd/9
06:32:03 PM     0        71    0.00    0.00    0.00    0.00    0.00     9  ksoftirqd/9
06:32:04 PM     0        71    0.00    0.00    0.00    0.00    0.00     9  ksoftirqd/9
06:32:05 PM     0        71    0.00    0.00    0.00    0.00    0.00     9  ksoftirqd/9
06:32:06 PM     0        71    0.00    1.00    0.00    0.00    1.00     9  ksoftirqd/9
06:32:07 PM     0        71    0.00    1.00    0.00    0.00    1.00     9  ksoftirqd/9
06:32:08 PM     0        71    0.00    1.00    0.00    0.00    1.00     9  ksoftirqd/9
06:32:09 PM     0        71    0.00    0.00    0.00    0.00    0.00     9  ksoftirqd/9
06:32:10 PM     0        71    0.00    0.00    0.00    0.00    0.00     9  ksoftirqd/9
06:32:11 PM     0        71    0.00    0.00    0.00    0.00    0.00     9  ksoftirqd/9
06:32:12 PM     0        71    0.00    1.00    0.00    0.00    1.00     9  ksoftirqd/9
06:32:13 PM     0        71    0.00    0.00    0.00    0.00    0.00     9  ksoftirqd/9
06:32:14 PM     0        71    0.00    0.00    0.00    0.00    0.00     9  ksoftirqd/9
06:32:15 PM     0        71    0.00    0.00    0.00    0.00    0.00     9  ksoftirqd/9
06:32:16 PM     0        71    0.00    0.00    0.00    0.00    0.00     9  ksoftirqd/9
06:32:17 PM     0        71    0.00    0.00    0.00    0.00    0.00     9  ksoftirqd/9
06:32:18 PM     0        71    0.00    0.00    0.00    0.00    0.00     9  ksoftirqd/9
06:32:19 PM     0        71    0.00    1.00    0.00    0.00    1.00     9  ksoftirqd/9
06:32:20 PM     0        71    0.00    0.00    0.00    0.00    0.00     9  ksoftirqd/9
06:32:21 PM     0        71    0.00    0.00    0.00    0.00    0.00     9  ksoftirqd/9
06:32:22 PM     0        71    0.00    0.00    0.00    0.00    0.00     9  ksoftirqd/9
06:32:23 PM     0        71    0.00    0.00    0.00    0.00    0.00     9  ksoftirqd/9
06:32:24 PM     0        71    0.00    1.00    0.00    0.00    1.00     9  ksoftirqd/9
06:32:25 PM     0        71    0.00    0.00    0.00    0.00    0.00     9  ksoftirqd/9
06:32:26 PM     0        71    0.00    0.00    0.00    0.00    0.00     9  ksoftirqd/9
06:32:27 PM     0        71    0.00    0.00    0.00    0.00    0.00     9  ksoftirqd/9
06:32:28 PM     0        71    0.00    0.00    0.00    0.00    0.00     9  ksoftirqd/9
06:32:29 PM     0        71    0.00    0.00    0.00    0.00    0.00     9  ksoftirqd/9
06:32:30 PM     0        71    0.00    0.00    0.00    0.00    0.00     9  ksoftirqd/9
06:32:31 PM     0        71    0.00    0.00    0.00    0.00    0.00     9  ksoftirqd/9
06:32:32 PM     0        71    0.00    0.00    0.00    0.00    0.00     9  ksoftirqd/9
06:32:33 PM     0        71    0.00    0.00    0.00    0.00    0.00     9  ksoftirqd/9
06:32:34 PM     0        71    0.00    0.00    0.00    0.00    0.00     9  ksoftirqd/9
06:32:35 PM     0        71    0.00    0.00    0.00    0.00    0.00     9  ksoftirqd/9
06:32:36 PM     0        71    0.00    0.00    0.00    0.00    0.00     9  ksoftirqd/9
06:32:37 PM     0        71    0.00    0.00    0.00    0.00    0.00     9  ksoftirqd/9
06:32:38 PM     0        71    0.00    0.00    0.00    0.00    0.00     9  ksoftirqd/9
06:32:39 PM     0        71    0.00    0.00    0.00    0.00    0.00     9  ksoftirqd/9
